[2025-12-08T00:00:06.393+0000] {local_task_job_runner.py:120} INFO - ::group::Pre task execution logs
[2025-12-08T00:00:06.401+0000] {taskinstance.py:2073} INFO - Dependencies all met for dep_context=non-requeueable deps ti=<TaskInstance: qldfuelapi_to_sqlite_etl.load_regions scheduled__2025-12-07T12:00:00+00:00 [queued]>
[2025-12-08T00:00:06.406+0000] {taskinstance.py:2073} INFO - Dependencies all met for dep_context=requeueable deps ti=<TaskInstance: qldfuelapi_to_sqlite_etl.load_regions scheduled__2025-12-07T12:00:00+00:00 [queued]>
[2025-12-08T00:00:06.407+0000] {taskinstance.py:2303} INFO - Starting attempt 1 of 1
[2025-12-08T00:00:06.412+0000] {taskinstance.py:2327} INFO - Executing <Task(PythonOperator): load_regions> on 2025-12-07 12:00:00+00:00
[2025-12-08T00:00:06.418+0000] {warnings.py:110} WARNING - /home/***/.local/lib/python3.12/site-packages/***/task/task_runner/standard_task_runner.py:61: DeprecationWarning: This process (pid=17108) is multi-threaded, use of fork() may lead to deadlocks in the child.
  pid = os.fork()

[2025-12-08T00:00:06.418+0000] {standard_task_runner.py:63} INFO - Started process 17112 to run task
[2025-12-08T00:00:06.419+0000] {standard_task_runner.py:90} INFO - Running: ['***', 'tasks', 'run', 'qldfuelapi_to_sqlite_etl', 'load_regions', 'scheduled__2025-12-07T12:00:00+00:00', '--job-id', '15122', '--raw', '--subdir', 'DAGS_FOLDER/qldfuelapi_to_sqlite_etl.py', '--cfg-path', '/tmp/tmp_in2nu_j']
[2025-12-08T00:00:06.419+0000] {standard_task_runner.py:91} INFO - Job 15122: Subtask load_regions
[2025-12-08T00:00:06.437+0000] {task_command.py:426} INFO - Running <TaskInstance: qldfuelapi_to_sqlite_etl.load_regions scheduled__2025-12-07T12:00:00+00:00 [running]> on host 9a3c5db8e0bd
[2025-12-08T00:00:06.471+0000] {taskinstance.py:2644} INFO - Exporting env vars: AIRFLOW_CTX_DAG_EMAIL='roberto@boffincentral.com' AIRFLOW_CTX_DAG_OWNER='Roberto' AIRFLOW_CTX_DAG_ID='qldfuelapi_to_sqlite_etl' AIRFLOW_CTX_TASK_ID='load_regions' AIRFLOW_CTX_EXECUTION_DATE='2025-12-07T12:00:00+00:00' AIRFLOW_CTX_TRY_NUMBER='1' AIRFLOW_CTX_DAG_RUN_ID='scheduled__2025-12-07T12:00:00+00:00'
[2025-12-08T00:00:06.472+0000] {taskinstance.py:430} INFO - ::endgroup::
[2025-12-08T00:00:06.475+0000] {logging_mixin.py:188} INFO - suburbs
[2025-12-08T00:00:10.901+0000] {logging_mixin.py:188} INFO - cities
[2025-12-08T00:00:10.942+0000] {logging_mixin.py:188} INFO - states
[2025-12-08T00:00:10.944+0000] {python.py:237} INFO - Done. Returned value was: None
[2025-12-08T00:00:10.945+0000] {taskinstance.py:441} INFO - ::group::Post task execution logs
[2025-12-08T00:00:10.949+0000] {taskinstance.py:1205} INFO - Marking task as SUCCESS. dag_id=qldfuelapi_to_sqlite_etl, task_id=load_regions, execution_date=20251207T120000, start_date=20251208T000006, end_date=20251208T000010
[2025-12-08T00:00:10.991+0000] {local_task_job_runner.py:240} INFO - Task exited with return code 0
[2025-12-08T00:00:10.998+0000] {taskinstance.py:3482} INFO - 0 downstream tasks scheduled from follow-on schedule check
[2025-12-08T00:00:10.999+0000] {local_task_job_runner.py:222} INFO - ::endgroup::
