[2025-12-07T12:00:05.512+0000] {local_task_job_runner.py:120} INFO - ::group::Pre task execution logs
[2025-12-07T12:00:05.523+0000] {taskinstance.py:2073} INFO - Dependencies all met for dep_context=non-requeueable deps ti=<TaskInstance: qldfuelapi_to_sqlite_etl.load_regions scheduled__2025-12-07T00:00:00+00:00 [queued]>
[2025-12-07T12:00:05.527+0000] {taskinstance.py:2073} INFO - Dependencies all met for dep_context=requeueable deps ti=<TaskInstance: qldfuelapi_to_sqlite_etl.load_regions scheduled__2025-12-07T00:00:00+00:00 [queued]>
[2025-12-07T12:00:05.527+0000] {taskinstance.py:2303} INFO - Starting attempt 1 of 1
[2025-12-07T12:00:05.532+0000] {taskinstance.py:2327} INFO - Executing <Task(PythonOperator): load_regions> on 2025-12-07 00:00:00+00:00
[2025-12-07T12:00:05.538+0000] {warnings.py:110} WARNING - /home/***/.local/lib/python3.12/site-packages/***/task/task_runner/standard_task_runner.py:61: DeprecationWarning: This process (pid=7339) is multi-threaded, use of fork() may lead to deadlocks in the child.
  pid = os.fork()

[2025-12-07T12:00:05.538+0000] {standard_task_runner.py:63} INFO - Started process 7348 to run task
[2025-12-07T12:00:05.539+0000] {standard_task_runner.py:90} INFO - Running: ['***', 'tasks', 'run', 'qldfuelapi_to_sqlite_etl', 'load_regions', 'scheduled__2025-12-07T00:00:00+00:00', '--job-id', '15106', '--raw', '--subdir', 'DAGS_FOLDER/qldfuelapi_to_sqlite_etl.py', '--cfg-path', '/tmp/tmpbzhp4lws']
[2025-12-07T12:00:05.539+0000] {standard_task_runner.py:91} INFO - Job 15106: Subtask load_regions
[2025-12-07T12:00:05.559+0000] {task_command.py:426} INFO - Running <TaskInstance: qldfuelapi_to_sqlite_etl.load_regions scheduled__2025-12-07T00:00:00+00:00 [running]> on host 9a3c5db8e0bd
[2025-12-07T12:00:05.592+0000] {taskinstance.py:2644} INFO - Exporting env vars: AIRFLOW_CTX_DAG_EMAIL='roberto@boffincentral.com' AIRFLOW_CTX_DAG_OWNER='Roberto' AIRFLOW_CTX_DAG_ID='qldfuelapi_to_sqlite_etl' AIRFLOW_CTX_TASK_ID='load_regions' AIRFLOW_CTX_EXECUTION_DATE='2025-12-07T00:00:00+00:00' AIRFLOW_CTX_TRY_NUMBER='1' AIRFLOW_CTX_DAG_RUN_ID='scheduled__2025-12-07T00:00:00+00:00'
[2025-12-07T12:00:05.594+0000] {taskinstance.py:430} INFO - ::endgroup::
[2025-12-07T12:00:05.598+0000] {logging_mixin.py:188} INFO - suburbs
[2025-12-07T12:00:10.634+0000] {logging_mixin.py:188} INFO - cities
[2025-12-07T12:00:10.672+0000] {logging_mixin.py:188} INFO - states
[2025-12-07T12:00:10.673+0000] {python.py:237} INFO - Done. Returned value was: None
[2025-12-07T12:00:10.674+0000] {taskinstance.py:441} INFO - ::group::Post task execution logs
[2025-12-07T12:00:10.678+0000] {taskinstance.py:1205} INFO - Marking task as SUCCESS. dag_id=qldfuelapi_to_sqlite_etl, task_id=load_regions, execution_date=20251207T000000, start_date=20251207T120005, end_date=20251207T120010
[2025-12-07T12:00:10.688+0000] {local_task_job_runner.py:240} INFO - Task exited with return code 0
[2025-12-07T12:00:10.694+0000] {taskinstance.py:3482} INFO - 0 downstream tasks scheduled from follow-on schedule check
[2025-12-07T12:00:10.694+0000] {local_task_job_runner.py:222} INFO - ::endgroup::
