[2025-12-06T12:00:01.516+0000] {local_task_job_runner.py:120} INFO - ::group::Pre task execution logs
[2025-12-06T12:00:01.523+0000] {taskinstance.py:2073} INFO - Dependencies all met for dep_context=non-requeueable deps ti=<TaskInstance: qldfuelapi_to_sqlite_etl.bash_task scheduled__2025-12-06T00:00:00+00:00 [queued]>
[2025-12-06T12:00:01.526+0000] {taskinstance.py:2073} INFO - Dependencies all met for dep_context=requeueable deps ti=<TaskInstance: qldfuelapi_to_sqlite_etl.bash_task scheduled__2025-12-06T00:00:00+00:00 [queued]>
[2025-12-06T12:00:01.526+0000] {taskinstance.py:2303} INFO - Starting attempt 1 of 1
[2025-12-06T12:00:01.532+0000] {taskinstance.py:2327} INFO - Executing <Task(BashOperator): bash_task> on 2025-12-06 00:00:00+00:00
[2025-12-06T12:00:01.536+0000] {warnings.py:110} WARNING - /home/***/.local/lib/python3.12/site-packages/***/task/task_runner/standard_task_runner.py:61: DeprecationWarning: This process (pid=87032) is multi-threaded, use of fork() may lead to deadlocks in the child.
  pid = os.fork()

[2025-12-06T12:00:01.537+0000] {standard_task_runner.py:63} INFO - Started process 87042 to run task
[2025-12-06T12:00:01.537+0000] {standard_task_runner.py:90} INFO - Running: ['***', 'tasks', 'run', 'qldfuelapi_to_sqlite_etl', 'bash_task', 'scheduled__2025-12-06T00:00:00+00:00', '--job-id', '14920', '--raw', '--subdir', 'DAGS_FOLDER/qldfuelapi_to_sqlite_etl.py', '--cfg-path', '/tmp/tmp9hov60r6']
[2025-12-06T12:00:01.538+0000] {standard_task_runner.py:91} INFO - Job 14920: Subtask bash_task
[2025-12-06T12:00:01.561+0000] {task_command.py:426} INFO - Running <TaskInstance: qldfuelapi_to_sqlite_etl.bash_task scheduled__2025-12-06T00:00:00+00:00 [running]> on host 9a3c5db8e0bd
[2025-12-06T12:00:01.600+0000] {taskinstance.py:2644} INFO - Exporting env vars: AIRFLOW_CTX_DAG_EMAIL='roberto@boffincentral.com' AIRFLOW_CTX_DAG_OWNER='Roberto' AIRFLOW_CTX_DAG_ID='qldfuelapi_to_sqlite_etl' AIRFLOW_CTX_TASK_ID='bash_task' AIRFLOW_CTX_EXECUTION_DATE='2025-12-06T00:00:00+00:00' AIRFLOW_CTX_TRY_NUMBER='1' AIRFLOW_CTX_DAG_RUN_ID='scheduled__2025-12-06T00:00:00+00:00'
[2025-12-06T12:00:01.601+0000] {taskinstance.py:430} INFO - ::endgroup::
[2025-12-06T12:00:01.601+0000] {subprocess.py:63} INFO - Tmp dir root location: /tmp
[2025-12-06T12:00:01.602+0000] {subprocess.py:75} INFO - Running command: ['/usr/bin/bash', '-c', 'pwd']
[2025-12-06T12:00:01.607+0000] {subprocess.py:86} INFO - Output:
[2025-12-06T12:00:01.608+0000] {subprocess.py:93} INFO - /tmp/***tmp7o8_v3n4
[2025-12-06T12:00:01.608+0000] {subprocess.py:97} INFO - Command exited with return code 0
[2025-12-06T12:00:01.609+0000] {taskinstance.py:441} INFO - ::group::Post task execution logs
[2025-12-06T12:00:01.618+0000] {taskinstance.py:1205} INFO - Marking task as SUCCESS. dag_id=qldfuelapi_to_sqlite_etl, task_id=bash_task, execution_date=20251206T000000, start_date=20251206T120001, end_date=20251206T120001
[2025-12-06T12:00:01.634+0000] {local_task_job_runner.py:240} INFO - Task exited with return code 0
[2025-12-06T12:00:01.644+0000] {taskinstance.py:3482} INFO - 1 downstream tasks scheduled from follow-on schedule check
[2025-12-06T12:00:01.644+0000] {local_task_job_runner.py:222} INFO - ::endgroup::
