[2025-12-05T12:00:01.585+0000] {local_task_job_runner.py:120} INFO - ::group::Pre task execution logs
[2025-12-05T12:00:01.593+0000] {taskinstance.py:2073} INFO - Dependencies all met for dep_context=non-requeueable deps ti=<TaskInstance: qldfuelapi_to_sqlite_etl.bash_task scheduled__2025-12-05T00:00:00+00:00 [queued]>
[2025-12-05T12:00:01.597+0000] {taskinstance.py:2073} INFO - Dependencies all met for dep_context=requeueable deps ti=<TaskInstance: qldfuelapi_to_sqlite_etl.bash_task scheduled__2025-12-05T00:00:00+00:00 [queued]>
[2025-12-05T12:00:01.598+0000] {taskinstance.py:2303} INFO - Starting attempt 1 of 1
[2025-12-05T12:00:01.605+0000] {taskinstance.py:2327} INFO - Executing <Task(BashOperator): bash_task> on 2025-12-05 00:00:00+00:00
[2025-12-05T12:00:01.608+0000] {warnings.py:110} WARNING - /home/***/.local/lib/python3.12/site-packages/***/task/task_runner/standard_task_runner.py:61: DeprecationWarning: This process (pid=66859) is multi-threaded, use of fork() may lead to deadlocks in the child.
  pid = os.fork()

[2025-12-05T12:00:01.609+0000] {standard_task_runner.py:63} INFO - Started process 66864 to run task
[2025-12-05T12:00:01.609+0000] {standard_task_runner.py:90} INFO - Running: ['***', 'tasks', 'run', 'qldfuelapi_to_sqlite_etl', 'bash_task', 'scheduled__2025-12-05T00:00:00+00:00', '--job-id', '14683', '--raw', '--subdir', 'DAGS_FOLDER/qldfuelapi_to_sqlite_etl.py', '--cfg-path', '/tmp/tmp17k9mvdr']
[2025-12-05T12:00:01.610+0000] {standard_task_runner.py:91} INFO - Job 14683: Subtask bash_task
[2025-12-05T12:00:01.626+0000] {task_command.py:426} INFO - Running <TaskInstance: qldfuelapi_to_sqlite_etl.bash_task scheduled__2025-12-05T00:00:00+00:00 [running]> on host 9a3c5db8e0bd
[2025-12-05T12:00:01.662+0000] {taskinstance.py:2644} INFO - Exporting env vars: AIRFLOW_CTX_DAG_EMAIL='roberto@boffincentral.com' AIRFLOW_CTX_DAG_OWNER='Roberto' AIRFLOW_CTX_DAG_ID='qldfuelapi_to_sqlite_etl' AIRFLOW_CTX_TASK_ID='bash_task' AIRFLOW_CTX_EXECUTION_DATE='2025-12-05T00:00:00+00:00' AIRFLOW_CTX_TRY_NUMBER='1' AIRFLOW_CTX_DAG_RUN_ID='scheduled__2025-12-05T00:00:00+00:00'
[2025-12-05T12:00:01.663+0000] {taskinstance.py:430} INFO - ::endgroup::
[2025-12-05T12:00:01.663+0000] {subprocess.py:63} INFO - Tmp dir root location: /tmp
[2025-12-05T12:00:01.664+0000] {subprocess.py:75} INFO - Running command: ['/usr/bin/bash', '-c', 'pwd']
[2025-12-05T12:00:01.668+0000] {subprocess.py:86} INFO - Output:
[2025-12-05T12:00:01.669+0000] {subprocess.py:93} INFO - /tmp/***tmpc3x0xhks
[2025-12-05T12:00:01.670+0000] {subprocess.py:97} INFO - Command exited with return code 0
[2025-12-05T12:00:01.670+0000] {taskinstance.py:441} INFO - ::group::Post task execution logs
[2025-12-05T12:00:01.679+0000] {taskinstance.py:1205} INFO - Marking task as SUCCESS. dag_id=qldfuelapi_to_sqlite_etl, task_id=bash_task, execution_date=20251205T000000, start_date=20251205T120001, end_date=20251205T120001
[2025-12-05T12:00:01.709+0000] {local_task_job_runner.py:240} INFO - Task exited with return code 0
[2025-12-05T12:00:01.719+0000] {taskinstance.py:3482} INFO - 1 downstream tasks scheduled from follow-on schedule check
[2025-12-05T12:00:01.719+0000] {local_task_job_runner.py:222} INFO - ::endgroup::
