[2025-11-16T10:43:24.581+0000] {processor.py:161} INFO - Started process (PID=66) to work on /home/airflow/.local/lib/python3.12/site-packages/airflow/example_dags/example_python_decorator.py
[2025-11-16T10:43:24.582+0000] {processor.py:830} INFO - Processing file /home/airflow/.local/lib/python3.12/site-packages/airflow/example_dags/example_python_decorator.py for tasks to queue
[2025-11-16T10:43:24.583+0000] {logging_mixin.py:188} INFO - [2025-11-16T10:43:24.583+0000] {dagbag.py:540} INFO - Filling up the DagBag from /home/airflow/.local/lib/python3.12/site-packages/airflow/example_dags/example_python_decorator.py
[2025-11-16T10:43:24.591+0000] {processor.py:840} INFO - DAG(s) 'example_python_decorator' retrieved from /home/airflow/.local/lib/python3.12/site-packages/airflow/example_dags/example_python_decorator.py
[2025-11-16T10:43:24.601+0000] {logging_mixin.py:188} INFO - [2025-11-16T10:43:24.601+0000] {dag.py:3096} INFO - Sync 1 DAGs
[2025-11-16T10:43:24.609+0000] {logging_mixin.py:188} INFO - [2025-11-16T10:43:24.609+0000] {dag.py:3954} INFO - Setting next_dagrun for example_python_decorator to None, run_after=None
[2025-11-16T10:43:24.620+0000] {processor.py:183} INFO - Processing /home/airflow/.local/lib/python3.12/site-packages/airflow/example_dags/example_python_decorator.py took 0.044 seconds
[2025-11-16T10:43:55.243+0000] {processor.py:161} INFO - Started process (PID=124) to work on /home/airflow/.local/lib/python3.12/site-packages/airflow/example_dags/example_python_decorator.py
[2025-11-16T10:43:55.243+0000] {processor.py:830} INFO - Processing file /home/airflow/.local/lib/python3.12/site-packages/airflow/example_dags/example_python_decorator.py for tasks to queue
[2025-11-16T10:43:55.245+0000] {logging_mixin.py:188} INFO - [2025-11-16T10:43:55.245+0000] {dagbag.py:540} INFO - Filling up the DagBag from /home/airflow/.local/lib/python3.12/site-packages/airflow/example_dags/example_python_decorator.py
[2025-11-16T10:43:55.250+0000] {processor.py:840} INFO - DAG(s) 'example_python_decorator' retrieved from /home/airflow/.local/lib/python3.12/site-packages/airflow/example_dags/example_python_decorator.py
[2025-11-16T10:43:55.285+0000] {logging_mixin.py:188} INFO - [2025-11-16T10:43:55.285+0000] {dag.py:3096} INFO - Sync 1 DAGs
[2025-11-16T10:43:55.289+0000] {logging_mixin.py:188} INFO - [2025-11-16T10:43:55.289+0000] {dag.py:3954} INFO - Setting next_dagrun for example_python_decorator to None, run_after=None
[2025-11-16T10:43:55.295+0000] {processor.py:183} INFO - Processing /home/airflow/.local/lib/python3.12/site-packages/airflow/example_dags/example_python_decorator.py took 0.055 seconds
[2025-11-16T10:44:26.054+0000] {processor.py:161} INFO - Started process (PID=182) to work on /home/airflow/.local/lib/python3.12/site-packages/airflow/example_dags/example_python_decorator.py
[2025-11-16T10:44:26.054+0000] {processor.py:830} INFO - Processing file /home/airflow/.local/lib/python3.12/site-packages/airflow/example_dags/example_python_decorator.py for tasks to queue
[2025-11-16T10:44:26.055+0000] {logging_mixin.py:188} INFO - [2025-11-16T10:44:26.055+0000] {dagbag.py:540} INFO - Filling up the DagBag from /home/airflow/.local/lib/python3.12/site-packages/airflow/example_dags/example_python_decorator.py
[2025-11-16T10:44:26.060+0000] {processor.py:840} INFO - DAG(s) 'example_python_decorator' retrieved from /home/airflow/.local/lib/python3.12/site-packages/airflow/example_dags/example_python_decorator.py
[2025-11-16T10:44:26.069+0000] {logging_mixin.py:188} INFO - [2025-11-16T10:44:26.069+0000] {dag.py:3096} INFO - Sync 1 DAGs
[2025-11-16T10:44:26.074+0000] {logging_mixin.py:188} INFO - [2025-11-16T10:44:26.074+0000] {dag.py:3954} INFO - Setting next_dagrun for example_python_decorator to None, run_after=None
[2025-11-16T10:44:26.080+0000] {processor.py:183} INFO - Processing /home/airflow/.local/lib/python3.12/site-packages/airflow/example_dags/example_python_decorator.py took 0.029 seconds
[2025-11-16T10:44:56.586+0000] {processor.py:161} INFO - Started process (PID=246) to work on /home/airflow/.local/lib/python3.12/site-packages/airflow/example_dags/example_python_decorator.py
[2025-11-16T10:44:56.588+0000] {processor.py:830} INFO - Processing file /home/airflow/.local/lib/python3.12/site-packages/airflow/example_dags/example_python_decorator.py for tasks to queue
[2025-11-16T10:44:56.592+0000] {logging_mixin.py:188} INFO - [2025-11-16T10:44:56.591+0000] {dagbag.py:540} INFO - Filling up the DagBag from /home/airflow/.local/lib/python3.12/site-packages/airflow/example_dags/example_python_decorator.py
[2025-11-16T10:44:56.596+0000] {processor.py:840} INFO - DAG(s) 'example_python_decorator' retrieved from /home/airflow/.local/lib/python3.12/site-packages/airflow/example_dags/example_python_decorator.py
[2025-11-16T10:44:56.604+0000] {logging_mixin.py:188} INFO - [2025-11-16T10:44:56.604+0000] {dag.py:3096} INFO - Sync 1 DAGs
[2025-11-16T10:44:56.609+0000] {logging_mixin.py:188} INFO - [2025-11-16T10:44:56.609+0000] {dag.py:3954} INFO - Setting next_dagrun for example_python_decorator to None, run_after=None
[2025-11-16T10:44:56.615+0000] {processor.py:183} INFO - Processing /home/airflow/.local/lib/python3.12/site-packages/airflow/example_dags/example_python_decorator.py took 0.031 seconds
[2025-11-16T10:45:27.069+0000] {processor.py:161} INFO - Started process (PID=304) to work on /home/airflow/.local/lib/python3.12/site-packages/airflow/example_dags/example_python_decorator.py
[2025-11-16T10:45:27.069+0000] {processor.py:830} INFO - Processing file /home/airflow/.local/lib/python3.12/site-packages/airflow/example_dags/example_python_decorator.py for tasks to queue
[2025-11-16T10:45:27.070+0000] {logging_mixin.py:188} INFO - [2025-11-16T10:45:27.070+0000] {dagbag.py:540} INFO - Filling up the DagBag from /home/airflow/.local/lib/python3.12/site-packages/airflow/example_dags/example_python_decorator.py
[2025-11-16T10:45:27.075+0000] {processor.py:840} INFO - DAG(s) 'example_python_decorator' retrieved from /home/airflow/.local/lib/python3.12/site-packages/airflow/example_dags/example_python_decorator.py
[2025-11-16T10:45:27.085+0000] {logging_mixin.py:188} INFO - [2025-11-16T10:45:27.085+0000] {dag.py:3096} INFO - Sync 1 DAGs
[2025-11-16T10:45:27.090+0000] {logging_mixin.py:188} INFO - [2025-11-16T10:45:27.090+0000] {dag.py:3954} INFO - Setting next_dagrun for example_python_decorator to None, run_after=None
[2025-11-16T10:45:27.096+0000] {processor.py:183} INFO - Processing /home/airflow/.local/lib/python3.12/site-packages/airflow/example_dags/example_python_decorator.py took 0.030 seconds
[2025-11-16T10:45:57.522+0000] {processor.py:161} INFO - Started process (PID=362) to work on /home/airflow/.local/lib/python3.12/site-packages/airflow/example_dags/example_python_decorator.py
[2025-11-16T10:45:57.522+0000] {processor.py:830} INFO - Processing file /home/airflow/.local/lib/python3.12/site-packages/airflow/example_dags/example_python_decorator.py for tasks to queue
[2025-11-16T10:45:57.524+0000] {logging_mixin.py:188} INFO - [2025-11-16T10:45:57.523+0000] {dagbag.py:540} INFO - Filling up the DagBag from /home/airflow/.local/lib/python3.12/site-packages/airflow/example_dags/example_python_decorator.py
[2025-11-16T10:45:57.529+0000] {processor.py:840} INFO - DAG(s) 'example_python_decorator' retrieved from /home/airflow/.local/lib/python3.12/site-packages/airflow/example_dags/example_python_decorator.py
[2025-11-16T10:45:57.538+0000] {logging_mixin.py:188} INFO - [2025-11-16T10:45:57.537+0000] {dag.py:3096} INFO - Sync 1 DAGs
[2025-11-16T10:45:57.542+0000] {logging_mixin.py:188} INFO - [2025-11-16T10:45:57.542+0000] {dag.py:3954} INFO - Setting next_dagrun for example_python_decorator to None, run_after=None
[2025-11-16T10:45:57.548+0000] {processor.py:183} INFO - Processing /home/airflow/.local/lib/python3.12/site-packages/airflow/example_dags/example_python_decorator.py took 0.029 seconds
[2025-11-16T10:46:27.925+0000] {processor.py:161} INFO - Started process (PID=420) to work on /home/airflow/.local/lib/python3.12/site-packages/airflow/example_dags/example_python_decorator.py
[2025-11-16T10:46:27.926+0000] {processor.py:830} INFO - Processing file /home/airflow/.local/lib/python3.12/site-packages/airflow/example_dags/example_python_decorator.py for tasks to queue
[2025-11-16T10:46:27.927+0000] {logging_mixin.py:188} INFO - [2025-11-16T10:46:27.927+0000] {dagbag.py:540} INFO - Filling up the DagBag from /home/airflow/.local/lib/python3.12/site-packages/airflow/example_dags/example_python_decorator.py
[2025-11-16T10:46:27.933+0000] {processor.py:840} INFO - DAG(s) 'example_python_decorator' retrieved from /home/airflow/.local/lib/python3.12/site-packages/airflow/example_dags/example_python_decorator.py
[2025-11-16T10:46:27.942+0000] {logging_mixin.py:188} INFO - [2025-11-16T10:46:27.941+0000] {dag.py:3096} INFO - Sync 1 DAGs
[2025-11-16T10:46:27.946+0000] {logging_mixin.py:188} INFO - [2025-11-16T10:46:27.946+0000] {dag.py:3954} INFO - Setting next_dagrun for example_python_decorator to None, run_after=None
[2025-11-16T10:46:27.952+0000] {processor.py:183} INFO - Processing /home/airflow/.local/lib/python3.12/site-packages/airflow/example_dags/example_python_decorator.py took 0.030 seconds
[2025-11-16T10:46:58.248+0000] {processor.py:161} INFO - Started process (PID=478) to work on /home/airflow/.local/lib/python3.12/site-packages/airflow/example_dags/example_python_decorator.py
[2025-11-16T10:46:58.248+0000] {processor.py:830} INFO - Processing file /home/airflow/.local/lib/python3.12/site-packages/airflow/example_dags/example_python_decorator.py for tasks to queue
[2025-11-16T10:46:58.249+0000] {logging_mixin.py:188} INFO - [2025-11-16T10:46:58.249+0000] {dagbag.py:540} INFO - Filling up the DagBag from /home/airflow/.local/lib/python3.12/site-packages/airflow/example_dags/example_python_decorator.py
[2025-11-16T10:46:58.254+0000] {processor.py:840} INFO - DAG(s) 'example_python_decorator' retrieved from /home/airflow/.local/lib/python3.12/site-packages/airflow/example_dags/example_python_decorator.py
[2025-11-16T10:46:58.263+0000] {logging_mixin.py:188} INFO - [2025-11-16T10:46:58.263+0000] {dag.py:3096} INFO - Sync 1 DAGs
[2025-11-16T10:46:58.268+0000] {logging_mixin.py:188} INFO - [2025-11-16T10:46:58.268+0000] {dag.py:3954} INFO - Setting next_dagrun for example_python_decorator to None, run_after=None
[2025-11-16T10:46:58.274+0000] {processor.py:183} INFO - Processing /home/airflow/.local/lib/python3.12/site-packages/airflow/example_dags/example_python_decorator.py took 0.029 seconds
[2025-11-16T10:47:28.552+0000] {processor.py:161} INFO - Started process (PID=536) to work on /home/airflow/.local/lib/python3.12/site-packages/airflow/example_dags/example_python_decorator.py
[2025-11-16T10:47:28.553+0000] {processor.py:830} INFO - Processing file /home/airflow/.local/lib/python3.12/site-packages/airflow/example_dags/example_python_decorator.py for tasks to queue
[2025-11-16T10:47:28.556+0000] {logging_mixin.py:188} INFO - [2025-11-16T10:47:28.556+0000] {dagbag.py:540} INFO - Filling up the DagBag from /home/airflow/.local/lib/python3.12/site-packages/airflow/example_dags/example_python_decorator.py
[2025-11-16T10:47:28.561+0000] {processor.py:840} INFO - DAG(s) 'example_python_decorator' retrieved from /home/airflow/.local/lib/python3.12/site-packages/airflow/example_dags/example_python_decorator.py
[2025-11-16T10:47:28.570+0000] {logging_mixin.py:188} INFO - [2025-11-16T10:47:28.570+0000] {dag.py:3096} INFO - Sync 1 DAGs
[2025-11-16T10:47:28.574+0000] {logging_mixin.py:188} INFO - [2025-11-16T10:47:28.574+0000] {dag.py:3954} INFO - Setting next_dagrun for example_python_decorator to None, run_after=None
[2025-11-16T10:47:28.579+0000] {processor.py:183} INFO - Processing /home/airflow/.local/lib/python3.12/site-packages/airflow/example_dags/example_python_decorator.py took 0.030 seconds
[2025-11-16T10:47:58.873+0000] {processor.py:161} INFO - Started process (PID=594) to work on /home/airflow/.local/lib/python3.12/site-packages/airflow/example_dags/example_python_decorator.py
[2025-11-16T10:47:58.873+0000] {processor.py:830} INFO - Processing file /home/airflow/.local/lib/python3.12/site-packages/airflow/example_dags/example_python_decorator.py for tasks to queue
[2025-11-16T10:47:58.874+0000] {logging_mixin.py:188} INFO - [2025-11-16T10:47:58.874+0000] {dagbag.py:540} INFO - Filling up the DagBag from /home/airflow/.local/lib/python3.12/site-packages/airflow/example_dags/example_python_decorator.py
[2025-11-16T10:47:58.879+0000] {processor.py:840} INFO - DAG(s) 'example_python_decorator' retrieved from /home/airflow/.local/lib/python3.12/site-packages/airflow/example_dags/example_python_decorator.py
[2025-11-16T10:47:58.887+0000] {logging_mixin.py:188} INFO - [2025-11-16T10:47:58.887+0000] {dag.py:3096} INFO - Sync 1 DAGs
[2025-11-16T10:47:58.892+0000] {logging_mixin.py:188} INFO - [2025-11-16T10:47:58.892+0000] {dag.py:3954} INFO - Setting next_dagrun for example_python_decorator to None, run_after=None
[2025-11-16T10:47:58.898+0000] {processor.py:183} INFO - Processing /home/airflow/.local/lib/python3.12/site-packages/airflow/example_dags/example_python_decorator.py took 0.027 seconds
[2025-11-16T10:48:29.212+0000] {processor.py:161} INFO - Started process (PID=652) to work on /home/airflow/.local/lib/python3.12/site-packages/airflow/example_dags/example_python_decorator.py
[2025-11-16T10:48:29.212+0000] {processor.py:830} INFO - Processing file /home/airflow/.local/lib/python3.12/site-packages/airflow/example_dags/example_python_decorator.py for tasks to queue
[2025-11-16T10:48:29.213+0000] {logging_mixin.py:188} INFO - [2025-11-16T10:48:29.213+0000] {dagbag.py:540} INFO - Filling up the DagBag from /home/airflow/.local/lib/python3.12/site-packages/airflow/example_dags/example_python_decorator.py
[2025-11-16T10:48:29.219+0000] {processor.py:840} INFO - DAG(s) 'example_python_decorator' retrieved from /home/airflow/.local/lib/python3.12/site-packages/airflow/example_dags/example_python_decorator.py
[2025-11-16T10:48:29.228+0000] {logging_mixin.py:188} INFO - [2025-11-16T10:48:29.228+0000] {dag.py:3096} INFO - Sync 1 DAGs
[2025-11-16T10:48:29.233+0000] {logging_mixin.py:188} INFO - [2025-11-16T10:48:29.233+0000] {dag.py:3954} INFO - Setting next_dagrun for example_python_decorator to None, run_after=None
[2025-11-16T10:48:29.240+0000] {processor.py:183} INFO - Processing /home/airflow/.local/lib/python3.12/site-packages/airflow/example_dags/example_python_decorator.py took 0.031 seconds
[2025-11-16T10:48:59.557+0000] {processor.py:161} INFO - Started process (PID=710) to work on /home/airflow/.local/lib/python3.12/site-packages/airflow/example_dags/example_python_decorator.py
[2025-11-16T10:48:59.558+0000] {processor.py:830} INFO - Processing file /home/airflow/.local/lib/python3.12/site-packages/airflow/example_dags/example_python_decorator.py for tasks to queue
[2025-11-16T10:48:59.558+0000] {logging_mixin.py:188} INFO - [2025-11-16T10:48:59.558+0000] {dagbag.py:540} INFO - Filling up the DagBag from /home/airflow/.local/lib/python3.12/site-packages/airflow/example_dags/example_python_decorator.py
[2025-11-16T10:48:59.563+0000] {processor.py:840} INFO - DAG(s) 'example_python_decorator' retrieved from /home/airflow/.local/lib/python3.12/site-packages/airflow/example_dags/example_python_decorator.py
[2025-11-16T10:48:59.572+0000] {logging_mixin.py:188} INFO - [2025-11-16T10:48:59.572+0000] {dag.py:3096} INFO - Sync 1 DAGs
[2025-11-16T10:48:59.576+0000] {logging_mixin.py:188} INFO - [2025-11-16T10:48:59.576+0000] {dag.py:3954} INFO - Setting next_dagrun for example_python_decorator to None, run_after=None
[2025-11-16T10:48:59.583+0000] {processor.py:183} INFO - Processing /home/airflow/.local/lib/python3.12/site-packages/airflow/example_dags/example_python_decorator.py took 0.028 seconds
