[2025-11-16T10:43:24.608+0000] {processor.py:161} INFO - Started process (PID=67) to work on /home/airflow/.local/lib/python3.12/site-packages/airflow/example_dags/example_branch_operator.py
[2025-11-16T10:43:24.609+0000] {processor.py:830} INFO - Processing file /home/airflow/.local/lib/python3.12/site-packages/airflow/example_dags/example_branch_operator.py for tasks to queue
[2025-11-16T10:43:24.611+0000] {logging_mixin.py:188} INFO - [2025-11-16T10:43:24.610+0000] {dagbag.py:540} INFO - Filling up the DagBag from /home/airflow/.local/lib/python3.12/site-packages/airflow/example_dags/example_branch_operator.py
[2025-11-16T10:43:24.625+0000] {processor.py:840} INFO - DAG(s) 'example_branch_operator' retrieved from /home/airflow/.local/lib/python3.12/site-packages/airflow/example_dags/example_branch_operator.py
[2025-11-16T10:43:24.637+0000] {logging_mixin.py:188} INFO - [2025-11-16T10:43:24.637+0000] {dag.py:3096} INFO - Sync 1 DAGs
[2025-11-16T10:43:24.652+0000] {logging_mixin.py:188} INFO - [2025-11-16T10:43:24.652+0000] {dag.py:3954} INFO - Setting next_dagrun for example_branch_operator to 2025-11-15 00:00:00+00:00, run_after=2025-11-16 00:00:00+00:00
[2025-11-16T10:43:24.662+0000] {processor.py:183} INFO - Processing /home/airflow/.local/lib/python3.12/site-packages/airflow/example_dags/example_branch_operator.py took 0.058 seconds
[2025-11-16T10:43:55.252+0000] {processor.py:161} INFO - Started process (PID=125) to work on /home/airflow/.local/lib/python3.12/site-packages/airflow/example_dags/example_branch_operator.py
[2025-11-16T10:43:55.252+0000] {processor.py:830} INFO - Processing file /home/airflow/.local/lib/python3.12/site-packages/airflow/example_dags/example_branch_operator.py for tasks to queue
[2025-11-16T10:43:55.253+0000] {logging_mixin.py:188} INFO - [2025-11-16T10:43:55.253+0000] {dagbag.py:540} INFO - Filling up the DagBag from /home/airflow/.local/lib/python3.12/site-packages/airflow/example_dags/example_branch_operator.py
[2025-11-16T10:43:55.259+0000] {processor.py:840} INFO - DAG(s) 'example_branch_operator' retrieved from /home/airflow/.local/lib/python3.12/site-packages/airflow/example_dags/example_branch_operator.py
[2025-11-16T10:43:55.295+0000] {logging_mixin.py:188} INFO - [2025-11-16T10:43:55.295+0000] {dag.py:3096} INFO - Sync 1 DAGs
[2025-11-16T10:43:55.302+0000] {logging_mixin.py:188} INFO - [2025-11-16T10:43:55.302+0000] {dag.py:3954} INFO - Setting next_dagrun for example_branch_operator to 2025-11-15 00:00:00+00:00, run_after=2025-11-16 00:00:00+00:00
[2025-11-16T10:43:55.308+0000] {processor.py:183} INFO - Processing /home/airflow/.local/lib/python3.12/site-packages/airflow/example_dags/example_branch_operator.py took 0.058 seconds
[2025-11-16T10:44:26.072+0000] {processor.py:161} INFO - Started process (PID=183) to work on /home/airflow/.local/lib/python3.12/site-packages/airflow/example_dags/example_branch_operator.py
[2025-11-16T10:44:26.073+0000] {processor.py:830} INFO - Processing file /home/airflow/.local/lib/python3.12/site-packages/airflow/example_dags/example_branch_operator.py for tasks to queue
[2025-11-16T10:44:26.074+0000] {logging_mixin.py:188} INFO - [2025-11-16T10:44:26.074+0000] {dagbag.py:540} INFO - Filling up the DagBag from /home/airflow/.local/lib/python3.12/site-packages/airflow/example_dags/example_branch_operator.py
[2025-11-16T10:44:26.080+0000] {processor.py:840} INFO - DAG(s) 'example_branch_operator' retrieved from /home/airflow/.local/lib/python3.12/site-packages/airflow/example_dags/example_branch_operator.py
[2025-11-16T10:44:26.094+0000] {logging_mixin.py:188} INFO - [2025-11-16T10:44:26.094+0000] {dag.py:3096} INFO - Sync 1 DAGs
[2025-11-16T10:44:26.104+0000] {logging_mixin.py:188} INFO - [2025-11-16T10:44:26.104+0000] {dag.py:3954} INFO - Setting next_dagrun for example_branch_operator to 2025-11-15 00:00:00+00:00, run_after=2025-11-16 00:00:00+00:00
[2025-11-16T10:44:26.112+0000] {processor.py:183} INFO - Processing /home/airflow/.local/lib/python3.12/site-packages/airflow/example_dags/example_branch_operator.py took 0.043 seconds
[2025-11-16T10:44:56.609+0000] {processor.py:161} INFO - Started process (PID=247) to work on /home/airflow/.local/lib/python3.12/site-packages/airflow/example_dags/example_branch_operator.py
[2025-11-16T10:44:56.610+0000] {processor.py:830} INFO - Processing file /home/airflow/.local/lib/python3.12/site-packages/airflow/example_dags/example_branch_operator.py for tasks to queue
[2025-11-16T10:44:56.611+0000] {logging_mixin.py:188} INFO - [2025-11-16T10:44:56.611+0000] {dagbag.py:540} INFO - Filling up the DagBag from /home/airflow/.local/lib/python3.12/site-packages/airflow/example_dags/example_branch_operator.py
[2025-11-16T10:44:56.618+0000] {processor.py:840} INFO - DAG(s) 'example_branch_operator' retrieved from /home/airflow/.local/lib/python3.12/site-packages/airflow/example_dags/example_branch_operator.py
[2025-11-16T10:44:56.629+0000] {logging_mixin.py:188} INFO - [2025-11-16T10:44:56.629+0000] {dag.py:3096} INFO - Sync 1 DAGs
[2025-11-16T10:44:56.638+0000] {logging_mixin.py:188} INFO - [2025-11-16T10:44:56.637+0000] {dag.py:3954} INFO - Setting next_dagrun for example_branch_operator to 2025-11-15 00:00:00+00:00, run_after=2025-11-16 00:00:00+00:00
[2025-11-16T10:44:56.644+0000] {processor.py:183} INFO - Processing /home/airflow/.local/lib/python3.12/site-packages/airflow/example_dags/example_branch_operator.py took 0.037 seconds
[2025-11-16T10:45:27.087+0000] {processor.py:161} INFO - Started process (PID=305) to work on /home/airflow/.local/lib/python3.12/site-packages/airflow/example_dags/example_branch_operator.py
[2025-11-16T10:45:27.088+0000] {processor.py:830} INFO - Processing file /home/airflow/.local/lib/python3.12/site-packages/airflow/example_dags/example_branch_operator.py for tasks to queue
[2025-11-16T10:45:27.090+0000] {logging_mixin.py:188} INFO - [2025-11-16T10:45:27.090+0000] {dagbag.py:540} INFO - Filling up the DagBag from /home/airflow/.local/lib/python3.12/site-packages/airflow/example_dags/example_branch_operator.py
[2025-11-16T10:45:27.096+0000] {processor.py:840} INFO - DAG(s) 'example_branch_operator' retrieved from /home/airflow/.local/lib/python3.12/site-packages/airflow/example_dags/example_branch_operator.py
[2025-11-16T10:45:27.108+0000] {logging_mixin.py:188} INFO - [2025-11-16T10:45:27.108+0000] {dag.py:3096} INFO - Sync 1 DAGs
[2025-11-16T10:45:27.118+0000] {logging_mixin.py:188} INFO - [2025-11-16T10:45:27.118+0000] {dag.py:3954} INFO - Setting next_dagrun for example_branch_operator to 2025-11-15 00:00:00+00:00, run_after=2025-11-16 00:00:00+00:00
[2025-11-16T10:45:27.127+0000] {processor.py:183} INFO - Processing /home/airflow/.local/lib/python3.12/site-packages/airflow/example_dags/example_branch_operator.py took 0.042 seconds
[2025-11-16T10:45:57.553+0000] {processor.py:161} INFO - Started process (PID=363) to work on /home/airflow/.local/lib/python3.12/site-packages/airflow/example_dags/example_branch_operator.py
[2025-11-16T10:45:57.555+0000] {processor.py:830} INFO - Processing file /home/airflow/.local/lib/python3.12/site-packages/airflow/example_dags/example_branch_operator.py for tasks to queue
[2025-11-16T10:45:57.555+0000] {logging_mixin.py:188} INFO - [2025-11-16T10:45:57.555+0000] {dagbag.py:540} INFO - Filling up the DagBag from /home/airflow/.local/lib/python3.12/site-packages/airflow/example_dags/example_branch_operator.py
[2025-11-16T10:45:57.562+0000] {processor.py:840} INFO - DAG(s) 'example_branch_operator' retrieved from /home/airflow/.local/lib/python3.12/site-packages/airflow/example_dags/example_branch_operator.py
[2025-11-16T10:45:57.573+0000] {logging_mixin.py:188} INFO - [2025-11-16T10:45:57.572+0000] {dag.py:3096} INFO - Sync 1 DAGs
[2025-11-16T10:45:57.580+0000] {logging_mixin.py:188} INFO - [2025-11-16T10:45:57.580+0000] {dag.py:3954} INFO - Setting next_dagrun for example_branch_operator to 2025-11-15 00:00:00+00:00, run_after=2025-11-16 00:00:00+00:00
[2025-11-16T10:45:57.587+0000] {processor.py:183} INFO - Processing /home/airflow/.local/lib/python3.12/site-packages/airflow/example_dags/example_branch_operator.py took 0.036 seconds
[2025-11-16T10:46:27.933+0000] {processor.py:161} INFO - Started process (PID=421) to work on /home/airflow/.local/lib/python3.12/site-packages/airflow/example_dags/example_branch_operator.py
[2025-11-16T10:46:27.934+0000] {processor.py:830} INFO - Processing file /home/airflow/.local/lib/python3.12/site-packages/airflow/example_dags/example_branch_operator.py for tasks to queue
[2025-11-16T10:46:27.935+0000] {logging_mixin.py:188} INFO - [2025-11-16T10:46:27.935+0000] {dagbag.py:540} INFO - Filling up the DagBag from /home/airflow/.local/lib/python3.12/site-packages/airflow/example_dags/example_branch_operator.py
[2025-11-16T10:46:27.941+0000] {processor.py:840} INFO - DAG(s) 'example_branch_operator' retrieved from /home/airflow/.local/lib/python3.12/site-packages/airflow/example_dags/example_branch_operator.py
[2025-11-16T10:46:27.951+0000] {logging_mixin.py:188} INFO - [2025-11-16T10:46:27.951+0000] {dag.py:3096} INFO - Sync 1 DAGs
[2025-11-16T10:46:27.959+0000] {logging_mixin.py:188} INFO - [2025-11-16T10:46:27.959+0000] {dag.py:3954} INFO - Setting next_dagrun for example_branch_operator to 2025-11-15 00:00:00+00:00, run_after=2025-11-16 00:00:00+00:00
[2025-11-16T10:46:27.964+0000] {processor.py:183} INFO - Processing /home/airflow/.local/lib/python3.12/site-packages/airflow/example_dags/example_branch_operator.py took 0.034 seconds
[2025-11-16T10:46:58.259+0000] {processor.py:161} INFO - Started process (PID=479) to work on /home/airflow/.local/lib/python3.12/site-packages/airflow/example_dags/example_branch_operator.py
[2025-11-16T10:46:58.262+0000] {processor.py:830} INFO - Processing file /home/airflow/.local/lib/python3.12/site-packages/airflow/example_dags/example_branch_operator.py for tasks to queue
[2025-11-16T10:46:58.263+0000] {logging_mixin.py:188} INFO - [2025-11-16T10:46:58.263+0000] {dagbag.py:540} INFO - Filling up the DagBag from /home/airflow/.local/lib/python3.12/site-packages/airflow/example_dags/example_branch_operator.py
[2025-11-16T10:46:58.270+0000] {processor.py:840} INFO - DAG(s) 'example_branch_operator' retrieved from /home/airflow/.local/lib/python3.12/site-packages/airflow/example_dags/example_branch_operator.py
[2025-11-16T10:46:58.281+0000] {logging_mixin.py:188} INFO - [2025-11-16T10:46:58.281+0000] {dag.py:3096} INFO - Sync 1 DAGs
[2025-11-16T10:46:58.288+0000] {logging_mixin.py:188} INFO - [2025-11-16T10:46:58.288+0000] {dag.py:3954} INFO - Setting next_dagrun for example_branch_operator to 2025-11-15 00:00:00+00:00, run_after=2025-11-16 00:00:00+00:00
[2025-11-16T10:46:58.298+0000] {processor.py:183} INFO - Processing /home/airflow/.local/lib/python3.12/site-packages/airflow/example_dags/example_branch_operator.py took 0.041 seconds
[2025-11-16T10:47:28.577+0000] {processor.py:161} INFO - Started process (PID=537) to work on /home/airflow/.local/lib/python3.12/site-packages/airflow/example_dags/example_branch_operator.py
[2025-11-16T10:47:28.578+0000] {processor.py:830} INFO - Processing file /home/airflow/.local/lib/python3.12/site-packages/airflow/example_dags/example_branch_operator.py for tasks to queue
[2025-11-16T10:47:28.578+0000] {logging_mixin.py:188} INFO - [2025-11-16T10:47:28.578+0000] {dagbag.py:540} INFO - Filling up the DagBag from /home/airflow/.local/lib/python3.12/site-packages/airflow/example_dags/example_branch_operator.py
[2025-11-16T10:47:28.585+0000] {processor.py:840} INFO - DAG(s) 'example_branch_operator' retrieved from /home/airflow/.local/lib/python3.12/site-packages/airflow/example_dags/example_branch_operator.py
[2025-11-16T10:47:28.595+0000] {logging_mixin.py:188} INFO - [2025-11-16T10:47:28.595+0000] {dag.py:3096} INFO - Sync 1 DAGs
[2025-11-16T10:47:28.602+0000] {logging_mixin.py:188} INFO - [2025-11-16T10:47:28.602+0000] {dag.py:3954} INFO - Setting next_dagrun for example_branch_operator to 2025-11-15 00:00:00+00:00, run_after=2025-11-16 00:00:00+00:00
[2025-11-16T10:47:28.608+0000] {processor.py:183} INFO - Processing /home/airflow/.local/lib/python3.12/site-packages/airflow/example_dags/example_branch_operator.py took 0.033 seconds
[2025-11-16T10:47:58.884+0000] {processor.py:161} INFO - Started process (PID=595) to work on /home/airflow/.local/lib/python3.12/site-packages/airflow/example_dags/example_branch_operator.py
[2025-11-16T10:47:58.885+0000] {processor.py:830} INFO - Processing file /home/airflow/.local/lib/python3.12/site-packages/airflow/example_dags/example_branch_operator.py for tasks to queue
[2025-11-16T10:47:58.887+0000] {logging_mixin.py:188} INFO - [2025-11-16T10:47:58.887+0000] {dagbag.py:540} INFO - Filling up the DagBag from /home/airflow/.local/lib/python3.12/site-packages/airflow/example_dags/example_branch_operator.py
[2025-11-16T10:47:58.893+0000] {processor.py:840} INFO - DAG(s) 'example_branch_operator' retrieved from /home/airflow/.local/lib/python3.12/site-packages/airflow/example_dags/example_branch_operator.py
[2025-11-16T10:47:58.903+0000] {logging_mixin.py:188} INFO - [2025-11-16T10:47:58.903+0000] {dag.py:3096} INFO - Sync 1 DAGs
[2025-11-16T10:47:58.911+0000] {logging_mixin.py:188} INFO - [2025-11-16T10:47:58.911+0000] {dag.py:3954} INFO - Setting next_dagrun for example_branch_operator to 2025-11-15 00:00:00+00:00, run_after=2025-11-16 00:00:00+00:00
[2025-11-16T10:47:58.920+0000] {processor.py:183} INFO - Processing /home/airflow/.local/lib/python3.12/site-packages/airflow/example_dags/example_branch_operator.py took 0.038 seconds
[2025-11-16T10:48:29.231+0000] {processor.py:161} INFO - Started process (PID=653) to work on /home/airflow/.local/lib/python3.12/site-packages/airflow/example_dags/example_branch_operator.py
[2025-11-16T10:48:29.232+0000] {processor.py:830} INFO - Processing file /home/airflow/.local/lib/python3.12/site-packages/airflow/example_dags/example_branch_operator.py for tasks to queue
[2025-11-16T10:48:29.232+0000] {logging_mixin.py:188} INFO - [2025-11-16T10:48:29.232+0000] {dagbag.py:540} INFO - Filling up the DagBag from /home/airflow/.local/lib/python3.12/site-packages/airflow/example_dags/example_branch_operator.py
[2025-11-16T10:48:29.239+0000] {processor.py:840} INFO - DAG(s) 'example_branch_operator' retrieved from /home/airflow/.local/lib/python3.12/site-packages/airflow/example_dags/example_branch_operator.py
[2025-11-16T10:48:29.249+0000] {logging_mixin.py:188} INFO - [2025-11-16T10:48:29.249+0000] {dag.py:3096} INFO - Sync 1 DAGs
[2025-11-16T10:48:29.261+0000] {logging_mixin.py:188} INFO - [2025-11-16T10:48:29.261+0000] {dag.py:3954} INFO - Setting next_dagrun for example_branch_operator to 2025-11-15 00:00:00+00:00, run_after=2025-11-16 00:00:00+00:00
[2025-11-16T10:48:29.269+0000] {processor.py:183} INFO - Processing /home/airflow/.local/lib/python3.12/site-packages/airflow/example_dags/example_branch_operator.py took 0.040 seconds
[2025-11-16T10:48:59.586+0000] {processor.py:161} INFO - Started process (PID=711) to work on /home/airflow/.local/lib/python3.12/site-packages/airflow/example_dags/example_branch_operator.py
[2025-11-16T10:48:59.586+0000] {processor.py:830} INFO - Processing file /home/airflow/.local/lib/python3.12/site-packages/airflow/example_dags/example_branch_operator.py for tasks to queue
[2025-11-16T10:48:59.588+0000] {logging_mixin.py:188} INFO - [2025-11-16T10:48:59.587+0000] {dagbag.py:540} INFO - Filling up the DagBag from /home/airflow/.local/lib/python3.12/site-packages/airflow/example_dags/example_branch_operator.py
[2025-11-16T10:48:59.595+0000] {processor.py:840} INFO - DAG(s) 'example_branch_operator' retrieved from /home/airflow/.local/lib/python3.12/site-packages/airflow/example_dags/example_branch_operator.py
[2025-11-16T10:48:59.604+0000] {logging_mixin.py:188} INFO - [2025-11-16T10:48:59.604+0000] {dag.py:3096} INFO - Sync 1 DAGs
[2025-11-16T10:48:59.612+0000] {logging_mixin.py:188} INFO - [2025-11-16T10:48:59.611+0000] {dag.py:3954} INFO - Setting next_dagrun for example_branch_operator to 2025-11-15 00:00:00+00:00, run_after=2025-11-16 00:00:00+00:00
[2025-11-16T10:48:59.617+0000] {processor.py:183} INFO - Processing /home/airflow/.local/lib/python3.12/site-packages/airflow/example_dags/example_branch_operator.py took 0.034 seconds
