[2025-11-16T10:43:24.898+0000] {processor.py:161} INFO - Started process (PID=76) to work on /home/airflow/.local/lib/python3.12/site-packages/airflow/example_dags/example_python_operator.py
[2025-11-16T10:43:24.900+0000] {processor.py:830} INFO - Processing file /home/airflow/.local/lib/python3.12/site-packages/airflow/example_dags/example_python_operator.py for tasks to queue
[2025-11-16T10:43:24.901+0000] {logging_mixin.py:188} INFO - [2025-11-16T10:43:24.901+0000] {dagbag.py:540} INFO - Filling up the DagBag from /home/airflow/.local/lib/python3.12/site-packages/airflow/example_dags/example_python_operator.py
[2025-11-16T10:43:24.911+0000] {processor.py:840} INFO - DAG(s) 'example_python_operator' retrieved from /home/airflow/.local/lib/python3.12/site-packages/airflow/example_dags/example_python_operator.py
[2025-11-16T10:43:24.921+0000] {logging_mixin.py:188} INFO - [2025-11-16T10:43:24.921+0000] {dag.py:3096} INFO - Sync 1 DAGs
[2025-11-16T10:43:24.930+0000] {logging_mixin.py:188} INFO - [2025-11-16T10:43:24.929+0000] {dag.py:3954} INFO - Setting next_dagrun for example_python_operator to None, run_after=None
[2025-11-16T10:43:24.938+0000] {processor.py:183} INFO - Processing /home/airflow/.local/lib/python3.12/site-packages/airflow/example_dags/example_python_operator.py took 0.044 seconds
[2025-11-16T10:43:55.603+0000] {processor.py:161} INFO - Started process (PID=134) to work on /home/airflow/.local/lib/python3.12/site-packages/airflow/example_dags/example_python_operator.py
[2025-11-16T10:43:55.604+0000] {processor.py:830} INFO - Processing file /home/airflow/.local/lib/python3.12/site-packages/airflow/example_dags/example_python_operator.py for tasks to queue
[2025-11-16T10:43:55.604+0000] {logging_mixin.py:188} INFO - [2025-11-16T10:43:55.604+0000] {dagbag.py:540} INFO - Filling up the DagBag from /home/airflow/.local/lib/python3.12/site-packages/airflow/example_dags/example_python_operator.py
[2025-11-16T10:43:55.608+0000] {processor.py:840} INFO - DAG(s) 'example_python_operator' retrieved from /home/airflow/.local/lib/python3.12/site-packages/airflow/example_dags/example_python_operator.py
[2025-11-16T10:43:55.644+0000] {logging_mixin.py:188} INFO - [2025-11-16T10:43:55.644+0000] {dag.py:3096} INFO - Sync 1 DAGs
[2025-11-16T10:43:55.648+0000] {logging_mixin.py:188} INFO - [2025-11-16T10:43:55.648+0000] {dag.py:3954} INFO - Setting next_dagrun for example_python_operator to None, run_after=None
[2025-11-16T10:43:55.655+0000] {processor.py:183} INFO - Processing /home/airflow/.local/lib/python3.12/site-packages/airflow/example_dags/example_python_operator.py took 0.053 seconds
[2025-11-16T10:44:26.303+0000] {processor.py:161} INFO - Started process (PID=198) to work on /home/airflow/.local/lib/python3.12/site-packages/airflow/example_dags/example_python_operator.py
[2025-11-16T10:44:26.305+0000] {processor.py:830} INFO - Processing file /home/airflow/.local/lib/python3.12/site-packages/airflow/example_dags/example_python_operator.py for tasks to queue
[2025-11-16T10:44:26.306+0000] {logging_mixin.py:188} INFO - [2025-11-16T10:44:26.305+0000] {dagbag.py:540} INFO - Filling up the DagBag from /home/airflow/.local/lib/python3.12/site-packages/airflow/example_dags/example_python_operator.py
[2025-11-16T10:44:26.310+0000] {processor.py:840} INFO - DAG(s) 'example_python_operator' retrieved from /home/airflow/.local/lib/python3.12/site-packages/airflow/example_dags/example_python_operator.py
[2025-11-16T10:44:26.320+0000] {logging_mixin.py:188} INFO - [2025-11-16T10:44:26.320+0000] {dag.py:3096} INFO - Sync 1 DAGs
[2025-11-16T10:44:26.324+0000] {logging_mixin.py:188} INFO - [2025-11-16T10:44:26.324+0000] {dag.py:3954} INFO - Setting next_dagrun for example_python_operator to None, run_after=None
[2025-11-16T10:44:26.331+0000] {processor.py:183} INFO - Processing /home/airflow/.local/lib/python3.12/site-packages/airflow/example_dags/example_python_operator.py took 0.030 seconds
[2025-11-16T10:44:56.811+0000] {processor.py:161} INFO - Started process (PID=256) to work on /home/airflow/.local/lib/python3.12/site-packages/airflow/example_dags/example_python_operator.py
[2025-11-16T10:44:56.812+0000] {processor.py:830} INFO - Processing file /home/airflow/.local/lib/python3.12/site-packages/airflow/example_dags/example_python_operator.py for tasks to queue
[2025-11-16T10:44:56.813+0000] {logging_mixin.py:188} INFO - [2025-11-16T10:44:56.813+0000] {dagbag.py:540} INFO - Filling up the DagBag from /home/airflow/.local/lib/python3.12/site-packages/airflow/example_dags/example_python_operator.py
[2025-11-16T10:44:56.818+0000] {processor.py:840} INFO - DAG(s) 'example_python_operator' retrieved from /home/airflow/.local/lib/python3.12/site-packages/airflow/example_dags/example_python_operator.py
[2025-11-16T10:44:56.828+0000] {logging_mixin.py:188} INFO - [2025-11-16T10:44:56.828+0000] {dag.py:3096} INFO - Sync 1 DAGs
[2025-11-16T10:44:56.832+0000] {logging_mixin.py:188} INFO - [2025-11-16T10:44:56.832+0000] {dag.py:3954} INFO - Setting next_dagrun for example_python_operator to None, run_after=None
[2025-11-16T10:44:56.839+0000] {processor.py:183} INFO - Processing /home/airflow/.local/lib/python3.12/site-packages/airflow/example_dags/example_python_operator.py took 0.031 seconds
[2025-11-16T10:45:27.289+0000] {processor.py:161} INFO - Started process (PID=314) to work on /home/airflow/.local/lib/python3.12/site-packages/airflow/example_dags/example_python_operator.py
[2025-11-16T10:45:27.289+0000] {processor.py:830} INFO - Processing file /home/airflow/.local/lib/python3.12/site-packages/airflow/example_dags/example_python_operator.py for tasks to queue
[2025-11-16T10:45:27.290+0000] {logging_mixin.py:188} INFO - [2025-11-16T10:45:27.290+0000] {dagbag.py:540} INFO - Filling up the DagBag from /home/airflow/.local/lib/python3.12/site-packages/airflow/example_dags/example_python_operator.py
[2025-11-16T10:45:27.295+0000] {processor.py:840} INFO - DAG(s) 'example_python_operator' retrieved from /home/airflow/.local/lib/python3.12/site-packages/airflow/example_dags/example_python_operator.py
[2025-11-16T10:45:27.302+0000] {logging_mixin.py:188} INFO - [2025-11-16T10:45:27.302+0000] {dag.py:3096} INFO - Sync 1 DAGs
[2025-11-16T10:45:27.307+0000] {logging_mixin.py:188} INFO - [2025-11-16T10:45:27.306+0000] {dag.py:3954} INFO - Setting next_dagrun for example_python_operator to None, run_after=None
[2025-11-16T10:45:27.313+0000] {processor.py:183} INFO - Processing /home/airflow/.local/lib/python3.12/site-packages/airflow/example_dags/example_python_operator.py took 0.027 seconds
[2025-11-16T10:45:57.771+0000] {processor.py:161} INFO - Started process (PID=372) to work on /home/airflow/.local/lib/python3.12/site-packages/airflow/example_dags/example_python_operator.py
[2025-11-16T10:45:57.771+0000] {processor.py:830} INFO - Processing file /home/airflow/.local/lib/python3.12/site-packages/airflow/example_dags/example_python_operator.py for tasks to queue
[2025-11-16T10:45:57.772+0000] {logging_mixin.py:188} INFO - [2025-11-16T10:45:57.772+0000] {dagbag.py:540} INFO - Filling up the DagBag from /home/airflow/.local/lib/python3.12/site-packages/airflow/example_dags/example_python_operator.py
[2025-11-16T10:45:57.776+0000] {processor.py:840} INFO - DAG(s) 'example_python_operator' retrieved from /home/airflow/.local/lib/python3.12/site-packages/airflow/example_dags/example_python_operator.py
[2025-11-16T10:45:57.785+0000] {logging_mixin.py:188} INFO - [2025-11-16T10:45:57.785+0000] {dag.py:3096} INFO - Sync 1 DAGs
[2025-11-16T10:45:57.790+0000] {logging_mixin.py:188} INFO - [2025-11-16T10:45:57.790+0000] {dag.py:3954} INFO - Setting next_dagrun for example_python_operator to None, run_after=None
[2025-11-16T10:45:57.797+0000] {processor.py:183} INFO - Processing /home/airflow/.local/lib/python3.12/site-packages/airflow/example_dags/example_python_operator.py took 0.028 seconds
[2025-11-16T10:46:28.151+0000] {processor.py:161} INFO - Started process (PID=430) to work on /home/airflow/.local/lib/python3.12/site-packages/airflow/example_dags/example_python_operator.py
[2025-11-16T10:46:28.151+0000] {processor.py:830} INFO - Processing file /home/airflow/.local/lib/python3.12/site-packages/airflow/example_dags/example_python_operator.py for tasks to queue
[2025-11-16T10:46:28.152+0000] {logging_mixin.py:188} INFO - [2025-11-16T10:46:28.152+0000] {dagbag.py:540} INFO - Filling up the DagBag from /home/airflow/.local/lib/python3.12/site-packages/airflow/example_dags/example_python_operator.py
[2025-11-16T10:46:28.156+0000] {processor.py:840} INFO - DAG(s) 'example_python_operator' retrieved from /home/airflow/.local/lib/python3.12/site-packages/airflow/example_dags/example_python_operator.py
[2025-11-16T10:46:28.164+0000] {logging_mixin.py:188} INFO - [2025-11-16T10:46:28.164+0000] {dag.py:3096} INFO - Sync 1 DAGs
[2025-11-16T10:46:28.169+0000] {logging_mixin.py:188} INFO - [2025-11-16T10:46:28.169+0000] {dag.py:3954} INFO - Setting next_dagrun for example_python_operator to None, run_after=None
[2025-11-16T10:46:28.175+0000] {processor.py:183} INFO - Processing /home/airflow/.local/lib/python3.12/site-packages/airflow/example_dags/example_python_operator.py took 0.026 seconds
[2025-11-16T10:46:58.464+0000] {processor.py:161} INFO - Started process (PID=488) to work on /home/airflow/.local/lib/python3.12/site-packages/airflow/example_dags/example_python_operator.py
[2025-11-16T10:46:58.465+0000] {processor.py:830} INFO - Processing file /home/airflow/.local/lib/python3.12/site-packages/airflow/example_dags/example_python_operator.py for tasks to queue
[2025-11-16T10:46:58.466+0000] {logging_mixin.py:188} INFO - [2025-11-16T10:46:58.466+0000] {dagbag.py:540} INFO - Filling up the DagBag from /home/airflow/.local/lib/python3.12/site-packages/airflow/example_dags/example_python_operator.py
[2025-11-16T10:46:58.471+0000] {processor.py:840} INFO - DAG(s) 'example_python_operator' retrieved from /home/airflow/.local/lib/python3.12/site-packages/airflow/example_dags/example_python_operator.py
[2025-11-16T10:46:58.479+0000] {logging_mixin.py:188} INFO - [2025-11-16T10:46:58.479+0000] {dag.py:3096} INFO - Sync 1 DAGs
[2025-11-16T10:46:58.483+0000] {logging_mixin.py:188} INFO - [2025-11-16T10:46:58.483+0000] {dag.py:3954} INFO - Setting next_dagrun for example_python_operator to None, run_after=None
[2025-11-16T10:46:58.489+0000] {processor.py:183} INFO - Processing /home/airflow/.local/lib/python3.12/site-packages/airflow/example_dags/example_python_operator.py took 0.027 seconds
[2025-11-16T10:47:28.776+0000] {processor.py:161} INFO - Started process (PID=546) to work on /home/airflow/.local/lib/python3.12/site-packages/airflow/example_dags/example_python_operator.py
[2025-11-16T10:47:28.777+0000] {processor.py:830} INFO - Processing file /home/airflow/.local/lib/python3.12/site-packages/airflow/example_dags/example_python_operator.py for tasks to queue
[2025-11-16T10:47:28.777+0000] {logging_mixin.py:188} INFO - [2025-11-16T10:47:28.777+0000] {dagbag.py:540} INFO - Filling up the DagBag from /home/airflow/.local/lib/python3.12/site-packages/airflow/example_dags/example_python_operator.py
[2025-11-16T10:47:28.782+0000] {processor.py:840} INFO - DAG(s) 'example_python_operator' retrieved from /home/airflow/.local/lib/python3.12/site-packages/airflow/example_dags/example_python_operator.py
[2025-11-16T10:47:28.789+0000] {logging_mixin.py:188} INFO - [2025-11-16T10:47:28.789+0000] {dag.py:3096} INFO - Sync 1 DAGs
[2025-11-16T10:47:28.793+0000] {logging_mixin.py:188} INFO - [2025-11-16T10:47:28.793+0000] {dag.py:3954} INFO - Setting next_dagrun for example_python_operator to None, run_after=None
[2025-11-16T10:47:28.799+0000] {processor.py:183} INFO - Processing /home/airflow/.local/lib/python3.12/site-packages/airflow/example_dags/example_python_operator.py took 0.025 seconds
[2025-11-16T10:47:59.084+0000] {processor.py:161} INFO - Started process (PID=604) to work on /home/airflow/.local/lib/python3.12/site-packages/airflow/example_dags/example_python_operator.py
[2025-11-16T10:47:59.084+0000] {processor.py:830} INFO - Processing file /home/airflow/.local/lib/python3.12/site-packages/airflow/example_dags/example_python_operator.py for tasks to queue
[2025-11-16T10:47:59.085+0000] {logging_mixin.py:188} INFO - [2025-11-16T10:47:59.084+0000] {dagbag.py:540} INFO - Filling up the DagBag from /home/airflow/.local/lib/python3.12/site-packages/airflow/example_dags/example_python_operator.py
[2025-11-16T10:47:59.088+0000] {processor.py:840} INFO - DAG(s) 'example_python_operator' retrieved from /home/airflow/.local/lib/python3.12/site-packages/airflow/example_dags/example_python_operator.py
[2025-11-16T10:47:59.096+0000] {logging_mixin.py:188} INFO - [2025-11-16T10:47:59.096+0000] {dag.py:3096} INFO - Sync 1 DAGs
[2025-11-16T10:47:59.100+0000] {logging_mixin.py:188} INFO - [2025-11-16T10:47:59.100+0000] {dag.py:3954} INFO - Setting next_dagrun for example_python_operator to None, run_after=None
[2025-11-16T10:47:59.105+0000] {processor.py:183} INFO - Processing /home/airflow/.local/lib/python3.12/site-packages/airflow/example_dags/example_python_operator.py took 0.024 seconds
[2025-11-16T10:48:29.457+0000] {processor.py:161} INFO - Started process (PID=662) to work on /home/airflow/.local/lib/python3.12/site-packages/airflow/example_dags/example_python_operator.py
[2025-11-16T10:48:29.460+0000] {processor.py:830} INFO - Processing file /home/airflow/.local/lib/python3.12/site-packages/airflow/example_dags/example_python_operator.py for tasks to queue
[2025-11-16T10:48:29.461+0000] {logging_mixin.py:188} INFO - [2025-11-16T10:48:29.461+0000] {dagbag.py:540} INFO - Filling up the DagBag from /home/airflow/.local/lib/python3.12/site-packages/airflow/example_dags/example_python_operator.py
[2025-11-16T10:48:29.467+0000] {processor.py:840} INFO - DAG(s) 'example_python_operator' retrieved from /home/airflow/.local/lib/python3.12/site-packages/airflow/example_dags/example_python_operator.py
[2025-11-16T10:48:29.480+0000] {logging_mixin.py:188} INFO - [2025-11-16T10:48:29.480+0000] {dag.py:3096} INFO - Sync 1 DAGs
[2025-11-16T10:48:29.486+0000] {logging_mixin.py:188} INFO - [2025-11-16T10:48:29.486+0000] {dag.py:3954} INFO - Setting next_dagrun for example_python_operator to None, run_after=None
[2025-11-16T10:48:29.501+0000] {processor.py:183} INFO - Processing /home/airflow/.local/lib/python3.12/site-packages/airflow/example_dags/example_python_operator.py took 0.046 seconds
[2025-11-16T10:48:59.779+0000] {processor.py:161} INFO - Started process (PID=720) to work on /home/airflow/.local/lib/python3.12/site-packages/airflow/example_dags/example_python_operator.py
[2025-11-16T10:48:59.779+0000] {processor.py:830} INFO - Processing file /home/airflow/.local/lib/python3.12/site-packages/airflow/example_dags/example_python_operator.py for tasks to queue
[2025-11-16T10:48:59.780+0000] {logging_mixin.py:188} INFO - [2025-11-16T10:48:59.780+0000] {dagbag.py:540} INFO - Filling up the DagBag from /home/airflow/.local/lib/python3.12/site-packages/airflow/example_dags/example_python_operator.py
[2025-11-16T10:48:59.784+0000] {processor.py:840} INFO - DAG(s) 'example_python_operator' retrieved from /home/airflow/.local/lib/python3.12/site-packages/airflow/example_dags/example_python_operator.py
[2025-11-16T10:48:59.792+0000] {logging_mixin.py:188} INFO - [2025-11-16T10:48:59.792+0000] {dag.py:3096} INFO - Sync 1 DAGs
[2025-11-16T10:48:59.797+0000] {logging_mixin.py:188} INFO - [2025-11-16T10:48:59.797+0000] {dag.py:3954} INFO - Setting next_dagrun for example_python_operator to None, run_after=None
[2025-11-16T10:48:59.803+0000] {processor.py:183} INFO - Processing /home/airflow/.local/lib/python3.12/site-packages/airflow/example_dags/example_python_operator.py took 0.026 seconds
