[2025-11-16T10:43:23.657+0000] {processor.py:161} INFO - Started process (PID=37) to work on /home/airflow/.local/lib/python3.12/site-packages/airflow/example_dags/example_skip_dag.py
[2025-11-16T10:43:23.660+0000] {processor.py:830} INFO - Processing file /home/airflow/.local/lib/python3.12/site-packages/airflow/example_dags/example_skip_dag.py for tasks to queue
[2025-11-16T10:43:23.662+0000] {logging_mixin.py:188} INFO - [2025-11-16T10:43:23.662+0000] {dagbag.py:540} INFO - Filling up the DagBag from /home/airflow/.local/lib/python3.12/site-packages/airflow/example_dags/example_skip_dag.py
[2025-11-16T10:43:23.672+0000] {processor.py:840} INFO - DAG(s) 'example_skip_dag' retrieved from /home/airflow/.local/lib/python3.12/site-packages/airflow/example_dags/example_skip_dag.py
[2025-11-16T10:43:23.689+0000] {logging_mixin.py:188} INFO - [2025-11-16T10:43:23.688+0000] {dag.py:3096} INFO - Sync 1 DAGs
[2025-11-16T10:43:23.705+0000] {logging_mixin.py:188} INFO - [2025-11-16T10:43:23.704+0000] {dag.py:3954} INFO - Setting next_dagrun for example_skip_dag to 2025-11-15 00:00:00+00:00, run_after=2025-11-16 00:00:00+00:00
[2025-11-16T10:43:23.715+0000] {processor.py:183} INFO - Processing /home/airflow/.local/lib/python3.12/site-packages/airflow/example_dags/example_skip_dag.py took 0.061 seconds
[2025-11-16T10:43:54.133+0000] {processor.py:161} INFO - Started process (PID=95) to work on /home/airflow/.local/lib/python3.12/site-packages/airflow/example_dags/example_skip_dag.py
[2025-11-16T10:43:54.134+0000] {processor.py:830} INFO - Processing file /home/airflow/.local/lib/python3.12/site-packages/airflow/example_dags/example_skip_dag.py for tasks to queue
[2025-11-16T10:43:54.137+0000] {logging_mixin.py:188} INFO - [2025-11-16T10:43:54.136+0000] {dagbag.py:540} INFO - Filling up the DagBag from /home/airflow/.local/lib/python3.12/site-packages/airflow/example_dags/example_skip_dag.py
[2025-11-16T10:43:54.143+0000] {processor.py:840} INFO - DAG(s) 'example_skip_dag' retrieved from /home/airflow/.local/lib/python3.12/site-packages/airflow/example_dags/example_skip_dag.py
[2025-11-16T10:43:54.243+0000] {logging_mixin.py:188} INFO - [2025-11-16T10:43:54.243+0000] {dag.py:3096} INFO - Sync 1 DAGs
[2025-11-16T10:43:54.256+0000] {logging_mixin.py:188} INFO - [2025-11-16T10:43:54.256+0000] {dag.py:3954} INFO - Setting next_dagrun for example_skip_dag to 2025-11-15 00:00:00+00:00, run_after=2025-11-16 00:00:00+00:00
[2025-11-16T10:43:54.265+0000] {processor.py:183} INFO - Processing /home/airflow/.local/lib/python3.12/site-packages/airflow/example_dags/example_skip_dag.py took 0.139 seconds
[2025-11-16T10:44:24.394+0000] {processor.py:161} INFO - Started process (PID=153) to work on /home/airflow/.local/lib/python3.12/site-packages/airflow/example_dags/example_skip_dag.py
[2025-11-16T10:44:24.395+0000] {processor.py:830} INFO - Processing file /home/airflow/.local/lib/python3.12/site-packages/airflow/example_dags/example_skip_dag.py for tasks to queue
[2025-11-16T10:44:24.396+0000] {logging_mixin.py:188} INFO - [2025-11-16T10:44:24.396+0000] {dagbag.py:540} INFO - Filling up the DagBag from /home/airflow/.local/lib/python3.12/site-packages/airflow/example_dags/example_skip_dag.py
[2025-11-16T10:44:24.400+0000] {processor.py:840} INFO - DAG(s) 'example_skip_dag' retrieved from /home/airflow/.local/lib/python3.12/site-packages/airflow/example_dags/example_skip_dag.py
[2025-11-16T10:44:24.412+0000] {logging_mixin.py:188} INFO - [2025-11-16T10:44:24.412+0000] {dag.py:3096} INFO - Sync 1 DAGs
[2025-11-16T10:44:24.425+0000] {logging_mixin.py:188} INFO - [2025-11-16T10:44:24.425+0000] {dag.py:3954} INFO - Setting next_dagrun for example_skip_dag to 2025-11-15 00:00:00+00:00, run_after=2025-11-16 00:00:00+00:00
[2025-11-16T10:44:24.432+0000] {processor.py:183} INFO - Processing /home/airflow/.local/lib/python3.12/site-packages/airflow/example_dags/example_skip_dag.py took 0.040 seconds
[2025-11-16T10:44:54.958+0000] {processor.py:161} INFO - Started process (PID=211) to work on /home/airflow/.local/lib/python3.12/site-packages/airflow/example_dags/example_skip_dag.py
[2025-11-16T10:44:54.959+0000] {processor.py:830} INFO - Processing file /home/airflow/.local/lib/python3.12/site-packages/airflow/example_dags/example_skip_dag.py for tasks to queue
[2025-11-16T10:44:54.960+0000] {logging_mixin.py:188} INFO - [2025-11-16T10:44:54.960+0000] {dagbag.py:540} INFO - Filling up the DagBag from /home/airflow/.local/lib/python3.12/site-packages/airflow/example_dags/example_skip_dag.py
[2025-11-16T10:44:54.964+0000] {processor.py:840} INFO - DAG(s) 'example_skip_dag' retrieved from /home/airflow/.local/lib/python3.12/site-packages/airflow/example_dags/example_skip_dag.py
[2025-11-16T10:44:54.972+0000] {logging_mixin.py:188} INFO - [2025-11-16T10:44:54.972+0000] {dag.py:3096} INFO - Sync 1 DAGs
[2025-11-16T10:44:54.979+0000] {logging_mixin.py:188} INFO - [2025-11-16T10:44:54.979+0000] {dag.py:3954} INFO - Setting next_dagrun for example_skip_dag to 2025-11-15 00:00:00+00:00, run_after=2025-11-16 00:00:00+00:00
[2025-11-16T10:44:54.985+0000] {processor.py:183} INFO - Processing /home/airflow/.local/lib/python3.12/site-packages/airflow/example_dags/example_skip_dag.py took 0.030 seconds
[2025-11-16T10:45:25.306+0000] {processor.py:161} INFO - Started process (PID=269) to work on /home/airflow/.local/lib/python3.12/site-packages/airflow/example_dags/example_skip_dag.py
[2025-11-16T10:45:25.307+0000] {processor.py:830} INFO - Processing file /home/airflow/.local/lib/python3.12/site-packages/airflow/example_dags/example_skip_dag.py for tasks to queue
[2025-11-16T10:45:25.309+0000] {logging_mixin.py:188} INFO - [2025-11-16T10:45:25.309+0000] {dagbag.py:540} INFO - Filling up the DagBag from /home/airflow/.local/lib/python3.12/site-packages/airflow/example_dags/example_skip_dag.py
[2025-11-16T10:45:25.313+0000] {processor.py:840} INFO - DAG(s) 'example_skip_dag' retrieved from /home/airflow/.local/lib/python3.12/site-packages/airflow/example_dags/example_skip_dag.py
[2025-11-16T10:45:25.326+0000] {logging_mixin.py:188} INFO - [2025-11-16T10:45:25.326+0000] {dag.py:3096} INFO - Sync 1 DAGs
[2025-11-16T10:45:25.337+0000] {logging_mixin.py:188} INFO - [2025-11-16T10:45:25.337+0000] {dag.py:3954} INFO - Setting next_dagrun for example_skip_dag to 2025-11-15 00:00:00+00:00, run_after=2025-11-16 00:00:00+00:00
[2025-11-16T10:45:25.345+0000] {processor.py:183} INFO - Processing /home/airflow/.local/lib/python3.12/site-packages/airflow/example_dags/example_skip_dag.py took 0.044 seconds
[2025-11-16T10:45:55.866+0000] {processor.py:161} INFO - Started process (PID=327) to work on /home/airflow/.local/lib/python3.12/site-packages/airflow/example_dags/example_skip_dag.py
[2025-11-16T10:45:55.867+0000] {processor.py:830} INFO - Processing file /home/airflow/.local/lib/python3.12/site-packages/airflow/example_dags/example_skip_dag.py for tasks to queue
[2025-11-16T10:45:55.869+0000] {logging_mixin.py:188} INFO - [2025-11-16T10:45:55.868+0000] {dagbag.py:540} INFO - Filling up the DagBag from /home/airflow/.local/lib/python3.12/site-packages/airflow/example_dags/example_skip_dag.py
[2025-11-16T10:45:55.873+0000] {processor.py:840} INFO - DAG(s) 'example_skip_dag' retrieved from /home/airflow/.local/lib/python3.12/site-packages/airflow/example_dags/example_skip_dag.py
[2025-11-16T10:45:55.884+0000] {logging_mixin.py:188} INFO - [2025-11-16T10:45:55.884+0000] {dag.py:3096} INFO - Sync 1 DAGs
[2025-11-16T10:45:55.893+0000] {logging_mixin.py:188} INFO - [2025-11-16T10:45:55.893+0000] {dag.py:3954} INFO - Setting next_dagrun for example_skip_dag to 2025-11-15 00:00:00+00:00, run_after=2025-11-16 00:00:00+00:00
[2025-11-16T10:45:55.900+0000] {processor.py:183} INFO - Processing /home/airflow/.local/lib/python3.12/site-packages/airflow/example_dags/example_skip_dag.py took 0.039 seconds
[2025-11-16T10:46:26.271+0000] {processor.py:161} INFO - Started process (PID=391) to work on /home/airflow/.local/lib/python3.12/site-packages/airflow/example_dags/example_skip_dag.py
[2025-11-16T10:46:26.272+0000] {processor.py:830} INFO - Processing file /home/airflow/.local/lib/python3.12/site-packages/airflow/example_dags/example_skip_dag.py for tasks to queue
[2025-11-16T10:46:26.274+0000] {logging_mixin.py:188} INFO - [2025-11-16T10:46:26.273+0000] {dagbag.py:540} INFO - Filling up the DagBag from /home/airflow/.local/lib/python3.12/site-packages/airflow/example_dags/example_skip_dag.py
[2025-11-16T10:46:26.277+0000] {processor.py:840} INFO - DAG(s) 'example_skip_dag' retrieved from /home/airflow/.local/lib/python3.12/site-packages/airflow/example_dags/example_skip_dag.py
[2025-11-16T10:46:26.289+0000] {logging_mixin.py:188} INFO - [2025-11-16T10:46:26.288+0000] {dag.py:3096} INFO - Sync 1 DAGs
[2025-11-16T10:46:26.298+0000] {logging_mixin.py:188} INFO - [2025-11-16T10:46:26.298+0000] {dag.py:3954} INFO - Setting next_dagrun for example_skip_dag to 2025-11-15 00:00:00+00:00, run_after=2025-11-16 00:00:00+00:00
[2025-11-16T10:46:26.305+0000] {processor.py:183} INFO - Processing /home/airflow/.local/lib/python3.12/site-packages/airflow/example_dags/example_skip_dag.py took 0.037 seconds
[2025-11-16T10:46:56.634+0000] {processor.py:161} INFO - Started process (PID=449) to work on /home/airflow/.local/lib/python3.12/site-packages/airflow/example_dags/example_skip_dag.py
[2025-11-16T10:46:56.635+0000] {processor.py:830} INFO - Processing file /home/airflow/.local/lib/python3.12/site-packages/airflow/example_dags/example_skip_dag.py for tasks to queue
[2025-11-16T10:46:56.636+0000] {logging_mixin.py:188} INFO - [2025-11-16T10:46:56.636+0000] {dagbag.py:540} INFO - Filling up the DagBag from /home/airflow/.local/lib/python3.12/site-packages/airflow/example_dags/example_skip_dag.py
[2025-11-16T10:46:56.640+0000] {processor.py:840} INFO - DAG(s) 'example_skip_dag' retrieved from /home/airflow/.local/lib/python3.12/site-packages/airflow/example_dags/example_skip_dag.py
[2025-11-16T10:46:56.652+0000] {logging_mixin.py:188} INFO - [2025-11-16T10:46:56.651+0000] {dag.py:3096} INFO - Sync 1 DAGs
[2025-11-16T10:46:56.664+0000] {logging_mixin.py:188} INFO - [2025-11-16T10:46:56.664+0000] {dag.py:3954} INFO - Setting next_dagrun for example_skip_dag to 2025-11-15 00:00:00+00:00, run_after=2025-11-16 00:00:00+00:00
[2025-11-16T10:46:56.672+0000] {processor.py:183} INFO - Processing /home/airflow/.local/lib/python3.12/site-packages/airflow/example_dags/example_skip_dag.py took 0.042 seconds
[2025-11-16T10:47:26.915+0000] {processor.py:161} INFO - Started process (PID=507) to work on /home/airflow/.local/lib/python3.12/site-packages/airflow/example_dags/example_skip_dag.py
[2025-11-16T10:47:26.916+0000] {processor.py:830} INFO - Processing file /home/airflow/.local/lib/python3.12/site-packages/airflow/example_dags/example_skip_dag.py for tasks to queue
[2025-11-16T10:47:26.918+0000] {logging_mixin.py:188} INFO - [2025-11-16T10:47:26.918+0000] {dagbag.py:540} INFO - Filling up the DagBag from /home/airflow/.local/lib/python3.12/site-packages/airflow/example_dags/example_skip_dag.py
[2025-11-16T10:47:26.924+0000] {processor.py:840} INFO - DAG(s) 'example_skip_dag' retrieved from /home/airflow/.local/lib/python3.12/site-packages/airflow/example_dags/example_skip_dag.py
[2025-11-16T10:47:26.941+0000] {logging_mixin.py:188} INFO - [2025-11-16T10:47:26.941+0000] {dag.py:3096} INFO - Sync 1 DAGs
[2025-11-16T10:47:26.954+0000] {logging_mixin.py:188} INFO - [2025-11-16T10:47:26.954+0000] {dag.py:3954} INFO - Setting next_dagrun for example_skip_dag to 2025-11-15 00:00:00+00:00, run_after=2025-11-16 00:00:00+00:00
[2025-11-16T10:47:26.960+0000] {processor.py:183} INFO - Processing /home/airflow/.local/lib/python3.12/site-packages/airflow/example_dags/example_skip_dag.py took 0.051 seconds
[2025-11-16T10:47:57.240+0000] {processor.py:161} INFO - Started process (PID=565) to work on /home/airflow/.local/lib/python3.12/site-packages/airflow/example_dags/example_skip_dag.py
[2025-11-16T10:47:57.241+0000] {processor.py:830} INFO - Processing file /home/airflow/.local/lib/python3.12/site-packages/airflow/example_dags/example_skip_dag.py for tasks to queue
[2025-11-16T10:47:57.242+0000] {logging_mixin.py:188} INFO - [2025-11-16T10:47:57.242+0000] {dagbag.py:540} INFO - Filling up the DagBag from /home/airflow/.local/lib/python3.12/site-packages/airflow/example_dags/example_skip_dag.py
[2025-11-16T10:47:57.245+0000] {processor.py:840} INFO - DAG(s) 'example_skip_dag' retrieved from /home/airflow/.local/lib/python3.12/site-packages/airflow/example_dags/example_skip_dag.py
[2025-11-16T10:47:57.257+0000] {logging_mixin.py:188} INFO - [2025-11-16T10:47:57.257+0000] {dag.py:3096} INFO - Sync 1 DAGs
[2025-11-16T10:47:57.270+0000] {logging_mixin.py:188} INFO - [2025-11-16T10:47:57.270+0000] {dag.py:3954} INFO - Setting next_dagrun for example_skip_dag to 2025-11-15 00:00:00+00:00, run_after=2025-11-16 00:00:00+00:00
[2025-11-16T10:47:57.277+0000] {processor.py:183} INFO - Processing /home/airflow/.local/lib/python3.12/site-packages/airflow/example_dags/example_skip_dag.py took 0.042 seconds
[2025-11-16T10:48:27.516+0000] {processor.py:161} INFO - Started process (PID=623) to work on /home/airflow/.local/lib/python3.12/site-packages/airflow/example_dags/example_skip_dag.py
[2025-11-16T10:48:27.517+0000] {processor.py:830} INFO - Processing file /home/airflow/.local/lib/python3.12/site-packages/airflow/example_dags/example_skip_dag.py for tasks to queue
[2025-11-16T10:48:27.518+0000] {logging_mixin.py:188} INFO - [2025-11-16T10:48:27.518+0000] {dagbag.py:540} INFO - Filling up the DagBag from /home/airflow/.local/lib/python3.12/site-packages/airflow/example_dags/example_skip_dag.py
[2025-11-16T10:48:27.521+0000] {processor.py:840} INFO - DAG(s) 'example_skip_dag' retrieved from /home/airflow/.local/lib/python3.12/site-packages/airflow/example_dags/example_skip_dag.py
[2025-11-16T10:48:27.531+0000] {logging_mixin.py:188} INFO - [2025-11-16T10:48:27.531+0000] {dag.py:3096} INFO - Sync 1 DAGs
[2025-11-16T10:48:27.540+0000] {logging_mixin.py:188} INFO - [2025-11-16T10:48:27.540+0000] {dag.py:3954} INFO - Setting next_dagrun for example_skip_dag to 2025-11-15 00:00:00+00:00, run_after=2025-11-16 00:00:00+00:00
[2025-11-16T10:48:27.547+0000] {processor.py:183} INFO - Processing /home/airflow/.local/lib/python3.12/site-packages/airflow/example_dags/example_skip_dag.py took 0.034 seconds
[2025-11-16T10:48:57.983+0000] {processor.py:161} INFO - Started process (PID=681) to work on /home/airflow/.local/lib/python3.12/site-packages/airflow/example_dags/example_skip_dag.py
[2025-11-16T10:48:57.984+0000] {processor.py:830} INFO - Processing file /home/airflow/.local/lib/python3.12/site-packages/airflow/example_dags/example_skip_dag.py for tasks to queue
[2025-11-16T10:48:57.985+0000] {logging_mixin.py:188} INFO - [2025-11-16T10:48:57.985+0000] {dagbag.py:540} INFO - Filling up the DagBag from /home/airflow/.local/lib/python3.12/site-packages/airflow/example_dags/example_skip_dag.py
[2025-11-16T10:48:57.987+0000] {processor.py:840} INFO - DAG(s) 'example_skip_dag' retrieved from /home/airflow/.local/lib/python3.12/site-packages/airflow/example_dags/example_skip_dag.py
[2025-11-16T10:48:57.999+0000] {logging_mixin.py:188} INFO - [2025-11-16T10:48:57.999+0000] {dag.py:3096} INFO - Sync 1 DAGs
[2025-11-16T10:48:58.010+0000] {logging_mixin.py:188} INFO - [2025-11-16T10:48:58.009+0000] {dag.py:3954} INFO - Setting next_dagrun for example_skip_dag to 2025-11-15 00:00:00+00:00, run_after=2025-11-16 00:00:00+00:00
[2025-11-16T10:48:58.018+0000] {processor.py:183} INFO - Processing /home/airflow/.local/lib/python3.12/site-packages/airflow/example_dags/example_skip_dag.py took 0.038 seconds
