[2025-11-16T10:43:23.789+0000] {processor.py:161} INFO - Started process (PID=41) to work on /home/airflow/.local/lib/python3.12/site-packages/airflow/example_dags/example_trigger_controller_dag.py
[2025-11-16T10:43:23.791+0000] {processor.py:830} INFO - Processing file /home/airflow/.local/lib/python3.12/site-packages/airflow/example_dags/example_trigger_controller_dag.py for tasks to queue
[2025-11-16T10:43:23.792+0000] {logging_mixin.py:188} INFO - [2025-11-16T10:43:23.792+0000] {dagbag.py:540} INFO - Filling up the DagBag from /home/airflow/.local/lib/python3.12/site-packages/airflow/example_dags/example_trigger_controller_dag.py
[2025-11-16T10:43:23.801+0000] {processor.py:840} INFO - DAG(s) 'example_trigger_controller_dag' retrieved from /home/airflow/.local/lib/python3.12/site-packages/airflow/example_dags/example_trigger_controller_dag.py
[2025-11-16T10:43:23.807+0000] {logging_mixin.py:188} INFO - [2025-11-16T10:43:23.807+0000] {dag.py:3096} INFO - Sync 1 DAGs
[2025-11-16T10:43:23.818+0000] {logging_mixin.py:188} INFO - [2025-11-16T10:43:23.818+0000] {dag.py:3954} INFO - Setting next_dagrun for example_trigger_controller_dag to 2021-01-01 00:00:00+00:00, run_after=2021-01-01 00:00:00+00:00
[2025-11-16T10:43:23.826+0000] {processor.py:183} INFO - Processing /home/airflow/.local/lib/python3.12/site-packages/airflow/example_dags/example_trigger_controller_dag.py took 0.041 seconds
[2025-11-16T10:43:54.338+0000] {processor.py:161} INFO - Started process (PID=99) to work on /home/airflow/.local/lib/python3.12/site-packages/airflow/example_dags/example_trigger_controller_dag.py
[2025-11-16T10:43:54.342+0000] {processor.py:830} INFO - Processing file /home/airflow/.local/lib/python3.12/site-packages/airflow/example_dags/example_trigger_controller_dag.py for tasks to queue
[2025-11-16T10:43:54.343+0000] {logging_mixin.py:188} INFO - [2025-11-16T10:43:54.343+0000] {dagbag.py:540} INFO - Filling up the DagBag from /home/airflow/.local/lib/python3.12/site-packages/airflow/example_dags/example_trigger_controller_dag.py
[2025-11-16T10:43:54.346+0000] {processor.py:840} INFO - DAG(s) 'example_trigger_controller_dag' retrieved from /home/airflow/.local/lib/python3.12/site-packages/airflow/example_dags/example_trigger_controller_dag.py
[2025-11-16T10:43:54.384+0000] {logging_mixin.py:188} INFO - [2025-11-16T10:43:54.384+0000] {dag.py:3096} INFO - Sync 1 DAGs
[2025-11-16T10:43:54.391+0000] {logging_mixin.py:188} INFO - [2025-11-16T10:43:54.391+0000] {dag.py:3954} INFO - Setting next_dagrun for example_trigger_controller_dag to 2021-01-01 00:00:00+00:00, run_after=2021-01-01 00:00:00+00:00
[2025-11-16T10:43:54.398+0000] {processor.py:183} INFO - Processing /home/airflow/.local/lib/python3.12/site-packages/airflow/example_dags/example_trigger_controller_dag.py took 0.061 seconds
[2025-11-16T10:44:24.484+0000] {processor.py:161} INFO - Started process (PID=157) to work on /home/airflow/.local/lib/python3.12/site-packages/airflow/example_dags/example_trigger_controller_dag.py
[2025-11-16T10:44:24.486+0000] {processor.py:830} INFO - Processing file /home/airflow/.local/lib/python3.12/site-packages/airflow/example_dags/example_trigger_controller_dag.py for tasks to queue
[2025-11-16T10:44:24.488+0000] {logging_mixin.py:188} INFO - [2025-11-16T10:44:24.488+0000] {dagbag.py:540} INFO - Filling up the DagBag from /home/airflow/.local/lib/python3.12/site-packages/airflow/example_dags/example_trigger_controller_dag.py
[2025-11-16T10:44:24.491+0000] {processor.py:840} INFO - DAG(s) 'example_trigger_controller_dag' retrieved from /home/airflow/.local/lib/python3.12/site-packages/airflow/example_dags/example_trigger_controller_dag.py
[2025-11-16T10:44:24.505+0000] {logging_mixin.py:188} INFO - [2025-11-16T10:44:24.505+0000] {dag.py:3096} INFO - Sync 1 DAGs
[2025-11-16T10:44:24.514+0000] {logging_mixin.py:188} INFO - [2025-11-16T10:44:24.513+0000] {dag.py:3954} INFO - Setting next_dagrun for example_trigger_controller_dag to 2021-01-01 00:00:00+00:00, run_after=2021-01-01 00:00:00+00:00
[2025-11-16T10:44:24.520+0000] {processor.py:183} INFO - Processing /home/airflow/.local/lib/python3.12/site-packages/airflow/example_dags/example_trigger_controller_dag.py took 0.039 seconds
[2025-11-16T10:44:55.029+0000] {processor.py:161} INFO - Started process (PID=215) to work on /home/airflow/.local/lib/python3.12/site-packages/airflow/example_dags/example_trigger_controller_dag.py
[2025-11-16T10:44:55.029+0000] {processor.py:830} INFO - Processing file /home/airflow/.local/lib/python3.12/site-packages/airflow/example_dags/example_trigger_controller_dag.py for tasks to queue
[2025-11-16T10:44:55.030+0000] {logging_mixin.py:188} INFO - [2025-11-16T10:44:55.030+0000] {dagbag.py:540} INFO - Filling up the DagBag from /home/airflow/.local/lib/python3.12/site-packages/airflow/example_dags/example_trigger_controller_dag.py
[2025-11-16T10:44:55.032+0000] {processor.py:840} INFO - DAG(s) 'example_trigger_controller_dag' retrieved from /home/airflow/.local/lib/python3.12/site-packages/airflow/example_dags/example_trigger_controller_dag.py
[2025-11-16T10:44:55.039+0000] {logging_mixin.py:188} INFO - [2025-11-16T10:44:55.039+0000] {dag.py:3096} INFO - Sync 1 DAGs
[2025-11-16T10:44:55.047+0000] {logging_mixin.py:188} INFO - [2025-11-16T10:44:55.046+0000] {dag.py:3954} INFO - Setting next_dagrun for example_trigger_controller_dag to 2021-01-01 00:00:00+00:00, run_after=2021-01-01 00:00:00+00:00
[2025-11-16T10:44:55.053+0000] {processor.py:183} INFO - Processing /home/airflow/.local/lib/python3.12/site-packages/airflow/example_dags/example_trigger_controller_dag.py took 0.026 seconds
[2025-11-16T10:45:25.397+0000] {processor.py:161} INFO - Started process (PID=273) to work on /home/airflow/.local/lib/python3.12/site-packages/airflow/example_dags/example_trigger_controller_dag.py
[2025-11-16T10:45:25.400+0000] {processor.py:830} INFO - Processing file /home/airflow/.local/lib/python3.12/site-packages/airflow/example_dags/example_trigger_controller_dag.py for tasks to queue
[2025-11-16T10:45:25.402+0000] {logging_mixin.py:188} INFO - [2025-11-16T10:45:25.402+0000] {dagbag.py:540} INFO - Filling up the DagBag from /home/airflow/.local/lib/python3.12/site-packages/airflow/example_dags/example_trigger_controller_dag.py
[2025-11-16T10:45:25.404+0000] {processor.py:840} INFO - DAG(s) 'example_trigger_controller_dag' retrieved from /home/airflow/.local/lib/python3.12/site-packages/airflow/example_dags/example_trigger_controller_dag.py
[2025-11-16T10:45:25.412+0000] {logging_mixin.py:188} INFO - [2025-11-16T10:45:25.412+0000] {dag.py:3096} INFO - Sync 1 DAGs
[2025-11-16T10:45:25.421+0000] {logging_mixin.py:188} INFO - [2025-11-16T10:45:25.420+0000] {dag.py:3954} INFO - Setting next_dagrun for example_trigger_controller_dag to 2021-01-01 00:00:00+00:00, run_after=2021-01-01 00:00:00+00:00
[2025-11-16T10:45:25.427+0000] {processor.py:183} INFO - Processing /home/airflow/.local/lib/python3.12/site-packages/airflow/example_dags/example_trigger_controller_dag.py took 0.033 seconds
[2025-11-16T10:45:55.942+0000] {processor.py:161} INFO - Started process (PID=331) to work on /home/airflow/.local/lib/python3.12/site-packages/airflow/example_dags/example_trigger_controller_dag.py
[2025-11-16T10:45:55.943+0000] {processor.py:830} INFO - Processing file /home/airflow/.local/lib/python3.12/site-packages/airflow/example_dags/example_trigger_controller_dag.py for tasks to queue
[2025-11-16T10:45:55.944+0000] {logging_mixin.py:188} INFO - [2025-11-16T10:45:55.943+0000] {dagbag.py:540} INFO - Filling up the DagBag from /home/airflow/.local/lib/python3.12/site-packages/airflow/example_dags/example_trigger_controller_dag.py
[2025-11-16T10:45:55.946+0000] {processor.py:840} INFO - DAG(s) 'example_trigger_controller_dag' retrieved from /home/airflow/.local/lib/python3.12/site-packages/airflow/example_dags/example_trigger_controller_dag.py
[2025-11-16T10:45:55.953+0000] {logging_mixin.py:188} INFO - [2025-11-16T10:45:55.953+0000] {dag.py:3096} INFO - Sync 1 DAGs
[2025-11-16T10:45:55.961+0000] {logging_mixin.py:188} INFO - [2025-11-16T10:45:55.961+0000] {dag.py:3954} INFO - Setting next_dagrun for example_trigger_controller_dag to 2021-01-01 00:00:00+00:00, run_after=2021-01-01 00:00:00+00:00
[2025-11-16T10:45:55.967+0000] {processor.py:183} INFO - Processing /home/airflow/.local/lib/python3.12/site-packages/airflow/example_dags/example_trigger_controller_dag.py took 0.027 seconds
[2025-11-16T10:46:26.350+0000] {processor.py:161} INFO - Started process (PID=395) to work on /home/airflow/.local/lib/python3.12/site-packages/airflow/example_dags/example_trigger_controller_dag.py
[2025-11-16T10:46:26.351+0000] {processor.py:830} INFO - Processing file /home/airflow/.local/lib/python3.12/site-packages/airflow/example_dags/example_trigger_controller_dag.py for tasks to queue
[2025-11-16T10:46:26.351+0000] {logging_mixin.py:188} INFO - [2025-11-16T10:46:26.351+0000] {dagbag.py:540} INFO - Filling up the DagBag from /home/airflow/.local/lib/python3.12/site-packages/airflow/example_dags/example_trigger_controller_dag.py
[2025-11-16T10:46:26.353+0000] {processor.py:840} INFO - DAG(s) 'example_trigger_controller_dag' retrieved from /home/airflow/.local/lib/python3.12/site-packages/airflow/example_dags/example_trigger_controller_dag.py
[2025-11-16T10:46:26.361+0000] {logging_mixin.py:188} INFO - [2025-11-16T10:46:26.361+0000] {dag.py:3096} INFO - Sync 1 DAGs
[2025-11-16T10:46:26.368+0000] {logging_mixin.py:188} INFO - [2025-11-16T10:46:26.368+0000] {dag.py:3954} INFO - Setting next_dagrun for example_trigger_controller_dag to 2021-01-01 00:00:00+00:00, run_after=2021-01-01 00:00:00+00:00
[2025-11-16T10:46:26.374+0000] {processor.py:183} INFO - Processing /home/airflow/.local/lib/python3.12/site-packages/airflow/example_dags/example_trigger_controller_dag.py took 0.027 seconds
[2025-11-16T10:46:56.712+0000] {processor.py:161} INFO - Started process (PID=453) to work on /home/airflow/.local/lib/python3.12/site-packages/airflow/example_dags/example_trigger_controller_dag.py
[2025-11-16T10:46:56.712+0000] {processor.py:830} INFO - Processing file /home/airflow/.local/lib/python3.12/site-packages/airflow/example_dags/example_trigger_controller_dag.py for tasks to queue
[2025-11-16T10:46:56.713+0000] {logging_mixin.py:188} INFO - [2025-11-16T10:46:56.713+0000] {dagbag.py:540} INFO - Filling up the DagBag from /home/airflow/.local/lib/python3.12/site-packages/airflow/example_dags/example_trigger_controller_dag.py
[2025-11-16T10:46:56.716+0000] {processor.py:840} INFO - DAG(s) 'example_trigger_controller_dag' retrieved from /home/airflow/.local/lib/python3.12/site-packages/airflow/example_dags/example_trigger_controller_dag.py
[2025-11-16T10:46:56.724+0000] {logging_mixin.py:188} INFO - [2025-11-16T10:46:56.724+0000] {dag.py:3096} INFO - Sync 1 DAGs
[2025-11-16T10:46:56.732+0000] {logging_mixin.py:188} INFO - [2025-11-16T10:46:56.732+0000] {dag.py:3954} INFO - Setting next_dagrun for example_trigger_controller_dag to 2021-01-01 00:00:00+00:00, run_after=2021-01-01 00:00:00+00:00
[2025-11-16T10:46:56.738+0000] {processor.py:183} INFO - Processing /home/airflow/.local/lib/python3.12/site-packages/airflow/example_dags/example_trigger_controller_dag.py took 0.028 seconds
[2025-11-16T10:47:26.999+0000] {processor.py:161} INFO - Started process (PID=511) to work on /home/airflow/.local/lib/python3.12/site-packages/airflow/example_dags/example_trigger_controller_dag.py
[2025-11-16T10:47:27.001+0000] {processor.py:830} INFO - Processing file /home/airflow/.local/lib/python3.12/site-packages/airflow/example_dags/example_trigger_controller_dag.py for tasks to queue
[2025-11-16T10:47:27.001+0000] {logging_mixin.py:188} INFO - [2025-11-16T10:47:27.001+0000] {dagbag.py:540} INFO - Filling up the DagBag from /home/airflow/.local/lib/python3.12/site-packages/airflow/example_dags/example_trigger_controller_dag.py
[2025-11-16T10:47:27.003+0000] {processor.py:840} INFO - DAG(s) 'example_trigger_controller_dag' retrieved from /home/airflow/.local/lib/python3.12/site-packages/airflow/example_dags/example_trigger_controller_dag.py
[2025-11-16T10:47:27.010+0000] {logging_mixin.py:188} INFO - [2025-11-16T10:47:27.010+0000] {dag.py:3096} INFO - Sync 1 DAGs
[2025-11-16T10:47:27.018+0000] {logging_mixin.py:188} INFO - [2025-11-16T10:47:27.017+0000] {dag.py:3954} INFO - Setting next_dagrun for example_trigger_controller_dag to 2021-01-01 00:00:00+00:00, run_after=2021-01-01 00:00:00+00:00
[2025-11-16T10:47:27.024+0000] {processor.py:183} INFO - Processing /home/airflow/.local/lib/python3.12/site-packages/airflow/example_dags/example_trigger_controller_dag.py took 0.027 seconds
[2025-11-16T10:47:57.318+0000] {processor.py:161} INFO - Started process (PID=569) to work on /home/airflow/.local/lib/python3.12/site-packages/airflow/example_dags/example_trigger_controller_dag.py
[2025-11-16T10:47:57.321+0000] {processor.py:830} INFO - Processing file /home/airflow/.local/lib/python3.12/site-packages/airflow/example_dags/example_trigger_controller_dag.py for tasks to queue
[2025-11-16T10:47:57.322+0000] {logging_mixin.py:188} INFO - [2025-11-16T10:47:57.322+0000] {dagbag.py:540} INFO - Filling up the DagBag from /home/airflow/.local/lib/python3.12/site-packages/airflow/example_dags/example_trigger_controller_dag.py
[2025-11-16T10:47:57.325+0000] {processor.py:840} INFO - DAG(s) 'example_trigger_controller_dag' retrieved from /home/airflow/.local/lib/python3.12/site-packages/airflow/example_dags/example_trigger_controller_dag.py
[2025-11-16T10:47:57.333+0000] {logging_mixin.py:188} INFO - [2025-11-16T10:47:57.333+0000] {dag.py:3096} INFO - Sync 1 DAGs
[2025-11-16T10:47:57.341+0000] {logging_mixin.py:188} INFO - [2025-11-16T10:47:57.340+0000] {dag.py:3954} INFO - Setting next_dagrun for example_trigger_controller_dag to 2021-01-01 00:00:00+00:00, run_after=2021-01-01 00:00:00+00:00
[2025-11-16T10:47:57.347+0000] {processor.py:183} INFO - Processing /home/airflow/.local/lib/python3.12/site-packages/airflow/example_dags/example_trigger_controller_dag.py took 0.031 seconds
[2025-11-16T10:48:27.601+0000] {processor.py:161} INFO - Started process (PID=627) to work on /home/airflow/.local/lib/python3.12/site-packages/airflow/example_dags/example_trigger_controller_dag.py
[2025-11-16T10:48:27.601+0000] {processor.py:830} INFO - Processing file /home/airflow/.local/lib/python3.12/site-packages/airflow/example_dags/example_trigger_controller_dag.py for tasks to queue
[2025-11-16T10:48:27.602+0000] {logging_mixin.py:188} INFO - [2025-11-16T10:48:27.602+0000] {dagbag.py:540} INFO - Filling up the DagBag from /home/airflow/.local/lib/python3.12/site-packages/airflow/example_dags/example_trigger_controller_dag.py
[2025-11-16T10:48:27.604+0000] {processor.py:840} INFO - DAG(s) 'example_trigger_controller_dag' retrieved from /home/airflow/.local/lib/python3.12/site-packages/airflow/example_dags/example_trigger_controller_dag.py
[2025-11-16T10:48:27.611+0000] {logging_mixin.py:188} INFO - [2025-11-16T10:48:27.611+0000] {dag.py:3096} INFO - Sync 1 DAGs
[2025-11-16T10:48:27.619+0000] {logging_mixin.py:188} INFO - [2025-11-16T10:48:27.619+0000] {dag.py:3954} INFO - Setting next_dagrun for example_trigger_controller_dag to 2021-01-01 00:00:00+00:00, run_after=2021-01-01 00:00:00+00:00
[2025-11-16T10:48:27.626+0000] {processor.py:183} INFO - Processing /home/airflow/.local/lib/python3.12/site-packages/airflow/example_dags/example_trigger_controller_dag.py took 0.028 seconds
[2025-11-16T10:48:58.058+0000] {processor.py:161} INFO - Started process (PID=685) to work on /home/airflow/.local/lib/python3.12/site-packages/airflow/example_dags/example_trigger_controller_dag.py
[2025-11-16T10:48:58.059+0000] {processor.py:830} INFO - Processing file /home/airflow/.local/lib/python3.12/site-packages/airflow/example_dags/example_trigger_controller_dag.py for tasks to queue
[2025-11-16T10:48:58.060+0000] {logging_mixin.py:188} INFO - [2025-11-16T10:48:58.060+0000] {dagbag.py:540} INFO - Filling up the DagBag from /home/airflow/.local/lib/python3.12/site-packages/airflow/example_dags/example_trigger_controller_dag.py
[2025-11-16T10:48:58.062+0000] {processor.py:840} INFO - DAG(s) 'example_trigger_controller_dag' retrieved from /home/airflow/.local/lib/python3.12/site-packages/airflow/example_dags/example_trigger_controller_dag.py
[2025-11-16T10:48:58.072+0000] {logging_mixin.py:188} INFO - [2025-11-16T10:48:58.072+0000] {dag.py:3096} INFO - Sync 1 DAGs
[2025-11-16T10:48:58.080+0000] {logging_mixin.py:188} INFO - [2025-11-16T10:48:58.079+0000] {dag.py:3954} INFO - Setting next_dagrun for example_trigger_controller_dag to 2021-01-01 00:00:00+00:00, run_after=2021-01-01 00:00:00+00:00
[2025-11-16T10:48:58.087+0000] {processor.py:183} INFO - Processing /home/airflow/.local/lib/python3.12/site-packages/airflow/example_dags/example_trigger_controller_dag.py took 0.031 seconds
