[2025-11-16T10:43:24.193+0000] {processor.py:161} INFO - Started process (PID=53) to work on /home/airflow/.local/lib/python3.12/site-packages/airflow/example_dags/example_branch_python_dop_operator_3.py
[2025-11-16T10:43:24.194+0000] {processor.py:830} INFO - Processing file /home/airflow/.local/lib/python3.12/site-packages/airflow/example_dags/example_branch_python_dop_operator_3.py for tasks to queue
[2025-11-16T10:43:24.195+0000] {logging_mixin.py:188} INFO - [2025-11-16T10:43:24.195+0000] {dagbag.py:540} INFO - Filling up the DagBag from /home/airflow/.local/lib/python3.12/site-packages/airflow/example_dags/example_branch_python_dop_operator_3.py
[2025-11-16T10:43:24.201+0000] {processor.py:840} INFO - DAG(s) 'example_branch_dop_operator_v3' retrieved from /home/airflow/.local/lib/python3.12/site-packages/airflow/example_dags/example_branch_python_dop_operator_3.py
[2025-11-16T10:43:24.209+0000] {logging_mixin.py:188} INFO - [2025-11-16T10:43:24.209+0000] {dag.py:3096} INFO - Sync 1 DAGs
[2025-11-16T10:43:24.224+0000] {logging_mixin.py:188} INFO - [2025-11-16T10:43:24.224+0000] {dag.py:3954} INFO - Setting next_dagrun for example_branch_dop_operator_v3 to 2025-11-16 10:42:00+00:00, run_after=2025-11-16 10:43:00+00:00
[2025-11-16T10:43:24.234+0000] {processor.py:183} INFO - Processing /home/airflow/.local/lib/python3.12/site-packages/airflow/example_dags/example_branch_python_dop_operator_3.py took 0.043 seconds
[2025-11-16T10:43:54.793+0000] {processor.py:161} INFO - Started process (PID=111) to work on /home/airflow/.local/lib/python3.12/site-packages/airflow/example_dags/example_branch_python_dop_operator_3.py
[2025-11-16T10:43:54.796+0000] {processor.py:830} INFO - Processing file /home/airflow/.local/lib/python3.12/site-packages/airflow/example_dags/example_branch_python_dop_operator_3.py for tasks to queue
[2025-11-16T10:43:54.798+0000] {logging_mixin.py:188} INFO - [2025-11-16T10:43:54.797+0000] {dagbag.py:540} INFO - Filling up the DagBag from /home/airflow/.local/lib/python3.12/site-packages/airflow/example_dags/example_branch_python_dop_operator_3.py
[2025-11-16T10:43:54.804+0000] {processor.py:840} INFO - DAG(s) 'example_branch_dop_operator_v3' retrieved from /home/airflow/.local/lib/python3.12/site-packages/airflow/example_dags/example_branch_python_dop_operator_3.py
[2025-11-16T10:43:54.837+0000] {logging_mixin.py:188} INFO - [2025-11-16T10:43:54.837+0000] {dag.py:3096} INFO - Sync 1 DAGs
[2025-11-16T10:43:54.845+0000] {logging_mixin.py:188} INFO - [2025-11-16T10:43:54.845+0000] {dag.py:3954} INFO - Setting next_dagrun for example_branch_dop_operator_v3 to 2025-11-16 10:42:00+00:00, run_after=2025-11-16 10:43:00+00:00
[2025-11-16T10:43:54.851+0000] {processor.py:183} INFO - Processing /home/airflow/.local/lib/python3.12/site-packages/airflow/example_dags/example_branch_python_dop_operator_3.py took 0.060 seconds
[2025-11-16T10:44:25.794+0000] {processor.py:161} INFO - Started process (PID=169) to work on /home/airflow/.local/lib/python3.12/site-packages/airflow/example_dags/example_branch_python_dop_operator_3.py
[2025-11-16T10:44:25.795+0000] {processor.py:830} INFO - Processing file /home/airflow/.local/lib/python3.12/site-packages/airflow/example_dags/example_branch_python_dop_operator_3.py for tasks to queue
[2025-11-16T10:44:25.799+0000] {logging_mixin.py:188} INFO - [2025-11-16T10:44:25.799+0000] {dagbag.py:540} INFO - Filling up the DagBag from /home/airflow/.local/lib/python3.12/site-packages/airflow/example_dags/example_branch_python_dop_operator_3.py
[2025-11-16T10:44:25.803+0000] {processor.py:840} INFO - DAG(s) 'example_branch_dop_operator_v3' retrieved from /home/airflow/.local/lib/python3.12/site-packages/airflow/example_dags/example_branch_python_dop_operator_3.py
[2025-11-16T10:44:25.811+0000] {logging_mixin.py:188} INFO - [2025-11-16T10:44:25.811+0000] {dag.py:3096} INFO - Sync 1 DAGs
[2025-11-16T10:44:25.820+0000] {logging_mixin.py:188} INFO - [2025-11-16T10:44:25.820+0000] {dag.py:3954} INFO - Setting next_dagrun for example_branch_dop_operator_v3 to 2025-11-16 10:43:00+00:00, run_after=2025-11-16 10:44:00+00:00
[2025-11-16T10:44:25.827+0000] {processor.py:183} INFO - Processing /home/airflow/.local/lib/python3.12/site-packages/airflow/example_dags/example_branch_python_dop_operator_3.py took 0.035 seconds
[2025-11-16T10:44:56.342+0000] {processor.py:161} INFO - Started process (PID=233) to work on /home/airflow/.local/lib/python3.12/site-packages/airflow/example_dags/example_branch_python_dop_operator_3.py
[2025-11-16T10:44:56.343+0000] {processor.py:830} INFO - Processing file /home/airflow/.local/lib/python3.12/site-packages/airflow/example_dags/example_branch_python_dop_operator_3.py for tasks to queue
[2025-11-16T10:44:56.344+0000] {logging_mixin.py:188} INFO - [2025-11-16T10:44:56.344+0000] {dagbag.py:540} INFO - Filling up the DagBag from /home/airflow/.local/lib/python3.12/site-packages/airflow/example_dags/example_branch_python_dop_operator_3.py
[2025-11-16T10:44:56.348+0000] {processor.py:840} INFO - DAG(s) 'example_branch_dop_operator_v3' retrieved from /home/airflow/.local/lib/python3.12/site-packages/airflow/example_dags/example_branch_python_dop_operator_3.py
[2025-11-16T10:44:56.356+0000] {logging_mixin.py:188} INFO - [2025-11-16T10:44:56.356+0000] {dag.py:3096} INFO - Sync 1 DAGs
[2025-11-16T10:44:56.365+0000] {logging_mixin.py:188} INFO - [2025-11-16T10:44:56.365+0000] {dag.py:3954} INFO - Setting next_dagrun for example_branch_dop_operator_v3 to 2025-11-16 10:43:00+00:00, run_after=2025-11-16 10:44:00+00:00
[2025-11-16T10:44:56.370+0000] {processor.py:183} INFO - Processing /home/airflow/.local/lib/python3.12/site-packages/airflow/example_dags/example_branch_python_dop_operator_3.py took 0.031 seconds
[2025-11-16T10:45:26.776+0000] {processor.py:161} INFO - Started process (PID=291) to work on /home/airflow/.local/lib/python3.12/site-packages/airflow/example_dags/example_branch_python_dop_operator_3.py
[2025-11-16T10:45:26.779+0000] {processor.py:830} INFO - Processing file /home/airflow/.local/lib/python3.12/site-packages/airflow/example_dags/example_branch_python_dop_operator_3.py for tasks to queue
[2025-11-16T10:45:26.780+0000] {logging_mixin.py:188} INFO - [2025-11-16T10:45:26.780+0000] {dagbag.py:540} INFO - Filling up the DagBag from /home/airflow/.local/lib/python3.12/site-packages/airflow/example_dags/example_branch_python_dop_operator_3.py
[2025-11-16T10:45:26.787+0000] {processor.py:840} INFO - DAG(s) 'example_branch_dop_operator_v3' retrieved from /home/airflow/.local/lib/python3.12/site-packages/airflow/example_dags/example_branch_python_dop_operator_3.py
[2025-11-16T10:45:26.796+0000] {logging_mixin.py:188} INFO - [2025-11-16T10:45:26.796+0000] {dag.py:3096} INFO - Sync 1 DAGs
[2025-11-16T10:45:26.806+0000] {logging_mixin.py:188} INFO - [2025-11-16T10:45:26.806+0000] {dag.py:3954} INFO - Setting next_dagrun for example_branch_dop_operator_v3 to 2025-11-16 10:44:00+00:00, run_after=2025-11-16 10:45:00+00:00
[2025-11-16T10:45:26.814+0000] {processor.py:183} INFO - Processing /home/airflow/.local/lib/python3.12/site-packages/airflow/example_dags/example_branch_python_dop_operator_3.py took 0.040 seconds
[2025-11-16T10:45:57.259+0000] {processor.py:161} INFO - Started process (PID=349) to work on /home/airflow/.local/lib/python3.12/site-packages/airflow/example_dags/example_branch_python_dop_operator_3.py
[2025-11-16T10:45:57.260+0000] {processor.py:830} INFO - Processing file /home/airflow/.local/lib/python3.12/site-packages/airflow/example_dags/example_branch_python_dop_operator_3.py for tasks to queue
[2025-11-16T10:45:57.261+0000] {logging_mixin.py:188} INFO - [2025-11-16T10:45:57.261+0000] {dagbag.py:540} INFO - Filling up the DagBag from /home/airflow/.local/lib/python3.12/site-packages/airflow/example_dags/example_branch_python_dop_operator_3.py
[2025-11-16T10:45:57.264+0000] {processor.py:840} INFO - DAG(s) 'example_branch_dop_operator_v3' retrieved from /home/airflow/.local/lib/python3.12/site-packages/airflow/example_dags/example_branch_python_dop_operator_3.py
[2025-11-16T10:45:57.273+0000] {logging_mixin.py:188} INFO - [2025-11-16T10:45:57.273+0000] {dag.py:3096} INFO - Sync 1 DAGs
[2025-11-16T10:45:57.282+0000] {logging_mixin.py:188} INFO - [2025-11-16T10:45:57.282+0000] {dag.py:3954} INFO - Setting next_dagrun for example_branch_dop_operator_v3 to 2025-11-16 10:44:00+00:00, run_after=2025-11-16 10:45:00+00:00
[2025-11-16T10:45:57.288+0000] {processor.py:183} INFO - Processing /home/airflow/.local/lib/python3.12/site-packages/airflow/example_dags/example_branch_python_dop_operator_3.py took 0.031 seconds
[2025-11-16T10:46:27.662+0000] {processor.py:161} INFO - Started process (PID=407) to work on /home/airflow/.local/lib/python3.12/site-packages/airflow/example_dags/example_branch_python_dop_operator_3.py
[2025-11-16T10:46:27.662+0000] {processor.py:830} INFO - Processing file /home/airflow/.local/lib/python3.12/site-packages/airflow/example_dags/example_branch_python_dop_operator_3.py for tasks to queue
[2025-11-16T10:46:27.663+0000] {logging_mixin.py:188} INFO - [2025-11-16T10:46:27.663+0000] {dagbag.py:540} INFO - Filling up the DagBag from /home/airflow/.local/lib/python3.12/site-packages/airflow/example_dags/example_branch_python_dop_operator_3.py
[2025-11-16T10:46:27.666+0000] {processor.py:840} INFO - DAG(s) 'example_branch_dop_operator_v3' retrieved from /home/airflow/.local/lib/python3.12/site-packages/airflow/example_dags/example_branch_python_dop_operator_3.py
[2025-11-16T10:46:27.674+0000] {logging_mixin.py:188} INFO - [2025-11-16T10:46:27.674+0000] {dag.py:3096} INFO - Sync 1 DAGs
[2025-11-16T10:46:27.682+0000] {logging_mixin.py:188} INFO - [2025-11-16T10:46:27.682+0000] {dag.py:3954} INFO - Setting next_dagrun for example_branch_dop_operator_v3 to 2025-11-16 10:45:00+00:00, run_after=2025-11-16 10:46:00+00:00
[2025-11-16T10:46:27.689+0000] {processor.py:183} INFO - Processing /home/airflow/.local/lib/python3.12/site-packages/airflow/example_dags/example_branch_python_dop_operator_3.py took 0.029 seconds
[2025-11-16T10:46:58.007+0000] {processor.py:161} INFO - Started process (PID=465) to work on /home/airflow/.local/lib/python3.12/site-packages/airflow/example_dags/example_branch_python_dop_operator_3.py
[2025-11-16T10:46:58.008+0000] {processor.py:830} INFO - Processing file /home/airflow/.local/lib/python3.12/site-packages/airflow/example_dags/example_branch_python_dop_operator_3.py for tasks to queue
[2025-11-16T10:46:58.009+0000] {logging_mixin.py:188} INFO - [2025-11-16T10:46:58.009+0000] {dagbag.py:540} INFO - Filling up the DagBag from /home/airflow/.local/lib/python3.12/site-packages/airflow/example_dags/example_branch_python_dop_operator_3.py
[2025-11-16T10:46:58.013+0000] {processor.py:840} INFO - DAG(s) 'example_branch_dop_operator_v3' retrieved from /home/airflow/.local/lib/python3.12/site-packages/airflow/example_dags/example_branch_python_dop_operator_3.py
[2025-11-16T10:46:58.022+0000] {logging_mixin.py:188} INFO - [2025-11-16T10:46:58.022+0000] {dag.py:3096} INFO - Sync 1 DAGs
[2025-11-16T10:46:58.031+0000] {logging_mixin.py:188} INFO - [2025-11-16T10:46:58.031+0000] {dag.py:3954} INFO - Setting next_dagrun for example_branch_dop_operator_v3 to 2025-11-16 10:45:00+00:00, run_after=2025-11-16 10:46:00+00:00
[2025-11-16T10:46:58.037+0000] {processor.py:183} INFO - Processing /home/airflow/.local/lib/python3.12/site-packages/airflow/example_dags/example_branch_python_dop_operator_3.py took 0.032 seconds
[2025-11-16T10:47:28.305+0000] {processor.py:161} INFO - Started process (PID=523) to work on /home/airflow/.local/lib/python3.12/site-packages/airflow/example_dags/example_branch_python_dop_operator_3.py
[2025-11-16T10:47:28.306+0000] {processor.py:830} INFO - Processing file /home/airflow/.local/lib/python3.12/site-packages/airflow/example_dags/example_branch_python_dop_operator_3.py for tasks to queue
[2025-11-16T10:47:28.309+0000] {logging_mixin.py:188} INFO - [2025-11-16T10:47:28.309+0000] {dagbag.py:540} INFO - Filling up the DagBag from /home/airflow/.local/lib/python3.12/site-packages/airflow/example_dags/example_branch_python_dop_operator_3.py
[2025-11-16T10:47:28.313+0000] {processor.py:840} INFO - DAG(s) 'example_branch_dop_operator_v3' retrieved from /home/airflow/.local/lib/python3.12/site-packages/airflow/example_dags/example_branch_python_dop_operator_3.py
[2025-11-16T10:47:28.321+0000] {logging_mixin.py:188} INFO - [2025-11-16T10:47:28.320+0000] {dag.py:3096} INFO - Sync 1 DAGs
[2025-11-16T10:47:28.330+0000] {logging_mixin.py:188} INFO - [2025-11-16T10:47:28.330+0000] {dag.py:3954} INFO - Setting next_dagrun for example_branch_dop_operator_v3 to 2025-11-16 10:46:00+00:00, run_after=2025-11-16 10:47:00+00:00
[2025-11-16T10:47:28.337+0000] {processor.py:183} INFO - Processing /home/airflow/.local/lib/python3.12/site-packages/airflow/example_dags/example_branch_python_dop_operator_3.py took 0.035 seconds
[2025-11-16T10:47:58.627+0000] {processor.py:161} INFO - Started process (PID=581) to work on /home/airflow/.local/lib/python3.12/site-packages/airflow/example_dags/example_branch_python_dop_operator_3.py
[2025-11-16T10:47:58.628+0000] {processor.py:830} INFO - Processing file /home/airflow/.local/lib/python3.12/site-packages/airflow/example_dags/example_branch_python_dop_operator_3.py for tasks to queue
[2025-11-16T10:47:58.631+0000] {logging_mixin.py:188} INFO - [2025-11-16T10:47:58.631+0000] {dagbag.py:540} INFO - Filling up the DagBag from /home/airflow/.local/lib/python3.12/site-packages/airflow/example_dags/example_branch_python_dop_operator_3.py
[2025-11-16T10:47:58.634+0000] {processor.py:840} INFO - DAG(s) 'example_branch_dop_operator_v3' retrieved from /home/airflow/.local/lib/python3.12/site-packages/airflow/example_dags/example_branch_python_dop_operator_3.py
[2025-11-16T10:47:58.643+0000] {logging_mixin.py:188} INFO - [2025-11-16T10:47:58.643+0000] {dag.py:3096} INFO - Sync 1 DAGs
[2025-11-16T10:47:58.651+0000] {logging_mixin.py:188} INFO - [2025-11-16T10:47:58.651+0000] {dag.py:3954} INFO - Setting next_dagrun for example_branch_dop_operator_v3 to 2025-11-16 10:46:00+00:00, run_after=2025-11-16 10:47:00+00:00
[2025-11-16T10:47:58.658+0000] {processor.py:183} INFO - Processing /home/airflow/.local/lib/python3.12/site-packages/airflow/example_dags/example_branch_python_dop_operator_3.py took 0.033 seconds
[2025-11-16T10:48:28.947+0000] {processor.py:161} INFO - Started process (PID=639) to work on /home/airflow/.local/lib/python3.12/site-packages/airflow/example_dags/example_branch_python_dop_operator_3.py
[2025-11-16T10:48:28.948+0000] {processor.py:830} INFO - Processing file /home/airflow/.local/lib/python3.12/site-packages/airflow/example_dags/example_branch_python_dop_operator_3.py for tasks to queue
[2025-11-16T10:48:28.949+0000] {logging_mixin.py:188} INFO - [2025-11-16T10:48:28.948+0000] {dagbag.py:540} INFO - Filling up the DagBag from /home/airflow/.local/lib/python3.12/site-packages/airflow/example_dags/example_branch_python_dop_operator_3.py
[2025-11-16T10:48:28.953+0000] {processor.py:840} INFO - DAG(s) 'example_branch_dop_operator_v3' retrieved from /home/airflow/.local/lib/python3.12/site-packages/airflow/example_dags/example_branch_python_dop_operator_3.py
[2025-11-16T10:48:28.960+0000] {logging_mixin.py:188} INFO - [2025-11-16T10:48:28.960+0000] {dag.py:3096} INFO - Sync 1 DAGs
[2025-11-16T10:48:28.970+0000] {logging_mixin.py:188} INFO - [2025-11-16T10:48:28.970+0000] {dag.py:3954} INFO - Setting next_dagrun for example_branch_dop_operator_v3 to 2025-11-16 10:47:00+00:00, run_after=2025-11-16 10:48:00+00:00
[2025-11-16T10:48:28.976+0000] {processor.py:183} INFO - Processing /home/airflow/.local/lib/python3.12/site-packages/airflow/example_dags/example_branch_python_dop_operator_3.py took 0.031 seconds
[2025-11-16T10:48:59.312+0000] {processor.py:161} INFO - Started process (PID=697) to work on /home/airflow/.local/lib/python3.12/site-packages/airflow/example_dags/example_branch_python_dop_operator_3.py
[2025-11-16T10:48:59.313+0000] {processor.py:830} INFO - Processing file /home/airflow/.local/lib/python3.12/site-packages/airflow/example_dags/example_branch_python_dop_operator_3.py for tasks to queue
[2025-11-16T10:48:59.316+0000] {logging_mixin.py:188} INFO - [2025-11-16T10:48:59.316+0000] {dagbag.py:540} INFO - Filling up the DagBag from /home/airflow/.local/lib/python3.12/site-packages/airflow/example_dags/example_branch_python_dop_operator_3.py
[2025-11-16T10:48:59.320+0000] {processor.py:840} INFO - DAG(s) 'example_branch_dop_operator_v3' retrieved from /home/airflow/.local/lib/python3.12/site-packages/airflow/example_dags/example_branch_python_dop_operator_3.py
[2025-11-16T10:48:59.327+0000] {logging_mixin.py:188} INFO - [2025-11-16T10:48:59.327+0000] {dag.py:3096} INFO - Sync 1 DAGs
[2025-11-16T10:48:59.336+0000] {logging_mixin.py:188} INFO - [2025-11-16T10:48:59.336+0000] {dag.py:3954} INFO - Setting next_dagrun for example_branch_dop_operator_v3 to 2025-11-16 10:47:00+00:00, run_after=2025-11-16 10:48:00+00:00
[2025-11-16T10:48:59.343+0000] {processor.py:183} INFO - Processing /home/airflow/.local/lib/python3.12/site-packages/airflow/example_dags/example_branch_python_dop_operator_3.py took 0.033 seconds
