[2025-11-16T10:43:24.268+0000] {processor.py:161} INFO - Started process (PID=56) to work on /home/airflow/.local/lib/python3.12/site-packages/airflow/example_dags/example_task_group_decorator.py
[2025-11-16T10:43:24.271+0000] {processor.py:830} INFO - Processing file /home/airflow/.local/lib/python3.12/site-packages/airflow/example_dags/example_task_group_decorator.py for tasks to queue
[2025-11-16T10:43:24.272+0000] {logging_mixin.py:188} INFO - [2025-11-16T10:43:24.272+0000] {dagbag.py:540} INFO - Filling up the DagBag from /home/airflow/.local/lib/python3.12/site-packages/airflow/example_dags/example_task_group_decorator.py
[2025-11-16T10:43:24.281+0000] {processor.py:840} INFO - DAG(s) 'example_task_group_decorator' retrieved from /home/airflow/.local/lib/python3.12/site-packages/airflow/example_dags/example_task_group_decorator.py
[2025-11-16T10:43:24.290+0000] {logging_mixin.py:188} INFO - [2025-11-16T10:43:24.290+0000] {dag.py:3096} INFO - Sync 1 DAGs
[2025-11-16T10:43:24.306+0000] {logging_mixin.py:188} INFO - [2025-11-16T10:43:24.306+0000] {dag.py:3954} INFO - Setting next_dagrun for example_task_group_decorator to 2025-11-15 00:00:00+00:00, run_after=2025-11-16 00:00:00+00:00
[2025-11-16T10:43:24.318+0000] {processor.py:183} INFO - Processing /home/airflow/.local/lib/python3.12/site-packages/airflow/example_dags/example_task_group_decorator.py took 0.053 seconds
[2025-11-16T10:43:54.909+0000] {processor.py:161} INFO - Started process (PID=114) to work on /home/airflow/.local/lib/python3.12/site-packages/airflow/example_dags/example_task_group_decorator.py
[2025-11-16T10:43:54.910+0000] {processor.py:830} INFO - Processing file /home/airflow/.local/lib/python3.12/site-packages/airflow/example_dags/example_task_group_decorator.py for tasks to queue
[2025-11-16T10:43:54.911+0000] {logging_mixin.py:188} INFO - [2025-11-16T10:43:54.911+0000] {dagbag.py:540} INFO - Filling up the DagBag from /home/airflow/.local/lib/python3.12/site-packages/airflow/example_dags/example_task_group_decorator.py
[2025-11-16T10:43:54.917+0000] {processor.py:840} INFO - DAG(s) 'example_task_group_decorator' retrieved from /home/airflow/.local/lib/python3.12/site-packages/airflow/example_dags/example_task_group_decorator.py
[2025-11-16T10:43:54.954+0000] {logging_mixin.py:188} INFO - [2025-11-16T10:43:54.954+0000] {dag.py:3096} INFO - Sync 1 DAGs
[2025-11-16T10:43:54.961+0000] {logging_mixin.py:188} INFO - [2025-11-16T10:43:54.961+0000] {dag.py:3954} INFO - Setting next_dagrun for example_task_group_decorator to 2025-11-15 00:00:00+00:00, run_after=2025-11-16 00:00:00+00:00
[2025-11-16T10:43:54.967+0000] {processor.py:183} INFO - Processing /home/airflow/.local/lib/python3.12/site-packages/airflow/example_dags/example_task_group_decorator.py took 0.061 seconds
[2025-11-16T10:44:25.849+0000] {processor.py:161} INFO - Started process (PID=172) to work on /home/airflow/.local/lib/python3.12/site-packages/airflow/example_dags/example_task_group_decorator.py
[2025-11-16T10:44:25.852+0000] {processor.py:830} INFO - Processing file /home/airflow/.local/lib/python3.12/site-packages/airflow/example_dags/example_task_group_decorator.py for tasks to queue
[2025-11-16T10:44:25.855+0000] {logging_mixin.py:188} INFO - [2025-11-16T10:44:25.855+0000] {dagbag.py:540} INFO - Filling up the DagBag from /home/airflow/.local/lib/python3.12/site-packages/airflow/example_dags/example_task_group_decorator.py
[2025-11-16T10:44:25.860+0000] {processor.py:840} INFO - DAG(s) 'example_task_group_decorator' retrieved from /home/airflow/.local/lib/python3.12/site-packages/airflow/example_dags/example_task_group_decorator.py
[2025-11-16T10:44:25.869+0000] {logging_mixin.py:188} INFO - [2025-11-16T10:44:25.869+0000] {dag.py:3096} INFO - Sync 1 DAGs
[2025-11-16T10:44:25.877+0000] {logging_mixin.py:188} INFO - [2025-11-16T10:44:25.876+0000] {dag.py:3954} INFO - Setting next_dagrun for example_task_group_decorator to 2025-11-15 00:00:00+00:00, run_after=2025-11-16 00:00:00+00:00
[2025-11-16T10:44:25.883+0000] {processor.py:183} INFO - Processing /home/airflow/.local/lib/python3.12/site-packages/airflow/example_dags/example_task_group_decorator.py took 0.036 seconds
[2025-11-16T10:44:56.405+0000] {processor.py:161} INFO - Started process (PID=236) to work on /home/airflow/.local/lib/python3.12/site-packages/airflow/example_dags/example_task_group_decorator.py
[2025-11-16T10:44:56.405+0000] {processor.py:830} INFO - Processing file /home/airflow/.local/lib/python3.12/site-packages/airflow/example_dags/example_task_group_decorator.py for tasks to queue
[2025-11-16T10:44:56.406+0000] {logging_mixin.py:188} INFO - [2025-11-16T10:44:56.406+0000] {dagbag.py:540} INFO - Filling up the DagBag from /home/airflow/.local/lib/python3.12/site-packages/airflow/example_dags/example_task_group_decorator.py
[2025-11-16T10:44:56.411+0000] {processor.py:840} INFO - DAG(s) 'example_task_group_decorator' retrieved from /home/airflow/.local/lib/python3.12/site-packages/airflow/example_dags/example_task_group_decorator.py
[2025-11-16T10:44:56.420+0000] {logging_mixin.py:188} INFO - [2025-11-16T10:44:56.420+0000] {dag.py:3096} INFO - Sync 1 DAGs
[2025-11-16T10:44:56.427+0000] {logging_mixin.py:188} INFO - [2025-11-16T10:44:56.427+0000] {dag.py:3954} INFO - Setting next_dagrun for example_task_group_decorator to 2025-11-15 00:00:00+00:00, run_after=2025-11-16 00:00:00+00:00
[2025-11-16T10:44:56.433+0000] {processor.py:183} INFO - Processing /home/airflow/.local/lib/python3.12/site-packages/airflow/example_dags/example_task_group_decorator.py took 0.031 seconds
[2025-11-16T10:45:26.840+0000] {processor.py:161} INFO - Started process (PID=294) to work on /home/airflow/.local/lib/python3.12/site-packages/airflow/example_dags/example_task_group_decorator.py
[2025-11-16T10:45:26.841+0000] {processor.py:830} INFO - Processing file /home/airflow/.local/lib/python3.12/site-packages/airflow/example_dags/example_task_group_decorator.py for tasks to queue
[2025-11-16T10:45:26.843+0000] {logging_mixin.py:188} INFO - [2025-11-16T10:45:26.843+0000] {dagbag.py:540} INFO - Filling up the DagBag from /home/airflow/.local/lib/python3.12/site-packages/airflow/example_dags/example_task_group_decorator.py
[2025-11-16T10:45:26.849+0000] {processor.py:840} INFO - DAG(s) 'example_task_group_decorator' retrieved from /home/airflow/.local/lib/python3.12/site-packages/airflow/example_dags/example_task_group_decorator.py
[2025-11-16T10:45:26.860+0000] {logging_mixin.py:188} INFO - [2025-11-16T10:45:26.860+0000] {dag.py:3096} INFO - Sync 1 DAGs
[2025-11-16T10:45:26.872+0000] {logging_mixin.py:188} INFO - [2025-11-16T10:45:26.872+0000] {dag.py:3954} INFO - Setting next_dagrun for example_task_group_decorator to 2025-11-15 00:00:00+00:00, run_after=2025-11-16 00:00:00+00:00
[2025-11-16T10:45:26.878+0000] {processor.py:183} INFO - Processing /home/airflow/.local/lib/python3.12/site-packages/airflow/example_dags/example_task_group_decorator.py took 0.041 seconds
[2025-11-16T10:45:57.328+0000] {processor.py:161} INFO - Started process (PID=352) to work on /home/airflow/.local/lib/python3.12/site-packages/airflow/example_dags/example_task_group_decorator.py
[2025-11-16T10:45:57.328+0000] {processor.py:830} INFO - Processing file /home/airflow/.local/lib/python3.12/site-packages/airflow/example_dags/example_task_group_decorator.py for tasks to queue
[2025-11-16T10:45:57.329+0000] {logging_mixin.py:188} INFO - [2025-11-16T10:45:57.329+0000] {dagbag.py:540} INFO - Filling up the DagBag from /home/airflow/.local/lib/python3.12/site-packages/airflow/example_dags/example_task_group_decorator.py
[2025-11-16T10:45:57.335+0000] {processor.py:840} INFO - DAG(s) 'example_task_group_decorator' retrieved from /home/airflow/.local/lib/python3.12/site-packages/airflow/example_dags/example_task_group_decorator.py
[2025-11-16T10:45:57.345+0000] {logging_mixin.py:188} INFO - [2025-11-16T10:45:57.345+0000] {dag.py:3096} INFO - Sync 1 DAGs
[2025-11-16T10:45:57.354+0000] {logging_mixin.py:188} INFO - [2025-11-16T10:45:57.354+0000] {dag.py:3954} INFO - Setting next_dagrun for example_task_group_decorator to 2025-11-15 00:00:00+00:00, run_after=2025-11-16 00:00:00+00:00
[2025-11-16T10:45:57.361+0000] {processor.py:183} INFO - Processing /home/airflow/.local/lib/python3.12/site-packages/airflow/example_dags/example_task_group_decorator.py took 0.035 seconds
[2025-11-16T10:46:27.726+0000] {processor.py:161} INFO - Started process (PID=410) to work on /home/airflow/.local/lib/python3.12/site-packages/airflow/example_dags/example_task_group_decorator.py
[2025-11-16T10:46:27.726+0000] {processor.py:830} INFO - Processing file /home/airflow/.local/lib/python3.12/site-packages/airflow/example_dags/example_task_group_decorator.py for tasks to queue
[2025-11-16T10:46:27.727+0000] {logging_mixin.py:188} INFO - [2025-11-16T10:46:27.727+0000] {dagbag.py:540} INFO - Filling up the DagBag from /home/airflow/.local/lib/python3.12/site-packages/airflow/example_dags/example_task_group_decorator.py
[2025-11-16T10:46:27.732+0000] {processor.py:840} INFO - DAG(s) 'example_task_group_decorator' retrieved from /home/airflow/.local/lib/python3.12/site-packages/airflow/example_dags/example_task_group_decorator.py
[2025-11-16T10:46:27.741+0000] {logging_mixin.py:188} INFO - [2025-11-16T10:46:27.741+0000] {dag.py:3096} INFO - Sync 1 DAGs
[2025-11-16T10:46:27.748+0000] {logging_mixin.py:188} INFO - [2025-11-16T10:46:27.748+0000] {dag.py:3954} INFO - Setting next_dagrun for example_task_group_decorator to 2025-11-15 00:00:00+00:00, run_after=2025-11-16 00:00:00+00:00
[2025-11-16T10:46:27.754+0000] {processor.py:183} INFO - Processing /home/airflow/.local/lib/python3.12/site-packages/airflow/example_dags/example_task_group_decorator.py took 0.031 seconds
[2025-11-16T10:46:58.055+0000] {processor.py:161} INFO - Started process (PID=468) to work on /home/airflow/.local/lib/python3.12/site-packages/airflow/example_dags/example_task_group_decorator.py
[2025-11-16T10:46:58.056+0000] {processor.py:830} INFO - Processing file /home/airflow/.local/lib/python3.12/site-packages/airflow/example_dags/example_task_group_decorator.py for tasks to queue
[2025-11-16T10:46:58.056+0000] {logging_mixin.py:188} INFO - [2025-11-16T10:46:58.056+0000] {dagbag.py:540} INFO - Filling up the DagBag from /home/airflow/.local/lib/python3.12/site-packages/airflow/example_dags/example_task_group_decorator.py
[2025-11-16T10:46:58.061+0000] {processor.py:840} INFO - DAG(s) 'example_task_group_decorator' retrieved from /home/airflow/.local/lib/python3.12/site-packages/airflow/example_dags/example_task_group_decorator.py
[2025-11-16T10:46:58.071+0000] {logging_mixin.py:188} INFO - [2025-11-16T10:46:58.071+0000] {dag.py:3096} INFO - Sync 1 DAGs
[2025-11-16T10:46:58.079+0000] {logging_mixin.py:188} INFO - [2025-11-16T10:46:58.078+0000] {dag.py:3954} INFO - Setting next_dagrun for example_task_group_decorator to 2025-11-15 00:00:00+00:00, run_after=2025-11-16 00:00:00+00:00
[2025-11-16T10:46:58.087+0000] {processor.py:183} INFO - Processing /home/airflow/.local/lib/python3.12/site-packages/airflow/example_dags/example_task_group_decorator.py took 0.033 seconds
[2025-11-16T10:47:28.359+0000] {processor.py:161} INFO - Started process (PID=526) to work on /home/airflow/.local/lib/python3.12/site-packages/airflow/example_dags/example_task_group_decorator.py
[2025-11-16T10:47:28.361+0000] {processor.py:830} INFO - Processing file /home/airflow/.local/lib/python3.12/site-packages/airflow/example_dags/example_task_group_decorator.py for tasks to queue
[2025-11-16T10:47:28.364+0000] {logging_mixin.py:188} INFO - [2025-11-16T10:47:28.364+0000] {dagbag.py:540} INFO - Filling up the DagBag from /home/airflow/.local/lib/python3.12/site-packages/airflow/example_dags/example_task_group_decorator.py
[2025-11-16T10:47:28.369+0000] {processor.py:840} INFO - DAG(s) 'example_task_group_decorator' retrieved from /home/airflow/.local/lib/python3.12/site-packages/airflow/example_dags/example_task_group_decorator.py
[2025-11-16T10:47:28.378+0000] {logging_mixin.py:188} INFO - [2025-11-16T10:47:28.378+0000] {dag.py:3096} INFO - Sync 1 DAGs
[2025-11-16T10:47:28.385+0000] {logging_mixin.py:188} INFO - [2025-11-16T10:47:28.385+0000] {dag.py:3954} INFO - Setting next_dagrun for example_task_group_decorator to 2025-11-15 00:00:00+00:00, run_after=2025-11-16 00:00:00+00:00
[2025-11-16T10:47:28.392+0000] {processor.py:183} INFO - Processing /home/airflow/.local/lib/python3.12/site-packages/airflow/example_dags/example_task_group_decorator.py took 0.035 seconds
[2025-11-16T10:47:58.680+0000] {processor.py:161} INFO - Started process (PID=584) to work on /home/airflow/.local/lib/python3.12/site-packages/airflow/example_dags/example_task_group_decorator.py
[2025-11-16T10:47:58.680+0000] {processor.py:830} INFO - Processing file /home/airflow/.local/lib/python3.12/site-packages/airflow/example_dags/example_task_group_decorator.py for tasks to queue
[2025-11-16T10:47:58.683+0000] {logging_mixin.py:188} INFO - [2025-11-16T10:47:58.683+0000] {dagbag.py:540} INFO - Filling up the DagBag from /home/airflow/.local/lib/python3.12/site-packages/airflow/example_dags/example_task_group_decorator.py
[2025-11-16T10:47:58.688+0000] {processor.py:840} INFO - DAG(s) 'example_task_group_decorator' retrieved from /home/airflow/.local/lib/python3.12/site-packages/airflow/example_dags/example_task_group_decorator.py
[2025-11-16T10:47:58.697+0000] {logging_mixin.py:188} INFO - [2025-11-16T10:47:58.697+0000] {dag.py:3096} INFO - Sync 1 DAGs
[2025-11-16T10:47:58.705+0000] {logging_mixin.py:188} INFO - [2025-11-16T10:47:58.705+0000] {dag.py:3954} INFO - Setting next_dagrun for example_task_group_decorator to 2025-11-15 00:00:00+00:00, run_after=2025-11-16 00:00:00+00:00
[2025-11-16T10:47:58.713+0000] {processor.py:183} INFO - Processing /home/airflow/.local/lib/python3.12/site-packages/airflow/example_dags/example_task_group_decorator.py took 0.036 seconds
[2025-11-16T10:48:28.999+0000] {processor.py:161} INFO - Started process (PID=642) to work on /home/airflow/.local/lib/python3.12/site-packages/airflow/example_dags/example_task_group_decorator.py
[2025-11-16T10:48:28.999+0000] {processor.py:830} INFO - Processing file /home/airflow/.local/lib/python3.12/site-packages/airflow/example_dags/example_task_group_decorator.py for tasks to queue
[2025-11-16T10:48:29.000+0000] {logging_mixin.py:188} INFO - [2025-11-16T10:48:29.000+0000] {dagbag.py:540} INFO - Filling up the DagBag from /home/airflow/.local/lib/python3.12/site-packages/airflow/example_dags/example_task_group_decorator.py
[2025-11-16T10:48:29.007+0000] {processor.py:840} INFO - DAG(s) 'example_task_group_decorator' retrieved from /home/airflow/.local/lib/python3.12/site-packages/airflow/example_dags/example_task_group_decorator.py
[2025-11-16T10:48:29.019+0000] {logging_mixin.py:188} INFO - [2025-11-16T10:48:29.019+0000] {dag.py:3096} INFO - Sync 1 DAGs
[2025-11-16T10:48:29.029+0000] {logging_mixin.py:188} INFO - [2025-11-16T10:48:29.029+0000] {dag.py:3954} INFO - Setting next_dagrun for example_task_group_decorator to 2025-11-15 00:00:00+00:00, run_after=2025-11-16 00:00:00+00:00
[2025-11-16T10:48:29.036+0000] {processor.py:183} INFO - Processing /home/airflow/.local/lib/python3.12/site-packages/airflow/example_dags/example_task_group_decorator.py took 0.040 seconds
[2025-11-16T10:48:59.364+0000] {processor.py:161} INFO - Started process (PID=700) to work on /home/airflow/.local/lib/python3.12/site-packages/airflow/example_dags/example_task_group_decorator.py
[2025-11-16T10:48:59.365+0000] {processor.py:830} INFO - Processing file /home/airflow/.local/lib/python3.12/site-packages/airflow/example_dags/example_task_group_decorator.py for tasks to queue
[2025-11-16T10:48:59.368+0000] {logging_mixin.py:188} INFO - [2025-11-16T10:48:59.367+0000] {dagbag.py:540} INFO - Filling up the DagBag from /home/airflow/.local/lib/python3.12/site-packages/airflow/example_dags/example_task_group_decorator.py
[2025-11-16T10:48:59.373+0000] {processor.py:840} INFO - DAG(s) 'example_task_group_decorator' retrieved from /home/airflow/.local/lib/python3.12/site-packages/airflow/example_dags/example_task_group_decorator.py
[2025-11-16T10:48:59.383+0000] {logging_mixin.py:188} INFO - [2025-11-16T10:48:59.383+0000] {dag.py:3096} INFO - Sync 1 DAGs
[2025-11-16T10:48:59.391+0000] {logging_mixin.py:188} INFO - [2025-11-16T10:48:59.391+0000] {dag.py:3954} INFO - Setting next_dagrun for example_task_group_decorator to 2025-11-15 00:00:00+00:00, run_after=2025-11-16 00:00:00+00:00
[2025-11-16T10:48:59.399+0000] {processor.py:183} INFO - Processing /home/airflow/.local/lib/python3.12/site-packages/airflow/example_dags/example_task_group_decorator.py took 0.038 seconds
