[2025-11-16T10:43:24.342+0000] {processor.py:161} INFO - Started process (PID=58) to work on /home/airflow/.local/lib/python3.12/site-packages/airflow/example_dags/example_nested_branch_dag.py
[2025-11-16T10:43:24.342+0000] {processor.py:830} INFO - Processing file /home/airflow/.local/lib/python3.12/site-packages/airflow/example_dags/example_nested_branch_dag.py for tasks to queue
[2025-11-16T10:43:24.343+0000] {logging_mixin.py:188} INFO - [2025-11-16T10:43:24.343+0000] {dagbag.py:540} INFO - Filling up the DagBag from /home/airflow/.local/lib/python3.12/site-packages/airflow/example_dags/example_nested_branch_dag.py
[2025-11-16T10:43:24.354+0000] {processor.py:840} INFO - DAG(s) 'example_nested_branch_dag' retrieved from /home/airflow/.local/lib/python3.12/site-packages/airflow/example_dags/example_nested_branch_dag.py
[2025-11-16T10:43:24.361+0000] {logging_mixin.py:188} INFO - [2025-11-16T10:43:24.361+0000] {dag.py:3096} INFO - Sync 1 DAGs
[2025-11-16T10:43:24.375+0000] {logging_mixin.py:188} INFO - [2025-11-16T10:43:24.375+0000] {dag.py:3954} INFO - Setting next_dagrun for example_nested_branch_dag to 2025-11-15 00:00:00+00:00, run_after=2025-11-16 00:00:00+00:00
[2025-11-16T10:43:24.387+0000] {processor.py:183} INFO - Processing /home/airflow/.local/lib/python3.12/site-packages/airflow/example_dags/example_nested_branch_dag.py took 0.050 seconds
[2025-11-16T10:43:54.978+0000] {processor.py:161} INFO - Started process (PID=116) to work on /home/airflow/.local/lib/python3.12/site-packages/airflow/example_dags/example_nested_branch_dag.py
[2025-11-16T10:43:54.980+0000] {processor.py:830} INFO - Processing file /home/airflow/.local/lib/python3.12/site-packages/airflow/example_dags/example_nested_branch_dag.py for tasks to queue
[2025-11-16T10:43:54.981+0000] {logging_mixin.py:188} INFO - [2025-11-16T10:43:54.981+0000] {dagbag.py:540} INFO - Filling up the DagBag from /home/airflow/.local/lib/python3.12/site-packages/airflow/example_dags/example_nested_branch_dag.py
[2025-11-16T10:43:54.987+0000] {processor.py:840} INFO - DAG(s) 'example_nested_branch_dag' retrieved from /home/airflow/.local/lib/python3.12/site-packages/airflow/example_dags/example_nested_branch_dag.py
[2025-11-16T10:43:55.021+0000] {logging_mixin.py:188} INFO - [2025-11-16T10:43:55.021+0000] {dag.py:3096} INFO - Sync 1 DAGs
[2025-11-16T10:43:55.028+0000] {logging_mixin.py:188} INFO - [2025-11-16T10:43:55.028+0000] {dag.py:3954} INFO - Setting next_dagrun for example_nested_branch_dag to 2025-11-15 00:00:00+00:00, run_after=2025-11-16 00:00:00+00:00
[2025-11-16T10:43:55.035+0000] {processor.py:183} INFO - Processing /home/airflow/.local/lib/python3.12/site-packages/airflow/example_dags/example_nested_branch_dag.py took 0.058 seconds
[2025-11-16T10:44:25.895+0000] {processor.py:161} INFO - Started process (PID=174) to work on /home/airflow/.local/lib/python3.12/site-packages/airflow/example_dags/example_nested_branch_dag.py
[2025-11-16T10:44:25.895+0000] {processor.py:830} INFO - Processing file /home/airflow/.local/lib/python3.12/site-packages/airflow/example_dags/example_nested_branch_dag.py for tasks to queue
[2025-11-16T10:44:25.896+0000] {logging_mixin.py:188} INFO - [2025-11-16T10:44:25.896+0000] {dagbag.py:540} INFO - Filling up the DagBag from /home/airflow/.local/lib/python3.12/site-packages/airflow/example_dags/example_nested_branch_dag.py
[2025-11-16T10:44:25.900+0000] {processor.py:840} INFO - DAG(s) 'example_nested_branch_dag' retrieved from /home/airflow/.local/lib/python3.12/site-packages/airflow/example_dags/example_nested_branch_dag.py
[2025-11-16T10:44:25.909+0000] {logging_mixin.py:188} INFO - [2025-11-16T10:44:25.909+0000] {dag.py:3096} INFO - Sync 1 DAGs
[2025-11-16T10:44:25.917+0000] {logging_mixin.py:188} INFO - [2025-11-16T10:44:25.917+0000] {dag.py:3954} INFO - Setting next_dagrun for example_nested_branch_dag to 2025-11-15 00:00:00+00:00, run_after=2025-11-16 00:00:00+00:00
[2025-11-16T10:44:25.923+0000] {processor.py:183} INFO - Processing /home/airflow/.local/lib/python3.12/site-packages/airflow/example_dags/example_nested_branch_dag.py took 0.030 seconds
[2025-11-16T10:44:56.442+0000] {processor.py:161} INFO - Started process (PID=238) to work on /home/airflow/.local/lib/python3.12/site-packages/airflow/example_dags/example_nested_branch_dag.py
[2025-11-16T10:44:56.443+0000] {processor.py:830} INFO - Processing file /home/airflow/.local/lib/python3.12/site-packages/airflow/example_dags/example_nested_branch_dag.py for tasks to queue
[2025-11-16T10:44:56.444+0000] {logging_mixin.py:188} INFO - [2025-11-16T10:44:56.444+0000] {dagbag.py:540} INFO - Filling up the DagBag from /home/airflow/.local/lib/python3.12/site-packages/airflow/example_dags/example_nested_branch_dag.py
[2025-11-16T10:44:56.448+0000] {processor.py:840} INFO - DAG(s) 'example_nested_branch_dag' retrieved from /home/airflow/.local/lib/python3.12/site-packages/airflow/example_dags/example_nested_branch_dag.py
[2025-11-16T10:44:56.455+0000] {logging_mixin.py:188} INFO - [2025-11-16T10:44:56.455+0000] {dag.py:3096} INFO - Sync 1 DAGs
[2025-11-16T10:44:56.462+0000] {logging_mixin.py:188} INFO - [2025-11-16T10:44:56.462+0000] {dag.py:3954} INFO - Setting next_dagrun for example_nested_branch_dag to 2025-11-15 00:00:00+00:00, run_after=2025-11-16 00:00:00+00:00
[2025-11-16T10:44:56.468+0000] {processor.py:183} INFO - Processing /home/airflow/.local/lib/python3.12/site-packages/airflow/example_dags/example_nested_branch_dag.py took 0.029 seconds
[2025-11-16T10:45:26.893+0000] {processor.py:161} INFO - Started process (PID=296) to work on /home/airflow/.local/lib/python3.12/site-packages/airflow/example_dags/example_nested_branch_dag.py
[2025-11-16T10:45:26.894+0000] {processor.py:830} INFO - Processing file /home/airflow/.local/lib/python3.12/site-packages/airflow/example_dags/example_nested_branch_dag.py for tasks to queue
[2025-11-16T10:45:26.895+0000] {logging_mixin.py:188} INFO - [2025-11-16T10:45:26.895+0000] {dagbag.py:540} INFO - Filling up the DagBag from /home/airflow/.local/lib/python3.12/site-packages/airflow/example_dags/example_nested_branch_dag.py
[2025-11-16T10:45:26.899+0000] {processor.py:840} INFO - DAG(s) 'example_nested_branch_dag' retrieved from /home/airflow/.local/lib/python3.12/site-packages/airflow/example_dags/example_nested_branch_dag.py
[2025-11-16T10:45:26.908+0000] {logging_mixin.py:188} INFO - [2025-11-16T10:45:26.908+0000] {dag.py:3096} INFO - Sync 1 DAGs
[2025-11-16T10:45:26.917+0000] {logging_mixin.py:188} INFO - [2025-11-16T10:45:26.917+0000] {dag.py:3954} INFO - Setting next_dagrun for example_nested_branch_dag to 2025-11-15 00:00:00+00:00, run_after=2025-11-16 00:00:00+00:00
[2025-11-16T10:45:26.925+0000] {processor.py:183} INFO - Processing /home/airflow/.local/lib/python3.12/site-packages/airflow/example_dags/example_nested_branch_dag.py took 0.034 seconds
[2025-11-16T10:45:57.370+0000] {processor.py:161} INFO - Started process (PID=354) to work on /home/airflow/.local/lib/python3.12/site-packages/airflow/example_dags/example_nested_branch_dag.py
[2025-11-16T10:45:57.371+0000] {processor.py:830} INFO - Processing file /home/airflow/.local/lib/python3.12/site-packages/airflow/example_dags/example_nested_branch_dag.py for tasks to queue
[2025-11-16T10:45:57.372+0000] {logging_mixin.py:188} INFO - [2025-11-16T10:45:57.371+0000] {dagbag.py:540} INFO - Filling up the DagBag from /home/airflow/.local/lib/python3.12/site-packages/airflow/example_dags/example_nested_branch_dag.py
[2025-11-16T10:45:57.376+0000] {processor.py:840} INFO - DAG(s) 'example_nested_branch_dag' retrieved from /home/airflow/.local/lib/python3.12/site-packages/airflow/example_dags/example_nested_branch_dag.py
[2025-11-16T10:45:57.384+0000] {logging_mixin.py:188} INFO - [2025-11-16T10:45:57.384+0000] {dag.py:3096} INFO - Sync 1 DAGs
[2025-11-16T10:45:57.391+0000] {logging_mixin.py:188} INFO - [2025-11-16T10:45:57.391+0000] {dag.py:3954} INFO - Setting next_dagrun for example_nested_branch_dag to 2025-11-15 00:00:00+00:00, run_after=2025-11-16 00:00:00+00:00
[2025-11-16T10:45:57.398+0000] {processor.py:183} INFO - Processing /home/airflow/.local/lib/python3.12/site-packages/airflow/example_dags/example_nested_branch_dag.py took 0.029 seconds
[2025-11-16T10:46:27.762+0000] {processor.py:161} INFO - Started process (PID=412) to work on /home/airflow/.local/lib/python3.12/site-packages/airflow/example_dags/example_nested_branch_dag.py
[2025-11-16T10:46:27.763+0000] {processor.py:830} INFO - Processing file /home/airflow/.local/lib/python3.12/site-packages/airflow/example_dags/example_nested_branch_dag.py for tasks to queue
[2025-11-16T10:46:27.763+0000] {logging_mixin.py:188} INFO - [2025-11-16T10:46:27.763+0000] {dagbag.py:540} INFO - Filling up the DagBag from /home/airflow/.local/lib/python3.12/site-packages/airflow/example_dags/example_nested_branch_dag.py
[2025-11-16T10:46:27.767+0000] {processor.py:840} INFO - DAG(s) 'example_nested_branch_dag' retrieved from /home/airflow/.local/lib/python3.12/site-packages/airflow/example_dags/example_nested_branch_dag.py
[2025-11-16T10:46:27.774+0000] {logging_mixin.py:188} INFO - [2025-11-16T10:46:27.774+0000] {dag.py:3096} INFO - Sync 1 DAGs
[2025-11-16T10:46:27.781+0000] {logging_mixin.py:188} INFO - [2025-11-16T10:46:27.781+0000] {dag.py:3954} INFO - Setting next_dagrun for example_nested_branch_dag to 2025-11-15 00:00:00+00:00, run_after=2025-11-16 00:00:00+00:00
[2025-11-16T10:46:27.786+0000] {processor.py:183} INFO - Processing /home/airflow/.local/lib/python3.12/site-packages/airflow/example_dags/example_nested_branch_dag.py took 0.026 seconds
[2025-11-16T10:46:58.098+0000] {processor.py:161} INFO - Started process (PID=470) to work on /home/airflow/.local/lib/python3.12/site-packages/airflow/example_dags/example_nested_branch_dag.py
[2025-11-16T10:46:58.098+0000] {processor.py:830} INFO - Processing file /home/airflow/.local/lib/python3.12/site-packages/airflow/example_dags/example_nested_branch_dag.py for tasks to queue
[2025-11-16T10:46:58.099+0000] {logging_mixin.py:188} INFO - [2025-11-16T10:46:58.099+0000] {dagbag.py:540} INFO - Filling up the DagBag from /home/airflow/.local/lib/python3.12/site-packages/airflow/example_dags/example_nested_branch_dag.py
[2025-11-16T10:46:58.102+0000] {processor.py:840} INFO - DAG(s) 'example_nested_branch_dag' retrieved from /home/airflow/.local/lib/python3.12/site-packages/airflow/example_dags/example_nested_branch_dag.py
[2025-11-16T10:46:58.110+0000] {logging_mixin.py:188} INFO - [2025-11-16T10:46:58.110+0000] {dag.py:3096} INFO - Sync 1 DAGs
[2025-11-16T10:46:58.118+0000] {logging_mixin.py:188} INFO - [2025-11-16T10:46:58.118+0000] {dag.py:3954} INFO - Setting next_dagrun for example_nested_branch_dag to 2025-11-15 00:00:00+00:00, run_after=2025-11-16 00:00:00+00:00
[2025-11-16T10:46:58.125+0000] {processor.py:183} INFO - Processing /home/airflow/.local/lib/python3.12/site-packages/airflow/example_dags/example_nested_branch_dag.py took 0.030 seconds
[2025-11-16T10:47:28.403+0000] {processor.py:161} INFO - Started process (PID=528) to work on /home/airflow/.local/lib/python3.12/site-packages/airflow/example_dags/example_nested_branch_dag.py
[2025-11-16T10:47:28.403+0000] {processor.py:830} INFO - Processing file /home/airflow/.local/lib/python3.12/site-packages/airflow/example_dags/example_nested_branch_dag.py for tasks to queue
[2025-11-16T10:47:28.404+0000] {logging_mixin.py:188} INFO - [2025-11-16T10:47:28.404+0000] {dagbag.py:540} INFO - Filling up the DagBag from /home/airflow/.local/lib/python3.12/site-packages/airflow/example_dags/example_nested_branch_dag.py
[2025-11-16T10:47:28.408+0000] {processor.py:840} INFO - DAG(s) 'example_nested_branch_dag' retrieved from /home/airflow/.local/lib/python3.12/site-packages/airflow/example_dags/example_nested_branch_dag.py
[2025-11-16T10:47:28.418+0000] {logging_mixin.py:188} INFO - [2025-11-16T10:47:28.418+0000] {dag.py:3096} INFO - Sync 1 DAGs
[2025-11-16T10:47:28.426+0000] {logging_mixin.py:188} INFO - [2025-11-16T10:47:28.426+0000] {dag.py:3954} INFO - Setting next_dagrun for example_nested_branch_dag to 2025-11-15 00:00:00+00:00, run_after=2025-11-16 00:00:00+00:00
[2025-11-16T10:47:28.432+0000] {processor.py:183} INFO - Processing /home/airflow/.local/lib/python3.12/site-packages/airflow/example_dags/example_nested_branch_dag.py took 0.031 seconds
[2025-11-16T10:47:58.722+0000] {processor.py:161} INFO - Started process (PID=586) to work on /home/airflow/.local/lib/python3.12/site-packages/airflow/example_dags/example_nested_branch_dag.py
[2025-11-16T10:47:58.723+0000] {processor.py:830} INFO - Processing file /home/airflow/.local/lib/python3.12/site-packages/airflow/example_dags/example_nested_branch_dag.py for tasks to queue
[2025-11-16T10:47:58.724+0000] {logging_mixin.py:188} INFO - [2025-11-16T10:47:58.724+0000] {dagbag.py:540} INFO - Filling up the DagBag from /home/airflow/.local/lib/python3.12/site-packages/airflow/example_dags/example_nested_branch_dag.py
[2025-11-16T10:47:58.728+0000] {processor.py:840} INFO - DAG(s) 'example_nested_branch_dag' retrieved from /home/airflow/.local/lib/python3.12/site-packages/airflow/example_dags/example_nested_branch_dag.py
[2025-11-16T10:47:58.736+0000] {logging_mixin.py:188} INFO - [2025-11-16T10:47:58.736+0000] {dag.py:3096} INFO - Sync 1 DAGs
[2025-11-16T10:47:58.744+0000] {logging_mixin.py:188} INFO - [2025-11-16T10:47:58.744+0000] {dag.py:3954} INFO - Setting next_dagrun for example_nested_branch_dag to 2025-11-15 00:00:00+00:00, run_after=2025-11-16 00:00:00+00:00
[2025-11-16T10:47:58.750+0000] {processor.py:183} INFO - Processing /home/airflow/.local/lib/python3.12/site-packages/airflow/example_dags/example_nested_branch_dag.py took 0.030 seconds
[2025-11-16T10:48:29.047+0000] {processor.py:161} INFO - Started process (PID=644) to work on /home/airflow/.local/lib/python3.12/site-packages/airflow/example_dags/example_nested_branch_dag.py
[2025-11-16T10:48:29.049+0000] {processor.py:830} INFO - Processing file /home/airflow/.local/lib/python3.12/site-packages/airflow/example_dags/example_nested_branch_dag.py for tasks to queue
[2025-11-16T10:48:29.050+0000] {logging_mixin.py:188} INFO - [2025-11-16T10:48:29.050+0000] {dagbag.py:540} INFO - Filling up the DagBag from /home/airflow/.local/lib/python3.12/site-packages/airflow/example_dags/example_nested_branch_dag.py
[2025-11-16T10:48:29.056+0000] {processor.py:840} INFO - DAG(s) 'example_nested_branch_dag' retrieved from /home/airflow/.local/lib/python3.12/site-packages/airflow/example_dags/example_nested_branch_dag.py
[2025-11-16T10:48:29.065+0000] {logging_mixin.py:188} INFO - [2025-11-16T10:48:29.064+0000] {dag.py:3096} INFO - Sync 1 DAGs
[2025-11-16T10:48:29.073+0000] {logging_mixin.py:188} INFO - [2025-11-16T10:48:29.073+0000] {dag.py:3954} INFO - Setting next_dagrun for example_nested_branch_dag to 2025-11-15 00:00:00+00:00, run_after=2025-11-16 00:00:00+00:00
[2025-11-16T10:48:29.081+0000] {processor.py:183} INFO - Processing /home/airflow/.local/lib/python3.12/site-packages/airflow/example_dags/example_nested_branch_dag.py took 0.036 seconds
[2025-11-16T10:48:59.410+0000] {processor.py:161} INFO - Started process (PID=702) to work on /home/airflow/.local/lib/python3.12/site-packages/airflow/example_dags/example_nested_branch_dag.py
[2025-11-16T10:48:59.411+0000] {processor.py:830} INFO - Processing file /home/airflow/.local/lib/python3.12/site-packages/airflow/example_dags/example_nested_branch_dag.py for tasks to queue
[2025-11-16T10:48:59.412+0000] {logging_mixin.py:188} INFO - [2025-11-16T10:48:59.412+0000] {dagbag.py:540} INFO - Filling up the DagBag from /home/airflow/.local/lib/python3.12/site-packages/airflow/example_dags/example_nested_branch_dag.py
[2025-11-16T10:48:59.416+0000] {processor.py:840} INFO - DAG(s) 'example_nested_branch_dag' retrieved from /home/airflow/.local/lib/python3.12/site-packages/airflow/example_dags/example_nested_branch_dag.py
[2025-11-16T10:48:59.424+0000] {logging_mixin.py:188} INFO - [2025-11-16T10:48:59.424+0000] {dag.py:3096} INFO - Sync 1 DAGs
[2025-11-16T10:48:59.432+0000] {logging_mixin.py:188} INFO - [2025-11-16T10:48:59.432+0000] {dag.py:3954} INFO - Setting next_dagrun for example_nested_branch_dag to 2025-11-15 00:00:00+00:00, run_after=2025-11-16 00:00:00+00:00
[2025-11-16T10:48:59.438+0000] {processor.py:183} INFO - Processing /home/airflow/.local/lib/python3.12/site-packages/airflow/example_dags/example_nested_branch_dag.py took 0.030 seconds
