[2025-11-16T10:43:24.770+0000] {processor.py:161} INFO - Started process (PID=72) to work on /home/airflow/.local/lib/python3.12/site-packages/airflow/example_dags/example_datasets.py
[2025-11-16T10:43:24.771+0000] {processor.py:830} INFO - Processing file /home/airflow/.local/lib/python3.12/site-packages/airflow/example_dags/example_datasets.py for tasks to queue
[2025-11-16T10:43:24.772+0000] {logging_mixin.py:188} INFO - [2025-11-16T10:43:24.772+0000] {dagbag.py:540} INFO - Filling up the DagBag from /home/airflow/.local/lib/python3.12/site-packages/airflow/example_dags/example_datasets.py
[2025-11-16T10:43:24.781+0000] {processor.py:840} INFO - DAG(s) 'consume_1_and_2_with_dataset_expressions', 'dataset_consumes_1_and_2', 'dataset_consumes_1_never_scheduled', 'consume_1_or_2_with_dataset_expressions', 'dataset_consumes_unknown_never_scheduled', 'dataset_produces_2', 'dataset_consumes_1', 'dataset_produces_1', 'consume_1_or_both_2_and_3_with_dataset_expressions', 'conditional_dataset_and_time_based_timetable' retrieved from /home/airflow/.local/lib/python3.12/site-packages/airflow/example_dags/example_datasets.py
[2025-11-16T10:43:24.791+0000] {logging_mixin.py:188} INFO - [2025-11-16T10:43:24.790+0000] {dag.py:3096} INFO - Sync 10 DAGs
[2025-11-16T10:43:24.808+0000] {logging_mixin.py:188} INFO - [2025-11-16T10:43:24.808+0000] {dag.py:3954} INFO - Setting next_dagrun for conditional_dataset_and_time_based_timetable to 2025-11-12 01:00:00+00:00, run_after=2025-11-12 01:00:00+00:00
[2025-11-16T10:43:24.810+0000] {logging_mixin.py:188} INFO - [2025-11-16T10:43:24.810+0000] {dag.py:3954} INFO - Setting next_dagrun for consume_1_and_2_with_dataset_expressions to None, run_after=None
[2025-11-16T10:43:24.811+0000] {logging_mixin.py:188} INFO - [2025-11-16T10:43:24.811+0000] {dag.py:3954} INFO - Setting next_dagrun for consume_1_or_2_with_dataset_expressions to None, run_after=None
[2025-11-16T10:43:24.812+0000] {logging_mixin.py:188} INFO - [2025-11-16T10:43:24.812+0000] {dag.py:3954} INFO - Setting next_dagrun for consume_1_or_both_2_and_3_with_dataset_expressions to None, run_after=None
[2025-11-16T10:43:24.813+0000] {logging_mixin.py:188} INFO - [2025-11-16T10:43:24.813+0000] {dag.py:3954} INFO - Setting next_dagrun for dataset_consumes_1 to None, run_after=None
[2025-11-16T10:43:24.814+0000] {logging_mixin.py:188} INFO - [2025-11-16T10:43:24.814+0000] {dag.py:3954} INFO - Setting next_dagrun for dataset_consumes_1_and_2 to None, run_after=None
[2025-11-16T10:43:24.816+0000] {logging_mixin.py:188} INFO - [2025-11-16T10:43:24.816+0000] {dag.py:3954} INFO - Setting next_dagrun for dataset_consumes_1_never_scheduled to None, run_after=None
[2025-11-16T10:43:24.817+0000] {logging_mixin.py:188} INFO - [2025-11-16T10:43:24.817+0000] {dag.py:3954} INFO - Setting next_dagrun for dataset_consumes_unknown_never_scheduled to None, run_after=None
[2025-11-16T10:43:24.818+0000] {logging_mixin.py:188} INFO - [2025-11-16T10:43:24.818+0000] {dag.py:3954} INFO - Setting next_dagrun for dataset_produces_1 to 2025-11-15 00:00:00+00:00, run_after=2025-11-16 00:00:00+00:00
[2025-11-16T10:43:24.819+0000] {logging_mixin.py:188} INFO - [2025-11-16T10:43:24.819+0000] {dag.py:3954} INFO - Setting next_dagrun for dataset_produces_2 to None, run_after=None
[2025-11-16T10:43:24.836+0000] {processor.py:183} INFO - Processing /home/airflow/.local/lib/python3.12/site-packages/airflow/example_dags/example_datasets.py took 0.070 seconds
[2025-11-16T10:43:55.443+0000] {processor.py:161} INFO - Started process (PID=130) to work on /home/airflow/.local/lib/python3.12/site-packages/airflow/example_dags/example_datasets.py
[2025-11-16T10:43:55.445+0000] {processor.py:830} INFO - Processing file /home/airflow/.local/lib/python3.12/site-packages/airflow/example_dags/example_datasets.py for tasks to queue
[2025-11-16T10:43:55.445+0000] {logging_mixin.py:188} INFO - [2025-11-16T10:43:55.445+0000] {dagbag.py:540} INFO - Filling up the DagBag from /home/airflow/.local/lib/python3.12/site-packages/airflow/example_dags/example_datasets.py
[2025-11-16T10:43:55.451+0000] {processor.py:840} INFO - DAG(s) 'dataset_consumes_1_and_2', 'dataset_consumes_1', 'dataset_consumes_1_never_scheduled', 'conditional_dataset_and_time_based_timetable', 'dataset_consumes_unknown_never_scheduled', 'consume_1_or_2_with_dataset_expressions', 'dataset_produces_2', 'consume_1_and_2_with_dataset_expressions', 'dataset_produces_1', 'consume_1_or_both_2_and_3_with_dataset_expressions' retrieved from /home/airflow/.local/lib/python3.12/site-packages/airflow/example_dags/example_datasets.py
[2025-11-16T10:43:55.514+0000] {logging_mixin.py:188} INFO - [2025-11-16T10:43:55.514+0000] {dag.py:3096} INFO - Sync 10 DAGs
[2025-11-16T10:43:55.521+0000] {logging_mixin.py:188} INFO - [2025-11-16T10:43:55.521+0000] {dag.py:3954} INFO - Setting next_dagrun for conditional_dataset_and_time_based_timetable to 2025-11-12 01:00:00+00:00, run_after=2025-11-12 01:00:00+00:00
[2025-11-16T10:43:55.522+0000] {logging_mixin.py:188} INFO - [2025-11-16T10:43:55.522+0000] {dag.py:3954} INFO - Setting next_dagrun for consume_1_and_2_with_dataset_expressions to None, run_after=None
[2025-11-16T10:43:55.523+0000] {logging_mixin.py:188} INFO - [2025-11-16T10:43:55.523+0000] {dag.py:3954} INFO - Setting next_dagrun for consume_1_or_2_with_dataset_expressions to None, run_after=None
[2025-11-16T10:43:55.523+0000] {logging_mixin.py:188} INFO - [2025-11-16T10:43:55.523+0000] {dag.py:3954} INFO - Setting next_dagrun for consume_1_or_both_2_and_3_with_dataset_expressions to None, run_after=None
[2025-11-16T10:43:55.524+0000] {logging_mixin.py:188} INFO - [2025-11-16T10:43:55.524+0000] {dag.py:3954} INFO - Setting next_dagrun for dataset_consumes_1 to None, run_after=None
[2025-11-16T10:43:55.524+0000] {logging_mixin.py:188} INFO - [2025-11-16T10:43:55.524+0000] {dag.py:3954} INFO - Setting next_dagrun for dataset_consumes_1_and_2 to None, run_after=None
[2025-11-16T10:43:55.524+0000] {logging_mixin.py:188} INFO - [2025-11-16T10:43:55.524+0000] {dag.py:3954} INFO - Setting next_dagrun for dataset_consumes_1_never_scheduled to None, run_after=None
[2025-11-16T10:43:55.525+0000] {logging_mixin.py:188} INFO - [2025-11-16T10:43:55.525+0000] {dag.py:3954} INFO - Setting next_dagrun for dataset_consumes_unknown_never_scheduled to None, run_after=None
[2025-11-16T10:43:55.526+0000] {logging_mixin.py:188} INFO - [2025-11-16T10:43:55.526+0000] {dag.py:3954} INFO - Setting next_dagrun for dataset_produces_1 to 2025-11-15 00:00:00+00:00, run_after=2025-11-16 00:00:00+00:00
[2025-11-16T10:43:55.526+0000] {logging_mixin.py:188} INFO - [2025-11-16T10:43:55.526+0000] {dag.py:3954} INFO - Setting next_dagrun for dataset_produces_2 to None, run_after=None
[2025-11-16T10:43:55.541+0000] {processor.py:183} INFO - Processing /home/airflow/.local/lib/python3.12/site-packages/airflow/example_dags/example_datasets.py took 0.099 seconds
[2025-11-16T10:44:26.197+0000] {processor.py:161} INFO - Started process (PID=194) to work on /home/airflow/.local/lib/python3.12/site-packages/airflow/example_dags/example_datasets.py
[2025-11-16T10:44:26.198+0000] {processor.py:830} INFO - Processing file /home/airflow/.local/lib/python3.12/site-packages/airflow/example_dags/example_datasets.py for tasks to queue
[2025-11-16T10:44:26.199+0000] {logging_mixin.py:188} INFO - [2025-11-16T10:44:26.199+0000] {dagbag.py:540} INFO - Filling up the DagBag from /home/airflow/.local/lib/python3.12/site-packages/airflow/example_dags/example_datasets.py
[2025-11-16T10:44:26.204+0000] {processor.py:840} INFO - DAG(s) 'conditional_dataset_and_time_based_timetable', 'dataset_consumes_1_never_scheduled', 'dataset_consumes_unknown_never_scheduled', 'consume_1_or_2_with_dataset_expressions', 'dataset_produces_1', 'dataset_consumes_1', 'consume_1_and_2_with_dataset_expressions', 'dataset_produces_2', 'consume_1_or_both_2_and_3_with_dataset_expressions', 'dataset_consumes_1_and_2' retrieved from /home/airflow/.local/lib/python3.12/site-packages/airflow/example_dags/example_datasets.py
[2025-11-16T10:44:26.221+0000] {logging_mixin.py:188} INFO - [2025-11-16T10:44:26.221+0000] {dag.py:3096} INFO - Sync 10 DAGs
[2025-11-16T10:44:26.229+0000] {logging_mixin.py:188} INFO - [2025-11-16T10:44:26.229+0000] {dag.py:3954} INFO - Setting next_dagrun for conditional_dataset_and_time_based_timetable to 2025-11-12 01:00:00+00:00, run_after=2025-11-12 01:00:00+00:00
[2025-11-16T10:44:26.232+0000] {logging_mixin.py:188} INFO - [2025-11-16T10:44:26.232+0000] {dag.py:3954} INFO - Setting next_dagrun for consume_1_and_2_with_dataset_expressions to None, run_after=None
[2025-11-16T10:44:26.233+0000] {logging_mixin.py:188} INFO - [2025-11-16T10:44:26.232+0000] {dag.py:3954} INFO - Setting next_dagrun for consume_1_or_2_with_dataset_expressions to None, run_after=None
[2025-11-16T10:44:26.233+0000] {logging_mixin.py:188} INFO - [2025-11-16T10:44:26.233+0000] {dag.py:3954} INFO - Setting next_dagrun for consume_1_or_both_2_and_3_with_dataset_expressions to None, run_after=None
[2025-11-16T10:44:26.233+0000] {logging_mixin.py:188} INFO - [2025-11-16T10:44:26.233+0000] {dag.py:3954} INFO - Setting next_dagrun for dataset_consumes_1 to None, run_after=None
[2025-11-16T10:44:26.234+0000] {logging_mixin.py:188} INFO - [2025-11-16T10:44:26.234+0000] {dag.py:3954} INFO - Setting next_dagrun for dataset_consumes_1_and_2 to None, run_after=None
[2025-11-16T10:44:26.234+0000] {logging_mixin.py:188} INFO - [2025-11-16T10:44:26.234+0000] {dag.py:3954} INFO - Setting next_dagrun for dataset_consumes_1_never_scheduled to None, run_after=None
[2025-11-16T10:44:26.236+0000] {logging_mixin.py:188} INFO - [2025-11-16T10:44:26.235+0000] {dag.py:3954} INFO - Setting next_dagrun for dataset_consumes_unknown_never_scheduled to None, run_after=None
[2025-11-16T10:44:26.239+0000] {logging_mixin.py:188} INFO - [2025-11-16T10:44:26.239+0000] {dag.py:3954} INFO - Setting next_dagrun for dataset_produces_1 to 2025-11-15 00:00:00+00:00, run_after=2025-11-16 00:00:00+00:00
[2025-11-16T10:44:26.242+0000] {logging_mixin.py:188} INFO - [2025-11-16T10:44:26.242+0000] {dag.py:3954} INFO - Setting next_dagrun for dataset_produces_2 to None, run_after=None
[2025-11-16T10:44:26.253+0000] {processor.py:183} INFO - Processing /home/airflow/.local/lib/python3.12/site-packages/airflow/example_dags/example_datasets.py took 0.058 seconds
[2025-11-16T10:44:56.712+0000] {processor.py:161} INFO - Started process (PID=252) to work on /home/airflow/.local/lib/python3.12/site-packages/airflow/example_dags/example_datasets.py
[2025-11-16T10:44:56.712+0000] {processor.py:830} INFO - Processing file /home/airflow/.local/lib/python3.12/site-packages/airflow/example_dags/example_datasets.py for tasks to queue
[2025-11-16T10:44:56.713+0000] {logging_mixin.py:188} INFO - [2025-11-16T10:44:56.713+0000] {dagbag.py:540} INFO - Filling up the DagBag from /home/airflow/.local/lib/python3.12/site-packages/airflow/example_dags/example_datasets.py
[2025-11-16T10:44:56.718+0000] {processor.py:840} INFO - DAG(s) 'consume_1_and_2_with_dataset_expressions', 'consume_1_or_both_2_and_3_with_dataset_expressions', 'dataset_produces_2', 'conditional_dataset_and_time_based_timetable', 'dataset_consumes_1_never_scheduled', 'dataset_produces_1', 'dataset_consumes_1', 'dataset_consumes_1_and_2', 'dataset_consumes_unknown_never_scheduled', 'consume_1_or_2_with_dataset_expressions' retrieved from /home/airflow/.local/lib/python3.12/site-packages/airflow/example_dags/example_datasets.py
[2025-11-16T10:44:56.734+0000] {logging_mixin.py:188} INFO - [2025-11-16T10:44:56.734+0000] {dag.py:3096} INFO - Sync 10 DAGs
[2025-11-16T10:44:56.743+0000] {logging_mixin.py:188} INFO - [2025-11-16T10:44:56.743+0000] {dag.py:3954} INFO - Setting next_dagrun for conditional_dataset_and_time_based_timetable to 2025-11-12 01:00:00+00:00, run_after=2025-11-12 01:00:00+00:00
[2025-11-16T10:44:56.744+0000] {logging_mixin.py:188} INFO - [2025-11-16T10:44:56.744+0000] {dag.py:3954} INFO - Setting next_dagrun for consume_1_and_2_with_dataset_expressions to None, run_after=None
[2025-11-16T10:44:56.745+0000] {logging_mixin.py:188} INFO - [2025-11-16T10:44:56.745+0000] {dag.py:3954} INFO - Setting next_dagrun for consume_1_or_2_with_dataset_expressions to None, run_after=None
[2025-11-16T10:44:56.748+0000] {logging_mixin.py:188} INFO - [2025-11-16T10:44:56.748+0000] {dag.py:3954} INFO - Setting next_dagrun for consume_1_or_both_2_and_3_with_dataset_expressions to None, run_after=None
[2025-11-16T10:44:56.751+0000] {logging_mixin.py:188} INFO - [2025-11-16T10:44:56.751+0000] {dag.py:3954} INFO - Setting next_dagrun for dataset_consumes_1 to None, run_after=None
[2025-11-16T10:44:56.752+0000] {logging_mixin.py:188} INFO - [2025-11-16T10:44:56.752+0000] {dag.py:3954} INFO - Setting next_dagrun for dataset_consumes_1_and_2 to None, run_after=None
[2025-11-16T10:44:56.754+0000] {logging_mixin.py:188} INFO - [2025-11-16T10:44:56.754+0000] {dag.py:3954} INFO - Setting next_dagrun for dataset_consumes_1_never_scheduled to None, run_after=None
[2025-11-16T10:44:56.755+0000] {logging_mixin.py:188} INFO - [2025-11-16T10:44:56.755+0000] {dag.py:3954} INFO - Setting next_dagrun for dataset_consumes_unknown_never_scheduled to None, run_after=None
[2025-11-16T10:44:56.755+0000] {logging_mixin.py:188} INFO - [2025-11-16T10:44:56.755+0000] {dag.py:3954} INFO - Setting next_dagrun for dataset_produces_1 to 2025-11-15 00:00:00+00:00, run_after=2025-11-16 00:00:00+00:00
[2025-11-16T10:44:56.756+0000] {logging_mixin.py:188} INFO - [2025-11-16T10:44:56.756+0000] {dag.py:3954} INFO - Setting next_dagrun for dataset_produces_2 to None, run_after=None
[2025-11-16T10:44:56.766+0000] {processor.py:183} INFO - Processing /home/airflow/.local/lib/python3.12/site-packages/airflow/example_dags/example_datasets.py took 0.056 seconds
[2025-11-16T10:45:27.189+0000] {processor.py:161} INFO - Started process (PID=310) to work on /home/airflow/.local/lib/python3.12/site-packages/airflow/example_dags/example_datasets.py
[2025-11-16T10:45:27.189+0000] {processor.py:830} INFO - Processing file /home/airflow/.local/lib/python3.12/site-packages/airflow/example_dags/example_datasets.py for tasks to queue
[2025-11-16T10:45:27.190+0000] {logging_mixin.py:188} INFO - [2025-11-16T10:45:27.190+0000] {dagbag.py:540} INFO - Filling up the DagBag from /home/airflow/.local/lib/python3.12/site-packages/airflow/example_dags/example_datasets.py
[2025-11-16T10:45:27.198+0000] {processor.py:840} INFO - DAG(s) 'consume_1_or_2_with_dataset_expressions', 'consume_1_and_2_with_dataset_expressions', 'conditional_dataset_and_time_based_timetable', 'dataset_produces_2', 'consume_1_or_both_2_and_3_with_dataset_expressions', 'dataset_consumes_unknown_never_scheduled', 'dataset_produces_1', 'dataset_consumes_1_never_scheduled', 'dataset_consumes_1_and_2', 'dataset_consumes_1' retrieved from /home/airflow/.local/lib/python3.12/site-packages/airflow/example_dags/example_datasets.py
[2025-11-16T10:45:27.214+0000] {logging_mixin.py:188} INFO - [2025-11-16T10:45:27.214+0000] {dag.py:3096} INFO - Sync 10 DAGs
[2025-11-16T10:45:27.223+0000] {logging_mixin.py:188} INFO - [2025-11-16T10:45:27.223+0000] {dag.py:3954} INFO - Setting next_dagrun for conditional_dataset_and_time_based_timetable to 2025-11-12 01:00:00+00:00, run_after=2025-11-12 01:00:00+00:00
[2025-11-16T10:45:27.224+0000] {logging_mixin.py:188} INFO - [2025-11-16T10:45:27.224+0000] {dag.py:3954} INFO - Setting next_dagrun for consume_1_and_2_with_dataset_expressions to None, run_after=None
[2025-11-16T10:45:27.225+0000] {logging_mixin.py:188} INFO - [2025-11-16T10:45:27.225+0000] {dag.py:3954} INFO - Setting next_dagrun for consume_1_or_2_with_dataset_expressions to None, run_after=None
[2025-11-16T10:45:27.228+0000] {logging_mixin.py:188} INFO - [2025-11-16T10:45:27.228+0000] {dag.py:3954} INFO - Setting next_dagrun for consume_1_or_both_2_and_3_with_dataset_expressions to None, run_after=None
[2025-11-16T10:45:27.231+0000] {logging_mixin.py:188} INFO - [2025-11-16T10:45:27.231+0000] {dag.py:3954} INFO - Setting next_dagrun for dataset_consumes_1 to None, run_after=None
[2025-11-16T10:45:27.231+0000] {logging_mixin.py:188} INFO - [2025-11-16T10:45:27.231+0000] {dag.py:3954} INFO - Setting next_dagrun for dataset_consumes_1_and_2 to None, run_after=None
[2025-11-16T10:45:27.233+0000] {logging_mixin.py:188} INFO - [2025-11-16T10:45:27.233+0000] {dag.py:3954} INFO - Setting next_dagrun for dataset_consumes_1_never_scheduled to None, run_after=None
[2025-11-16T10:45:27.235+0000] {logging_mixin.py:188} INFO - [2025-11-16T10:45:27.234+0000] {dag.py:3954} INFO - Setting next_dagrun for dataset_consumes_unknown_never_scheduled to None, run_after=None
[2025-11-16T10:45:27.235+0000] {logging_mixin.py:188} INFO - [2025-11-16T10:45:27.235+0000] {dag.py:3954} INFO - Setting next_dagrun for dataset_produces_1 to 2025-11-15 00:00:00+00:00, run_after=2025-11-16 00:00:00+00:00
[2025-11-16T10:45:27.236+0000] {logging_mixin.py:188} INFO - [2025-11-16T10:45:27.236+0000] {dag.py:3954} INFO - Setting next_dagrun for dataset_produces_2 to None, run_after=None
[2025-11-16T10:45:27.246+0000] {processor.py:183} INFO - Processing /home/airflow/.local/lib/python3.12/site-packages/airflow/example_dags/example_datasets.py took 0.059 seconds
[2025-11-16T10:45:57.678+0000] {processor.py:161} INFO - Started process (PID=368) to work on /home/airflow/.local/lib/python3.12/site-packages/airflow/example_dags/example_datasets.py
[2025-11-16T10:45:57.678+0000] {processor.py:830} INFO - Processing file /home/airflow/.local/lib/python3.12/site-packages/airflow/example_dags/example_datasets.py for tasks to queue
[2025-11-16T10:45:57.679+0000] {logging_mixin.py:188} INFO - [2025-11-16T10:45:57.679+0000] {dagbag.py:540} INFO - Filling up the DagBag from /home/airflow/.local/lib/python3.12/site-packages/airflow/example_dags/example_datasets.py
[2025-11-16T10:45:57.685+0000] {processor.py:840} INFO - DAG(s) 'dataset_consumes_1_and_2', 'consume_1_and_2_with_dataset_expressions', 'dataset_consumes_unknown_never_scheduled', 'conditional_dataset_and_time_based_timetable', 'dataset_consumes_1_never_scheduled', 'dataset_produces_1', 'dataset_consumes_1', 'consume_1_or_both_2_and_3_with_dataset_expressions', 'dataset_produces_2', 'consume_1_or_2_with_dataset_expressions' retrieved from /home/airflow/.local/lib/python3.12/site-packages/airflow/example_dags/example_datasets.py
[2025-11-16T10:45:57.701+0000] {logging_mixin.py:188} INFO - [2025-11-16T10:45:57.701+0000] {dag.py:3096} INFO - Sync 10 DAGs
[2025-11-16T10:45:57.710+0000] {logging_mixin.py:188} INFO - [2025-11-16T10:45:57.710+0000] {dag.py:3954} INFO - Setting next_dagrun for conditional_dataset_and_time_based_timetable to 2025-11-12 01:00:00+00:00, run_after=2025-11-12 01:00:00+00:00
[2025-11-16T10:45:57.712+0000] {logging_mixin.py:188} INFO - [2025-11-16T10:45:57.712+0000] {dag.py:3954} INFO - Setting next_dagrun for consume_1_and_2_with_dataset_expressions to None, run_after=None
[2025-11-16T10:45:57.712+0000] {logging_mixin.py:188} INFO - [2025-11-16T10:45:57.712+0000] {dag.py:3954} INFO - Setting next_dagrun for consume_1_or_2_with_dataset_expressions to None, run_after=None
[2025-11-16T10:45:57.713+0000] {logging_mixin.py:188} INFO - [2025-11-16T10:45:57.713+0000] {dag.py:3954} INFO - Setting next_dagrun for consume_1_or_both_2_and_3_with_dataset_expressions to None, run_after=None
[2025-11-16T10:45:57.713+0000] {logging_mixin.py:188} INFO - [2025-11-16T10:45:57.713+0000] {dag.py:3954} INFO - Setting next_dagrun for dataset_consumes_1 to None, run_after=None
[2025-11-16T10:45:57.713+0000] {logging_mixin.py:188} INFO - [2025-11-16T10:45:57.713+0000] {dag.py:3954} INFO - Setting next_dagrun for dataset_consumes_1_and_2 to None, run_after=None
[2025-11-16T10:45:57.714+0000] {logging_mixin.py:188} INFO - [2025-11-16T10:45:57.714+0000] {dag.py:3954} INFO - Setting next_dagrun for dataset_consumes_1_never_scheduled to None, run_after=None
[2025-11-16T10:45:57.715+0000] {logging_mixin.py:188} INFO - [2025-11-16T10:45:57.715+0000] {dag.py:3954} INFO - Setting next_dagrun for dataset_consumes_unknown_never_scheduled to None, run_after=None
[2025-11-16T10:45:57.716+0000] {logging_mixin.py:188} INFO - [2025-11-16T10:45:57.716+0000] {dag.py:3954} INFO - Setting next_dagrun for dataset_produces_1 to 2025-11-15 00:00:00+00:00, run_after=2025-11-16 00:00:00+00:00
[2025-11-16T10:45:57.719+0000] {logging_mixin.py:188} INFO - [2025-11-16T10:45:57.719+0000] {dag.py:3954} INFO - Setting next_dagrun for dataset_produces_2 to None, run_after=None
[2025-11-16T10:45:57.730+0000] {processor.py:183} INFO - Processing /home/airflow/.local/lib/python3.12/site-packages/airflow/example_dags/example_datasets.py took 0.055 seconds
[2025-11-16T10:46:28.049+0000] {processor.py:161} INFO - Started process (PID=426) to work on /home/airflow/.local/lib/python3.12/site-packages/airflow/example_dags/example_datasets.py
[2025-11-16T10:46:28.052+0000] {processor.py:830} INFO - Processing file /home/airflow/.local/lib/python3.12/site-packages/airflow/example_dags/example_datasets.py for tasks to queue
[2025-11-16T10:46:28.053+0000] {logging_mixin.py:188} INFO - [2025-11-16T10:46:28.053+0000] {dagbag.py:540} INFO - Filling up the DagBag from /home/airflow/.local/lib/python3.12/site-packages/airflow/example_dags/example_datasets.py
[2025-11-16T10:46:28.059+0000] {processor.py:840} INFO - DAG(s) 'conditional_dataset_and_time_based_timetable', 'dataset_consumes_1_never_scheduled', 'consume_1_and_2_with_dataset_expressions', 'dataset_consumes_unknown_never_scheduled', 'consume_1_or_2_with_dataset_expressions', 'dataset_consumes_1', 'dataset_produces_1', 'consume_1_or_both_2_and_3_with_dataset_expressions', 'dataset_produces_2', 'dataset_consumes_1_and_2' retrieved from /home/airflow/.local/lib/python3.12/site-packages/airflow/example_dags/example_datasets.py
[2025-11-16T10:46:28.073+0000] {logging_mixin.py:188} INFO - [2025-11-16T10:46:28.073+0000] {dag.py:3096} INFO - Sync 10 DAGs
[2025-11-16T10:46:28.083+0000] {logging_mixin.py:188} INFO - [2025-11-16T10:46:28.083+0000] {dag.py:3954} INFO - Setting next_dagrun for conditional_dataset_and_time_based_timetable to 2025-11-12 01:00:00+00:00, run_after=2025-11-12 01:00:00+00:00
[2025-11-16T10:46:28.084+0000] {logging_mixin.py:188} INFO - [2025-11-16T10:46:28.084+0000] {dag.py:3954} INFO - Setting next_dagrun for consume_1_and_2_with_dataset_expressions to None, run_after=None
[2025-11-16T10:46:28.085+0000] {logging_mixin.py:188} INFO - [2025-11-16T10:46:28.085+0000] {dag.py:3954} INFO - Setting next_dagrun for consume_1_or_2_with_dataset_expressions to None, run_after=None
[2025-11-16T10:46:28.089+0000] {logging_mixin.py:188} INFO - [2025-11-16T10:46:28.088+0000] {dag.py:3954} INFO - Setting next_dagrun for consume_1_or_both_2_and_3_with_dataset_expressions to None, run_after=None
[2025-11-16T10:46:28.089+0000] {logging_mixin.py:188} INFO - [2025-11-16T10:46:28.089+0000] {dag.py:3954} INFO - Setting next_dagrun for dataset_consumes_1 to None, run_after=None
[2025-11-16T10:46:28.092+0000] {logging_mixin.py:188} INFO - [2025-11-16T10:46:28.092+0000] {dag.py:3954} INFO - Setting next_dagrun for dataset_consumes_1_and_2 to None, run_after=None
[2025-11-16T10:46:28.092+0000] {logging_mixin.py:188} INFO - [2025-11-16T10:46:28.092+0000] {dag.py:3954} INFO - Setting next_dagrun for dataset_consumes_1_never_scheduled to None, run_after=None
[2025-11-16T10:46:28.094+0000] {logging_mixin.py:188} INFO - [2025-11-16T10:46:28.094+0000] {dag.py:3954} INFO - Setting next_dagrun for dataset_consumes_unknown_never_scheduled to None, run_after=None
[2025-11-16T10:46:28.096+0000] {logging_mixin.py:188} INFO - [2025-11-16T10:46:28.096+0000] {dag.py:3954} INFO - Setting next_dagrun for dataset_produces_1 to 2025-11-15 00:00:00+00:00, run_after=2025-11-16 00:00:00+00:00
[2025-11-16T10:46:28.097+0000] {logging_mixin.py:188} INFO - [2025-11-16T10:46:28.097+0000] {dag.py:3954} INFO - Setting next_dagrun for dataset_produces_2 to None, run_after=None
[2025-11-16T10:46:28.107+0000] {processor.py:183} INFO - Processing /home/airflow/.local/lib/python3.12/site-packages/airflow/example_dags/example_datasets.py took 0.061 seconds
[2025-11-16T10:46:58.370+0000] {processor.py:161} INFO - Started process (PID=484) to work on /home/airflow/.local/lib/python3.12/site-packages/airflow/example_dags/example_datasets.py
[2025-11-16T10:46:58.370+0000] {processor.py:830} INFO - Processing file /home/airflow/.local/lib/python3.12/site-packages/airflow/example_dags/example_datasets.py for tasks to queue
[2025-11-16T10:46:58.371+0000] {logging_mixin.py:188} INFO - [2025-11-16T10:46:58.371+0000] {dagbag.py:540} INFO - Filling up the DagBag from /home/airflow/.local/lib/python3.12/site-packages/airflow/example_dags/example_datasets.py
[2025-11-16T10:46:58.375+0000] {processor.py:840} INFO - DAG(s) 'dataset_consumes_1', 'dataset_produces_2', 'consume_1_or_2_with_dataset_expressions', 'consume_1_and_2_with_dataset_expressions', 'conditional_dataset_and_time_based_timetable', 'dataset_consumes_1_and_2', 'dataset_produces_1', 'consume_1_or_both_2_and_3_with_dataset_expressions', 'dataset_consumes_1_never_scheduled', 'dataset_consumes_unknown_never_scheduled' retrieved from /home/airflow/.local/lib/python3.12/site-packages/airflow/example_dags/example_datasets.py
[2025-11-16T10:46:58.392+0000] {logging_mixin.py:188} INFO - [2025-11-16T10:46:58.392+0000] {dag.py:3096} INFO - Sync 10 DAGs
[2025-11-16T10:46:58.400+0000] {logging_mixin.py:188} INFO - [2025-11-16T10:46:58.400+0000] {dag.py:3954} INFO - Setting next_dagrun for conditional_dataset_and_time_based_timetable to 2025-11-12 01:00:00+00:00, run_after=2025-11-12 01:00:00+00:00
[2025-11-16T10:46:58.402+0000] {logging_mixin.py:188} INFO - [2025-11-16T10:46:58.402+0000] {dag.py:3954} INFO - Setting next_dagrun for consume_1_and_2_with_dataset_expressions to None, run_after=None
[2025-11-16T10:46:58.405+0000] {logging_mixin.py:188} INFO - [2025-11-16T10:46:58.405+0000] {dag.py:3954} INFO - Setting next_dagrun for consume_1_or_2_with_dataset_expressions to None, run_after=None
[2025-11-16T10:46:58.408+0000] {logging_mixin.py:188} INFO - [2025-11-16T10:46:58.408+0000] {dag.py:3954} INFO - Setting next_dagrun for consume_1_or_both_2_and_3_with_dataset_expressions to None, run_after=None
[2025-11-16T10:46:58.408+0000] {logging_mixin.py:188} INFO - [2025-11-16T10:46:58.408+0000] {dag.py:3954} INFO - Setting next_dagrun for dataset_consumes_1 to None, run_after=None
[2025-11-16T10:46:58.409+0000] {logging_mixin.py:188} INFO - [2025-11-16T10:46:58.409+0000] {dag.py:3954} INFO - Setting next_dagrun for dataset_consumes_1_and_2 to None, run_after=None
[2025-11-16T10:46:58.409+0000] {logging_mixin.py:188} INFO - [2025-11-16T10:46:58.409+0000] {dag.py:3954} INFO - Setting next_dagrun for dataset_consumes_1_never_scheduled to None, run_after=None
[2025-11-16T10:46:58.409+0000] {logging_mixin.py:188} INFO - [2025-11-16T10:46:58.409+0000] {dag.py:3954} INFO - Setting next_dagrun for dataset_consumes_unknown_never_scheduled to None, run_after=None
[2025-11-16T10:46:58.410+0000] {logging_mixin.py:188} INFO - [2025-11-16T10:46:58.410+0000] {dag.py:3954} INFO - Setting next_dagrun for dataset_produces_1 to 2025-11-15 00:00:00+00:00, run_after=2025-11-16 00:00:00+00:00
[2025-11-16T10:46:58.410+0000] {logging_mixin.py:188} INFO - [2025-11-16T10:46:58.410+0000] {dag.py:3954} INFO - Setting next_dagrun for dataset_produces_2 to None, run_after=None
[2025-11-16T10:46:58.421+0000] {processor.py:183} INFO - Processing /home/airflow/.local/lib/python3.12/site-packages/airflow/example_dags/example_datasets.py took 0.054 seconds
[2025-11-16T10:47:28.674+0000] {processor.py:161} INFO - Started process (PID=542) to work on /home/airflow/.local/lib/python3.12/site-packages/airflow/example_dags/example_datasets.py
[2025-11-16T10:47:28.675+0000] {processor.py:830} INFO - Processing file /home/airflow/.local/lib/python3.12/site-packages/airflow/example_dags/example_datasets.py for tasks to queue
[2025-11-16T10:47:28.679+0000] {logging_mixin.py:188} INFO - [2025-11-16T10:47:28.679+0000] {dagbag.py:540} INFO - Filling up the DagBag from /home/airflow/.local/lib/python3.12/site-packages/airflow/example_dags/example_datasets.py
[2025-11-16T10:47:28.684+0000] {processor.py:840} INFO - DAG(s) 'dataset_produces_1', 'dataset_produces_2', 'dataset_consumes_unknown_never_scheduled', 'dataset_consumes_1_and_2', 'conditional_dataset_and_time_based_timetable', 'consume_1_or_2_with_dataset_expressions', 'dataset_consumes_1', 'consume_1_and_2_with_dataset_expressions', 'consume_1_or_both_2_and_3_with_dataset_expressions', 'dataset_consumes_1_never_scheduled' retrieved from /home/airflow/.local/lib/python3.12/site-packages/airflow/example_dags/example_datasets.py
[2025-11-16T10:47:28.700+0000] {logging_mixin.py:188} INFO - [2025-11-16T10:47:28.700+0000] {dag.py:3096} INFO - Sync 10 DAGs
[2025-11-16T10:47:28.709+0000] {logging_mixin.py:188} INFO - [2025-11-16T10:47:28.709+0000] {dag.py:3954} INFO - Setting next_dagrun for conditional_dataset_and_time_based_timetable to 2025-11-12 01:00:00+00:00, run_after=2025-11-12 01:00:00+00:00
[2025-11-16T10:47:28.711+0000] {logging_mixin.py:188} INFO - [2025-11-16T10:47:28.711+0000] {dag.py:3954} INFO - Setting next_dagrun for consume_1_and_2_with_dataset_expressions to None, run_after=None
[2025-11-16T10:47:28.711+0000] {logging_mixin.py:188} INFO - [2025-11-16T10:47:28.711+0000] {dag.py:3954} INFO - Setting next_dagrun for consume_1_or_2_with_dataset_expressions to None, run_after=None
[2025-11-16T10:47:28.712+0000] {logging_mixin.py:188} INFO - [2025-11-16T10:47:28.711+0000] {dag.py:3954} INFO - Setting next_dagrun for consume_1_or_both_2_and_3_with_dataset_expressions to None, run_after=None
[2025-11-16T10:47:28.715+0000] {logging_mixin.py:188} INFO - [2025-11-16T10:47:28.715+0000] {dag.py:3954} INFO - Setting next_dagrun for dataset_consumes_1 to None, run_after=None
[2025-11-16T10:47:28.715+0000] {logging_mixin.py:188} INFO - [2025-11-16T10:47:28.715+0000] {dag.py:3954} INFO - Setting next_dagrun for dataset_consumes_1_and_2 to None, run_after=None
[2025-11-16T10:47:28.718+0000] {logging_mixin.py:188} INFO - [2025-11-16T10:47:28.718+0000] {dag.py:3954} INFO - Setting next_dagrun for dataset_consumes_1_never_scheduled to None, run_after=None
[2025-11-16T10:47:28.719+0000] {logging_mixin.py:188} INFO - [2025-11-16T10:47:28.719+0000] {dag.py:3954} INFO - Setting next_dagrun for dataset_consumes_unknown_never_scheduled to None, run_after=None
[2025-11-16T10:47:28.720+0000] {logging_mixin.py:188} INFO - [2025-11-16T10:47:28.719+0000] {dag.py:3954} INFO - Setting next_dagrun for dataset_produces_1 to 2025-11-15 00:00:00+00:00, run_after=2025-11-16 00:00:00+00:00
[2025-11-16T10:47:28.720+0000] {logging_mixin.py:188} INFO - [2025-11-16T10:47:28.720+0000] {dag.py:3954} INFO - Setting next_dagrun for dataset_produces_2 to None, run_after=None
[2025-11-16T10:47:28.730+0000] {processor.py:183} INFO - Processing /home/airflow/.local/lib/python3.12/site-packages/airflow/example_dags/example_datasets.py took 0.058 seconds
[2025-11-16T10:47:58.992+0000] {processor.py:161} INFO - Started process (PID=600) to work on /home/airflow/.local/lib/python3.12/site-packages/airflow/example_dags/example_datasets.py
[2025-11-16T10:47:58.992+0000] {processor.py:830} INFO - Processing file /home/airflow/.local/lib/python3.12/site-packages/airflow/example_dags/example_datasets.py for tasks to queue
[2025-11-16T10:47:58.993+0000] {logging_mixin.py:188} INFO - [2025-11-16T10:47:58.993+0000] {dagbag.py:540} INFO - Filling up the DagBag from /home/airflow/.local/lib/python3.12/site-packages/airflow/example_dags/example_datasets.py
[2025-11-16T10:47:58.998+0000] {processor.py:840} INFO - DAG(s) 'dataset_produces_1', 'dataset_consumes_1_never_scheduled', 'conditional_dataset_and_time_based_timetable', 'dataset_consumes_unknown_never_scheduled', 'dataset_produces_2', 'dataset_consumes_1', 'consume_1_or_2_with_dataset_expressions', 'consume_1_or_both_2_and_3_with_dataset_expressions', 'consume_1_and_2_with_dataset_expressions', 'dataset_consumes_1_and_2' retrieved from /home/airflow/.local/lib/python3.12/site-packages/airflow/example_dags/example_datasets.py
[2025-11-16T10:47:59.013+0000] {logging_mixin.py:188} INFO - [2025-11-16T10:47:59.013+0000] {dag.py:3096} INFO - Sync 10 DAGs
[2025-11-16T10:47:59.023+0000] {logging_mixin.py:188} INFO - [2025-11-16T10:47:59.023+0000] {dag.py:3954} INFO - Setting next_dagrun for conditional_dataset_and_time_based_timetable to 2025-11-12 01:00:00+00:00, run_after=2025-11-12 01:00:00+00:00
[2025-11-16T10:47:59.025+0000] {logging_mixin.py:188} INFO - [2025-11-16T10:47:59.025+0000] {dag.py:3954} INFO - Setting next_dagrun for consume_1_and_2_with_dataset_expressions to None, run_after=None
[2025-11-16T10:47:59.026+0000] {logging_mixin.py:188} INFO - [2025-11-16T10:47:59.025+0000] {dag.py:3954} INFO - Setting next_dagrun for consume_1_or_2_with_dataset_expressions to None, run_after=None
[2025-11-16T10:47:59.026+0000] {logging_mixin.py:188} INFO - [2025-11-16T10:47:59.026+0000] {dag.py:3954} INFO - Setting next_dagrun for consume_1_or_both_2_and_3_with_dataset_expressions to None, run_after=None
[2025-11-16T10:47:59.026+0000] {logging_mixin.py:188} INFO - [2025-11-16T10:47:59.026+0000] {dag.py:3954} INFO - Setting next_dagrun for dataset_consumes_1 to None, run_after=None
[2025-11-16T10:47:59.027+0000] {logging_mixin.py:188} INFO - [2025-11-16T10:47:59.027+0000] {dag.py:3954} INFO - Setting next_dagrun for dataset_consumes_1_and_2 to None, run_after=None
[2025-11-16T10:47:59.027+0000] {logging_mixin.py:188} INFO - [2025-11-16T10:47:59.027+0000] {dag.py:3954} INFO - Setting next_dagrun for dataset_consumes_1_never_scheduled to None, run_after=None
[2025-11-16T10:47:59.028+0000] {logging_mixin.py:188} INFO - [2025-11-16T10:47:59.028+0000] {dag.py:3954} INFO - Setting next_dagrun for dataset_consumes_unknown_never_scheduled to None, run_after=None
[2025-11-16T10:47:59.028+0000] {logging_mixin.py:188} INFO - [2025-11-16T10:47:59.028+0000] {dag.py:3954} INFO - Setting next_dagrun for dataset_produces_1 to 2025-11-15 00:00:00+00:00, run_after=2025-11-16 00:00:00+00:00
[2025-11-16T10:47:59.029+0000] {logging_mixin.py:188} INFO - [2025-11-16T10:47:59.029+0000] {dag.py:3954} INFO - Setting next_dagrun for dataset_produces_2 to None, run_after=None
[2025-11-16T10:47:59.040+0000] {processor.py:183} INFO - Processing /home/airflow/.local/lib/python3.12/site-packages/airflow/example_dags/example_datasets.py took 0.050 seconds
[2025-11-16T10:48:29.331+0000] {processor.py:161} INFO - Started process (PID=658) to work on /home/airflow/.local/lib/python3.12/site-packages/airflow/example_dags/example_datasets.py
[2025-11-16T10:48:29.332+0000] {processor.py:830} INFO - Processing file /home/airflow/.local/lib/python3.12/site-packages/airflow/example_dags/example_datasets.py for tasks to queue
[2025-11-16T10:48:29.333+0000] {logging_mixin.py:188} INFO - [2025-11-16T10:48:29.333+0000] {dagbag.py:540} INFO - Filling up the DagBag from /home/airflow/.local/lib/python3.12/site-packages/airflow/example_dags/example_datasets.py
[2025-11-16T10:48:29.341+0000] {processor.py:840} INFO - DAG(s) 'consume_1_or_both_2_and_3_with_dataset_expressions', 'dataset_produces_1', 'dataset_consumes_1', 'dataset_consumes_unknown_never_scheduled', 'consume_1_or_2_with_dataset_expressions', 'conditional_dataset_and_time_based_timetable', 'dataset_consumes_1_never_scheduled', 'dataset_produces_2', 'consume_1_and_2_with_dataset_expressions', 'dataset_consumes_1_and_2' retrieved from /home/airflow/.local/lib/python3.12/site-packages/airflow/example_dags/example_datasets.py
[2025-11-16T10:48:29.356+0000] {logging_mixin.py:188} INFO - [2025-11-16T10:48:29.356+0000] {dag.py:3096} INFO - Sync 10 DAGs
[2025-11-16T10:48:29.364+0000] {logging_mixin.py:188} INFO - [2025-11-16T10:48:29.364+0000] {dag.py:3954} INFO - Setting next_dagrun for conditional_dataset_and_time_based_timetable to 2025-11-12 01:00:00+00:00, run_after=2025-11-12 01:00:00+00:00
[2025-11-16T10:48:29.366+0000] {logging_mixin.py:188} INFO - [2025-11-16T10:48:29.366+0000] {dag.py:3954} INFO - Setting next_dagrun for consume_1_and_2_with_dataset_expressions to None, run_after=None
[2025-11-16T10:48:29.367+0000] {logging_mixin.py:188} INFO - [2025-11-16T10:48:29.367+0000] {dag.py:3954} INFO - Setting next_dagrun for consume_1_or_2_with_dataset_expressions to None, run_after=None
[2025-11-16T10:48:29.368+0000] {logging_mixin.py:188} INFO - [2025-11-16T10:48:29.368+0000] {dag.py:3954} INFO - Setting next_dagrun for consume_1_or_both_2_and_3_with_dataset_expressions to None, run_after=None
[2025-11-16T10:48:29.368+0000] {logging_mixin.py:188} INFO - [2025-11-16T10:48:29.368+0000] {dag.py:3954} INFO - Setting next_dagrun for dataset_consumes_1 to None, run_after=None
[2025-11-16T10:48:29.368+0000] {logging_mixin.py:188} INFO - [2025-11-16T10:48:29.368+0000] {dag.py:3954} INFO - Setting next_dagrun for dataset_consumes_1_and_2 to None, run_after=None
[2025-11-16T10:48:29.369+0000] {logging_mixin.py:188} INFO - [2025-11-16T10:48:29.369+0000] {dag.py:3954} INFO - Setting next_dagrun for dataset_consumes_1_never_scheduled to None, run_after=None
[2025-11-16T10:48:29.369+0000] {logging_mixin.py:188} INFO - [2025-11-16T10:48:29.369+0000] {dag.py:3954} INFO - Setting next_dagrun for dataset_consumes_unknown_never_scheduled to None, run_after=None
[2025-11-16T10:48:29.371+0000] {logging_mixin.py:188} INFO - [2025-11-16T10:48:29.371+0000] {dag.py:3954} INFO - Setting next_dagrun for dataset_produces_1 to 2025-11-15 00:00:00+00:00, run_after=2025-11-16 00:00:00+00:00
[2025-11-16T10:48:29.374+0000] {logging_mixin.py:188} INFO - [2025-11-16T10:48:29.374+0000] {dag.py:3954} INFO - Setting next_dagrun for dataset_produces_2 to None, run_after=None
[2025-11-16T10:48:29.385+0000] {processor.py:183} INFO - Processing /home/airflow/.local/lib/python3.12/site-packages/airflow/example_dags/example_datasets.py took 0.056 seconds
[2025-11-16T10:48:59.679+0000] {processor.py:161} INFO - Started process (PID=716) to work on /home/airflow/.local/lib/python3.12/site-packages/airflow/example_dags/example_datasets.py
[2025-11-16T10:48:59.681+0000] {processor.py:830} INFO - Processing file /home/airflow/.local/lib/python3.12/site-packages/airflow/example_dags/example_datasets.py for tasks to queue
[2025-11-16T10:48:59.684+0000] {logging_mixin.py:188} INFO - [2025-11-16T10:48:59.684+0000] {dagbag.py:540} INFO - Filling up the DagBag from /home/airflow/.local/lib/python3.12/site-packages/airflow/example_dags/example_datasets.py
[2025-11-16T10:48:59.689+0000] {processor.py:840} INFO - DAG(s) 'dataset_consumes_1_and_2', 'dataset_produces_1', 'dataset_consumes_unknown_never_scheduled', 'consume_1_or_2_with_dataset_expressions', 'dataset_consumes_1_never_scheduled', 'consume_1_and_2_with_dataset_expressions', 'consume_1_or_both_2_and_3_with_dataset_expressions', 'dataset_consumes_1', 'conditional_dataset_and_time_based_timetable', 'dataset_produces_2' retrieved from /home/airflow/.local/lib/python3.12/site-packages/airflow/example_dags/example_datasets.py
[2025-11-16T10:48:59.705+0000] {logging_mixin.py:188} INFO - [2025-11-16T10:48:59.704+0000] {dag.py:3096} INFO - Sync 10 DAGs
[2025-11-16T10:48:59.714+0000] {logging_mixin.py:188} INFO - [2025-11-16T10:48:59.714+0000] {dag.py:3954} INFO - Setting next_dagrun for conditional_dataset_and_time_based_timetable to 2025-11-12 01:00:00+00:00, run_after=2025-11-12 01:00:00+00:00
[2025-11-16T10:48:59.716+0000] {logging_mixin.py:188} INFO - [2025-11-16T10:48:59.716+0000] {dag.py:3954} INFO - Setting next_dagrun for consume_1_and_2_with_dataset_expressions to None, run_after=None
[2025-11-16T10:48:59.719+0000] {logging_mixin.py:188} INFO - [2025-11-16T10:48:59.719+0000] {dag.py:3954} INFO - Setting next_dagrun for consume_1_or_2_with_dataset_expressions to None, run_after=None
[2025-11-16T10:48:59.719+0000] {logging_mixin.py:188} INFO - [2025-11-16T10:48:59.719+0000] {dag.py:3954} INFO - Setting next_dagrun for consume_1_or_both_2_and_3_with_dataset_expressions to None, run_after=None
[2025-11-16T10:48:59.721+0000] {logging_mixin.py:188} INFO - [2025-11-16T10:48:59.721+0000] {dag.py:3954} INFO - Setting next_dagrun for dataset_consumes_1 to None, run_after=None
[2025-11-16T10:48:59.722+0000] {logging_mixin.py:188} INFO - [2025-11-16T10:48:59.722+0000] {dag.py:3954} INFO - Setting next_dagrun for dataset_consumes_1_and_2 to None, run_after=None
[2025-11-16T10:48:59.723+0000] {logging_mixin.py:188} INFO - [2025-11-16T10:48:59.723+0000] {dag.py:3954} INFO - Setting next_dagrun for dataset_consumes_1_never_scheduled to None, run_after=None
[2025-11-16T10:48:59.723+0000] {logging_mixin.py:188} INFO - [2025-11-16T10:48:59.723+0000] {dag.py:3954} INFO - Setting next_dagrun for dataset_consumes_unknown_never_scheduled to None, run_after=None
[2025-11-16T10:48:59.724+0000] {logging_mixin.py:188} INFO - [2025-11-16T10:48:59.724+0000] {dag.py:3954} INFO - Setting next_dagrun for dataset_produces_1 to 2025-11-15 00:00:00+00:00, run_after=2025-11-16 00:00:00+00:00
[2025-11-16T10:48:59.724+0000] {logging_mixin.py:188} INFO - [2025-11-16T10:48:59.724+0000] {dag.py:3954} INFO - Setting next_dagrun for dataset_produces_2 to None, run_after=None
[2025-11-16T10:48:59.734+0000] {processor.py:183} INFO - Processing /home/airflow/.local/lib/python3.12/site-packages/airflow/example_dags/example_datasets.py took 0.057 seconds
