[2025-11-16T10:43:25.038+0000] {processor.py:161} INFO - Started process (PID=78) to work on /home/airflow/.local/lib/python3.12/site-packages/airflow/example_dags/example_branch_datetime_operator.py
[2025-11-16T10:43:25.038+0000] {processor.py:830} INFO - Processing file /home/airflow/.local/lib/python3.12/site-packages/airflow/example_dags/example_branch_datetime_operator.py for tasks to queue
[2025-11-16T10:43:25.039+0000] {logging_mixin.py:188} INFO - [2025-11-16T10:43:25.039+0000] {dagbag.py:540} INFO - Filling up the DagBag from /home/airflow/.local/lib/python3.12/site-packages/airflow/example_dags/example_branch_datetime_operator.py
[2025-11-16T10:43:25.044+0000] {processor.py:840} INFO - DAG(s) 'example_branch_datetime_operator', 'example_branch_datetime_operator_3', 'example_branch_datetime_operator_2' retrieved from /home/airflow/.local/lib/python3.12/site-packages/airflow/example_dags/example_branch_datetime_operator.py
[2025-11-16T10:43:25.051+0000] {logging_mixin.py:188} INFO - [2025-11-16T10:43:25.051+0000] {dag.py:3096} INFO - Sync 3 DAGs
[2025-11-16T10:43:25.061+0000] {logging_mixin.py:188} INFO - [2025-11-16T10:43:25.061+0000] {dag.py:3954} INFO - Setting next_dagrun for example_branch_datetime_operator to 2025-11-15 00:00:00+00:00, run_after=2025-11-16 00:00:00+00:00
[2025-11-16T10:43:25.063+0000] {logging_mixin.py:188} INFO - [2025-11-16T10:43:25.063+0000] {dag.py:3954} INFO - Setting next_dagrun for example_branch_datetime_operator_2 to 2025-11-15 00:00:00+00:00, run_after=2025-11-16 00:00:00+00:00
[2025-11-16T10:43:25.064+0000] {logging_mixin.py:188} INFO - [2025-11-16T10:43:25.064+0000] {dag.py:3954} INFO - Setting next_dagrun for example_branch_datetime_operator_3 to 2025-11-15 00:00:00+00:00, run_after=2025-11-16 00:00:00+00:00
[2025-11-16T10:43:25.071+0000] {processor.py:183} INFO - Processing /home/airflow/.local/lib/python3.12/site-packages/airflow/example_dags/example_branch_datetime_operator.py took 0.036 seconds
[2025-11-16T10:43:55.663+0000] {processor.py:161} INFO - Started process (PID=136) to work on /home/airflow/.local/lib/python3.12/site-packages/airflow/example_dags/example_branch_datetime_operator.py
[2025-11-16T10:43:55.663+0000] {processor.py:830} INFO - Processing file /home/airflow/.local/lib/python3.12/site-packages/airflow/example_dags/example_branch_datetime_operator.py for tasks to queue
[2025-11-16T10:43:55.664+0000] {logging_mixin.py:188} INFO - [2025-11-16T10:43:55.664+0000] {dagbag.py:540} INFO - Filling up the DagBag from /home/airflow/.local/lib/python3.12/site-packages/airflow/example_dags/example_branch_datetime_operator.py
[2025-11-16T10:43:55.667+0000] {processor.py:840} INFO - DAG(s) 'example_branch_datetime_operator_2', 'example_branch_datetime_operator_3', 'example_branch_datetime_operator' retrieved from /home/airflow/.local/lib/python3.12/site-packages/airflow/example_dags/example_branch_datetime_operator.py
[2025-11-16T10:43:55.707+0000] {logging_mixin.py:188} INFO - [2025-11-16T10:43:55.707+0000] {dag.py:3096} INFO - Sync 3 DAGs
[2025-11-16T10:43:55.713+0000] {logging_mixin.py:188} INFO - [2025-11-16T10:43:55.713+0000] {dag.py:3954} INFO - Setting next_dagrun for example_branch_datetime_operator to 2025-11-15 00:00:00+00:00, run_after=2025-11-16 00:00:00+00:00
[2025-11-16T10:43:55.714+0000] {logging_mixin.py:188} INFO - [2025-11-16T10:43:55.714+0000] {dag.py:3954} INFO - Setting next_dagrun for example_branch_datetime_operator_2 to 2025-11-15 00:00:00+00:00, run_after=2025-11-16 00:00:00+00:00
[2025-11-16T10:43:55.715+0000] {logging_mixin.py:188} INFO - [2025-11-16T10:43:55.715+0000] {dag.py:3954} INFO - Setting next_dagrun for example_branch_datetime_operator_3 to 2025-11-15 00:00:00+00:00, run_after=2025-11-16 00:00:00+00:00
[2025-11-16T10:43:55.721+0000] {processor.py:183} INFO - Processing /home/airflow/.local/lib/python3.12/site-packages/airflow/example_dags/example_branch_datetime_operator.py took 0.060 seconds
[2025-11-16T10:44:26.342+0000] {processor.py:161} INFO - Started process (PID=200) to work on /home/airflow/.local/lib/python3.12/site-packages/airflow/example_dags/example_branch_datetime_operator.py
[2025-11-16T10:44:26.345+0000] {processor.py:830} INFO - Processing file /home/airflow/.local/lib/python3.12/site-packages/airflow/example_dags/example_branch_datetime_operator.py for tasks to queue
[2025-11-16T10:44:26.349+0000] {logging_mixin.py:188} INFO - [2025-11-16T10:44:26.349+0000] {dagbag.py:540} INFO - Filling up the DagBag from /home/airflow/.local/lib/python3.12/site-packages/airflow/example_dags/example_branch_datetime_operator.py
[2025-11-16T10:44:26.353+0000] {processor.py:840} INFO - DAG(s) 'example_branch_datetime_operator_2', 'example_branch_datetime_operator_3', 'example_branch_datetime_operator' retrieved from /home/airflow/.local/lib/python3.12/site-packages/airflow/example_dags/example_branch_datetime_operator.py
[2025-11-16T10:44:26.363+0000] {logging_mixin.py:188} INFO - [2025-11-16T10:44:26.363+0000] {dag.py:3096} INFO - Sync 3 DAGs
[2025-11-16T10:44:26.372+0000] {logging_mixin.py:188} INFO - [2025-11-16T10:44:26.371+0000] {dag.py:3954} INFO - Setting next_dagrun for example_branch_datetime_operator to 2025-11-15 00:00:00+00:00, run_after=2025-11-16 00:00:00+00:00
[2025-11-16T10:44:26.374+0000] {logging_mixin.py:188} INFO - [2025-11-16T10:44:26.374+0000] {dag.py:3954} INFO - Setting next_dagrun for example_branch_datetime_operator_2 to 2025-11-15 00:00:00+00:00, run_after=2025-11-16 00:00:00+00:00
[2025-11-16T10:44:26.375+0000] {logging_mixin.py:188} INFO - [2025-11-16T10:44:26.375+0000] {dag.py:3954} INFO - Setting next_dagrun for example_branch_datetime_operator_3 to 2025-11-15 00:00:00+00:00, run_after=2025-11-16 00:00:00+00:00
[2025-11-16T10:44:26.381+0000] {processor.py:183} INFO - Processing /home/airflow/.local/lib/python3.12/site-packages/airflow/example_dags/example_branch_datetime_operator.py took 0.041 seconds
[2025-11-16T10:44:56.849+0000] {processor.py:161} INFO - Started process (PID=258) to work on /home/airflow/.local/lib/python3.12/site-packages/airflow/example_dags/example_branch_datetime_operator.py
[2025-11-16T10:44:56.850+0000] {processor.py:830} INFO - Processing file /home/airflow/.local/lib/python3.12/site-packages/airflow/example_dags/example_branch_datetime_operator.py for tasks to queue
[2025-11-16T10:44:56.850+0000] {logging_mixin.py:188} INFO - [2025-11-16T10:44:56.850+0000] {dagbag.py:540} INFO - Filling up the DagBag from /home/airflow/.local/lib/python3.12/site-packages/airflow/example_dags/example_branch_datetime_operator.py
[2025-11-16T10:44:56.854+0000] {processor.py:840} INFO - DAG(s) 'example_branch_datetime_operator_2', 'example_branch_datetime_operator_3', 'example_branch_datetime_operator' retrieved from /home/airflow/.local/lib/python3.12/site-packages/airflow/example_dags/example_branch_datetime_operator.py
[2025-11-16T10:44:56.864+0000] {logging_mixin.py:188} INFO - [2025-11-16T10:44:56.864+0000] {dag.py:3096} INFO - Sync 3 DAGs
[2025-11-16T10:44:56.872+0000] {logging_mixin.py:188} INFO - [2025-11-16T10:44:56.872+0000] {dag.py:3954} INFO - Setting next_dagrun for example_branch_datetime_operator to 2025-11-15 00:00:00+00:00, run_after=2025-11-16 00:00:00+00:00
[2025-11-16T10:44:56.874+0000] {logging_mixin.py:188} INFO - [2025-11-16T10:44:56.874+0000] {dag.py:3954} INFO - Setting next_dagrun for example_branch_datetime_operator_2 to 2025-11-15 00:00:00+00:00, run_after=2025-11-16 00:00:00+00:00
[2025-11-16T10:44:56.874+0000] {logging_mixin.py:188} INFO - [2025-11-16T10:44:56.874+0000] {dag.py:3954} INFO - Setting next_dagrun for example_branch_datetime_operator_3 to 2025-11-15 00:00:00+00:00, run_after=2025-11-16 00:00:00+00:00
[2025-11-16T10:44:56.880+0000] {processor.py:183} INFO - Processing /home/airflow/.local/lib/python3.12/site-packages/airflow/example_dags/example_branch_datetime_operator.py took 0.033 seconds
[2025-11-16T10:45:27.321+0000] {processor.py:161} INFO - Started process (PID=316) to work on /home/airflow/.local/lib/python3.12/site-packages/airflow/example_dags/example_branch_datetime_operator.py
[2025-11-16T10:45:27.322+0000] {processor.py:830} INFO - Processing file /home/airflow/.local/lib/python3.12/site-packages/airflow/example_dags/example_branch_datetime_operator.py for tasks to queue
[2025-11-16T10:45:27.322+0000] {logging_mixin.py:188} INFO - [2025-11-16T10:45:27.322+0000] {dagbag.py:540} INFO - Filling up the DagBag from /home/airflow/.local/lib/python3.12/site-packages/airflow/example_dags/example_branch_datetime_operator.py
[2025-11-16T10:45:27.326+0000] {processor.py:840} INFO - DAG(s) 'example_branch_datetime_operator_3', 'example_branch_datetime_operator_2', 'example_branch_datetime_operator' retrieved from /home/airflow/.local/lib/python3.12/site-packages/airflow/example_dags/example_branch_datetime_operator.py
[2025-11-16T10:45:27.337+0000] {logging_mixin.py:188} INFO - [2025-11-16T10:45:27.337+0000] {dag.py:3096} INFO - Sync 3 DAGs
[2025-11-16T10:45:27.345+0000] {logging_mixin.py:188} INFO - [2025-11-16T10:45:27.345+0000] {dag.py:3954} INFO - Setting next_dagrun for example_branch_datetime_operator to 2025-11-15 00:00:00+00:00, run_after=2025-11-16 00:00:00+00:00
[2025-11-16T10:45:27.346+0000] {logging_mixin.py:188} INFO - [2025-11-16T10:45:27.346+0000] {dag.py:3954} INFO - Setting next_dagrun for example_branch_datetime_operator_2 to 2025-11-15 00:00:00+00:00, run_after=2025-11-16 00:00:00+00:00
[2025-11-16T10:45:27.347+0000] {logging_mixin.py:188} INFO - [2025-11-16T10:45:27.347+0000] {dag.py:3954} INFO - Setting next_dagrun for example_branch_datetime_operator_3 to 2025-11-15 00:00:00+00:00, run_after=2025-11-16 00:00:00+00:00
[2025-11-16T10:45:27.353+0000] {processor.py:183} INFO - Processing /home/airflow/.local/lib/python3.12/site-packages/airflow/example_dags/example_branch_datetime_operator.py took 0.033 seconds
[2025-11-16T10:45:57.807+0000] {processor.py:161} INFO - Started process (PID=374) to work on /home/airflow/.local/lib/python3.12/site-packages/airflow/example_dags/example_branch_datetime_operator.py
[2025-11-16T10:45:57.808+0000] {processor.py:830} INFO - Processing file /home/airflow/.local/lib/python3.12/site-packages/airflow/example_dags/example_branch_datetime_operator.py for tasks to queue
[2025-11-16T10:45:57.808+0000] {logging_mixin.py:188} INFO - [2025-11-16T10:45:57.808+0000] {dagbag.py:540} INFO - Filling up the DagBag from /home/airflow/.local/lib/python3.12/site-packages/airflow/example_dags/example_branch_datetime_operator.py
[2025-11-16T10:45:57.812+0000] {processor.py:840} INFO - DAG(s) 'example_branch_datetime_operator_2', 'example_branch_datetime_operator', 'example_branch_datetime_operator_3' retrieved from /home/airflow/.local/lib/python3.12/site-packages/airflow/example_dags/example_branch_datetime_operator.py
[2025-11-16T10:45:57.822+0000] {logging_mixin.py:188} INFO - [2025-11-16T10:45:57.822+0000] {dag.py:3096} INFO - Sync 3 DAGs
[2025-11-16T10:45:57.831+0000] {logging_mixin.py:188} INFO - [2025-11-16T10:45:57.831+0000] {dag.py:3954} INFO - Setting next_dagrun for example_branch_datetime_operator to 2025-11-15 00:00:00+00:00, run_after=2025-11-16 00:00:00+00:00
[2025-11-16T10:45:57.833+0000] {logging_mixin.py:188} INFO - [2025-11-16T10:45:57.833+0000] {dag.py:3954} INFO - Setting next_dagrun for example_branch_datetime_operator_2 to 2025-11-15 00:00:00+00:00, run_after=2025-11-16 00:00:00+00:00
[2025-11-16T10:45:57.834+0000] {logging_mixin.py:188} INFO - [2025-11-16T10:45:57.833+0000] {dag.py:3954} INFO - Setting next_dagrun for example_branch_datetime_operator_3 to 2025-11-15 00:00:00+00:00, run_after=2025-11-16 00:00:00+00:00
[2025-11-16T10:45:57.839+0000] {processor.py:183} INFO - Processing /home/airflow/.local/lib/python3.12/site-packages/airflow/example_dags/example_branch_datetime_operator.py took 0.035 seconds
[2025-11-16T10:46:28.184+0000] {processor.py:161} INFO - Started process (PID=432) to work on /home/airflow/.local/lib/python3.12/site-packages/airflow/example_dags/example_branch_datetime_operator.py
[2025-11-16T10:46:28.184+0000] {processor.py:830} INFO - Processing file /home/airflow/.local/lib/python3.12/site-packages/airflow/example_dags/example_branch_datetime_operator.py for tasks to queue
[2025-11-16T10:46:28.185+0000] {logging_mixin.py:188} INFO - [2025-11-16T10:46:28.185+0000] {dagbag.py:540} INFO - Filling up the DagBag from /home/airflow/.local/lib/python3.12/site-packages/airflow/example_dags/example_branch_datetime_operator.py
[2025-11-16T10:46:28.188+0000] {processor.py:840} INFO - DAG(s) 'example_branch_datetime_operator_3', 'example_branch_datetime_operator_2', 'example_branch_datetime_operator' retrieved from /home/airflow/.local/lib/python3.12/site-packages/airflow/example_dags/example_branch_datetime_operator.py
[2025-11-16T10:46:28.197+0000] {logging_mixin.py:188} INFO - [2025-11-16T10:46:28.197+0000] {dag.py:3096} INFO - Sync 3 DAGs
[2025-11-16T10:46:28.204+0000] {logging_mixin.py:188} INFO - [2025-11-16T10:46:28.204+0000] {dag.py:3954} INFO - Setting next_dagrun for example_branch_datetime_operator to 2025-11-15 00:00:00+00:00, run_after=2025-11-16 00:00:00+00:00
[2025-11-16T10:46:28.206+0000] {logging_mixin.py:188} INFO - [2025-11-16T10:46:28.206+0000] {dag.py:3954} INFO - Setting next_dagrun for example_branch_datetime_operator_2 to 2025-11-15 00:00:00+00:00, run_after=2025-11-16 00:00:00+00:00
[2025-11-16T10:46:28.207+0000] {logging_mixin.py:188} INFO - [2025-11-16T10:46:28.207+0000] {dag.py:3954} INFO - Setting next_dagrun for example_branch_datetime_operator_3 to 2025-11-15 00:00:00+00:00, run_after=2025-11-16 00:00:00+00:00
[2025-11-16T10:46:28.212+0000] {processor.py:183} INFO - Processing /home/airflow/.local/lib/python3.12/site-packages/airflow/example_dags/example_branch_datetime_operator.py took 0.030 seconds
[2025-11-16T10:46:58.498+0000] {processor.py:161} INFO - Started process (PID=490) to work on /home/airflow/.local/lib/python3.12/site-packages/airflow/example_dags/example_branch_datetime_operator.py
[2025-11-16T10:46:58.499+0000] {processor.py:830} INFO - Processing file /home/airflow/.local/lib/python3.12/site-packages/airflow/example_dags/example_branch_datetime_operator.py for tasks to queue
[2025-11-16T10:46:58.500+0000] {logging_mixin.py:188} INFO - [2025-11-16T10:46:58.500+0000] {dagbag.py:540} INFO - Filling up the DagBag from /home/airflow/.local/lib/python3.12/site-packages/airflow/example_dags/example_branch_datetime_operator.py
[2025-11-16T10:46:58.504+0000] {processor.py:840} INFO - DAG(s) 'example_branch_datetime_operator_3', 'example_branch_datetime_operator_2', 'example_branch_datetime_operator' retrieved from /home/airflow/.local/lib/python3.12/site-packages/airflow/example_dags/example_branch_datetime_operator.py
[2025-11-16T10:46:58.513+0000] {logging_mixin.py:188} INFO - [2025-11-16T10:46:58.513+0000] {dag.py:3096} INFO - Sync 3 DAGs
[2025-11-16T10:46:58.521+0000] {logging_mixin.py:188} INFO - [2025-11-16T10:46:58.521+0000] {dag.py:3954} INFO - Setting next_dagrun for example_branch_datetime_operator to 2025-11-15 00:00:00+00:00, run_after=2025-11-16 00:00:00+00:00
[2025-11-16T10:46:58.523+0000] {logging_mixin.py:188} INFO - [2025-11-16T10:46:58.523+0000] {dag.py:3954} INFO - Setting next_dagrun for example_branch_datetime_operator_2 to 2025-11-15 00:00:00+00:00, run_after=2025-11-16 00:00:00+00:00
[2025-11-16T10:46:58.524+0000] {logging_mixin.py:188} INFO - [2025-11-16T10:46:58.524+0000] {dag.py:3954} INFO - Setting next_dagrun for example_branch_datetime_operator_3 to 2025-11-15 00:00:00+00:00, run_after=2025-11-16 00:00:00+00:00
[2025-11-16T10:46:58.529+0000] {processor.py:183} INFO - Processing /home/airflow/.local/lib/python3.12/site-packages/airflow/example_dags/example_branch_datetime_operator.py took 0.033 seconds
[2025-11-16T10:47:28.808+0000] {processor.py:161} INFO - Started process (PID=548) to work on /home/airflow/.local/lib/python3.12/site-packages/airflow/example_dags/example_branch_datetime_operator.py
[2025-11-16T10:47:28.808+0000] {processor.py:830} INFO - Processing file /home/airflow/.local/lib/python3.12/site-packages/airflow/example_dags/example_branch_datetime_operator.py for tasks to queue
[2025-11-16T10:47:28.809+0000] {logging_mixin.py:188} INFO - [2025-11-16T10:47:28.808+0000] {dagbag.py:540} INFO - Filling up the DagBag from /home/airflow/.local/lib/python3.12/site-packages/airflow/example_dags/example_branch_datetime_operator.py
[2025-11-16T10:47:28.812+0000] {processor.py:840} INFO - DAG(s) 'example_branch_datetime_operator', 'example_branch_datetime_operator_2', 'example_branch_datetime_operator_3' retrieved from /home/airflow/.local/lib/python3.12/site-packages/airflow/example_dags/example_branch_datetime_operator.py
[2025-11-16T10:47:28.822+0000] {logging_mixin.py:188} INFO - [2025-11-16T10:47:28.822+0000] {dag.py:3096} INFO - Sync 3 DAGs
[2025-11-16T10:47:28.830+0000] {logging_mixin.py:188} INFO - [2025-11-16T10:47:28.830+0000] {dag.py:3954} INFO - Setting next_dagrun for example_branch_datetime_operator to 2025-11-15 00:00:00+00:00, run_after=2025-11-16 00:00:00+00:00
[2025-11-16T10:47:28.832+0000] {logging_mixin.py:188} INFO - [2025-11-16T10:47:28.832+0000] {dag.py:3954} INFO - Setting next_dagrun for example_branch_datetime_operator_2 to 2025-11-15 00:00:00+00:00, run_after=2025-11-16 00:00:00+00:00
[2025-11-16T10:47:28.833+0000] {logging_mixin.py:188} INFO - [2025-11-16T10:47:28.833+0000] {dag.py:3954} INFO - Setting next_dagrun for example_branch_datetime_operator_3 to 2025-11-15 00:00:00+00:00, run_after=2025-11-16 00:00:00+00:00
[2025-11-16T10:47:28.839+0000] {processor.py:183} INFO - Processing /home/airflow/.local/lib/python3.12/site-packages/airflow/example_dags/example_branch_datetime_operator.py took 0.033 seconds
[2025-11-16T10:47:59.115+0000] {processor.py:161} INFO - Started process (PID=606) to work on /home/airflow/.local/lib/python3.12/site-packages/airflow/example_dags/example_branch_datetime_operator.py
[2025-11-16T10:47:59.117+0000] {processor.py:830} INFO - Processing file /home/airflow/.local/lib/python3.12/site-packages/airflow/example_dags/example_branch_datetime_operator.py for tasks to queue
[2025-11-16T10:47:59.118+0000] {logging_mixin.py:188} INFO - [2025-11-16T10:47:59.118+0000] {dagbag.py:540} INFO - Filling up the DagBag from /home/airflow/.local/lib/python3.12/site-packages/airflow/example_dags/example_branch_datetime_operator.py
[2025-11-16T10:47:59.122+0000] {processor.py:840} INFO - DAG(s) 'example_branch_datetime_operator_2', 'example_branch_datetime_operator', 'example_branch_datetime_operator_3' retrieved from /home/airflow/.local/lib/python3.12/site-packages/airflow/example_dags/example_branch_datetime_operator.py
[2025-11-16T10:47:59.134+0000] {logging_mixin.py:188} INFO - [2025-11-16T10:47:59.134+0000] {dag.py:3096} INFO - Sync 3 DAGs
[2025-11-16T10:47:59.142+0000] {logging_mixin.py:188} INFO - [2025-11-16T10:47:59.142+0000] {dag.py:3954} INFO - Setting next_dagrun for example_branch_datetime_operator to 2025-11-15 00:00:00+00:00, run_after=2025-11-16 00:00:00+00:00
[2025-11-16T10:47:59.143+0000] {logging_mixin.py:188} INFO - [2025-11-16T10:47:59.143+0000] {dag.py:3954} INFO - Setting next_dagrun for example_branch_datetime_operator_2 to 2025-11-15 00:00:00+00:00, run_after=2025-11-16 00:00:00+00:00
[2025-11-16T10:47:59.144+0000] {logging_mixin.py:188} INFO - [2025-11-16T10:47:59.144+0000] {dag.py:3954} INFO - Setting next_dagrun for example_branch_datetime_operator_3 to 2025-11-15 00:00:00+00:00, run_after=2025-11-16 00:00:00+00:00
[2025-11-16T10:47:59.149+0000] {processor.py:183} INFO - Processing /home/airflow/.local/lib/python3.12/site-packages/airflow/example_dags/example_branch_datetime_operator.py took 0.037 seconds
[2025-11-16T10:48:29.517+0000] {processor.py:161} INFO - Started process (PID=664) to work on /home/airflow/.local/lib/python3.12/site-packages/airflow/example_dags/example_branch_datetime_operator.py
[2025-11-16T10:48:29.519+0000] {processor.py:830} INFO - Processing file /home/airflow/.local/lib/python3.12/site-packages/airflow/example_dags/example_branch_datetime_operator.py for tasks to queue
[2025-11-16T10:48:29.520+0000] {logging_mixin.py:188} INFO - [2025-11-16T10:48:29.520+0000] {dagbag.py:540} INFO - Filling up the DagBag from /home/airflow/.local/lib/python3.12/site-packages/airflow/example_dags/example_branch_datetime_operator.py
[2025-11-16T10:48:29.524+0000] {processor.py:840} INFO - DAG(s) 'example_branch_datetime_operator', 'example_branch_datetime_operator_3', 'example_branch_datetime_operator_2' retrieved from /home/airflow/.local/lib/python3.12/site-packages/airflow/example_dags/example_branch_datetime_operator.py
[2025-11-16T10:48:29.539+0000] {logging_mixin.py:188} INFO - [2025-11-16T10:48:29.538+0000] {dag.py:3096} INFO - Sync 3 DAGs
[2025-11-16T10:48:29.553+0000] {logging_mixin.py:188} INFO - [2025-11-16T10:48:29.553+0000] {dag.py:3954} INFO - Setting next_dagrun for example_branch_datetime_operator to 2025-11-15 00:00:00+00:00, run_after=2025-11-16 00:00:00+00:00
[2025-11-16T10:48:29.557+0000] {logging_mixin.py:188} INFO - [2025-11-16T10:48:29.556+0000] {dag.py:3954} INFO - Setting next_dagrun for example_branch_datetime_operator_2 to 2025-11-15 00:00:00+00:00, run_after=2025-11-16 00:00:00+00:00
[2025-11-16T10:48:29.560+0000] {logging_mixin.py:188} INFO - [2025-11-16T10:48:29.560+0000] {dag.py:3954} INFO - Setting next_dagrun for example_branch_datetime_operator_3 to 2025-11-15 00:00:00+00:00, run_after=2025-11-16 00:00:00+00:00
[2025-11-16T10:48:29.569+0000] {processor.py:183} INFO - Processing /home/airflow/.local/lib/python3.12/site-packages/airflow/example_dags/example_branch_datetime_operator.py took 0.055 seconds
[2025-11-16T10:48:59.813+0000] {processor.py:161} INFO - Started process (PID=722) to work on /home/airflow/.local/lib/python3.12/site-packages/airflow/example_dags/example_branch_datetime_operator.py
[2025-11-16T10:48:59.813+0000] {processor.py:830} INFO - Processing file /home/airflow/.local/lib/python3.12/site-packages/airflow/example_dags/example_branch_datetime_operator.py for tasks to queue
[2025-11-16T10:48:59.814+0000] {logging_mixin.py:188} INFO - [2025-11-16T10:48:59.814+0000] {dagbag.py:540} INFO - Filling up the DagBag from /home/airflow/.local/lib/python3.12/site-packages/airflow/example_dags/example_branch_datetime_operator.py
[2025-11-16T10:48:59.817+0000] {processor.py:840} INFO - DAG(s) 'example_branch_datetime_operator_2', 'example_branch_datetime_operator', 'example_branch_datetime_operator_3' retrieved from /home/airflow/.local/lib/python3.12/site-packages/airflow/example_dags/example_branch_datetime_operator.py
[2025-11-16T10:48:59.826+0000] {logging_mixin.py:188} INFO - [2025-11-16T10:48:59.826+0000] {dag.py:3096} INFO - Sync 3 DAGs
[2025-11-16T10:48:59.834+0000] {logging_mixin.py:188} INFO - [2025-11-16T10:48:59.834+0000] {dag.py:3954} INFO - Setting next_dagrun for example_branch_datetime_operator to 2025-11-15 00:00:00+00:00, run_after=2025-11-16 00:00:00+00:00
[2025-11-16T10:48:59.835+0000] {logging_mixin.py:188} INFO - [2025-11-16T10:48:59.835+0000] {dag.py:3954} INFO - Setting next_dagrun for example_branch_datetime_operator_2 to 2025-11-15 00:00:00+00:00, run_after=2025-11-16 00:00:00+00:00
[2025-11-16T10:48:59.836+0000] {logging_mixin.py:188} INFO - [2025-11-16T10:48:59.836+0000] {dag.py:3954} INFO - Setting next_dagrun for example_branch_datetime_operator_3 to 2025-11-15 00:00:00+00:00, run_after=2025-11-16 00:00:00+00:00
[2025-11-16T10:48:59.841+0000] {processor.py:183} INFO - Processing /home/airflow/.local/lib/python3.12/site-packages/airflow/example_dags/example_branch_datetime_operator.py took 0.030 seconds
