[2025-11-16T10:43:24.217+0000] {processor.py:161} INFO - Started process (PID=54) to work on /home/airflow/.local/lib/python3.12/site-packages/airflow/example_dags/example_trigger_target_dag.py
[2025-11-16T10:43:24.218+0000] {processor.py:830} INFO - Processing file /home/airflow/.local/lib/python3.12/site-packages/airflow/example_dags/example_trigger_target_dag.py for tasks to queue
[2025-11-16T10:43:24.219+0000] {logging_mixin.py:188} INFO - [2025-11-16T10:43:24.219+0000] {dagbag.py:540} INFO - Filling up the DagBag from /home/airflow/.local/lib/python3.12/site-packages/airflow/example_dags/example_trigger_target_dag.py
[2025-11-16T10:43:24.224+0000] {processor.py:840} INFO - DAG(s) 'example_trigger_target_dag' retrieved from /home/airflow/.local/lib/python3.12/site-packages/airflow/example_dags/example_trigger_target_dag.py
[2025-11-16T10:43:24.232+0000] {logging_mixin.py:188} INFO - [2025-11-16T10:43:24.232+0000] {dag.py:3096} INFO - Sync 1 DAGs
[2025-11-16T10:43:24.242+0000] {logging_mixin.py:188} INFO - [2025-11-16T10:43:24.242+0000] {dag.py:3954} INFO - Setting next_dagrun for example_trigger_target_dag to None, run_after=None
[2025-11-16T10:43:24.250+0000] {processor.py:183} INFO - Processing /home/airflow/.local/lib/python3.12/site-packages/airflow/example_dags/example_trigger_target_dag.py took 0.036 seconds
[2025-11-16T10:43:54.846+0000] {processor.py:161} INFO - Started process (PID=112) to work on /home/airflow/.local/lib/python3.12/site-packages/airflow/example_dags/example_trigger_target_dag.py
[2025-11-16T10:43:54.847+0000] {processor.py:830} INFO - Processing file /home/airflow/.local/lib/python3.12/site-packages/airflow/example_dags/example_trigger_target_dag.py for tasks to queue
[2025-11-16T10:43:54.849+0000] {logging_mixin.py:188} INFO - [2025-11-16T10:43:54.848+0000] {dagbag.py:540} INFO - Filling up the DagBag from /home/airflow/.local/lib/python3.12/site-packages/airflow/example_dags/example_trigger_target_dag.py
[2025-11-16T10:43:54.851+0000] {processor.py:840} INFO - DAG(s) 'example_trigger_target_dag' retrieved from /home/airflow/.local/lib/python3.12/site-packages/airflow/example_dags/example_trigger_target_dag.py
[2025-11-16T10:43:54.888+0000] {logging_mixin.py:188} INFO - [2025-11-16T10:43:54.888+0000] {dag.py:3096} INFO - Sync 1 DAGs
[2025-11-16T10:43:54.891+0000] {logging_mixin.py:188} INFO - [2025-11-16T10:43:54.891+0000] {dag.py:3954} INFO - Setting next_dagrun for example_trigger_target_dag to None, run_after=None
[2025-11-16T10:43:54.898+0000] {processor.py:183} INFO - Processing /home/airflow/.local/lib/python3.12/site-packages/airflow/example_dags/example_trigger_target_dag.py took 0.053 seconds
[2025-11-16T10:44:25.817+0000] {processor.py:161} INFO - Started process (PID=170) to work on /home/airflow/.local/lib/python3.12/site-packages/airflow/example_dags/example_trigger_target_dag.py
[2025-11-16T10:44:25.818+0000] {processor.py:830} INFO - Processing file /home/airflow/.local/lib/python3.12/site-packages/airflow/example_dags/example_trigger_target_dag.py for tasks to queue
[2025-11-16T10:44:25.819+0000] {logging_mixin.py:188} INFO - [2025-11-16T10:44:25.819+0000] {dagbag.py:540} INFO - Filling up the DagBag from /home/airflow/.local/lib/python3.12/site-packages/airflow/example_dags/example_trigger_target_dag.py
[2025-11-16T10:44:25.821+0000] {processor.py:840} INFO - DAG(s) 'example_trigger_target_dag' retrieved from /home/airflow/.local/lib/python3.12/site-packages/airflow/example_dags/example_trigger_target_dag.py
[2025-11-16T10:44:25.828+0000] {logging_mixin.py:188} INFO - [2025-11-16T10:44:25.828+0000] {dag.py:3096} INFO - Sync 1 DAGs
[2025-11-16T10:44:25.833+0000] {logging_mixin.py:188} INFO - [2025-11-16T10:44:25.833+0000] {dag.py:3954} INFO - Setting next_dagrun for example_trigger_target_dag to None, run_after=None
[2025-11-16T10:44:25.840+0000] {processor.py:183} INFO - Processing /home/airflow/.local/lib/python3.12/site-packages/airflow/example_dags/example_trigger_target_dag.py took 0.025 seconds
[2025-11-16T10:44:56.366+0000] {processor.py:161} INFO - Started process (PID=234) to work on /home/airflow/.local/lib/python3.12/site-packages/airflow/example_dags/example_trigger_target_dag.py
[2025-11-16T10:44:56.367+0000] {processor.py:830} INFO - Processing file /home/airflow/.local/lib/python3.12/site-packages/airflow/example_dags/example_trigger_target_dag.py for tasks to queue
[2025-11-16T10:44:56.369+0000] {logging_mixin.py:188} INFO - [2025-11-16T10:44:56.368+0000] {dagbag.py:540} INFO - Filling up the DagBag from /home/airflow/.local/lib/python3.12/site-packages/airflow/example_dags/example_trigger_target_dag.py
[2025-11-16T10:44:56.372+0000] {processor.py:840} INFO - DAG(s) 'example_trigger_target_dag' retrieved from /home/airflow/.local/lib/python3.12/site-packages/airflow/example_dags/example_trigger_target_dag.py
[2025-11-16T10:44:56.380+0000] {logging_mixin.py:188} INFO - [2025-11-16T10:44:56.380+0000] {dag.py:3096} INFO - Sync 1 DAGs
[2025-11-16T10:44:56.385+0000] {logging_mixin.py:188} INFO - [2025-11-16T10:44:56.385+0000] {dag.py:3954} INFO - Setting next_dagrun for example_trigger_target_dag to None, run_after=None
[2025-11-16T10:44:56.392+0000] {processor.py:183} INFO - Processing /home/airflow/.local/lib/python3.12/site-packages/airflow/example_dags/example_trigger_target_dag.py took 0.028 seconds
[2025-11-16T10:45:26.804+0000] {processor.py:161} INFO - Started process (PID=292) to work on /home/airflow/.local/lib/python3.12/site-packages/airflow/example_dags/example_trigger_target_dag.py
[2025-11-16T10:45:26.804+0000] {processor.py:830} INFO - Processing file /home/airflow/.local/lib/python3.12/site-packages/airflow/example_dags/example_trigger_target_dag.py for tasks to queue
[2025-11-16T10:45:26.805+0000] {logging_mixin.py:188} INFO - [2025-11-16T10:45:26.805+0000] {dagbag.py:540} INFO - Filling up the DagBag from /home/airflow/.local/lib/python3.12/site-packages/airflow/example_dags/example_trigger_target_dag.py
[2025-11-16T10:45:26.807+0000] {processor.py:840} INFO - DAG(s) 'example_trigger_target_dag' retrieved from /home/airflow/.local/lib/python3.12/site-packages/airflow/example_dags/example_trigger_target_dag.py
[2025-11-16T10:45:26.815+0000] {logging_mixin.py:188} INFO - [2025-11-16T10:45:26.815+0000] {dag.py:3096} INFO - Sync 1 DAGs
[2025-11-16T10:45:26.821+0000] {logging_mixin.py:188} INFO - [2025-11-16T10:45:26.821+0000] {dag.py:3954} INFO - Setting next_dagrun for example_trigger_target_dag to None, run_after=None
[2025-11-16T10:45:26.830+0000] {processor.py:183} INFO - Processing /home/airflow/.local/lib/python3.12/site-packages/airflow/example_dags/example_trigger_target_dag.py took 0.029 seconds
[2025-11-16T10:45:57.293+0000] {processor.py:161} INFO - Started process (PID=350) to work on /home/airflow/.local/lib/python3.12/site-packages/airflow/example_dags/example_trigger_target_dag.py
[2025-11-16T10:45:57.294+0000] {processor.py:830} INFO - Processing file /home/airflow/.local/lib/python3.12/site-packages/airflow/example_dags/example_trigger_target_dag.py for tasks to queue
[2025-11-16T10:45:57.294+0000] {logging_mixin.py:188} INFO - [2025-11-16T10:45:57.294+0000] {dagbag.py:540} INFO - Filling up the DagBag from /home/airflow/.local/lib/python3.12/site-packages/airflow/example_dags/example_trigger_target_dag.py
[2025-11-16T10:45:57.298+0000] {processor.py:840} INFO - DAG(s) 'example_trigger_target_dag' retrieved from /home/airflow/.local/lib/python3.12/site-packages/airflow/example_dags/example_trigger_target_dag.py
[2025-11-16T10:45:57.305+0000] {logging_mixin.py:188} INFO - [2025-11-16T10:45:57.305+0000] {dag.py:3096} INFO - Sync 1 DAGs
[2025-11-16T10:45:57.310+0000] {logging_mixin.py:188} INFO - [2025-11-16T10:45:57.310+0000] {dag.py:3954} INFO - Setting next_dagrun for example_trigger_target_dag to None, run_after=None
[2025-11-16T10:45:57.317+0000] {processor.py:183} INFO - Processing /home/airflow/.local/lib/python3.12/site-packages/airflow/example_dags/example_trigger_target_dag.py took 0.026 seconds
[2025-11-16T10:46:27.663+0000] {processor.py:161} INFO - Started process (PID=408) to work on /home/airflow/.local/lib/python3.12/site-packages/airflow/example_dags/example_trigger_target_dag.py
[2025-11-16T10:46:27.666+0000] {processor.py:830} INFO - Processing file /home/airflow/.local/lib/python3.12/site-packages/airflow/example_dags/example_trigger_target_dag.py for tasks to queue
[2025-11-16T10:46:27.667+0000] {logging_mixin.py:188} INFO - [2025-11-16T10:46:27.667+0000] {dagbag.py:540} INFO - Filling up the DagBag from /home/airflow/.local/lib/python3.12/site-packages/airflow/example_dags/example_trigger_target_dag.py
[2025-11-16T10:46:27.669+0000] {processor.py:840} INFO - DAG(s) 'example_trigger_target_dag' retrieved from /home/airflow/.local/lib/python3.12/site-packages/airflow/example_dags/example_trigger_target_dag.py
[2025-11-16T10:46:27.676+0000] {logging_mixin.py:188} INFO - [2025-11-16T10:46:27.676+0000] {dag.py:3096} INFO - Sync 1 DAGs
[2025-11-16T10:46:27.681+0000] {logging_mixin.py:188} INFO - [2025-11-16T10:46:27.681+0000] {dag.py:3954} INFO - Setting next_dagrun for example_trigger_target_dag to None, run_after=None
[2025-11-16T10:46:27.689+0000] {processor.py:183} INFO - Processing /home/airflow/.local/lib/python3.12/site-packages/airflow/example_dags/example_trigger_target_dag.py took 0.028 seconds
[2025-11-16T10:46:58.021+0000] {processor.py:161} INFO - Started process (PID=466) to work on /home/airflow/.local/lib/python3.12/site-packages/airflow/example_dags/example_trigger_target_dag.py
[2025-11-16T10:46:58.022+0000] {processor.py:830} INFO - Processing file /home/airflow/.local/lib/python3.12/site-packages/airflow/example_dags/example_trigger_target_dag.py for tasks to queue
[2025-11-16T10:46:58.023+0000] {logging_mixin.py:188} INFO - [2025-11-16T10:46:58.022+0000] {dagbag.py:540} INFO - Filling up the DagBag from /home/airflow/.local/lib/python3.12/site-packages/airflow/example_dags/example_trigger_target_dag.py
[2025-11-16T10:46:58.025+0000] {processor.py:840} INFO - DAG(s) 'example_trigger_target_dag' retrieved from /home/airflow/.local/lib/python3.12/site-packages/airflow/example_dags/example_trigger_target_dag.py
[2025-11-16T10:46:58.032+0000] {logging_mixin.py:188} INFO - [2025-11-16T10:46:58.032+0000] {dag.py:3096} INFO - Sync 1 DAGs
[2025-11-16T10:46:58.036+0000] {logging_mixin.py:188} INFO - [2025-11-16T10:46:58.036+0000] {dag.py:3954} INFO - Setting next_dagrun for example_trigger_target_dag to None, run_after=None
[2025-11-16T10:46:58.044+0000] {processor.py:183} INFO - Processing /home/airflow/.local/lib/python3.12/site-packages/airflow/example_dags/example_trigger_target_dag.py took 0.025 seconds
[2025-11-16T10:47:28.328+0000] {processor.py:161} INFO - Started process (PID=524) to work on /home/airflow/.local/lib/python3.12/site-packages/airflow/example_dags/example_trigger_target_dag.py
[2025-11-16T10:47:28.329+0000] {processor.py:830} INFO - Processing file /home/airflow/.local/lib/python3.12/site-packages/airflow/example_dags/example_trigger_target_dag.py for tasks to queue
[2025-11-16T10:47:28.329+0000] {logging_mixin.py:188} INFO - [2025-11-16T10:47:28.329+0000] {dagbag.py:540} INFO - Filling up the DagBag from /home/airflow/.local/lib/python3.12/site-packages/airflow/example_dags/example_trigger_target_dag.py
[2025-11-16T10:47:28.331+0000] {processor.py:840} INFO - DAG(s) 'example_trigger_target_dag' retrieved from /home/airflow/.local/lib/python3.12/site-packages/airflow/example_dags/example_trigger_target_dag.py
[2025-11-16T10:47:28.339+0000] {logging_mixin.py:188} INFO - [2025-11-16T10:47:28.338+0000] {dag.py:3096} INFO - Sync 1 DAGs
[2025-11-16T10:47:28.343+0000] {logging_mixin.py:188} INFO - [2025-11-16T10:47:28.343+0000] {dag.py:3954} INFO - Setting next_dagrun for example_trigger_target_dag to None, run_after=None
[2025-11-16T10:47:28.350+0000] {processor.py:183} INFO - Processing /home/airflow/.local/lib/python3.12/site-packages/airflow/example_dags/example_trigger_target_dag.py took 0.024 seconds
[2025-11-16T10:47:58.647+0000] {processor.py:161} INFO - Started process (PID=582) to work on /home/airflow/.local/lib/python3.12/site-packages/airflow/example_dags/example_trigger_target_dag.py
[2025-11-16T10:47:58.649+0000] {processor.py:830} INFO - Processing file /home/airflow/.local/lib/python3.12/site-packages/airflow/example_dags/example_trigger_target_dag.py for tasks to queue
[2025-11-16T10:47:58.649+0000] {logging_mixin.py:188} INFO - [2025-11-16T10:47:58.649+0000] {dagbag.py:540} INFO - Filling up the DagBag from /home/airflow/.local/lib/python3.12/site-packages/airflow/example_dags/example_trigger_target_dag.py
[2025-11-16T10:47:58.652+0000] {processor.py:840} INFO - DAG(s) 'example_trigger_target_dag' retrieved from /home/airflow/.local/lib/python3.12/site-packages/airflow/example_dags/example_trigger_target_dag.py
[2025-11-16T10:47:58.659+0000] {logging_mixin.py:188} INFO - [2025-11-16T10:47:58.659+0000] {dag.py:3096} INFO - Sync 1 DAGs
[2025-11-16T10:47:58.664+0000] {logging_mixin.py:188} INFO - [2025-11-16T10:47:58.664+0000] {dag.py:3954} INFO - Setting next_dagrun for example_trigger_target_dag to None, run_after=None
[2025-11-16T10:47:58.671+0000] {processor.py:183} INFO - Processing /home/airflow/.local/lib/python3.12/site-packages/airflow/example_dags/example_trigger_target_dag.py took 0.026 seconds
[2025-11-16T10:48:28.960+0000] {processor.py:161} INFO - Started process (PID=640) to work on /home/airflow/.local/lib/python3.12/site-packages/airflow/example_dags/example_trigger_target_dag.py
[2025-11-16T10:48:28.960+0000] {processor.py:830} INFO - Processing file /home/airflow/.local/lib/python3.12/site-packages/airflow/example_dags/example_trigger_target_dag.py for tasks to queue
[2025-11-16T10:48:28.961+0000] {logging_mixin.py:188} INFO - [2025-11-16T10:48:28.961+0000] {dagbag.py:540} INFO - Filling up the DagBag from /home/airflow/.local/lib/python3.12/site-packages/airflow/example_dags/example_trigger_target_dag.py
[2025-11-16T10:48:28.964+0000] {processor.py:840} INFO - DAG(s) 'example_trigger_target_dag' retrieved from /home/airflow/.local/lib/python3.12/site-packages/airflow/example_dags/example_trigger_target_dag.py
[2025-11-16T10:48:28.972+0000] {logging_mixin.py:188} INFO - [2025-11-16T10:48:28.971+0000] {dag.py:3096} INFO - Sync 1 DAGs
[2025-11-16T10:48:28.976+0000] {logging_mixin.py:188} INFO - [2025-11-16T10:48:28.976+0000] {dag.py:3954} INFO - Setting next_dagrun for example_trigger_target_dag to None, run_after=None
[2025-11-16T10:48:28.985+0000] {processor.py:183} INFO - Processing /home/airflow/.local/lib/python3.12/site-packages/airflow/example_dags/example_trigger_target_dag.py took 0.028 seconds
[2025-11-16T10:48:59.332+0000] {processor.py:161} INFO - Started process (PID=698) to work on /home/airflow/.local/lib/python3.12/site-packages/airflow/example_dags/example_trigger_target_dag.py
[2025-11-16T10:48:59.334+0000] {processor.py:830} INFO - Processing file /home/airflow/.local/lib/python3.12/site-packages/airflow/example_dags/example_trigger_target_dag.py for tasks to queue
[2025-11-16T10:48:59.334+0000] {logging_mixin.py:188} INFO - [2025-11-16T10:48:59.334+0000] {dagbag.py:540} INFO - Filling up the DagBag from /home/airflow/.local/lib/python3.12/site-packages/airflow/example_dags/example_trigger_target_dag.py
[2025-11-16T10:48:59.337+0000] {processor.py:840} INFO - DAG(s) 'example_trigger_target_dag' retrieved from /home/airflow/.local/lib/python3.12/site-packages/airflow/example_dags/example_trigger_target_dag.py
[2025-11-16T10:48:59.344+0000] {logging_mixin.py:188} INFO - [2025-11-16T10:48:59.344+0000] {dag.py:3096} INFO - Sync 1 DAGs
[2025-11-16T10:48:59.348+0000] {logging_mixin.py:188} INFO - [2025-11-16T10:48:59.348+0000] {dag.py:3954} INFO - Setting next_dagrun for example_trigger_target_dag to None, run_after=None
[2025-11-16T10:48:59.355+0000] {processor.py:183} INFO - Processing /home/airflow/.local/lib/python3.12/site-packages/airflow/example_dags/example_trigger_target_dag.py took 0.025 seconds
