[2025-11-16T10:43:24.848+0000] {processor.py:161} INFO - Started process (PID=74) to work on /home/airflow/.local/lib/python3.12/site-packages/airflow/example_dags/example_params_ui_tutorial.py
[2025-11-16T10:43:24.849+0000] {processor.py:830} INFO - Processing file /home/airflow/.local/lib/python3.12/site-packages/airflow/example_dags/example_params_ui_tutorial.py for tasks to queue
[2025-11-16T10:43:24.850+0000] {logging_mixin.py:188} INFO - [2025-11-16T10:43:24.850+0000] {dagbag.py:540} INFO - Filling up the DagBag from /home/airflow/.local/lib/python3.12/site-packages/airflow/example_dags/example_params_ui_tutorial.py
[2025-11-16T10:43:24.856+0000] {processor.py:840} INFO - DAG(s) 'example_params_ui_tutorial' retrieved from /home/airflow/.local/lib/python3.12/site-packages/airflow/example_dags/example_params_ui_tutorial.py
[2025-11-16T10:43:24.863+0000] {logging_mixin.py:188} INFO - [2025-11-16T10:43:24.862+0000] {dag.py:3096} INFO - Sync 1 DAGs
[2025-11-16T10:43:24.868+0000] {logging_mixin.py:188} INFO - [2025-11-16T10:43:24.868+0000] {dag.py:3954} INFO - Setting next_dagrun for example_params_ui_tutorial to None, run_after=None
[2025-11-16T10:43:24.880+0000] {processor.py:183} INFO - Processing /home/airflow/.local/lib/python3.12/site-packages/airflow/example_dags/example_params_ui_tutorial.py took 0.034 seconds
[2025-11-16T10:43:55.533+0000] {processor.py:161} INFO - Started process (PID=132) to work on /home/airflow/.local/lib/python3.12/site-packages/airflow/example_dags/example_params_ui_tutorial.py
[2025-11-16T10:43:55.533+0000] {processor.py:830} INFO - Processing file /home/airflow/.local/lib/python3.12/site-packages/airflow/example_dags/example_params_ui_tutorial.py for tasks to queue
[2025-11-16T10:43:55.534+0000] {logging_mixin.py:188} INFO - [2025-11-16T10:43:55.534+0000] {dagbag.py:540} INFO - Filling up the DagBag from /home/airflow/.local/lib/python3.12/site-packages/airflow/example_dags/example_params_ui_tutorial.py
[2025-11-16T10:43:55.539+0000] {processor.py:840} INFO - DAG(s) 'example_params_ui_tutorial' retrieved from /home/airflow/.local/lib/python3.12/site-packages/airflow/example_dags/example_params_ui_tutorial.py
[2025-11-16T10:43:55.583+0000] {logging_mixin.py:188} INFO - [2025-11-16T10:43:55.583+0000] {dag.py:3096} INFO - Sync 1 DAGs
[2025-11-16T10:43:55.587+0000] {logging_mixin.py:188} INFO - [2025-11-16T10:43:55.587+0000] {dag.py:3954} INFO - Setting next_dagrun for example_params_ui_tutorial to None, run_after=None
[2025-11-16T10:43:55.595+0000] {processor.py:183} INFO - Processing /home/airflow/.local/lib/python3.12/site-packages/airflow/example_dags/example_params_ui_tutorial.py took 0.064 seconds
[2025-11-16T10:44:26.261+0000] {processor.py:161} INFO - Started process (PID=196) to work on /home/airflow/.local/lib/python3.12/site-packages/airflow/example_dags/example_params_ui_tutorial.py
[2025-11-16T10:44:26.262+0000] {processor.py:830} INFO - Processing file /home/airflow/.local/lib/python3.12/site-packages/airflow/example_dags/example_params_ui_tutorial.py for tasks to queue
[2025-11-16T10:44:26.262+0000] {logging_mixin.py:188} INFO - [2025-11-16T10:44:26.262+0000] {dagbag.py:540} INFO - Filling up the DagBag from /home/airflow/.local/lib/python3.12/site-packages/airflow/example_dags/example_params_ui_tutorial.py
[2025-11-16T10:44:26.267+0000] {processor.py:840} INFO - DAG(s) 'example_params_ui_tutorial' retrieved from /home/airflow/.local/lib/python3.12/site-packages/airflow/example_dags/example_params_ui_tutorial.py
[2025-11-16T10:44:26.284+0000] {logging_mixin.py:188} INFO - [2025-11-16T10:44:26.284+0000] {dag.py:3096} INFO - Sync 1 DAGs
[2025-11-16T10:44:26.288+0000] {logging_mixin.py:188} INFO - [2025-11-16T10:44:26.288+0000] {dag.py:3954} INFO - Setting next_dagrun for example_params_ui_tutorial to None, run_after=None
[2025-11-16T10:44:26.293+0000] {processor.py:183} INFO - Processing /home/airflow/.local/lib/python3.12/site-packages/airflow/example_dags/example_params_ui_tutorial.py took 0.034 seconds
[2025-11-16T10:44:56.770+0000] {processor.py:161} INFO - Started process (PID=254) to work on /home/airflow/.local/lib/python3.12/site-packages/airflow/example_dags/example_params_ui_tutorial.py
[2025-11-16T10:44:56.771+0000] {processor.py:830} INFO - Processing file /home/airflow/.local/lib/python3.12/site-packages/airflow/example_dags/example_params_ui_tutorial.py for tasks to queue
[2025-11-16T10:44:56.771+0000] {logging_mixin.py:188} INFO - [2025-11-16T10:44:56.771+0000] {dagbag.py:540} INFO - Filling up the DagBag from /home/airflow/.local/lib/python3.12/site-packages/airflow/example_dags/example_params_ui_tutorial.py
[2025-11-16T10:44:56.776+0000] {processor.py:840} INFO - DAG(s) 'example_params_ui_tutorial' retrieved from /home/airflow/.local/lib/python3.12/site-packages/airflow/example_dags/example_params_ui_tutorial.py
[2025-11-16T10:44:56.795+0000] {logging_mixin.py:188} INFO - [2025-11-16T10:44:56.794+0000] {dag.py:3096} INFO - Sync 1 DAGs
[2025-11-16T10:44:56.800+0000] {logging_mixin.py:188} INFO - [2025-11-16T10:44:56.800+0000] {dag.py:3954} INFO - Setting next_dagrun for example_params_ui_tutorial to None, run_after=None
[2025-11-16T10:44:56.809+0000] {processor.py:183} INFO - Processing /home/airflow/.local/lib/python3.12/site-packages/airflow/example_dags/example_params_ui_tutorial.py took 0.041 seconds
[2025-11-16T10:45:27.250+0000] {processor.py:161} INFO - Started process (PID=312) to work on /home/airflow/.local/lib/python3.12/site-packages/airflow/example_dags/example_params_ui_tutorial.py
[2025-11-16T10:45:27.251+0000] {processor.py:830} INFO - Processing file /home/airflow/.local/lib/python3.12/site-packages/airflow/example_dags/example_params_ui_tutorial.py for tasks to queue
[2025-11-16T10:45:27.252+0000] {logging_mixin.py:188} INFO - [2025-11-16T10:45:27.251+0000] {dagbag.py:540} INFO - Filling up the DagBag from /home/airflow/.local/lib/python3.12/site-packages/airflow/example_dags/example_params_ui_tutorial.py
[2025-11-16T10:45:27.256+0000] {processor.py:840} INFO - DAG(s) 'example_params_ui_tutorial' retrieved from /home/airflow/.local/lib/python3.12/site-packages/airflow/example_dags/example_params_ui_tutorial.py
[2025-11-16T10:45:27.274+0000] {logging_mixin.py:188} INFO - [2025-11-16T10:45:27.274+0000] {dag.py:3096} INFO - Sync 1 DAGs
[2025-11-16T10:45:27.279+0000] {logging_mixin.py:188} INFO - [2025-11-16T10:45:27.279+0000] {dag.py:3954} INFO - Setting next_dagrun for example_params_ui_tutorial to None, run_after=None
[2025-11-16T10:45:27.287+0000] {processor.py:183} INFO - Processing /home/airflow/.local/lib/python3.12/site-packages/airflow/example_dags/example_params_ui_tutorial.py took 0.040 seconds
[2025-11-16T10:45:57.724+0000] {processor.py:161} INFO - Started process (PID=370) to work on /home/airflow/.local/lib/python3.12/site-packages/airflow/example_dags/example_params_ui_tutorial.py
[2025-11-16T10:45:57.724+0000] {processor.py:830} INFO - Processing file /home/airflow/.local/lib/python3.12/site-packages/airflow/example_dags/example_params_ui_tutorial.py for tasks to queue
[2025-11-16T10:45:57.725+0000] {logging_mixin.py:188} INFO - [2025-11-16T10:45:57.725+0000] {dagbag.py:540} INFO - Filling up the DagBag from /home/airflow/.local/lib/python3.12/site-packages/airflow/example_dags/example_params_ui_tutorial.py
[2025-11-16T10:45:57.730+0000] {processor.py:840} INFO - DAG(s) 'example_params_ui_tutorial' retrieved from /home/airflow/.local/lib/python3.12/site-packages/airflow/example_dags/example_params_ui_tutorial.py
[2025-11-16T10:45:57.749+0000] {logging_mixin.py:188} INFO - [2025-11-16T10:45:57.748+0000] {dag.py:3096} INFO - Sync 1 DAGs
[2025-11-16T10:45:57.753+0000] {logging_mixin.py:188} INFO - [2025-11-16T10:45:57.753+0000] {dag.py:3954} INFO - Setting next_dagrun for example_params_ui_tutorial to None, run_after=None
[2025-11-16T10:45:57.761+0000] {processor.py:183} INFO - Processing /home/airflow/.local/lib/python3.12/site-packages/airflow/example_dags/example_params_ui_tutorial.py took 0.040 seconds
[2025-11-16T10:46:28.112+0000] {processor.py:161} INFO - Started process (PID=428) to work on /home/airflow/.local/lib/python3.12/site-packages/airflow/example_dags/example_params_ui_tutorial.py
[2025-11-16T10:46:28.113+0000] {processor.py:830} INFO - Processing file /home/airflow/.local/lib/python3.12/site-packages/airflow/example_dags/example_params_ui_tutorial.py for tasks to queue
[2025-11-16T10:46:28.114+0000] {logging_mixin.py:188} INFO - [2025-11-16T10:46:28.114+0000] {dagbag.py:540} INFO - Filling up the DagBag from /home/airflow/.local/lib/python3.12/site-packages/airflow/example_dags/example_params_ui_tutorial.py
[2025-11-16T10:46:28.119+0000] {processor.py:840} INFO - DAG(s) 'example_params_ui_tutorial' retrieved from /home/airflow/.local/lib/python3.12/site-packages/airflow/example_dags/example_params_ui_tutorial.py
[2025-11-16T10:46:28.136+0000] {logging_mixin.py:188} INFO - [2025-11-16T10:46:28.136+0000] {dag.py:3096} INFO - Sync 1 DAGs
[2025-11-16T10:46:28.141+0000] {logging_mixin.py:188} INFO - [2025-11-16T10:46:28.140+0000] {dag.py:3954} INFO - Setting next_dagrun for example_params_ui_tutorial to None, run_after=None
[2025-11-16T10:46:28.146+0000] {processor.py:183} INFO - Processing /home/airflow/.local/lib/python3.12/site-packages/airflow/example_dags/example_params_ui_tutorial.py took 0.037 seconds
[2025-11-16T10:46:58.426+0000] {processor.py:161} INFO - Started process (PID=486) to work on /home/airflow/.local/lib/python3.12/site-packages/airflow/example_dags/example_params_ui_tutorial.py
[2025-11-16T10:46:58.427+0000] {processor.py:830} INFO - Processing file /home/airflow/.local/lib/python3.12/site-packages/airflow/example_dags/example_params_ui_tutorial.py for tasks to queue
[2025-11-16T10:46:58.428+0000] {logging_mixin.py:188} INFO - [2025-11-16T10:46:58.428+0000] {dagbag.py:540} INFO - Filling up the DagBag from /home/airflow/.local/lib/python3.12/site-packages/airflow/example_dags/example_params_ui_tutorial.py
[2025-11-16T10:46:58.432+0000] {processor.py:840} INFO - DAG(s) 'example_params_ui_tutorial' retrieved from /home/airflow/.local/lib/python3.12/site-packages/airflow/example_dags/example_params_ui_tutorial.py
[2025-11-16T10:46:58.449+0000] {logging_mixin.py:188} INFO - [2025-11-16T10:46:58.449+0000] {dag.py:3096} INFO - Sync 1 DAGs
[2025-11-16T10:46:58.453+0000] {logging_mixin.py:188} INFO - [2025-11-16T10:46:58.453+0000] {dag.py:3954} INFO - Setting next_dagrun for example_params_ui_tutorial to None, run_after=None
[2025-11-16T10:46:58.462+0000] {processor.py:183} INFO - Processing /home/airflow/.local/lib/python3.12/site-packages/airflow/example_dags/example_params_ui_tutorial.py took 0.038 seconds
[2025-11-16T10:47:28.734+0000] {processor.py:161} INFO - Started process (PID=544) to work on /home/airflow/.local/lib/python3.12/site-packages/airflow/example_dags/example_params_ui_tutorial.py
[2025-11-16T10:47:28.735+0000] {processor.py:830} INFO - Processing file /home/airflow/.local/lib/python3.12/site-packages/airflow/example_dags/example_params_ui_tutorial.py for tasks to queue
[2025-11-16T10:47:28.736+0000] {logging_mixin.py:188} INFO - [2025-11-16T10:47:28.736+0000] {dagbag.py:540} INFO - Filling up the DagBag from /home/airflow/.local/lib/python3.12/site-packages/airflow/example_dags/example_params_ui_tutorial.py
[2025-11-16T10:47:28.740+0000] {processor.py:840} INFO - DAG(s) 'example_params_ui_tutorial' retrieved from /home/airflow/.local/lib/python3.12/site-packages/airflow/example_dags/example_params_ui_tutorial.py
[2025-11-16T10:47:28.757+0000] {logging_mixin.py:188} INFO - [2025-11-16T10:47:28.757+0000] {dag.py:3096} INFO - Sync 1 DAGs
[2025-11-16T10:47:28.761+0000] {logging_mixin.py:188} INFO - [2025-11-16T10:47:28.761+0000] {dag.py:3954} INFO - Setting next_dagrun for example_params_ui_tutorial to None, run_after=None
[2025-11-16T10:47:28.767+0000] {processor.py:183} INFO - Processing /home/airflow/.local/lib/python3.12/site-packages/airflow/example_dags/example_params_ui_tutorial.py took 0.035 seconds
[2025-11-16T10:47:59.041+0000] {processor.py:161} INFO - Started process (PID=602) to work on /home/airflow/.local/lib/python3.12/site-packages/airflow/example_dags/example_params_ui_tutorial.py
[2025-11-16T10:47:59.042+0000] {processor.py:830} INFO - Processing file /home/airflow/.local/lib/python3.12/site-packages/airflow/example_dags/example_params_ui_tutorial.py for tasks to queue
[2025-11-16T10:47:59.043+0000] {logging_mixin.py:188} INFO - [2025-11-16T10:47:59.043+0000] {dagbag.py:540} INFO - Filling up the DagBag from /home/airflow/.local/lib/python3.12/site-packages/airflow/example_dags/example_params_ui_tutorial.py
[2025-11-16T10:47:59.048+0000] {processor.py:840} INFO - DAG(s) 'example_params_ui_tutorial' retrieved from /home/airflow/.local/lib/python3.12/site-packages/airflow/example_dags/example_params_ui_tutorial.py
[2025-11-16T10:47:59.066+0000] {logging_mixin.py:188} INFO - [2025-11-16T10:47:59.066+0000] {dag.py:3096} INFO - Sync 1 DAGs
[2025-11-16T10:47:59.070+0000] {logging_mixin.py:188} INFO - [2025-11-16T10:47:59.070+0000] {dag.py:3954} INFO - Setting next_dagrun for example_params_ui_tutorial to None, run_after=None
[2025-11-16T10:47:59.076+0000] {processor.py:183} INFO - Processing /home/airflow/.local/lib/python3.12/site-packages/airflow/example_dags/example_params_ui_tutorial.py took 0.038 seconds
[2025-11-16T10:48:29.395+0000] {processor.py:161} INFO - Started process (PID=660) to work on /home/airflow/.local/lib/python3.12/site-packages/airflow/example_dags/example_params_ui_tutorial.py
[2025-11-16T10:48:29.395+0000] {processor.py:830} INFO - Processing file /home/airflow/.local/lib/python3.12/site-packages/airflow/example_dags/example_params_ui_tutorial.py for tasks to queue
[2025-11-16T10:48:29.396+0000] {logging_mixin.py:188} INFO - [2025-11-16T10:48:29.396+0000] {dagbag.py:540} INFO - Filling up the DagBag from /home/airflow/.local/lib/python3.12/site-packages/airflow/example_dags/example_params_ui_tutorial.py
[2025-11-16T10:48:29.402+0000] {processor.py:840} INFO - DAG(s) 'example_params_ui_tutorial' retrieved from /home/airflow/.local/lib/python3.12/site-packages/airflow/example_dags/example_params_ui_tutorial.py
[2025-11-16T10:48:29.429+0000] {logging_mixin.py:188} INFO - [2025-11-16T10:48:29.429+0000] {dag.py:3096} INFO - Sync 1 DAGs
[2025-11-16T10:48:29.435+0000] {logging_mixin.py:188} INFO - [2025-11-16T10:48:29.435+0000] {dag.py:3954} INFO - Setting next_dagrun for example_params_ui_tutorial to None, run_after=None
[2025-11-16T10:48:29.444+0000] {processor.py:183} INFO - Processing /home/airflow/.local/lib/python3.12/site-packages/airflow/example_dags/example_params_ui_tutorial.py took 0.052 seconds
[2025-11-16T10:48:59.738+0000] {processor.py:161} INFO - Started process (PID=718) to work on /home/airflow/.local/lib/python3.12/site-packages/airflow/example_dags/example_params_ui_tutorial.py
[2025-11-16T10:48:59.739+0000] {processor.py:830} INFO - Processing file /home/airflow/.local/lib/python3.12/site-packages/airflow/example_dags/example_params_ui_tutorial.py for tasks to queue
[2025-11-16T10:48:59.740+0000] {logging_mixin.py:188} INFO - [2025-11-16T10:48:59.740+0000] {dagbag.py:540} INFO - Filling up the DagBag from /home/airflow/.local/lib/python3.12/site-packages/airflow/example_dags/example_params_ui_tutorial.py
[2025-11-16T10:48:59.745+0000] {processor.py:840} INFO - DAG(s) 'example_params_ui_tutorial' retrieved from /home/airflow/.local/lib/python3.12/site-packages/airflow/example_dags/example_params_ui_tutorial.py
[2025-11-16T10:48:59.762+0000] {logging_mixin.py:188} INFO - [2025-11-16T10:48:59.762+0000] {dag.py:3096} INFO - Sync 1 DAGs
[2025-11-16T10:48:59.767+0000] {logging_mixin.py:188} INFO - [2025-11-16T10:48:59.766+0000] {dag.py:3954} INFO - Setting next_dagrun for example_params_ui_tutorial to None, run_after=None
[2025-11-16T10:48:59.774+0000] {processor.py:183} INFO - Processing /home/airflow/.local/lib/python3.12/site-packages/airflow/example_dags/example_params_ui_tutorial.py took 0.038 seconds
