[2025-11-16T10:43:24.047+0000] {processor.py:161} INFO - Started process (PID=49) to work on /home/airflow/.local/lib/python3.12/site-packages/airflow/example_dags/example_bash_decorator.py
[2025-11-16T10:43:24.048+0000] {processor.py:830} INFO - Processing file /home/airflow/.local/lib/python3.12/site-packages/airflow/example_dags/example_bash_decorator.py for tasks to queue
[2025-11-16T10:43:24.049+0000] {logging_mixin.py:188} INFO - [2025-11-16T10:43:24.049+0000] {dagbag.py:540} INFO - Filling up the DagBag from /home/airflow/.local/lib/python3.12/site-packages/airflow/example_dags/example_bash_decorator.py
[2025-11-16T10:43:24.062+0000] {processor.py:840} INFO - DAG(s) 'example_bash_decorator' retrieved from /home/airflow/.local/lib/python3.12/site-packages/airflow/example_dags/example_bash_decorator.py
[2025-11-16T10:43:24.068+0000] {logging_mixin.py:188} INFO - [2025-11-16T10:43:24.068+0000] {dag.py:3096} INFO - Sync 1 DAGs
[2025-11-16T10:43:24.078+0000] {logging_mixin.py:188} INFO - [2025-11-16T10:43:24.078+0000] {dag.py:3954} INFO - Setting next_dagrun for example_bash_decorator to None, run_after=None
[2025-11-16T10:43:24.087+0000] {processor.py:183} INFO - Processing /home/airflow/.local/lib/python3.12/site-packages/airflow/example_dags/example_bash_decorator.py took 0.044 seconds
[2025-11-16T10:43:54.668+0000] {processor.py:161} INFO - Started process (PID=107) to work on /home/airflow/.local/lib/python3.12/site-packages/airflow/example_dags/example_bash_decorator.py
[2025-11-16T10:43:54.668+0000] {processor.py:830} INFO - Processing file /home/airflow/.local/lib/python3.12/site-packages/airflow/example_dags/example_bash_decorator.py for tasks to queue
[2025-11-16T10:43:54.669+0000] {logging_mixin.py:188} INFO - [2025-11-16T10:43:54.669+0000] {dagbag.py:540} INFO - Filling up the DagBag from /home/airflow/.local/lib/python3.12/site-packages/airflow/example_dags/example_bash_decorator.py
[2025-11-16T10:43:54.673+0000] {processor.py:840} INFO - DAG(s) 'example_bash_decorator' retrieved from /home/airflow/.local/lib/python3.12/site-packages/airflow/example_dags/example_bash_decorator.py
[2025-11-16T10:43:54.708+0000] {logging_mixin.py:188} INFO - [2025-11-16T10:43:54.708+0000] {dag.py:3096} INFO - Sync 1 DAGs
[2025-11-16T10:43:54.712+0000] {logging_mixin.py:188} INFO - [2025-11-16T10:43:54.712+0000] {dag.py:3954} INFO - Setting next_dagrun for example_bash_decorator to None, run_after=None
[2025-11-16T10:43:54.720+0000] {processor.py:183} INFO - Processing /home/airflow/.local/lib/python3.12/site-packages/airflow/example_dags/example_bash_decorator.py took 0.054 seconds
[2025-11-16T10:44:25.719+0000] {processor.py:161} INFO - Started process (PID=165) to work on /home/airflow/.local/lib/python3.12/site-packages/airflow/example_dags/example_bash_decorator.py
[2025-11-16T10:44:25.720+0000] {processor.py:830} INFO - Processing file /home/airflow/.local/lib/python3.12/site-packages/airflow/example_dags/example_bash_decorator.py for tasks to queue
[2025-11-16T10:44:25.720+0000] {logging_mixin.py:188} INFO - [2025-11-16T10:44:25.720+0000] {dagbag.py:540} INFO - Filling up the DagBag from /home/airflow/.local/lib/python3.12/site-packages/airflow/example_dags/example_bash_decorator.py
[2025-11-16T10:44:25.726+0000] {processor.py:840} INFO - DAG(s) 'example_bash_decorator' retrieved from /home/airflow/.local/lib/python3.12/site-packages/airflow/example_dags/example_bash_decorator.py
[2025-11-16T10:44:25.735+0000] {logging_mixin.py:188} INFO - [2025-11-16T10:44:25.735+0000] {dag.py:3096} INFO - Sync 1 DAGs
[2025-11-16T10:44:25.739+0000] {logging_mixin.py:188} INFO - [2025-11-16T10:44:25.739+0000] {dag.py:3954} INFO - Setting next_dagrun for example_bash_decorator to None, run_after=None
[2025-11-16T10:44:25.747+0000] {processor.py:183} INFO - Processing /home/airflow/.local/lib/python3.12/site-packages/airflow/example_dags/example_bash_decorator.py took 0.031 seconds
[2025-11-16T10:44:56.248+0000] {processor.py:161} INFO - Started process (PID=229) to work on /home/airflow/.local/lib/python3.12/site-packages/airflow/example_dags/example_bash_decorator.py
[2025-11-16T10:44:56.248+0000] {processor.py:830} INFO - Processing file /home/airflow/.local/lib/python3.12/site-packages/airflow/example_dags/example_bash_decorator.py for tasks to queue
[2025-11-16T10:44:56.249+0000] {logging_mixin.py:188} INFO - [2025-11-16T10:44:56.249+0000] {dagbag.py:540} INFO - Filling up the DagBag from /home/airflow/.local/lib/python3.12/site-packages/airflow/example_dags/example_bash_decorator.py
[2025-11-16T10:44:56.254+0000] {processor.py:840} INFO - DAG(s) 'example_bash_decorator' retrieved from /home/airflow/.local/lib/python3.12/site-packages/airflow/example_dags/example_bash_decorator.py
[2025-11-16T10:44:56.262+0000] {logging_mixin.py:188} INFO - [2025-11-16T10:44:56.262+0000] {dag.py:3096} INFO - Sync 1 DAGs
[2025-11-16T10:44:56.267+0000] {logging_mixin.py:188} INFO - [2025-11-16T10:44:56.267+0000] {dag.py:3954} INFO - Setting next_dagrun for example_bash_decorator to None, run_after=None
[2025-11-16T10:44:56.273+0000] {processor.py:183} INFO - Processing /home/airflow/.local/lib/python3.12/site-packages/airflow/example_dags/example_bash_decorator.py took 0.028 seconds
[2025-11-16T10:45:26.670+0000] {processor.py:161} INFO - Started process (PID=287) to work on /home/airflow/.local/lib/python3.12/site-packages/airflow/example_dags/example_bash_decorator.py
[2025-11-16T10:45:26.670+0000] {processor.py:830} INFO - Processing file /home/airflow/.local/lib/python3.12/site-packages/airflow/example_dags/example_bash_decorator.py for tasks to queue
[2025-11-16T10:45:26.671+0000] {logging_mixin.py:188} INFO - [2025-11-16T10:45:26.671+0000] {dagbag.py:540} INFO - Filling up the DagBag from /home/airflow/.local/lib/python3.12/site-packages/airflow/example_dags/example_bash_decorator.py
[2025-11-16T10:45:26.677+0000] {processor.py:840} INFO - DAG(s) 'example_bash_decorator' retrieved from /home/airflow/.local/lib/python3.12/site-packages/airflow/example_dags/example_bash_decorator.py
[2025-11-16T10:45:26.688+0000] {logging_mixin.py:188} INFO - [2025-11-16T10:45:26.688+0000] {dag.py:3096} INFO - Sync 1 DAGs
[2025-11-16T10:45:26.694+0000] {logging_mixin.py:188} INFO - [2025-11-16T10:45:26.694+0000] {dag.py:3954} INFO - Setting next_dagrun for example_bash_decorator to None, run_after=None
[2025-11-16T10:45:26.701+0000] {processor.py:183} INFO - Processing /home/airflow/.local/lib/python3.12/site-packages/airflow/example_dags/example_bash_decorator.py took 0.034 seconds
[2025-11-16T10:45:57.177+0000] {processor.py:161} INFO - Started process (PID=345) to work on /home/airflow/.local/lib/python3.12/site-packages/airflow/example_dags/example_bash_decorator.py
[2025-11-16T10:45:57.177+0000] {processor.py:830} INFO - Processing file /home/airflow/.local/lib/python3.12/site-packages/airflow/example_dags/example_bash_decorator.py for tasks to queue
[2025-11-16T10:45:57.178+0000] {logging_mixin.py:188} INFO - [2025-11-16T10:45:57.178+0000] {dagbag.py:540} INFO - Filling up the DagBag from /home/airflow/.local/lib/python3.12/site-packages/airflow/example_dags/example_bash_decorator.py
[2025-11-16T10:45:57.184+0000] {processor.py:840} INFO - DAG(s) 'example_bash_decorator' retrieved from /home/airflow/.local/lib/python3.12/site-packages/airflow/example_dags/example_bash_decorator.py
[2025-11-16T10:45:57.194+0000] {logging_mixin.py:188} INFO - [2025-11-16T10:45:57.193+0000] {dag.py:3096} INFO - Sync 1 DAGs
[2025-11-16T10:45:57.198+0000] {logging_mixin.py:188} INFO - [2025-11-16T10:45:57.198+0000] {dag.py:3954} INFO - Setting next_dagrun for example_bash_decorator to None, run_after=None
[2025-11-16T10:45:57.205+0000] {processor.py:183} INFO - Processing /home/airflow/.local/lib/python3.12/site-packages/airflow/example_dags/example_bash_decorator.py took 0.030 seconds
[2025-11-16T10:46:27.560+0000] {processor.py:161} INFO - Started process (PID=403) to work on /home/airflow/.local/lib/python3.12/site-packages/airflow/example_dags/example_bash_decorator.py
[2025-11-16T10:46:27.561+0000] {processor.py:830} INFO - Processing file /home/airflow/.local/lib/python3.12/site-packages/airflow/example_dags/example_bash_decorator.py for tasks to queue
[2025-11-16T10:46:27.562+0000] {logging_mixin.py:188} INFO - [2025-11-16T10:46:27.561+0000] {dagbag.py:540} INFO - Filling up the DagBag from /home/airflow/.local/lib/python3.12/site-packages/airflow/example_dags/example_bash_decorator.py
[2025-11-16T10:46:27.567+0000] {processor.py:840} INFO - DAG(s) 'example_bash_decorator' retrieved from /home/airflow/.local/lib/python3.12/site-packages/airflow/example_dags/example_bash_decorator.py
[2025-11-16T10:46:27.576+0000] {logging_mixin.py:188} INFO - [2025-11-16T10:46:27.576+0000] {dag.py:3096} INFO - Sync 1 DAGs
[2025-11-16T10:46:27.580+0000] {logging_mixin.py:188} INFO - [2025-11-16T10:46:27.580+0000] {dag.py:3954} INFO - Setting next_dagrun for example_bash_decorator to None, run_after=None
[2025-11-16T10:46:27.587+0000] {processor.py:183} INFO - Processing /home/airflow/.local/lib/python3.12/site-packages/airflow/example_dags/example_bash_decorator.py took 0.028 seconds
[2025-11-16T10:46:57.914+0000] {processor.py:161} INFO - Started process (PID=461) to work on /home/airflow/.local/lib/python3.12/site-packages/airflow/example_dags/example_bash_decorator.py
[2025-11-16T10:46:57.914+0000] {processor.py:830} INFO - Processing file /home/airflow/.local/lib/python3.12/site-packages/airflow/example_dags/example_bash_decorator.py for tasks to queue
[2025-11-16T10:46:57.915+0000] {logging_mixin.py:188} INFO - [2025-11-16T10:46:57.915+0000] {dagbag.py:540} INFO - Filling up the DagBag from /home/airflow/.local/lib/python3.12/site-packages/airflow/example_dags/example_bash_decorator.py
[2025-11-16T10:46:57.920+0000] {processor.py:840} INFO - DAG(s) 'example_bash_decorator' retrieved from /home/airflow/.local/lib/python3.12/site-packages/airflow/example_dags/example_bash_decorator.py
[2025-11-16T10:46:57.929+0000] {logging_mixin.py:188} INFO - [2025-11-16T10:46:57.929+0000] {dag.py:3096} INFO - Sync 1 DAGs
[2025-11-16T10:46:57.934+0000] {logging_mixin.py:188} INFO - [2025-11-16T10:46:57.934+0000] {dag.py:3954} INFO - Setting next_dagrun for example_bash_decorator to None, run_after=None
[2025-11-16T10:46:57.940+0000] {processor.py:183} INFO - Processing /home/airflow/.local/lib/python3.12/site-packages/airflow/example_dags/example_bash_decorator.py took 0.028 seconds
[2025-11-16T10:47:28.221+0000] {processor.py:161} INFO - Started process (PID=519) to work on /home/airflow/.local/lib/python3.12/site-packages/airflow/example_dags/example_bash_decorator.py
[2025-11-16T10:47:28.222+0000] {processor.py:830} INFO - Processing file /home/airflow/.local/lib/python3.12/site-packages/airflow/example_dags/example_bash_decorator.py for tasks to queue
[2025-11-16T10:47:28.222+0000] {logging_mixin.py:188} INFO - [2025-11-16T10:47:28.222+0000] {dagbag.py:540} INFO - Filling up the DagBag from /home/airflow/.local/lib/python3.12/site-packages/airflow/example_dags/example_bash_decorator.py
[2025-11-16T10:47:28.227+0000] {processor.py:840} INFO - DAG(s) 'example_bash_decorator' retrieved from /home/airflow/.local/lib/python3.12/site-packages/airflow/example_dags/example_bash_decorator.py
[2025-11-16T10:47:28.237+0000] {logging_mixin.py:188} INFO - [2025-11-16T10:47:28.237+0000] {dag.py:3096} INFO - Sync 1 DAGs
[2025-11-16T10:47:28.241+0000] {logging_mixin.py:188} INFO - [2025-11-16T10:47:28.241+0000] {dag.py:3954} INFO - Setting next_dagrun for example_bash_decorator to None, run_after=None
[2025-11-16T10:47:28.247+0000] {processor.py:183} INFO - Processing /home/airflow/.local/lib/python3.12/site-packages/airflow/example_dags/example_bash_decorator.py took 0.028 seconds
[2025-11-16T10:47:58.540+0000] {processor.py:161} INFO - Started process (PID=577) to work on /home/airflow/.local/lib/python3.12/site-packages/airflow/example_dags/example_bash_decorator.py
[2025-11-16T10:47:58.540+0000] {processor.py:830} INFO - Processing file /home/airflow/.local/lib/python3.12/site-packages/airflow/example_dags/example_bash_decorator.py for tasks to queue
[2025-11-16T10:47:58.541+0000] {logging_mixin.py:188} INFO - [2025-11-16T10:47:58.541+0000] {dagbag.py:540} INFO - Filling up the DagBag from /home/airflow/.local/lib/python3.12/site-packages/airflow/example_dags/example_bash_decorator.py
[2025-11-16T10:47:58.546+0000] {processor.py:840} INFO - DAG(s) 'example_bash_decorator' retrieved from /home/airflow/.local/lib/python3.12/site-packages/airflow/example_dags/example_bash_decorator.py
[2025-11-16T10:47:58.554+0000] {logging_mixin.py:188} INFO - [2025-11-16T10:47:58.554+0000] {dag.py:3096} INFO - Sync 1 DAGs
[2025-11-16T10:47:58.559+0000] {logging_mixin.py:188} INFO - [2025-11-16T10:47:58.558+0000] {dag.py:3954} INFO - Setting next_dagrun for example_bash_decorator to None, run_after=None
[2025-11-16T10:47:58.564+0000] {processor.py:183} INFO - Processing /home/airflow/.local/lib/python3.12/site-packages/airflow/example_dags/example_bash_decorator.py took 0.027 seconds
[2025-11-16T10:48:28.868+0000] {processor.py:161} INFO - Started process (PID=635) to work on /home/airflow/.local/lib/python3.12/site-packages/airflow/example_dags/example_bash_decorator.py
[2025-11-16T10:48:28.869+0000] {processor.py:830} INFO - Processing file /home/airflow/.local/lib/python3.12/site-packages/airflow/example_dags/example_bash_decorator.py for tasks to queue
[2025-11-16T10:48:28.870+0000] {logging_mixin.py:188} INFO - [2025-11-16T10:48:28.869+0000] {dagbag.py:540} INFO - Filling up the DagBag from /home/airflow/.local/lib/python3.12/site-packages/airflow/example_dags/example_bash_decorator.py
[2025-11-16T10:48:28.876+0000] {processor.py:840} INFO - DAG(s) 'example_bash_decorator' retrieved from /home/airflow/.local/lib/python3.12/site-packages/airflow/example_dags/example_bash_decorator.py
[2025-11-16T10:48:28.886+0000] {logging_mixin.py:188} INFO - [2025-11-16T10:48:28.886+0000] {dag.py:3096} INFO - Sync 1 DAGs
[2025-11-16T10:48:28.893+0000] {logging_mixin.py:188} INFO - [2025-11-16T10:48:28.893+0000] {dag.py:3954} INFO - Setting next_dagrun for example_bash_decorator to None, run_after=None
[2025-11-16T10:48:28.900+0000] {processor.py:183} INFO - Processing /home/airflow/.local/lib/python3.12/site-packages/airflow/example_dags/example_bash_decorator.py took 0.035 seconds
[2025-11-16T10:48:59.238+0000] {processor.py:161} INFO - Started process (PID=693) to work on /home/airflow/.local/lib/python3.12/site-packages/airflow/example_dags/example_bash_decorator.py
[2025-11-16T10:48:59.238+0000] {processor.py:830} INFO - Processing file /home/airflow/.local/lib/python3.12/site-packages/airflow/example_dags/example_bash_decorator.py for tasks to queue
[2025-11-16T10:48:59.239+0000] {logging_mixin.py:188} INFO - [2025-11-16T10:48:59.238+0000] {dagbag.py:540} INFO - Filling up the DagBag from /home/airflow/.local/lib/python3.12/site-packages/airflow/example_dags/example_bash_decorator.py
[2025-11-16T10:48:59.244+0000] {processor.py:840} INFO - DAG(s) 'example_bash_decorator' retrieved from /home/airflow/.local/lib/python3.12/site-packages/airflow/example_dags/example_bash_decorator.py
[2025-11-16T10:48:59.252+0000] {logging_mixin.py:188} INFO - [2025-11-16T10:48:59.252+0000] {dag.py:3096} INFO - Sync 1 DAGs
[2025-11-16T10:48:59.257+0000] {logging_mixin.py:188} INFO - [2025-11-16T10:48:59.257+0000] {dag.py:3954} INFO - Setting next_dagrun for example_bash_decorator to None, run_after=None
[2025-11-16T10:48:59.263+0000] {processor.py:183} INFO - Processing /home/airflow/.local/lib/python3.12/site-packages/airflow/example_dags/example_bash_decorator.py took 0.028 seconds
