[2025-11-16T10:43:24.519+0000] {processor.py:161} INFO - Started process (PID=64) to work on /home/airflow/.local/lib/python3.12/site-packages/airflow/example_dags/example_task_group.py
[2025-11-16T10:43:24.521+0000] {processor.py:830} INFO - Processing file /home/airflow/.local/lib/python3.12/site-packages/airflow/example_dags/example_task_group.py for tasks to queue
[2025-11-16T10:43:24.522+0000] {logging_mixin.py:188} INFO - [2025-11-16T10:43:24.522+0000] {dagbag.py:540} INFO - Filling up the DagBag from /home/airflow/.local/lib/python3.12/site-packages/airflow/example_dags/example_task_group.py
[2025-11-16T10:43:24.531+0000] {processor.py:840} INFO - DAG(s) 'example_task_group' retrieved from /home/airflow/.local/lib/python3.12/site-packages/airflow/example_dags/example_task_group.py
[2025-11-16T10:43:24.544+0000] {logging_mixin.py:188} INFO - [2025-11-16T10:43:24.543+0000] {dag.py:3096} INFO - Sync 1 DAGs
[2025-11-16T10:43:24.555+0000] {logging_mixin.py:188} INFO - [2025-11-16T10:43:24.555+0000] {dag.py:3954} INFO - Setting next_dagrun for example_task_group to 2025-11-15 00:00:00+00:00, run_after=2025-11-16 00:00:00+00:00
[2025-11-16T10:43:24.563+0000] {processor.py:183} INFO - Processing /home/airflow/.local/lib/python3.12/site-packages/airflow/example_dags/example_task_group.py took 0.049 seconds
[2025-11-16T10:43:55.177+0000] {processor.py:161} INFO - Started process (PID=122) to work on /home/airflow/.local/lib/python3.12/site-packages/airflow/example_dags/example_task_group.py
[2025-11-16T10:43:55.177+0000] {processor.py:830} INFO - Processing file /home/airflow/.local/lib/python3.12/site-packages/airflow/example_dags/example_task_group.py for tasks to queue
[2025-11-16T10:43:55.178+0000] {logging_mixin.py:188} INFO - [2025-11-16T10:43:55.178+0000] {dagbag.py:540} INFO - Filling up the DagBag from /home/airflow/.local/lib/python3.12/site-packages/airflow/example_dags/example_task_group.py
[2025-11-16T10:43:55.180+0000] {processor.py:840} INFO - DAG(s) 'example_task_group' retrieved from /home/airflow/.local/lib/python3.12/site-packages/airflow/example_dags/example_task_group.py
[2025-11-16T10:43:55.216+0000] {logging_mixin.py:188} INFO - [2025-11-16T10:43:55.216+0000] {dag.py:3096} INFO - Sync 1 DAGs
[2025-11-16T10:43:55.223+0000] {logging_mixin.py:188} INFO - [2025-11-16T10:43:55.223+0000] {dag.py:3954} INFO - Setting next_dagrun for example_task_group to 2025-11-15 00:00:00+00:00, run_after=2025-11-16 00:00:00+00:00
[2025-11-16T10:43:55.232+0000] {processor.py:183} INFO - Processing /home/airflow/.local/lib/python3.12/site-packages/airflow/example_dags/example_task_group.py took 0.057 seconds
[2025-11-16T10:44:26.014+0000] {processor.py:161} INFO - Started process (PID=180) to work on /home/airflow/.local/lib/python3.12/site-packages/airflow/example_dags/example_task_group.py
[2025-11-16T10:44:26.015+0000] {processor.py:830} INFO - Processing file /home/airflow/.local/lib/python3.12/site-packages/airflow/example_dags/example_task_group.py for tasks to queue
[2025-11-16T10:44:26.017+0000] {logging_mixin.py:188} INFO - [2025-11-16T10:44:26.017+0000] {dagbag.py:540} INFO - Filling up the DagBag from /home/airflow/.local/lib/python3.12/site-packages/airflow/example_dags/example_task_group.py
[2025-11-16T10:44:26.020+0000] {processor.py:840} INFO - DAG(s) 'example_task_group' retrieved from /home/airflow/.local/lib/python3.12/site-packages/airflow/example_dags/example_task_group.py
[2025-11-16T10:44:26.029+0000] {logging_mixin.py:188} INFO - [2025-11-16T10:44:26.029+0000] {dag.py:3096} INFO - Sync 1 DAGs
[2025-11-16T10:44:26.037+0000] {logging_mixin.py:188} INFO - [2025-11-16T10:44:26.037+0000] {dag.py:3954} INFO - Setting next_dagrun for example_task_group to 2025-11-15 00:00:00+00:00, run_after=2025-11-16 00:00:00+00:00
[2025-11-16T10:44:26.043+0000] {processor.py:183} INFO - Processing /home/airflow/.local/lib/python3.12/site-packages/airflow/example_dags/example_task_group.py took 0.031 seconds
[2025-11-16T10:44:56.549+0000] {processor.py:161} INFO - Started process (PID=244) to work on /home/airflow/.local/lib/python3.12/site-packages/airflow/example_dags/example_task_group.py
[2025-11-16T10:44:56.549+0000] {processor.py:830} INFO - Processing file /home/airflow/.local/lib/python3.12/site-packages/airflow/example_dags/example_task_group.py for tasks to queue
[2025-11-16T10:44:56.550+0000] {logging_mixin.py:188} INFO - [2025-11-16T10:44:56.550+0000] {dagbag.py:540} INFO - Filling up the DagBag from /home/airflow/.local/lib/python3.12/site-packages/airflow/example_dags/example_task_group.py
[2025-11-16T10:44:56.553+0000] {processor.py:840} INFO - DAG(s) 'example_task_group' retrieved from /home/airflow/.local/lib/python3.12/site-packages/airflow/example_dags/example_task_group.py
[2025-11-16T10:44:56.561+0000] {logging_mixin.py:188} INFO - [2025-11-16T10:44:56.561+0000] {dag.py:3096} INFO - Sync 1 DAGs
[2025-11-16T10:44:56.568+0000] {logging_mixin.py:188} INFO - [2025-11-16T10:44:56.568+0000] {dag.py:3954} INFO - Setting next_dagrun for example_task_group to 2025-11-15 00:00:00+00:00, run_after=2025-11-16 00:00:00+00:00
[2025-11-16T10:44:56.574+0000] {processor.py:183} INFO - Processing /home/airflow/.local/lib/python3.12/site-packages/airflow/example_dags/example_task_group.py took 0.028 seconds
[2025-11-16T10:45:27.025+0000] {processor.py:161} INFO - Started process (PID=302) to work on /home/airflow/.local/lib/python3.12/site-packages/airflow/example_dags/example_task_group.py
[2025-11-16T10:45:27.026+0000] {processor.py:830} INFO - Processing file /home/airflow/.local/lib/python3.12/site-packages/airflow/example_dags/example_task_group.py for tasks to queue
[2025-11-16T10:45:27.027+0000] {logging_mixin.py:188} INFO - [2025-11-16T10:45:27.027+0000] {dagbag.py:540} INFO - Filling up the DagBag from /home/airflow/.local/lib/python3.12/site-packages/airflow/example_dags/example_task_group.py
[2025-11-16T10:45:27.030+0000] {processor.py:840} INFO - DAG(s) 'example_task_group' retrieved from /home/airflow/.local/lib/python3.12/site-packages/airflow/example_dags/example_task_group.py
[2025-11-16T10:45:27.042+0000] {logging_mixin.py:188} INFO - [2025-11-16T10:45:27.041+0000] {dag.py:3096} INFO - Sync 1 DAGs
[2025-11-16T10:45:27.050+0000] {logging_mixin.py:188} INFO - [2025-11-16T10:45:27.050+0000] {dag.py:3954} INFO - Setting next_dagrun for example_task_group to 2025-11-15 00:00:00+00:00, run_after=2025-11-16 00:00:00+00:00
[2025-11-16T10:45:27.057+0000] {processor.py:183} INFO - Processing /home/airflow/.local/lib/python3.12/site-packages/airflow/example_dags/example_task_group.py took 0.035 seconds
[2025-11-16T10:45:57.484+0000] {processor.py:161} INFO - Started process (PID=360) to work on /home/airflow/.local/lib/python3.12/site-packages/airflow/example_dags/example_task_group.py
[2025-11-16T10:45:57.486+0000] {processor.py:830} INFO - Processing file /home/airflow/.local/lib/python3.12/site-packages/airflow/example_dags/example_task_group.py for tasks to queue
[2025-11-16T10:45:57.486+0000] {logging_mixin.py:188} INFO - [2025-11-16T10:45:57.486+0000] {dagbag.py:540} INFO - Filling up the DagBag from /home/airflow/.local/lib/python3.12/site-packages/airflow/example_dags/example_task_group.py
[2025-11-16T10:45:57.489+0000] {processor.py:840} INFO - DAG(s) 'example_task_group' retrieved from /home/airflow/.local/lib/python3.12/site-packages/airflow/example_dags/example_task_group.py
[2025-11-16T10:45:57.498+0000] {logging_mixin.py:188} INFO - [2025-11-16T10:45:57.498+0000] {dag.py:3096} INFO - Sync 1 DAGs
[2025-11-16T10:45:57.507+0000] {logging_mixin.py:188} INFO - [2025-11-16T10:45:57.507+0000] {dag.py:3954} INFO - Setting next_dagrun for example_task_group to 2025-11-15 00:00:00+00:00, run_after=2025-11-16 00:00:00+00:00
[2025-11-16T10:45:57.513+0000] {processor.py:183} INFO - Processing /home/airflow/.local/lib/python3.12/site-packages/airflow/example_dags/example_task_group.py took 0.031 seconds
[2025-11-16T10:46:27.892+0000] {processor.py:161} INFO - Started process (PID=418) to work on /home/airflow/.local/lib/python3.12/site-packages/airflow/example_dags/example_task_group.py
[2025-11-16T10:46:27.892+0000] {processor.py:830} INFO - Processing file /home/airflow/.local/lib/python3.12/site-packages/airflow/example_dags/example_task_group.py for tasks to queue
[2025-11-16T10:46:27.893+0000] {logging_mixin.py:188} INFO - [2025-11-16T10:46:27.893+0000] {dagbag.py:540} INFO - Filling up the DagBag from /home/airflow/.local/lib/python3.12/site-packages/airflow/example_dags/example_task_group.py
[2025-11-16T10:46:27.896+0000] {processor.py:840} INFO - DAG(s) 'example_task_group' retrieved from /home/airflow/.local/lib/python3.12/site-packages/airflow/example_dags/example_task_group.py
[2025-11-16T10:46:27.903+0000] {logging_mixin.py:188} INFO - [2025-11-16T10:46:27.903+0000] {dag.py:3096} INFO - Sync 1 DAGs
[2025-11-16T10:46:27.910+0000] {logging_mixin.py:188} INFO - [2025-11-16T10:46:27.910+0000] {dag.py:3954} INFO - Setting next_dagrun for example_task_group to 2025-11-15 00:00:00+00:00, run_after=2025-11-16 00:00:00+00:00
[2025-11-16T10:46:27.916+0000] {processor.py:183} INFO - Processing /home/airflow/.local/lib/python3.12/site-packages/airflow/example_dags/example_task_group.py took 0.027 seconds
[2025-11-16T10:46:58.208+0000] {processor.py:161} INFO - Started process (PID=476) to work on /home/airflow/.local/lib/python3.12/site-packages/airflow/example_dags/example_task_group.py
[2025-11-16T10:46:58.209+0000] {processor.py:830} INFO - Processing file /home/airflow/.local/lib/python3.12/site-packages/airflow/example_dags/example_task_group.py for tasks to queue
[2025-11-16T10:46:58.210+0000] {logging_mixin.py:188} INFO - [2025-11-16T10:46:58.210+0000] {dagbag.py:540} INFO - Filling up the DagBag from /home/airflow/.local/lib/python3.12/site-packages/airflow/example_dags/example_task_group.py
[2025-11-16T10:46:58.213+0000] {processor.py:840} INFO - DAG(s) 'example_task_group' retrieved from /home/airflow/.local/lib/python3.12/site-packages/airflow/example_dags/example_task_group.py
[2025-11-16T10:46:58.221+0000] {logging_mixin.py:188} INFO - [2025-11-16T10:46:58.220+0000] {dag.py:3096} INFO - Sync 1 DAGs
[2025-11-16T10:46:58.228+0000] {logging_mixin.py:188} INFO - [2025-11-16T10:46:58.228+0000] {dag.py:3954} INFO - Setting next_dagrun for example_task_group to 2025-11-15 00:00:00+00:00, run_after=2025-11-16 00:00:00+00:00
[2025-11-16T10:46:58.237+0000] {processor.py:183} INFO - Processing /home/airflow/.local/lib/python3.12/site-packages/airflow/example_dags/example_task_group.py took 0.031 seconds
[2025-11-16T10:47:28.513+0000] {processor.py:161} INFO - Started process (PID=534) to work on /home/airflow/.local/lib/python3.12/site-packages/airflow/example_dags/example_task_group.py
[2025-11-16T10:47:28.514+0000] {processor.py:830} INFO - Processing file /home/airflow/.local/lib/python3.12/site-packages/airflow/example_dags/example_task_group.py for tasks to queue
[2025-11-16T10:47:28.516+0000] {logging_mixin.py:188} INFO - [2025-11-16T10:47:28.516+0000] {dagbag.py:540} INFO - Filling up the DagBag from /home/airflow/.local/lib/python3.12/site-packages/airflow/example_dags/example_task_group.py
[2025-11-16T10:47:28.519+0000] {processor.py:840} INFO - DAG(s) 'example_task_group' retrieved from /home/airflow/.local/lib/python3.12/site-packages/airflow/example_dags/example_task_group.py
[2025-11-16T10:47:28.527+0000] {logging_mixin.py:188} INFO - [2025-11-16T10:47:28.527+0000] {dag.py:3096} INFO - Sync 1 DAGs
[2025-11-16T10:47:28.535+0000] {logging_mixin.py:188} INFO - [2025-11-16T10:47:28.535+0000] {dag.py:3954} INFO - Setting next_dagrun for example_task_group to 2025-11-15 00:00:00+00:00, run_after=2025-11-16 00:00:00+00:00
[2025-11-16T10:47:28.541+0000] {processor.py:183} INFO - Processing /home/airflow/.local/lib/python3.12/site-packages/airflow/example_dags/example_task_group.py took 0.030 seconds
[2025-11-16T10:47:58.837+0000] {processor.py:161} INFO - Started process (PID=592) to work on /home/airflow/.local/lib/python3.12/site-packages/airflow/example_dags/example_task_group.py
[2025-11-16T10:47:58.837+0000] {processor.py:830} INFO - Processing file /home/airflow/.local/lib/python3.12/site-packages/airflow/example_dags/example_task_group.py for tasks to queue
[2025-11-16T10:47:58.838+0000] {logging_mixin.py:188} INFO - [2025-11-16T10:47:58.838+0000] {dagbag.py:540} INFO - Filling up the DagBag from /home/airflow/.local/lib/python3.12/site-packages/airflow/example_dags/example_task_group.py
[2025-11-16T10:47:58.841+0000] {processor.py:840} INFO - DAG(s) 'example_task_group' retrieved from /home/airflow/.local/lib/python3.12/site-packages/airflow/example_dags/example_task_group.py
[2025-11-16T10:47:58.849+0000] {logging_mixin.py:188} INFO - [2025-11-16T10:47:58.849+0000] {dag.py:3096} INFO - Sync 1 DAGs
[2025-11-16T10:47:58.857+0000] {logging_mixin.py:188} INFO - [2025-11-16T10:47:58.857+0000] {dag.py:3954} INFO - Setting next_dagrun for example_task_group to 2025-11-15 00:00:00+00:00, run_after=2025-11-16 00:00:00+00:00
[2025-11-16T10:47:58.863+0000] {processor.py:183} INFO - Processing /home/airflow/.local/lib/python3.12/site-packages/airflow/example_dags/example_task_group.py took 0.029 seconds
[2025-11-16T10:48:29.172+0000] {processor.py:161} INFO - Started process (PID=650) to work on /home/airflow/.local/lib/python3.12/site-packages/airflow/example_dags/example_task_group.py
[2025-11-16T10:48:29.173+0000] {processor.py:830} INFO - Processing file /home/airflow/.local/lib/python3.12/site-packages/airflow/example_dags/example_task_group.py for tasks to queue
[2025-11-16T10:48:29.174+0000] {logging_mixin.py:188} INFO - [2025-11-16T10:48:29.174+0000] {dagbag.py:540} INFO - Filling up the DagBag from /home/airflow/.local/lib/python3.12/site-packages/airflow/example_dags/example_task_group.py
[2025-11-16T10:48:29.177+0000] {processor.py:840} INFO - DAG(s) 'example_task_group' retrieved from /home/airflow/.local/lib/python3.12/site-packages/airflow/example_dags/example_task_group.py
[2025-11-16T10:48:29.186+0000] {logging_mixin.py:188} INFO - [2025-11-16T10:48:29.186+0000] {dag.py:3096} INFO - Sync 1 DAGs
[2025-11-16T10:48:29.194+0000] {logging_mixin.py:188} INFO - [2025-11-16T10:48:29.194+0000] {dag.py:3954} INFO - Setting next_dagrun for example_task_group to 2025-11-15 00:00:00+00:00, run_after=2025-11-16 00:00:00+00:00
[2025-11-16T10:48:29.202+0000] {processor.py:183} INFO - Processing /home/airflow/.local/lib/python3.12/site-packages/airflow/example_dags/example_task_group.py took 0.032 seconds
[2025-11-16T10:48:59.521+0000] {processor.py:161} INFO - Started process (PID=708) to work on /home/airflow/.local/lib/python3.12/site-packages/airflow/example_dags/example_task_group.py
[2025-11-16T10:48:59.522+0000] {processor.py:830} INFO - Processing file /home/airflow/.local/lib/python3.12/site-packages/airflow/example_dags/example_task_group.py for tasks to queue
[2025-11-16T10:48:59.523+0000] {logging_mixin.py:188} INFO - [2025-11-16T10:48:59.523+0000] {dagbag.py:540} INFO - Filling up the DagBag from /home/airflow/.local/lib/python3.12/site-packages/airflow/example_dags/example_task_group.py
[2025-11-16T10:48:59.526+0000] {processor.py:840} INFO - DAG(s) 'example_task_group' retrieved from /home/airflow/.local/lib/python3.12/site-packages/airflow/example_dags/example_task_group.py
[2025-11-16T10:48:59.535+0000] {logging_mixin.py:188} INFO - [2025-11-16T10:48:59.535+0000] {dag.py:3096} INFO - Sync 1 DAGs
[2025-11-16T10:48:59.543+0000] {logging_mixin.py:188} INFO - [2025-11-16T10:48:59.543+0000] {dag.py:3954} INFO - Setting next_dagrun for example_task_group to 2025-11-15 00:00:00+00:00, run_after=2025-11-16 00:00:00+00:00
[2025-11-16T10:48:59.549+0000] {processor.py:183} INFO - Processing /home/airflow/.local/lib/python3.12/site-packages/airflow/example_dags/example_task_group.py took 0.030 seconds
