[2025-11-16T10:43:24.681+0000] {processor.py:161} INFO - Started process (PID=69) to work on /home/airflow/.local/lib/python3.12/site-packages/airflow/example_dags/example_subdag_operator.py
[2025-11-16T10:43:24.683+0000] {processor.py:830} INFO - Processing file /home/airflow/.local/lib/python3.12/site-packages/airflow/example_dags/example_subdag_operator.py for tasks to queue
[2025-11-16T10:43:24.685+0000] {logging_mixin.py:188} INFO - [2025-11-16T10:43:24.684+0000] {dagbag.py:540} INFO - Filling up the DagBag from /home/airflow/.local/lib/python3.12/site-packages/airflow/example_dags/example_subdag_operator.py
[2025-11-16T10:43:24.706+0000] {processor.py:840} INFO - DAG(s) 'example_subdag_operator.section-1', 'example_subdag_operator.section-2', 'example_subdag_operator' retrieved from /home/airflow/.local/lib/python3.12/site-packages/airflow/example_dags/example_subdag_operator.py
[2025-11-16T10:43:24.709+0000] {logging_mixin.py:188} INFO - [2025-11-16T10:43:24.709+0000] {dag.py:3096} INFO - Sync 3 DAGs
[2025-11-16T10:43:24.722+0000] {logging_mixin.py:188} INFO - [2025-11-16T10:43:24.722+0000] {dag.py:3954} INFO - Setting next_dagrun for example_subdag_operator to 2022-01-01 00:00:00+00:00, run_after=2022-01-01 00:00:00+00:00
[2025-11-16T10:43:24.724+0000] {logging_mixin.py:188} INFO - [2025-11-16T10:43:24.724+0000] {dag.py:3954} INFO - Setting next_dagrun for example_subdag_operator.section-1 to None, run_after=None
[2025-11-16T10:43:24.725+0000] {logging_mixin.py:188} INFO - [2025-11-16T10:43:24.725+0000] {dag.py:3954} INFO - Setting next_dagrun for example_subdag_operator.section-2 to None, run_after=None
[2025-11-16T10:43:24.730+0000] {logging_mixin.py:188} INFO - [2025-11-16T10:43:24.730+0000] {dag.py:3096} INFO - Sync 2 DAGs
[2025-11-16T10:43:24.733+0000] {logging_mixin.py:188} INFO - [2025-11-16T10:43:24.733+0000] {dag.py:3954} INFO - Setting next_dagrun for example_subdag_operator.section-1 to None, run_after=None
[2025-11-16T10:43:24.733+0000] {logging_mixin.py:188} INFO - [2025-11-16T10:43:24.733+0000] {dag.py:3954} INFO - Setting next_dagrun for example_subdag_operator.section-2 to None, run_after=None
[2025-11-16T10:43:24.738+0000] {processor.py:183} INFO - Processing /home/airflow/.local/lib/python3.12/site-packages/airflow/example_dags/example_subdag_operator.py took 0.063 seconds
[2025-11-16T10:43:55.321+0000] {processor.py:161} INFO - Started process (PID=127) to work on /home/airflow/.local/lib/python3.12/site-packages/airflow/example_dags/example_subdag_operator.py
[2025-11-16T10:43:55.323+0000] {processor.py:830} INFO - Processing file /home/airflow/.local/lib/python3.12/site-packages/airflow/example_dags/example_subdag_operator.py for tasks to queue
[2025-11-16T10:43:55.324+0000] {logging_mixin.py:188} INFO - [2025-11-16T10:43:55.324+0000] {dagbag.py:540} INFO - Filling up the DagBag from /home/airflow/.local/lib/python3.12/site-packages/airflow/example_dags/example_subdag_operator.py
[2025-11-16T10:43:55.333+0000] {processor.py:840} INFO - DAG(s) 'example_subdag_operator.section-1', 'example_subdag_operator.section-2', 'example_subdag_operator' retrieved from /home/airflow/.local/lib/python3.12/site-packages/airflow/example_dags/example_subdag_operator.py
[2025-11-16T10:43:55.365+0000] {logging_mixin.py:188} INFO - [2025-11-16T10:43:55.364+0000] {dag.py:3096} INFO - Sync 3 DAGs
[2025-11-16T10:43:55.373+0000] {logging_mixin.py:188} INFO - [2025-11-16T10:43:55.373+0000] {dag.py:3954} INFO - Setting next_dagrun for example_subdag_operator to 2022-01-01 00:00:00+00:00, run_after=2022-01-01 00:00:00+00:00
[2025-11-16T10:43:55.377+0000] {logging_mixin.py:188} INFO - [2025-11-16T10:43:55.377+0000] {dag.py:3954} INFO - Setting next_dagrun for example_subdag_operator.section-1 to None, run_after=None
[2025-11-16T10:43:55.377+0000] {logging_mixin.py:188} INFO - [2025-11-16T10:43:55.377+0000] {dag.py:3954} INFO - Setting next_dagrun for example_subdag_operator.section-2 to None, run_after=None
[2025-11-16T10:43:55.380+0000] {logging_mixin.py:188} INFO - [2025-11-16T10:43:55.380+0000] {dag.py:3096} INFO - Sync 2 DAGs
[2025-11-16T10:43:55.383+0000] {logging_mixin.py:188} INFO - [2025-11-16T10:43:55.383+0000] {dag.py:3954} INFO - Setting next_dagrun for example_subdag_operator.section-1 to None, run_after=None
[2025-11-16T10:43:55.383+0000] {logging_mixin.py:188} INFO - [2025-11-16T10:43:55.383+0000] {dag.py:3954} INFO - Setting next_dagrun for example_subdag_operator.section-2 to None, run_after=None
[2025-11-16T10:43:55.387+0000] {processor.py:183} INFO - Processing /home/airflow/.local/lib/python3.12/site-packages/airflow/example_dags/example_subdag_operator.py took 0.068 seconds
[2025-11-16T10:44:26.131+0000] {processor.py:161} INFO - Started process (PID=191) to work on /home/airflow/.local/lib/python3.12/site-packages/airflow/example_dags/example_subdag_operator.py
[2025-11-16T10:44:26.132+0000] {processor.py:830} INFO - Processing file /home/airflow/.local/lib/python3.12/site-packages/airflow/example_dags/example_subdag_operator.py for tasks to queue
[2025-11-16T10:44:26.134+0000] {logging_mixin.py:188} INFO - [2025-11-16T10:44:26.134+0000] {dagbag.py:540} INFO - Filling up the DagBag from /home/airflow/.local/lib/python3.12/site-packages/airflow/example_dags/example_subdag_operator.py
[2025-11-16T10:44:26.146+0000] {processor.py:840} INFO - DAG(s) 'example_subdag_operator.section-1', 'example_subdag_operator.section-2', 'example_subdag_operator' retrieved from /home/airflow/.local/lib/python3.12/site-packages/airflow/example_dags/example_subdag_operator.py
[2025-11-16T10:44:26.151+0000] {logging_mixin.py:188} INFO - [2025-11-16T10:44:26.151+0000] {dag.py:3096} INFO - Sync 3 DAGs
[2025-11-16T10:44:26.164+0000] {logging_mixin.py:188} INFO - [2025-11-16T10:44:26.164+0000] {dag.py:3954} INFO - Setting next_dagrun for example_subdag_operator to 2022-01-01 00:00:00+00:00, run_after=2022-01-01 00:00:00+00:00
[2025-11-16T10:44:26.165+0000] {logging_mixin.py:188} INFO - [2025-11-16T10:44:26.165+0000] {dag.py:3954} INFO - Setting next_dagrun for example_subdag_operator.section-1 to None, run_after=None
[2025-11-16T10:44:26.166+0000] {logging_mixin.py:188} INFO - [2025-11-16T10:44:26.166+0000] {dag.py:3954} INFO - Setting next_dagrun for example_subdag_operator.section-2 to None, run_after=None
[2025-11-16T10:44:26.170+0000] {logging_mixin.py:188} INFO - [2025-11-16T10:44:26.170+0000] {dag.py:3096} INFO - Sync 2 DAGs
[2025-11-16T10:44:26.172+0000] {logging_mixin.py:188} INFO - [2025-11-16T10:44:26.172+0000] {dag.py:3954} INFO - Setting next_dagrun for example_subdag_operator.section-1 to None, run_after=None
[2025-11-16T10:44:26.174+0000] {logging_mixin.py:188} INFO - [2025-11-16T10:44:26.174+0000] {dag.py:3954} INFO - Setting next_dagrun for example_subdag_operator.section-2 to None, run_after=None
[2025-11-16T10:44:26.178+0000] {processor.py:183} INFO - Processing /home/airflow/.local/lib/python3.12/site-packages/airflow/example_dags/example_subdag_operator.py took 0.052 seconds
[2025-11-16T10:44:56.653+0000] {processor.py:161} INFO - Started process (PID=249) to work on /home/airflow/.local/lib/python3.12/site-packages/airflow/example_dags/example_subdag_operator.py
[2025-11-16T10:44:56.654+0000] {processor.py:830} INFO - Processing file /home/airflow/.local/lib/python3.12/site-packages/airflow/example_dags/example_subdag_operator.py for tasks to queue
[2025-11-16T10:44:56.655+0000] {logging_mixin.py:188} INFO - [2025-11-16T10:44:56.654+0000] {dagbag.py:540} INFO - Filling up the DagBag from /home/airflow/.local/lib/python3.12/site-packages/airflow/example_dags/example_subdag_operator.py
[2025-11-16T10:44:56.666+0000] {processor.py:840} INFO - DAG(s) 'example_subdag_operator.section-1', 'example_subdag_operator.section-2', 'example_subdag_operator' retrieved from /home/airflow/.local/lib/python3.12/site-packages/airflow/example_dags/example_subdag_operator.py
[2025-11-16T10:44:56.672+0000] {logging_mixin.py:188} INFO - [2025-11-16T10:44:56.672+0000] {dag.py:3096} INFO - Sync 3 DAGs
[2025-11-16T10:44:56.680+0000] {logging_mixin.py:188} INFO - [2025-11-16T10:44:56.680+0000] {dag.py:3954} INFO - Setting next_dagrun for example_subdag_operator to 2022-01-01 00:00:00+00:00, run_after=2022-01-01 00:00:00+00:00
[2025-11-16T10:44:56.682+0000] {logging_mixin.py:188} INFO - [2025-11-16T10:44:56.682+0000] {dag.py:3954} INFO - Setting next_dagrun for example_subdag_operator.section-1 to None, run_after=None
[2025-11-16T10:44:56.682+0000] {logging_mixin.py:188} INFO - [2025-11-16T10:44:56.682+0000] {dag.py:3954} INFO - Setting next_dagrun for example_subdag_operator.section-2 to None, run_after=None
[2025-11-16T10:44:56.685+0000] {logging_mixin.py:188} INFO - [2025-11-16T10:44:56.685+0000] {dag.py:3096} INFO - Sync 2 DAGs
[2025-11-16T10:44:56.687+0000] {logging_mixin.py:188} INFO - [2025-11-16T10:44:56.687+0000] {dag.py:3954} INFO - Setting next_dagrun for example_subdag_operator.section-1 to None, run_after=None
[2025-11-16T10:44:56.687+0000] {logging_mixin.py:188} INFO - [2025-11-16T10:44:56.687+0000] {dag.py:3954} INFO - Setting next_dagrun for example_subdag_operator.section-2 to None, run_after=None
[2025-11-16T10:44:56.690+0000] {processor.py:183} INFO - Processing /home/airflow/.local/lib/python3.12/site-packages/airflow/example_dags/example_subdag_operator.py took 0.039 seconds
[2025-11-16T10:45:27.137+0000] {processor.py:161} INFO - Started process (PID=307) to work on /home/airflow/.local/lib/python3.12/site-packages/airflow/example_dags/example_subdag_operator.py
[2025-11-16T10:45:27.138+0000] {processor.py:830} INFO - Processing file /home/airflow/.local/lib/python3.12/site-packages/airflow/example_dags/example_subdag_operator.py for tasks to queue
[2025-11-16T10:45:27.138+0000] {logging_mixin.py:188} INFO - [2025-11-16T10:45:27.138+0000] {dagbag.py:540} INFO - Filling up the DagBag from /home/airflow/.local/lib/python3.12/site-packages/airflow/example_dags/example_subdag_operator.py
[2025-11-16T10:45:27.148+0000] {processor.py:840} INFO - DAG(s) 'example_subdag_operator.section-1', 'example_subdag_operator.section-2', 'example_subdag_operator' retrieved from /home/airflow/.local/lib/python3.12/site-packages/airflow/example_dags/example_subdag_operator.py
[2025-11-16T10:45:27.153+0000] {logging_mixin.py:188} INFO - [2025-11-16T10:45:27.153+0000] {dag.py:3096} INFO - Sync 3 DAGs
[2025-11-16T10:45:27.161+0000] {logging_mixin.py:188} INFO - [2025-11-16T10:45:27.161+0000] {dag.py:3954} INFO - Setting next_dagrun for example_subdag_operator to 2022-01-01 00:00:00+00:00, run_after=2022-01-01 00:00:00+00:00
[2025-11-16T10:45:27.162+0000] {logging_mixin.py:188} INFO - [2025-11-16T10:45:27.162+0000] {dag.py:3954} INFO - Setting next_dagrun for example_subdag_operator.section-1 to None, run_after=None
[2025-11-16T10:45:27.162+0000] {logging_mixin.py:188} INFO - [2025-11-16T10:45:27.162+0000] {dag.py:3954} INFO - Setting next_dagrun for example_subdag_operator.section-2 to None, run_after=None
[2025-11-16T10:45:27.165+0000] {logging_mixin.py:188} INFO - [2025-11-16T10:45:27.165+0000] {dag.py:3096} INFO - Sync 2 DAGs
[2025-11-16T10:45:27.167+0000] {logging_mixin.py:188} INFO - [2025-11-16T10:45:27.167+0000] {dag.py:3954} INFO - Setting next_dagrun for example_subdag_operator.section-1 to None, run_after=None
[2025-11-16T10:45:27.167+0000] {logging_mixin.py:188} INFO - [2025-11-16T10:45:27.167+0000] {dag.py:3954} INFO - Setting next_dagrun for example_subdag_operator.section-2 to None, run_after=None
[2025-11-16T10:45:27.171+0000] {processor.py:183} INFO - Processing /home/airflow/.local/lib/python3.12/site-packages/airflow/example_dags/example_subdag_operator.py took 0.036 seconds
[2025-11-16T10:45:57.596+0000] {processor.py:161} INFO - Started process (PID=365) to work on /home/airflow/.local/lib/python3.12/site-packages/airflow/example_dags/example_subdag_operator.py
[2025-11-16T10:45:57.596+0000] {processor.py:830} INFO - Processing file /home/airflow/.local/lib/python3.12/site-packages/airflow/example_dags/example_subdag_operator.py for tasks to queue
[2025-11-16T10:45:57.597+0000] {logging_mixin.py:188} INFO - [2025-11-16T10:45:57.597+0000] {dagbag.py:540} INFO - Filling up the DagBag from /home/airflow/.local/lib/python3.12/site-packages/airflow/example_dags/example_subdag_operator.py
[2025-11-16T10:45:57.605+0000] {processor.py:840} INFO - DAG(s) 'example_subdag_operator.section-1', 'example_subdag_operator.section-2', 'example_subdag_operator' retrieved from /home/airflow/.local/lib/python3.12/site-packages/airflow/example_dags/example_subdag_operator.py
[2025-11-16T10:45:57.610+0000] {logging_mixin.py:188} INFO - [2025-11-16T10:45:57.610+0000] {dag.py:3096} INFO - Sync 3 DAGs
[2025-11-16T10:45:57.617+0000] {logging_mixin.py:188} INFO - [2025-11-16T10:45:57.617+0000] {dag.py:3954} INFO - Setting next_dagrun for example_subdag_operator to 2022-01-01 00:00:00+00:00, run_after=2022-01-01 00:00:00+00:00
[2025-11-16T10:45:57.619+0000] {logging_mixin.py:188} INFO - [2025-11-16T10:45:57.619+0000] {dag.py:3954} INFO - Setting next_dagrun for example_subdag_operator.section-1 to None, run_after=None
[2025-11-16T10:45:57.619+0000] {logging_mixin.py:188} INFO - [2025-11-16T10:45:57.619+0000] {dag.py:3954} INFO - Setting next_dagrun for example_subdag_operator.section-2 to None, run_after=None
[2025-11-16T10:45:57.621+0000] {logging_mixin.py:188} INFO - [2025-11-16T10:45:57.621+0000] {dag.py:3096} INFO - Sync 2 DAGs
[2025-11-16T10:45:57.623+0000] {logging_mixin.py:188} INFO - [2025-11-16T10:45:57.623+0000] {dag.py:3954} INFO - Setting next_dagrun for example_subdag_operator.section-1 to None, run_after=None
[2025-11-16T10:45:57.623+0000] {logging_mixin.py:188} INFO - [2025-11-16T10:45:57.623+0000] {dag.py:3954} INFO - Setting next_dagrun for example_subdag_operator.section-2 to None, run_after=None
[2025-11-16T10:45:57.627+0000] {processor.py:183} INFO - Processing /home/airflow/.local/lib/python3.12/site-packages/airflow/example_dags/example_subdag_operator.py took 0.033 seconds
[2025-11-16T10:46:27.978+0000] {processor.py:161} INFO - Started process (PID=423) to work on /home/airflow/.local/lib/python3.12/site-packages/airflow/example_dags/example_subdag_operator.py
[2025-11-16T10:46:27.978+0000] {processor.py:830} INFO - Processing file /home/airflow/.local/lib/python3.12/site-packages/airflow/example_dags/example_subdag_operator.py for tasks to queue
[2025-11-16T10:46:27.981+0000] {logging_mixin.py:188} INFO - [2025-11-16T10:46:27.981+0000] {dagbag.py:540} INFO - Filling up the DagBag from /home/airflow/.local/lib/python3.12/site-packages/airflow/example_dags/example_subdag_operator.py
[2025-11-16T10:46:27.991+0000] {processor.py:840} INFO - DAG(s) 'example_subdag_operator.section-1', 'example_subdag_operator.section-2', 'example_subdag_operator' retrieved from /home/airflow/.local/lib/python3.12/site-packages/airflow/example_dags/example_subdag_operator.py
[2025-11-16T10:46:27.999+0000] {logging_mixin.py:188} INFO - [2025-11-16T10:46:27.998+0000] {dag.py:3096} INFO - Sync 3 DAGs
[2025-11-16T10:46:28.006+0000] {logging_mixin.py:188} INFO - [2025-11-16T10:46:28.006+0000] {dag.py:3954} INFO - Setting next_dagrun for example_subdag_operator to 2022-01-01 00:00:00+00:00, run_after=2022-01-01 00:00:00+00:00
[2025-11-16T10:46:28.010+0000] {logging_mixin.py:188} INFO - [2025-11-16T10:46:28.010+0000] {dag.py:3954} INFO - Setting next_dagrun for example_subdag_operator.section-1 to None, run_after=None
[2025-11-16T10:46:28.010+0000] {logging_mixin.py:188} INFO - [2025-11-16T10:46:28.010+0000] {dag.py:3954} INFO - Setting next_dagrun for example_subdag_operator.section-2 to None, run_after=None
[2025-11-16T10:46:28.012+0000] {logging_mixin.py:188} INFO - [2025-11-16T10:46:28.012+0000] {dag.py:3096} INFO - Sync 2 DAGs
[2025-11-16T10:46:28.014+0000] {logging_mixin.py:188} INFO - [2025-11-16T10:46:28.014+0000] {dag.py:3954} INFO - Setting next_dagrun for example_subdag_operator.section-1 to None, run_after=None
[2025-11-16T10:46:28.014+0000] {logging_mixin.py:188} INFO - [2025-11-16T10:46:28.014+0000] {dag.py:3954} INFO - Setting next_dagrun for example_subdag_operator.section-2 to None, run_after=None
[2025-11-16T10:46:28.018+0000] {processor.py:183} INFO - Processing /home/airflow/.local/lib/python3.12/site-packages/airflow/example_dags/example_subdag_operator.py took 0.043 seconds
[2025-11-16T10:46:58.311+0000] {processor.py:161} INFO - Started process (PID=481) to work on /home/airflow/.local/lib/python3.12/site-packages/airflow/example_dags/example_subdag_operator.py
[2025-11-16T10:46:58.311+0000] {processor.py:830} INFO - Processing file /home/airflow/.local/lib/python3.12/site-packages/airflow/example_dags/example_subdag_operator.py for tasks to queue
[2025-11-16T10:46:58.312+0000] {logging_mixin.py:188} INFO - [2025-11-16T10:46:58.312+0000] {dagbag.py:540} INFO - Filling up the DagBag from /home/airflow/.local/lib/python3.12/site-packages/airflow/example_dags/example_subdag_operator.py
[2025-11-16T10:46:58.322+0000] {processor.py:840} INFO - DAG(s) 'example_subdag_operator.section-1', 'example_subdag_operator.section-2', 'example_subdag_operator' retrieved from /home/airflow/.local/lib/python3.12/site-packages/airflow/example_dags/example_subdag_operator.py
[2025-11-16T10:46:58.328+0000] {logging_mixin.py:188} INFO - [2025-11-16T10:46:58.328+0000] {dag.py:3096} INFO - Sync 3 DAGs
[2025-11-16T10:46:58.335+0000] {logging_mixin.py:188} INFO - [2025-11-16T10:46:58.335+0000] {dag.py:3954} INFO - Setting next_dagrun for example_subdag_operator to 2022-01-01 00:00:00+00:00, run_after=2022-01-01 00:00:00+00:00
[2025-11-16T10:46:58.337+0000] {logging_mixin.py:188} INFO - [2025-11-16T10:46:58.336+0000] {dag.py:3954} INFO - Setting next_dagrun for example_subdag_operator.section-1 to None, run_after=None
[2025-11-16T10:46:58.337+0000] {logging_mixin.py:188} INFO - [2025-11-16T10:46:58.337+0000] {dag.py:3954} INFO - Setting next_dagrun for example_subdag_operator.section-2 to None, run_after=None
[2025-11-16T10:46:58.340+0000] {logging_mixin.py:188} INFO - [2025-11-16T10:46:58.340+0000] {dag.py:3096} INFO - Sync 2 DAGs
[2025-11-16T10:46:58.341+0000] {logging_mixin.py:188} INFO - [2025-11-16T10:46:58.341+0000] {dag.py:3954} INFO - Setting next_dagrun for example_subdag_operator.section-1 to None, run_after=None
[2025-11-16T10:46:58.343+0000] {logging_mixin.py:188} INFO - [2025-11-16T10:46:58.343+0000] {dag.py:3954} INFO - Setting next_dagrun for example_subdag_operator.section-2 to None, run_after=None
[2025-11-16T10:46:58.347+0000] {processor.py:183} INFO - Processing /home/airflow/.local/lib/python3.12/site-packages/airflow/example_dags/example_subdag_operator.py took 0.038 seconds
[2025-11-16T10:47:28.618+0000] {processor.py:161} INFO - Started process (PID=539) to work on /home/airflow/.local/lib/python3.12/site-packages/airflow/example_dags/example_subdag_operator.py
[2025-11-16T10:47:28.618+0000] {processor.py:830} INFO - Processing file /home/airflow/.local/lib/python3.12/site-packages/airflow/example_dags/example_subdag_operator.py for tasks to queue
[2025-11-16T10:47:28.619+0000] {logging_mixin.py:188} INFO - [2025-11-16T10:47:28.618+0000] {dagbag.py:540} INFO - Filling up the DagBag from /home/airflow/.local/lib/python3.12/site-packages/airflow/example_dags/example_subdag_operator.py
[2025-11-16T10:47:28.629+0000] {processor.py:840} INFO - DAG(s) 'example_subdag_operator.section-1', 'example_subdag_operator.section-2', 'example_subdag_operator' retrieved from /home/airflow/.local/lib/python3.12/site-packages/airflow/example_dags/example_subdag_operator.py
[2025-11-16T10:47:28.634+0000] {logging_mixin.py:188} INFO - [2025-11-16T10:47:28.634+0000] {dag.py:3096} INFO - Sync 3 DAGs
[2025-11-16T10:47:28.642+0000] {logging_mixin.py:188} INFO - [2025-11-16T10:47:28.642+0000] {dag.py:3954} INFO - Setting next_dagrun for example_subdag_operator to 2022-01-01 00:00:00+00:00, run_after=2022-01-01 00:00:00+00:00
[2025-11-16T10:47:28.643+0000] {logging_mixin.py:188} INFO - [2025-11-16T10:47:28.643+0000] {dag.py:3954} INFO - Setting next_dagrun for example_subdag_operator.section-1 to None, run_after=None
[2025-11-16T10:47:28.644+0000] {logging_mixin.py:188} INFO - [2025-11-16T10:47:28.644+0000] {dag.py:3954} INFO - Setting next_dagrun for example_subdag_operator.section-2 to None, run_after=None
[2025-11-16T10:47:28.646+0000] {logging_mixin.py:188} INFO - [2025-11-16T10:47:28.646+0000] {dag.py:3096} INFO - Sync 2 DAGs
[2025-11-16T10:47:28.648+0000] {logging_mixin.py:188} INFO - [2025-11-16T10:47:28.648+0000] {dag.py:3954} INFO - Setting next_dagrun for example_subdag_operator.section-1 to None, run_after=None
[2025-11-16T10:47:28.648+0000] {logging_mixin.py:188} INFO - [2025-11-16T10:47:28.648+0000] {dag.py:3954} INFO - Setting next_dagrun for example_subdag_operator.section-2 to None, run_after=None
[2025-11-16T10:47:28.652+0000] {processor.py:183} INFO - Processing /home/airflow/.local/lib/python3.12/site-packages/airflow/example_dags/example_subdag_operator.py took 0.036 seconds
[2025-11-16T10:47:58.930+0000] {processor.py:161} INFO - Started process (PID=597) to work on /home/airflow/.local/lib/python3.12/site-packages/airflow/example_dags/example_subdag_operator.py
[2025-11-16T10:47:58.930+0000] {processor.py:830} INFO - Processing file /home/airflow/.local/lib/python3.12/site-packages/airflow/example_dags/example_subdag_operator.py for tasks to queue
[2025-11-16T10:47:58.931+0000] {logging_mixin.py:188} INFO - [2025-11-16T10:47:58.931+0000] {dagbag.py:540} INFO - Filling up the DagBag from /home/airflow/.local/lib/python3.12/site-packages/airflow/example_dags/example_subdag_operator.py
[2025-11-16T10:47:58.939+0000] {processor.py:840} INFO - DAG(s) 'example_subdag_operator.section-1', 'example_subdag_operator.section-2', 'example_subdag_operator' retrieved from /home/airflow/.local/lib/python3.12/site-packages/airflow/example_dags/example_subdag_operator.py
[2025-11-16T10:47:58.945+0000] {logging_mixin.py:188} INFO - [2025-11-16T10:47:58.945+0000] {dag.py:3096} INFO - Sync 3 DAGs
[2025-11-16T10:47:58.952+0000] {logging_mixin.py:188} INFO - [2025-11-16T10:47:58.952+0000] {dag.py:3954} INFO - Setting next_dagrun for example_subdag_operator to 2022-01-01 00:00:00+00:00, run_after=2022-01-01 00:00:00+00:00
[2025-11-16T10:47:58.953+0000] {logging_mixin.py:188} INFO - [2025-11-16T10:47:58.953+0000] {dag.py:3954} INFO - Setting next_dagrun for example_subdag_operator.section-1 to None, run_after=None
[2025-11-16T10:47:58.954+0000] {logging_mixin.py:188} INFO - [2025-11-16T10:47:58.954+0000] {dag.py:3954} INFO - Setting next_dagrun for example_subdag_operator.section-2 to None, run_after=None
[2025-11-16T10:47:58.956+0000] {logging_mixin.py:188} INFO - [2025-11-16T10:47:58.956+0000] {dag.py:3096} INFO - Sync 2 DAGs
[2025-11-16T10:47:58.958+0000] {logging_mixin.py:188} INFO - [2025-11-16T10:47:58.958+0000] {dag.py:3954} INFO - Setting next_dagrun for example_subdag_operator.section-1 to None, run_after=None
[2025-11-16T10:47:58.958+0000] {logging_mixin.py:188} INFO - [2025-11-16T10:47:58.958+0000] {dag.py:3954} INFO - Setting next_dagrun for example_subdag_operator.section-2 to None, run_after=None
[2025-11-16T10:47:58.961+0000] {processor.py:183} INFO - Processing /home/airflow/.local/lib/python3.12/site-packages/airflow/example_dags/example_subdag_operator.py took 0.034 seconds
[2025-11-16T10:48:29.278+0000] {processor.py:161} INFO - Started process (PID=655) to work on /home/airflow/.local/lib/python3.12/site-packages/airflow/example_dags/example_subdag_operator.py
[2025-11-16T10:48:29.279+0000] {processor.py:830} INFO - Processing file /home/airflow/.local/lib/python3.12/site-packages/airflow/example_dags/example_subdag_operator.py for tasks to queue
[2025-11-16T10:48:29.282+0000] {logging_mixin.py:188} INFO - [2025-11-16T10:48:29.282+0000] {dagbag.py:540} INFO - Filling up the DagBag from /home/airflow/.local/lib/python3.12/site-packages/airflow/example_dags/example_subdag_operator.py
[2025-11-16T10:48:29.290+0000] {processor.py:840} INFO - DAG(s) 'example_subdag_operator.section-1', 'example_subdag_operator.section-2', 'example_subdag_operator' retrieved from /home/airflow/.local/lib/python3.12/site-packages/airflow/example_dags/example_subdag_operator.py
[2025-11-16T10:48:29.295+0000] {logging_mixin.py:188} INFO - [2025-11-16T10:48:29.295+0000] {dag.py:3096} INFO - Sync 3 DAGs
[2025-11-16T10:48:29.303+0000] {logging_mixin.py:188} INFO - [2025-11-16T10:48:29.303+0000] {dag.py:3954} INFO - Setting next_dagrun for example_subdag_operator to 2022-01-01 00:00:00+00:00, run_after=2022-01-01 00:00:00+00:00
[2025-11-16T10:48:29.304+0000] {logging_mixin.py:188} INFO - [2025-11-16T10:48:29.304+0000] {dag.py:3954} INFO - Setting next_dagrun for example_subdag_operator.section-1 to None, run_after=None
[2025-11-16T10:48:29.304+0000] {logging_mixin.py:188} INFO - [2025-11-16T10:48:29.304+0000] {dag.py:3954} INFO - Setting next_dagrun for example_subdag_operator.section-2 to None, run_after=None
[2025-11-16T10:48:29.307+0000] {logging_mixin.py:188} INFO - [2025-11-16T10:48:29.307+0000] {dag.py:3096} INFO - Sync 2 DAGs
[2025-11-16T10:48:29.308+0000] {logging_mixin.py:188} INFO - [2025-11-16T10:48:29.308+0000] {dag.py:3954} INFO - Setting next_dagrun for example_subdag_operator.section-1 to None, run_after=None
[2025-11-16T10:48:29.309+0000] {logging_mixin.py:188} INFO - [2025-11-16T10:48:29.309+0000] {dag.py:3954} INFO - Setting next_dagrun for example_subdag_operator.section-2 to None, run_after=None
[2025-11-16T10:48:29.312+0000] {processor.py:183} INFO - Processing /home/airflow/.local/lib/python3.12/site-packages/airflow/example_dags/example_subdag_operator.py took 0.036 seconds
[2025-11-16T10:48:59.628+0000] {processor.py:161} INFO - Started process (PID=713) to work on /home/airflow/.local/lib/python3.12/site-packages/airflow/example_dags/example_subdag_operator.py
[2025-11-16T10:48:59.628+0000] {processor.py:830} INFO - Processing file /home/airflow/.local/lib/python3.12/site-packages/airflow/example_dags/example_subdag_operator.py for tasks to queue
[2025-11-16T10:48:59.629+0000] {logging_mixin.py:188} INFO - [2025-11-16T10:48:59.629+0000] {dagbag.py:540} INFO - Filling up the DagBag from /home/airflow/.local/lib/python3.12/site-packages/airflow/example_dags/example_subdag_operator.py
[2025-11-16T10:48:59.637+0000] {processor.py:840} INFO - DAG(s) 'example_subdag_operator.section-1', 'example_subdag_operator.section-2', 'example_subdag_operator' retrieved from /home/airflow/.local/lib/python3.12/site-packages/airflow/example_dags/example_subdag_operator.py
[2025-11-16T10:48:59.643+0000] {logging_mixin.py:188} INFO - [2025-11-16T10:48:59.643+0000] {dag.py:3096} INFO - Sync 3 DAGs
[2025-11-16T10:48:59.650+0000] {logging_mixin.py:188} INFO - [2025-11-16T10:48:59.650+0000] {dag.py:3954} INFO - Setting next_dagrun for example_subdag_operator to 2022-01-01 00:00:00+00:00, run_after=2022-01-01 00:00:00+00:00
[2025-11-16T10:48:59.651+0000] {logging_mixin.py:188} INFO - [2025-11-16T10:48:59.651+0000] {dag.py:3954} INFO - Setting next_dagrun for example_subdag_operator.section-1 to None, run_after=None
[2025-11-16T10:48:59.652+0000] {logging_mixin.py:188} INFO - [2025-11-16T10:48:59.652+0000] {dag.py:3954} INFO - Setting next_dagrun for example_subdag_operator.section-2 to None, run_after=None
[2025-11-16T10:48:59.654+0000] {logging_mixin.py:188} INFO - [2025-11-16T10:48:59.654+0000] {dag.py:3096} INFO - Sync 2 DAGs
[2025-11-16T10:48:59.656+0000] {logging_mixin.py:188} INFO - [2025-11-16T10:48:59.656+0000] {dag.py:3954} INFO - Setting next_dagrun for example_subdag_operator.section-1 to None, run_after=None
[2025-11-16T10:48:59.656+0000] {logging_mixin.py:188} INFO - [2025-11-16T10:48:59.656+0000] {dag.py:3954} INFO - Setting next_dagrun for example_subdag_operator.section-2 to None, run_after=None
[2025-11-16T10:48:59.659+0000] {processor.py:183} INFO - Processing /home/airflow/.local/lib/python3.12/site-packages/airflow/example_dags/example_subdag_operator.py took 0.034 seconds
