[2025-11-16T10:43:23.895+0000] {processor.py:161} INFO - Started process (PID=45) to work on /home/airflow/.local/lib/python3.12/site-packages/airflow/example_dags/example_short_circuit_decorator.py
[2025-11-16T10:43:23.896+0000] {processor.py:830} INFO - Processing file /home/airflow/.local/lib/python3.12/site-packages/airflow/example_dags/example_short_circuit_decorator.py for tasks to queue
[2025-11-16T10:43:23.897+0000] {logging_mixin.py:188} INFO - [2025-11-16T10:43:23.896+0000] {dagbag.py:540} INFO - Filling up the DagBag from /home/airflow/.local/lib/python3.12/site-packages/airflow/example_dags/example_short_circuit_decorator.py
[2025-11-16T10:43:23.902+0000] {processor.py:840} INFO - DAG(s) 'example_short_circuit_decorator' retrieved from /home/airflow/.local/lib/python3.12/site-packages/airflow/example_dags/example_short_circuit_decorator.py
[2025-11-16T10:43:23.908+0000] {logging_mixin.py:188} INFO - [2025-11-16T10:43:23.908+0000] {dag.py:3096} INFO - Sync 1 DAGs
[2025-11-16T10:43:23.922+0000] {logging_mixin.py:188} INFO - [2025-11-16T10:43:23.922+0000] {dag.py:3954} INFO - Setting next_dagrun for example_short_circuit_decorator to 2025-11-15 00:00:00+00:00, run_after=2025-11-16 00:00:00+00:00
[2025-11-16T10:43:23.930+0000] {processor.py:183} INFO - Processing /home/airflow/.local/lib/python3.12/site-packages/airflow/example_dags/example_short_circuit_decorator.py took 0.038 seconds
[2025-11-16T10:43:54.529+0000] {processor.py:161} INFO - Started process (PID=103) to work on /home/airflow/.local/lib/python3.12/site-packages/airflow/example_dags/example_short_circuit_decorator.py
[2025-11-16T10:43:54.531+0000] {processor.py:830} INFO - Processing file /home/airflow/.local/lib/python3.12/site-packages/airflow/example_dags/example_short_circuit_decorator.py for tasks to queue
[2025-11-16T10:43:54.531+0000] {logging_mixin.py:188} INFO - [2025-11-16T10:43:54.531+0000] {dagbag.py:540} INFO - Filling up the DagBag from /home/airflow/.local/lib/python3.12/site-packages/airflow/example_dags/example_short_circuit_decorator.py
[2025-11-16T10:43:54.535+0000] {processor.py:840} INFO - DAG(s) 'example_short_circuit_decorator' retrieved from /home/airflow/.local/lib/python3.12/site-packages/airflow/example_dags/example_short_circuit_decorator.py
[2025-11-16T10:43:54.574+0000] {logging_mixin.py:188} INFO - [2025-11-16T10:43:54.574+0000] {dag.py:3096} INFO - Sync 1 DAGs
[2025-11-16T10:43:54.581+0000] {logging_mixin.py:188} INFO - [2025-11-16T10:43:54.581+0000] {dag.py:3954} INFO - Setting next_dagrun for example_short_circuit_decorator to 2025-11-15 00:00:00+00:00, run_after=2025-11-16 00:00:00+00:00
[2025-11-16T10:43:54.590+0000] {processor.py:183} INFO - Processing /home/airflow/.local/lib/python3.12/site-packages/airflow/example_dags/example_short_circuit_decorator.py took 0.063 seconds
[2025-11-16T10:44:25.601+0000] {processor.py:161} INFO - Started process (PID=161) to work on /home/airflow/.local/lib/python3.12/site-packages/airflow/example_dags/example_short_circuit_decorator.py
[2025-11-16T10:44:25.602+0000] {processor.py:830} INFO - Processing file /home/airflow/.local/lib/python3.12/site-packages/airflow/example_dags/example_short_circuit_decorator.py for tasks to queue
[2025-11-16T10:44:25.604+0000] {logging_mixin.py:188} INFO - [2025-11-16T10:44:25.604+0000] {dagbag.py:540} INFO - Filling up the DagBag from /home/airflow/.local/lib/python3.12/site-packages/airflow/example_dags/example_short_circuit_decorator.py
[2025-11-16T10:44:25.609+0000] {processor.py:840} INFO - DAG(s) 'example_short_circuit_decorator' retrieved from /home/airflow/.local/lib/python3.12/site-packages/airflow/example_dags/example_short_circuit_decorator.py
[2025-11-16T10:44:25.624+0000] {logging_mixin.py:188} INFO - [2025-11-16T10:44:25.624+0000] {dag.py:3096} INFO - Sync 1 DAGs
[2025-11-16T10:44:25.635+0000] {logging_mixin.py:188} INFO - [2025-11-16T10:44:25.635+0000] {dag.py:3954} INFO - Setting next_dagrun for example_short_circuit_decorator to 2025-11-15 00:00:00+00:00, run_after=2025-11-16 00:00:00+00:00
[2025-11-16T10:44:25.644+0000] {processor.py:183} INFO - Processing /home/airflow/.local/lib/python3.12/site-packages/airflow/example_dags/example_short_circuit_decorator.py took 0.048 seconds
[2025-11-16T10:44:56.122+0000] {processor.py:161} INFO - Started process (PID=219) to work on /home/airflow/.local/lib/python3.12/site-packages/airflow/example_dags/example_short_circuit_decorator.py
[2025-11-16T10:44:56.123+0000] {processor.py:830} INFO - Processing file /home/airflow/.local/lib/python3.12/site-packages/airflow/example_dags/example_short_circuit_decorator.py for tasks to queue
[2025-11-16T10:44:56.125+0000] {logging_mixin.py:188} INFO - [2025-11-16T10:44:56.124+0000] {dagbag.py:540} INFO - Filling up the DagBag from /home/airflow/.local/lib/python3.12/site-packages/airflow/example_dags/example_short_circuit_decorator.py
[2025-11-16T10:44:56.131+0000] {processor.py:840} INFO - DAG(s) 'example_short_circuit_decorator' retrieved from /home/airflow/.local/lib/python3.12/site-packages/airflow/example_dags/example_short_circuit_decorator.py
[2025-11-16T10:44:56.143+0000] {logging_mixin.py:188} INFO - [2025-11-16T10:44:56.143+0000] {dag.py:3096} INFO - Sync 1 DAGs
[2025-11-16T10:44:56.153+0000] {logging_mixin.py:188} INFO - [2025-11-16T10:44:56.153+0000] {dag.py:3954} INFO - Setting next_dagrun for example_short_circuit_decorator to 2025-11-15 00:00:00+00:00, run_after=2025-11-16 00:00:00+00:00
[2025-11-16T10:44:56.162+0000] {processor.py:183} INFO - Processing /home/airflow/.local/lib/python3.12/site-packages/airflow/example_dags/example_short_circuit_decorator.py took 0.045 seconds
[2025-11-16T10:45:26.515+0000] {processor.py:161} INFO - Started process (PID=283) to work on /home/airflow/.local/lib/python3.12/site-packages/airflow/example_dags/example_short_circuit_decorator.py
[2025-11-16T10:45:26.515+0000] {processor.py:830} INFO - Processing file /home/airflow/.local/lib/python3.12/site-packages/airflow/example_dags/example_short_circuit_decorator.py for tasks to queue
[2025-11-16T10:45:26.517+0000] {logging_mixin.py:188} INFO - [2025-11-16T10:45:26.516+0000] {dagbag.py:540} INFO - Filling up the DagBag from /home/airflow/.local/lib/python3.12/site-packages/airflow/example_dags/example_short_circuit_decorator.py
[2025-11-16T10:45:26.523+0000] {processor.py:840} INFO - DAG(s) 'example_short_circuit_decorator' retrieved from /home/airflow/.local/lib/python3.12/site-packages/airflow/example_dags/example_short_circuit_decorator.py
[2025-11-16T10:45:26.536+0000] {logging_mixin.py:188} INFO - [2025-11-16T10:45:26.536+0000] {dag.py:3096} INFO - Sync 1 DAGs
[2025-11-16T10:45:26.550+0000] {logging_mixin.py:188} INFO - [2025-11-16T10:45:26.550+0000] {dag.py:3954} INFO - Setting next_dagrun for example_short_circuit_decorator to 2025-11-15 00:00:00+00:00, run_after=2025-11-16 00:00:00+00:00
[2025-11-16T10:45:26.558+0000] {processor.py:183} INFO - Processing /home/airflow/.local/lib/python3.12/site-packages/airflow/example_dags/example_short_circuit_decorator.py took 0.047 seconds
[2025-11-16T10:45:57.041+0000] {processor.py:161} INFO - Started process (PID=341) to work on /home/airflow/.local/lib/python3.12/site-packages/airflow/example_dags/example_short_circuit_decorator.py
[2025-11-16T10:45:57.042+0000] {processor.py:830} INFO - Processing file /home/airflow/.local/lib/python3.12/site-packages/airflow/example_dags/example_short_circuit_decorator.py for tasks to queue
[2025-11-16T10:45:57.044+0000] {logging_mixin.py:188} INFO - [2025-11-16T10:45:57.044+0000] {dagbag.py:540} INFO - Filling up the DagBag from /home/airflow/.local/lib/python3.12/site-packages/airflow/example_dags/example_short_circuit_decorator.py
[2025-11-16T10:45:57.051+0000] {processor.py:840} INFO - DAG(s) 'example_short_circuit_decorator' retrieved from /home/airflow/.local/lib/python3.12/site-packages/airflow/example_dags/example_short_circuit_decorator.py
[2025-11-16T10:45:57.062+0000] {logging_mixin.py:188} INFO - [2025-11-16T10:45:57.062+0000] {dag.py:3096} INFO - Sync 1 DAGs
[2025-11-16T10:45:57.075+0000] {logging_mixin.py:188} INFO - [2025-11-16T10:45:57.075+0000] {dag.py:3954} INFO - Setting next_dagrun for example_short_circuit_decorator to 2025-11-15 00:00:00+00:00, run_after=2025-11-16 00:00:00+00:00
[2025-11-16T10:45:57.083+0000] {processor.py:183} INFO - Processing /home/airflow/.local/lib/python3.12/site-packages/airflow/example_dags/example_short_circuit_decorator.py took 0.048 seconds
[2025-11-16T10:46:27.432+0000] {processor.py:161} INFO - Started process (PID=399) to work on /home/airflow/.local/lib/python3.12/site-packages/airflow/example_dags/example_short_circuit_decorator.py
[2025-11-16T10:46:27.433+0000] {processor.py:830} INFO - Processing file /home/airflow/.local/lib/python3.12/site-packages/airflow/example_dags/example_short_circuit_decorator.py for tasks to queue
[2025-11-16T10:46:27.434+0000] {logging_mixin.py:188} INFO - [2025-11-16T10:46:27.434+0000] {dagbag.py:540} INFO - Filling up the DagBag from /home/airflow/.local/lib/python3.12/site-packages/airflow/example_dags/example_short_circuit_decorator.py
[2025-11-16T10:46:27.439+0000] {processor.py:840} INFO - DAG(s) 'example_short_circuit_decorator' retrieved from /home/airflow/.local/lib/python3.12/site-packages/airflow/example_dags/example_short_circuit_decorator.py
[2025-11-16T10:46:27.450+0000] {logging_mixin.py:188} INFO - [2025-11-16T10:46:27.450+0000] {dag.py:3096} INFO - Sync 1 DAGs
[2025-11-16T10:46:27.459+0000] {logging_mixin.py:188} INFO - [2025-11-16T10:46:27.459+0000] {dag.py:3954} INFO - Setting next_dagrun for example_short_circuit_decorator to 2025-11-15 00:00:00+00:00, run_after=2025-11-16 00:00:00+00:00
[2025-11-16T10:46:27.467+0000] {processor.py:183} INFO - Processing /home/airflow/.local/lib/python3.12/site-packages/airflow/example_dags/example_short_circuit_decorator.py took 0.038 seconds
[2025-11-16T10:46:57.798+0000] {processor.py:161} INFO - Started process (PID=457) to work on /home/airflow/.local/lib/python3.12/site-packages/airflow/example_dags/example_short_circuit_decorator.py
[2025-11-16T10:46:57.799+0000] {processor.py:830} INFO - Processing file /home/airflow/.local/lib/python3.12/site-packages/airflow/example_dags/example_short_circuit_decorator.py for tasks to queue
[2025-11-16T10:46:57.801+0000] {logging_mixin.py:188} INFO - [2025-11-16T10:46:57.801+0000] {dagbag.py:540} INFO - Filling up the DagBag from /home/airflow/.local/lib/python3.12/site-packages/airflow/example_dags/example_short_circuit_decorator.py
[2025-11-16T10:46:57.806+0000] {processor.py:840} INFO - DAG(s) 'example_short_circuit_decorator' retrieved from /home/airflow/.local/lib/python3.12/site-packages/airflow/example_dags/example_short_circuit_decorator.py
[2025-11-16T10:46:57.818+0000] {logging_mixin.py:188} INFO - [2025-11-16T10:46:57.818+0000] {dag.py:3096} INFO - Sync 1 DAGs
[2025-11-16T10:46:57.827+0000] {logging_mixin.py:188} INFO - [2025-11-16T10:46:57.827+0000] {dag.py:3954} INFO - Setting next_dagrun for example_short_circuit_decorator to 2025-11-15 00:00:00+00:00, run_after=2025-11-16 00:00:00+00:00
[2025-11-16T10:46:57.835+0000] {processor.py:183} INFO - Processing /home/airflow/.local/lib/python3.12/site-packages/airflow/example_dags/example_short_circuit_decorator.py took 0.041 seconds
[2025-11-16T10:47:28.096+0000] {processor.py:161} INFO - Started process (PID=515) to work on /home/airflow/.local/lib/python3.12/site-packages/airflow/example_dags/example_short_circuit_decorator.py
[2025-11-16T10:47:28.096+0000] {processor.py:830} INFO - Processing file /home/airflow/.local/lib/python3.12/site-packages/airflow/example_dags/example_short_circuit_decorator.py for tasks to queue
[2025-11-16T10:47:28.098+0000] {logging_mixin.py:188} INFO - [2025-11-16T10:47:28.097+0000] {dagbag.py:540} INFO - Filling up the DagBag from /home/airflow/.local/lib/python3.12/site-packages/airflow/example_dags/example_short_circuit_decorator.py
[2025-11-16T10:47:28.102+0000] {processor.py:840} INFO - DAG(s) 'example_short_circuit_decorator' retrieved from /home/airflow/.local/lib/python3.12/site-packages/airflow/example_dags/example_short_circuit_decorator.py
[2025-11-16T10:47:28.113+0000] {logging_mixin.py:188} INFO - [2025-11-16T10:47:28.113+0000] {dag.py:3096} INFO - Sync 1 DAGs
[2025-11-16T10:47:28.123+0000] {logging_mixin.py:188} INFO - [2025-11-16T10:47:28.123+0000] {dag.py:3954} INFO - Setting next_dagrun for example_short_circuit_decorator to 2025-11-15 00:00:00+00:00, run_after=2025-11-16 00:00:00+00:00
[2025-11-16T10:47:28.132+0000] {processor.py:183} INFO - Processing /home/airflow/.local/lib/python3.12/site-packages/airflow/example_dags/example_short_circuit_decorator.py took 0.041 seconds
[2025-11-16T10:47:58.417+0000] {processor.py:161} INFO - Started process (PID=573) to work on /home/airflow/.local/lib/python3.12/site-packages/airflow/example_dags/example_short_circuit_decorator.py
[2025-11-16T10:47:58.417+0000] {processor.py:830} INFO - Processing file /home/airflow/.local/lib/python3.12/site-packages/airflow/example_dags/example_short_circuit_decorator.py for tasks to queue
[2025-11-16T10:47:58.418+0000] {logging_mixin.py:188} INFO - [2025-11-16T10:47:58.418+0000] {dagbag.py:540} INFO - Filling up the DagBag from /home/airflow/.local/lib/python3.12/site-packages/airflow/example_dags/example_short_circuit_decorator.py
[2025-11-16T10:47:58.423+0000] {processor.py:840} INFO - DAG(s) 'example_short_circuit_decorator' retrieved from /home/airflow/.local/lib/python3.12/site-packages/airflow/example_dags/example_short_circuit_decorator.py
[2025-11-16T10:47:58.437+0000] {logging_mixin.py:188} INFO - [2025-11-16T10:47:58.437+0000] {dag.py:3096} INFO - Sync 1 DAGs
[2025-11-16T10:47:58.447+0000] {logging_mixin.py:188} INFO - [2025-11-16T10:47:58.447+0000] {dag.py:3954} INFO - Setting next_dagrun for example_short_circuit_decorator to 2025-11-15 00:00:00+00:00, run_after=2025-11-16 00:00:00+00:00
[2025-11-16T10:47:58.454+0000] {processor.py:183} INFO - Processing /home/airflow/.local/lib/python3.12/site-packages/airflow/example_dags/example_short_circuit_decorator.py took 0.043 seconds
[2025-11-16T10:48:28.700+0000] {processor.py:161} INFO - Started process (PID=631) to work on /home/airflow/.local/lib/python3.12/site-packages/airflow/example_dags/example_short_circuit_decorator.py
[2025-11-16T10:48:28.701+0000] {processor.py:830} INFO - Processing file /home/airflow/.local/lib/python3.12/site-packages/airflow/example_dags/example_short_circuit_decorator.py for tasks to queue
[2025-11-16T10:48:28.704+0000] {logging_mixin.py:188} INFO - [2025-11-16T10:48:28.703+0000] {dagbag.py:540} INFO - Filling up the DagBag from /home/airflow/.local/lib/python3.12/site-packages/airflow/example_dags/example_short_circuit_decorator.py
[2025-11-16T10:48:28.713+0000] {processor.py:840} INFO - DAG(s) 'example_short_circuit_decorator' retrieved from /home/airflow/.local/lib/python3.12/site-packages/airflow/example_dags/example_short_circuit_decorator.py
[2025-11-16T10:48:28.731+0000] {logging_mixin.py:188} INFO - [2025-11-16T10:48:28.731+0000] {dag.py:3096} INFO - Sync 1 DAGs
[2025-11-16T10:48:28.746+0000] {logging_mixin.py:188} INFO - [2025-11-16T10:48:28.746+0000] {dag.py:3954} INFO - Setting next_dagrun for example_short_circuit_decorator to 2025-11-15 00:00:00+00:00, run_after=2025-11-16 00:00:00+00:00
[2025-11-16T10:48:28.761+0000] {processor.py:183} INFO - Processing /home/airflow/.local/lib/python3.12/site-packages/airflow/example_dags/example_short_circuit_decorator.py took 0.067 seconds
[2025-11-16T10:48:59.146+0000] {processor.py:161} INFO - Started process (PID=689) to work on /home/airflow/.local/lib/python3.12/site-packages/airflow/example_dags/example_short_circuit_decorator.py
[2025-11-16T10:48:59.147+0000] {processor.py:830} INFO - Processing file /home/airflow/.local/lib/python3.12/site-packages/airflow/example_dags/example_short_circuit_decorator.py for tasks to queue
[2025-11-16T10:48:59.149+0000] {logging_mixin.py:188} INFO - [2025-11-16T10:48:59.148+0000] {dagbag.py:540} INFO - Filling up the DagBag from /home/airflow/.local/lib/python3.12/site-packages/airflow/example_dags/example_short_circuit_decorator.py
[2025-11-16T10:48:59.155+0000] {processor.py:840} INFO - DAG(s) 'example_short_circuit_decorator' retrieved from /home/airflow/.local/lib/python3.12/site-packages/airflow/example_dags/example_short_circuit_decorator.py
[2025-11-16T10:48:59.168+0000] {logging_mixin.py:188} INFO - [2025-11-16T10:48:59.168+0000] {dag.py:3096} INFO - Sync 1 DAGs
[2025-11-16T10:48:59.178+0000] {logging_mixin.py:188} INFO - [2025-11-16T10:48:59.178+0000] {dag.py:3954} INFO - Setting next_dagrun for example_short_circuit_decorator to 2025-11-15 00:00:00+00:00, run_after=2025-11-16 00:00:00+00:00
[2025-11-16T10:48:59.187+0000] {processor.py:183} INFO - Processing /home/airflow/.local/lib/python3.12/site-packages/airflow/example_dags/example_short_circuit_decorator.py took 0.046 seconds
