[2025-11-16T10:43:23.949+0000] {processor.py:161} INFO - Started process (PID=47) to work on /home/airflow/.local/lib/python3.12/site-packages/airflow/example_dags/example_latest_only.py
[2025-11-16T10:43:23.950+0000] {processor.py:830} INFO - Processing file /home/airflow/.local/lib/python3.12/site-packages/airflow/example_dags/example_latest_only.py for tasks to queue
[2025-11-16T10:43:23.952+0000] {logging_mixin.py:188} INFO - [2025-11-16T10:43:23.951+0000] {dagbag.py:540} INFO - Filling up the DagBag from /home/airflow/.local/lib/python3.12/site-packages/airflow/example_dags/example_latest_only.py
[2025-11-16T10:43:23.956+0000] {processor.py:840} INFO - DAG(s) 'latest_only' retrieved from /home/airflow/.local/lib/python3.12/site-packages/airflow/example_dags/example_latest_only.py
[2025-11-16T10:43:23.963+0000] {logging_mixin.py:188} INFO - [2025-11-16T10:43:23.963+0000] {dag.py:3096} INFO - Sync 1 DAGs
[2025-11-16T10:43:23.977+0000] {logging_mixin.py:188} INFO - [2025-11-16T10:43:23.977+0000] {dag.py:3954} INFO - Setting next_dagrun for latest_only to 2025-11-16 04:00:00+00:00, run_after=2025-11-16 08:00:00+00:00
[2025-11-16T10:43:23.986+0000] {processor.py:183} INFO - Processing /home/airflow/.local/lib/python3.12/site-packages/airflow/example_dags/example_latest_only.py took 0.044 seconds
[2025-11-16T10:43:54.601+0000] {processor.py:161} INFO - Started process (PID=105) to work on /home/airflow/.local/lib/python3.12/site-packages/airflow/example_dags/example_latest_only.py
[2025-11-16T10:43:54.601+0000] {processor.py:830} INFO - Processing file /home/airflow/.local/lib/python3.12/site-packages/airflow/example_dags/example_latest_only.py for tasks to queue
[2025-11-16T10:43:54.602+0000] {logging_mixin.py:188} INFO - [2025-11-16T10:43:54.602+0000] {dagbag.py:540} INFO - Filling up the DagBag from /home/airflow/.local/lib/python3.12/site-packages/airflow/example_dags/example_latest_only.py
[2025-11-16T10:43:54.605+0000] {processor.py:840} INFO - DAG(s) 'latest_only' retrieved from /home/airflow/.local/lib/python3.12/site-packages/airflow/example_dags/example_latest_only.py
[2025-11-16T10:43:54.645+0000] {logging_mixin.py:188} INFO - [2025-11-16T10:43:54.645+0000] {dag.py:3096} INFO - Sync 1 DAGs
[2025-11-16T10:43:54.652+0000] {logging_mixin.py:188} INFO - [2025-11-16T10:43:54.652+0000] {dag.py:3954} INFO - Setting next_dagrun for latest_only to 2025-11-16 04:00:00+00:00, run_after=2025-11-16 08:00:00+00:00
[2025-11-16T10:43:54.659+0000] {processor.py:183} INFO - Processing /home/airflow/.local/lib/python3.12/site-packages/airflow/example_dags/example_latest_only.py took 0.061 seconds
[2025-11-16T10:44:25.654+0000] {processor.py:161} INFO - Started process (PID=163) to work on /home/airflow/.local/lib/python3.12/site-packages/airflow/example_dags/example_latest_only.py
[2025-11-16T10:44:25.657+0000] {processor.py:830} INFO - Processing file /home/airflow/.local/lib/python3.12/site-packages/airflow/example_dags/example_latest_only.py for tasks to queue
[2025-11-16T10:44:25.658+0000] {logging_mixin.py:188} INFO - [2025-11-16T10:44:25.657+0000] {dagbag.py:540} INFO - Filling up the DagBag from /home/airflow/.local/lib/python3.12/site-packages/airflow/example_dags/example_latest_only.py
[2025-11-16T10:44:25.660+0000] {processor.py:840} INFO - DAG(s) 'latest_only' retrieved from /home/airflow/.local/lib/python3.12/site-packages/airflow/example_dags/example_latest_only.py
[2025-11-16T10:44:25.670+0000] {logging_mixin.py:188} INFO - [2025-11-16T10:44:25.669+0000] {dag.py:3096} INFO - Sync 1 DAGs
[2025-11-16T10:44:25.680+0000] {logging_mixin.py:188} INFO - [2025-11-16T10:44:25.680+0000] {dag.py:3954} INFO - Setting next_dagrun for latest_only to 2025-11-16 04:00:00+00:00, run_after=2025-11-16 08:00:00+00:00
[2025-11-16T10:44:25.688+0000] {processor.py:183} INFO - Processing /home/airflow/.local/lib/python3.12/site-packages/airflow/example_dags/example_latest_only.py took 0.036 seconds
[2025-11-16T10:44:56.172+0000] {processor.py:161} INFO - Started process (PID=227) to work on /home/airflow/.local/lib/python3.12/site-packages/airflow/example_dags/example_latest_only.py
[2025-11-16T10:44:56.172+0000] {processor.py:830} INFO - Processing file /home/airflow/.local/lib/python3.12/site-packages/airflow/example_dags/example_latest_only.py for tasks to queue
[2025-11-16T10:44:56.173+0000] {logging_mixin.py:188} INFO - [2025-11-16T10:44:56.173+0000] {dagbag.py:540} INFO - Filling up the DagBag from /home/airflow/.local/lib/python3.12/site-packages/airflow/example_dags/example_latest_only.py
[2025-11-16T10:44:56.175+0000] {processor.py:840} INFO - DAG(s) 'latest_only' retrieved from /home/airflow/.local/lib/python3.12/site-packages/airflow/example_dags/example_latest_only.py
[2025-11-16T10:44:56.184+0000] {logging_mixin.py:188} INFO - [2025-11-16T10:44:56.184+0000] {dag.py:3096} INFO - Sync 1 DAGs
[2025-11-16T10:44:56.192+0000] {logging_mixin.py:188} INFO - [2025-11-16T10:44:56.192+0000] {dag.py:3954} INFO - Setting next_dagrun for latest_only to 2025-11-16 04:00:00+00:00, run_after=2025-11-16 08:00:00+00:00
[2025-11-16T10:44:56.198+0000] {processor.py:183} INFO - Processing /home/airflow/.local/lib/python3.12/site-packages/airflow/example_dags/example_latest_only.py took 0.029 seconds
[2025-11-16T10:45:26.570+0000] {processor.py:161} INFO - Started process (PID=285) to work on /home/airflow/.local/lib/python3.12/site-packages/airflow/example_dags/example_latest_only.py
[2025-11-16T10:45:26.573+0000] {processor.py:830} INFO - Processing file /home/airflow/.local/lib/python3.12/site-packages/airflow/example_dags/example_latest_only.py for tasks to queue
[2025-11-16T10:45:26.575+0000] {logging_mixin.py:188} INFO - [2025-11-16T10:45:26.574+0000] {dagbag.py:540} INFO - Filling up the DagBag from /home/airflow/.local/lib/python3.12/site-packages/airflow/example_dags/example_latest_only.py
[2025-11-16T10:45:26.577+0000] {processor.py:840} INFO - DAG(s) 'latest_only' retrieved from /home/airflow/.local/lib/python3.12/site-packages/airflow/example_dags/example_latest_only.py
[2025-11-16T10:45:26.587+0000] {logging_mixin.py:188} INFO - [2025-11-16T10:45:26.587+0000] {dag.py:3096} INFO - Sync 1 DAGs
[2025-11-16T10:45:26.596+0000] {logging_mixin.py:188} INFO - [2025-11-16T10:45:26.596+0000] {dag.py:3954} INFO - Setting next_dagrun for latest_only to 2025-11-16 04:00:00+00:00, run_after=2025-11-16 08:00:00+00:00
[2025-11-16T10:45:26.605+0000] {processor.py:183} INFO - Processing /home/airflow/.local/lib/python3.12/site-packages/airflow/example_dags/example_latest_only.py took 0.038 seconds
[2025-11-16T10:45:57.092+0000] {processor.py:161} INFO - Started process (PID=343) to work on /home/airflow/.local/lib/python3.12/site-packages/airflow/example_dags/example_latest_only.py
[2025-11-16T10:45:57.093+0000] {processor.py:830} INFO - Processing file /home/airflow/.local/lib/python3.12/site-packages/airflow/example_dags/example_latest_only.py for tasks to queue
[2025-11-16T10:45:57.094+0000] {logging_mixin.py:188} INFO - [2025-11-16T10:45:57.094+0000] {dagbag.py:540} INFO - Filling up the DagBag from /home/airflow/.local/lib/python3.12/site-packages/airflow/example_dags/example_latest_only.py
[2025-11-16T10:45:57.096+0000] {processor.py:840} INFO - DAG(s) 'latest_only' retrieved from /home/airflow/.local/lib/python3.12/site-packages/airflow/example_dags/example_latest_only.py
[2025-11-16T10:45:57.106+0000] {logging_mixin.py:188} INFO - [2025-11-16T10:45:57.106+0000] {dag.py:3096} INFO - Sync 1 DAGs
[2025-11-16T10:45:57.114+0000] {logging_mixin.py:188} INFO - [2025-11-16T10:45:57.114+0000] {dag.py:3954} INFO - Setting next_dagrun for latest_only to 2025-11-16 04:00:00+00:00, run_after=2025-11-16 08:00:00+00:00
[2025-11-16T10:45:57.121+0000] {processor.py:183} INFO - Processing /home/airflow/.local/lib/python3.12/site-packages/airflow/example_dags/example_latest_only.py took 0.031 seconds
[2025-11-16T10:46:27.475+0000] {processor.py:161} INFO - Started process (PID=401) to work on /home/airflow/.local/lib/python3.12/site-packages/airflow/example_dags/example_latest_only.py
[2025-11-16T10:46:27.476+0000] {processor.py:830} INFO - Processing file /home/airflow/.local/lib/python3.12/site-packages/airflow/example_dags/example_latest_only.py for tasks to queue
[2025-11-16T10:46:27.477+0000] {logging_mixin.py:188} INFO - [2025-11-16T10:46:27.477+0000] {dagbag.py:540} INFO - Filling up the DagBag from /home/airflow/.local/lib/python3.12/site-packages/airflow/example_dags/example_latest_only.py
[2025-11-16T10:46:27.479+0000] {processor.py:840} INFO - DAG(s) 'latest_only' retrieved from /home/airflow/.local/lib/python3.12/site-packages/airflow/example_dags/example_latest_only.py
[2025-11-16T10:46:27.490+0000] {logging_mixin.py:188} INFO - [2025-11-16T10:46:27.490+0000] {dag.py:3096} INFO - Sync 1 DAGs
[2025-11-16T10:46:27.497+0000] {logging_mixin.py:188} INFO - [2025-11-16T10:46:27.497+0000] {dag.py:3954} INFO - Setting next_dagrun for latest_only to 2025-11-16 04:00:00+00:00, run_after=2025-11-16 08:00:00+00:00
[2025-11-16T10:46:27.503+0000] {processor.py:183} INFO - Processing /home/airflow/.local/lib/python3.12/site-packages/airflow/example_dags/example_latest_only.py took 0.031 seconds
[2025-11-16T10:46:57.843+0000] {processor.py:161} INFO - Started process (PID=459) to work on /home/airflow/.local/lib/python3.12/site-packages/airflow/example_dags/example_latest_only.py
[2025-11-16T10:46:57.844+0000] {processor.py:830} INFO - Processing file /home/airflow/.local/lib/python3.12/site-packages/airflow/example_dags/example_latest_only.py for tasks to queue
[2025-11-16T10:46:57.844+0000] {logging_mixin.py:188} INFO - [2025-11-16T10:46:57.844+0000] {dagbag.py:540} INFO - Filling up the DagBag from /home/airflow/.local/lib/python3.12/site-packages/airflow/example_dags/example_latest_only.py
[2025-11-16T10:46:57.847+0000] {processor.py:840} INFO - DAG(s) 'latest_only' retrieved from /home/airflow/.local/lib/python3.12/site-packages/airflow/example_dags/example_latest_only.py
[2025-11-16T10:46:57.854+0000] {logging_mixin.py:188} INFO - [2025-11-16T10:46:57.854+0000] {dag.py:3096} INFO - Sync 1 DAGs
[2025-11-16T10:46:57.862+0000] {logging_mixin.py:188} INFO - [2025-11-16T10:46:57.862+0000] {dag.py:3954} INFO - Setting next_dagrun for latest_only to 2025-11-16 04:00:00+00:00, run_after=2025-11-16 08:00:00+00:00
[2025-11-16T10:46:57.868+0000] {processor.py:183} INFO - Processing /home/airflow/.local/lib/python3.12/site-packages/airflow/example_dags/example_latest_only.py took 0.028 seconds
[2025-11-16T10:47:28.141+0000] {processor.py:161} INFO - Started process (PID=517) to work on /home/airflow/.local/lib/python3.12/site-packages/airflow/example_dags/example_latest_only.py
[2025-11-16T10:47:28.141+0000] {processor.py:830} INFO - Processing file /home/airflow/.local/lib/python3.12/site-packages/airflow/example_dags/example_latest_only.py for tasks to queue
[2025-11-16T10:47:28.142+0000] {logging_mixin.py:188} INFO - [2025-11-16T10:47:28.142+0000] {dagbag.py:540} INFO - Filling up the DagBag from /home/airflow/.local/lib/python3.12/site-packages/airflow/example_dags/example_latest_only.py
[2025-11-16T10:47:28.144+0000] {processor.py:840} INFO - DAG(s) 'latest_only' retrieved from /home/airflow/.local/lib/python3.12/site-packages/airflow/example_dags/example_latest_only.py
[2025-11-16T10:47:28.154+0000] {logging_mixin.py:188} INFO - [2025-11-16T10:47:28.153+0000] {dag.py:3096} INFO - Sync 1 DAGs
[2025-11-16T10:47:28.162+0000] {logging_mixin.py:188} INFO - [2025-11-16T10:47:28.161+0000] {dag.py:3954} INFO - Setting next_dagrun for latest_only to 2025-11-16 04:00:00+00:00, run_after=2025-11-16 08:00:00+00:00
[2025-11-16T10:47:28.169+0000] {processor.py:183} INFO - Processing /home/airflow/.local/lib/python3.12/site-packages/airflow/example_dags/example_latest_only.py took 0.031 seconds
[2025-11-16T10:47:58.464+0000] {processor.py:161} INFO - Started process (PID=575) to work on /home/airflow/.local/lib/python3.12/site-packages/airflow/example_dags/example_latest_only.py
[2025-11-16T10:47:58.467+0000] {processor.py:830} INFO - Processing file /home/airflow/.local/lib/python3.12/site-packages/airflow/example_dags/example_latest_only.py for tasks to queue
[2025-11-16T10:47:58.468+0000] {logging_mixin.py:188} INFO - [2025-11-16T10:47:58.468+0000] {dagbag.py:540} INFO - Filling up the DagBag from /home/airflow/.local/lib/python3.12/site-packages/airflow/example_dags/example_latest_only.py
[2025-11-16T10:47:58.470+0000] {processor.py:840} INFO - DAG(s) 'latest_only' retrieved from /home/airflow/.local/lib/python3.12/site-packages/airflow/example_dags/example_latest_only.py
[2025-11-16T10:47:58.478+0000] {logging_mixin.py:188} INFO - [2025-11-16T10:47:58.478+0000] {dag.py:3096} INFO - Sync 1 DAGs
[2025-11-16T10:47:58.486+0000] {logging_mixin.py:188} INFO - [2025-11-16T10:47:58.486+0000] {dag.py:3954} INFO - Setting next_dagrun for latest_only to 2025-11-16 04:00:00+00:00, run_after=2025-11-16 08:00:00+00:00
[2025-11-16T10:47:58.493+0000] {processor.py:183} INFO - Processing /home/airflow/.local/lib/python3.12/site-packages/airflow/example_dags/example_latest_only.py took 0.031 seconds
[2025-11-16T10:48:28.780+0000] {processor.py:161} INFO - Started process (PID=633) to work on /home/airflow/.local/lib/python3.12/site-packages/airflow/example_dags/example_latest_only.py
[2025-11-16T10:48:28.780+0000] {processor.py:830} INFO - Processing file /home/airflow/.local/lib/python3.12/site-packages/airflow/example_dags/example_latest_only.py for tasks to queue
[2025-11-16T10:48:28.783+0000] {logging_mixin.py:188} INFO - [2025-11-16T10:48:28.782+0000] {dagbag.py:540} INFO - Filling up the DagBag from /home/airflow/.local/lib/python3.12/site-packages/airflow/example_dags/example_latest_only.py
[2025-11-16T10:48:28.787+0000] {processor.py:840} INFO - DAG(s) 'latest_only' retrieved from /home/airflow/.local/lib/python3.12/site-packages/airflow/example_dags/example_latest_only.py
[2025-11-16T10:48:28.798+0000] {logging_mixin.py:188} INFO - [2025-11-16T10:48:28.798+0000] {dag.py:3096} INFO - Sync 1 DAGs
[2025-11-16T10:48:28.809+0000] {logging_mixin.py:188} INFO - [2025-11-16T10:48:28.809+0000] {dag.py:3954} INFO - Setting next_dagrun for latest_only to 2025-11-16 04:00:00+00:00, run_after=2025-11-16 08:00:00+00:00
[2025-11-16T10:48:28.816+0000] {processor.py:183} INFO - Processing /home/airflow/.local/lib/python3.12/site-packages/airflow/example_dags/example_latest_only.py took 0.041 seconds
[2025-11-16T10:48:59.198+0000] {processor.py:161} INFO - Started process (PID=691) to work on /home/airflow/.local/lib/python3.12/site-packages/airflow/example_dags/example_latest_only.py
[2025-11-16T10:48:59.202+0000] {processor.py:830} INFO - Processing file /home/airflow/.local/lib/python3.12/site-packages/airflow/example_dags/example_latest_only.py for tasks to queue
[2025-11-16T10:48:59.203+0000] {logging_mixin.py:188} INFO - [2025-11-16T10:48:59.202+0000] {dagbag.py:540} INFO - Filling up the DagBag from /home/airflow/.local/lib/python3.12/site-packages/airflow/example_dags/example_latest_only.py
[2025-11-16T10:48:59.205+0000] {processor.py:840} INFO - DAG(s) 'latest_only' retrieved from /home/airflow/.local/lib/python3.12/site-packages/airflow/example_dags/example_latest_only.py
[2025-11-16T10:48:59.214+0000] {logging_mixin.py:188} INFO - [2025-11-16T10:48:59.214+0000] {dag.py:3096} INFO - Sync 1 DAGs
[2025-11-16T10:48:59.221+0000] {logging_mixin.py:188} INFO - [2025-11-16T10:48:59.221+0000] {dag.py:3954} INFO - Setting next_dagrun for latest_only to 2025-11-16 04:00:00+00:00, run_after=2025-11-16 08:00:00+00:00
[2025-11-16T10:48:59.227+0000] {processor.py:183} INFO - Processing /home/airflow/.local/lib/python3.12/site-packages/airflow/example_dags/example_latest_only.py took 0.032 seconds
