[2025-11-16T10:43:23.805+0000] {processor.py:161} INFO - Started process (PID=42) to work on /home/airflow/.local/lib/python3.12/site-packages/airflow/example_dags/example_bash_operator.py
[2025-11-16T10:43:23.805+0000] {processor.py:830} INFO - Processing file /home/airflow/.local/lib/python3.12/site-packages/airflow/example_dags/example_bash_operator.py for tasks to queue
[2025-11-16T10:43:23.806+0000] {logging_mixin.py:188} INFO - [2025-11-16T10:43:23.806+0000] {dagbag.py:540} INFO - Filling up the DagBag from /home/airflow/.local/lib/python3.12/site-packages/airflow/example_dags/example_bash_operator.py
[2025-11-16T10:43:23.814+0000] {processor.py:840} INFO - DAG(s) 'example_bash_operator' retrieved from /home/airflow/.local/lib/python3.12/site-packages/airflow/example_dags/example_bash_operator.py
[2025-11-16T10:43:23.822+0000] {logging_mixin.py:188} INFO - [2025-11-16T10:43:23.821+0000] {dag.py:3096} INFO - Sync 1 DAGs
[2025-11-16T10:43:23.833+0000] {logging_mixin.py:188} INFO - [2025-11-16T10:43:23.833+0000] {dag.py:3954} INFO - Setting next_dagrun for example_bash_operator to 2025-11-15 00:00:00+00:00, run_after=2025-11-16 00:00:00+00:00
[2025-11-16T10:43:23.843+0000] {processor.py:183} INFO - Processing /home/airflow/.local/lib/python3.12/site-packages/airflow/example_dags/example_bash_operator.py took 0.042 seconds
[2025-11-16T10:43:54.406+0000] {processor.py:161} INFO - Started process (PID=100) to work on /home/airflow/.local/lib/python3.12/site-packages/airflow/example_dags/example_bash_operator.py
[2025-11-16T10:43:54.406+0000] {processor.py:830} INFO - Processing file /home/airflow/.local/lib/python3.12/site-packages/airflow/example_dags/example_bash_operator.py for tasks to queue
[2025-11-16T10:43:54.407+0000] {logging_mixin.py:188} INFO - [2025-11-16T10:43:54.407+0000] {dagbag.py:540} INFO - Filling up the DagBag from /home/airflow/.local/lib/python3.12/site-packages/airflow/example_dags/example_bash_operator.py
[2025-11-16T10:43:54.412+0000] {processor.py:840} INFO - DAG(s) 'example_bash_operator' retrieved from /home/airflow/.local/lib/python3.12/site-packages/airflow/example_dags/example_bash_operator.py
[2025-11-16T10:43:54.449+0000] {logging_mixin.py:188} INFO - [2025-11-16T10:43:54.449+0000] {dag.py:3096} INFO - Sync 1 DAGs
[2025-11-16T10:43:54.455+0000] {logging_mixin.py:188} INFO - [2025-11-16T10:43:54.455+0000] {dag.py:3954} INFO - Setting next_dagrun for example_bash_operator to 2025-11-15 00:00:00+00:00, run_after=2025-11-16 00:00:00+00:00
[2025-11-16T10:43:54.462+0000] {processor.py:183} INFO - Processing /home/airflow/.local/lib/python3.12/site-packages/airflow/example_dags/example_bash_operator.py took 0.058 seconds
[2025-11-16T10:44:24.500+0000] {processor.py:161} INFO - Started process (PID=158) to work on /home/airflow/.local/lib/python3.12/site-packages/airflow/example_dags/example_bash_operator.py
[2025-11-16T10:44:24.500+0000] {processor.py:830} INFO - Processing file /home/airflow/.local/lib/python3.12/site-packages/airflow/example_dags/example_bash_operator.py for tasks to queue
[2025-11-16T10:44:24.504+0000] {logging_mixin.py:188} INFO - [2025-11-16T10:44:24.504+0000] {dagbag.py:540} INFO - Filling up the DagBag from /home/airflow/.local/lib/python3.12/site-packages/airflow/example_dags/example_bash_operator.py
[2025-11-16T10:44:24.510+0000] {processor.py:840} INFO - DAG(s) 'example_bash_operator' retrieved from /home/airflow/.local/lib/python3.12/site-packages/airflow/example_dags/example_bash_operator.py
[2025-11-16T10:44:24.523+0000] {logging_mixin.py:188} INFO - [2025-11-16T10:44:24.523+0000] {dag.py:3096} INFO - Sync 1 DAGs
[2025-11-16T10:44:24.534+0000] {logging_mixin.py:188} INFO - [2025-11-16T10:44:24.534+0000] {dag.py:3954} INFO - Setting next_dagrun for example_bash_operator to 2025-11-15 00:00:00+00:00, run_after=2025-11-16 00:00:00+00:00
[2025-11-16T10:44:24.542+0000] {processor.py:183} INFO - Processing /home/airflow/.local/lib/python3.12/site-packages/airflow/example_dags/example_bash_operator.py took 0.045 seconds
[2025-11-16T10:44:55.035+0000] {processor.py:161} INFO - Started process (PID=216) to work on /home/airflow/.local/lib/python3.12/site-packages/airflow/example_dags/example_bash_operator.py
[2025-11-16T10:44:55.035+0000] {processor.py:830} INFO - Processing file /home/airflow/.local/lib/python3.12/site-packages/airflow/example_dags/example_bash_operator.py for tasks to queue
[2025-11-16T10:44:55.036+0000] {logging_mixin.py:188} INFO - [2025-11-16T10:44:55.036+0000] {dagbag.py:540} INFO - Filling up the DagBag from /home/airflow/.local/lib/python3.12/site-packages/airflow/example_dags/example_bash_operator.py
[2025-11-16T10:44:55.043+0000] {processor.py:840} INFO - DAG(s) 'example_bash_operator' retrieved from /home/airflow/.local/lib/python3.12/site-packages/airflow/example_dags/example_bash_operator.py
[2025-11-16T10:44:55.054+0000] {logging_mixin.py:188} INFO - [2025-11-16T10:44:55.054+0000] {dag.py:3096} INFO - Sync 1 DAGs
[2025-11-16T10:44:55.063+0000] {logging_mixin.py:188} INFO - [2025-11-16T10:44:55.062+0000] {dag.py:3954} INFO - Setting next_dagrun for example_bash_operator to 2025-11-15 00:00:00+00:00, run_after=2025-11-16 00:00:00+00:00
[2025-11-16T10:44:55.072+0000] {processor.py:183} INFO - Processing /home/airflow/.local/lib/python3.12/site-packages/airflow/example_dags/example_bash_operator.py took 0.040 seconds
[2025-11-16T10:45:25.434+0000] {processor.py:161} INFO - Started process (PID=274) to work on /home/airflow/.local/lib/python3.12/site-packages/airflow/example_dags/example_bash_operator.py
[2025-11-16T10:45:25.434+0000] {processor.py:830} INFO - Processing file /home/airflow/.local/lib/python3.12/site-packages/airflow/example_dags/example_bash_operator.py for tasks to queue
[2025-11-16T10:45:25.435+0000] {logging_mixin.py:188} INFO - [2025-11-16T10:45:25.435+0000] {dagbag.py:540} INFO - Filling up the DagBag from /home/airflow/.local/lib/python3.12/site-packages/airflow/example_dags/example_bash_operator.py
[2025-11-16T10:45:25.439+0000] {processor.py:840} INFO - DAG(s) 'example_bash_operator' retrieved from /home/airflow/.local/lib/python3.12/site-packages/airflow/example_dags/example_bash_operator.py
[2025-11-16T10:45:25.449+0000] {logging_mixin.py:188} INFO - [2025-11-16T10:45:25.449+0000] {dag.py:3096} INFO - Sync 1 DAGs
[2025-11-16T10:45:25.456+0000] {logging_mixin.py:188} INFO - [2025-11-16T10:45:25.456+0000] {dag.py:3954} INFO - Setting next_dagrun for example_bash_operator to 2025-11-15 00:00:00+00:00, run_after=2025-11-16 00:00:00+00:00
[2025-11-16T10:45:25.463+0000] {processor.py:183} INFO - Processing /home/airflow/.local/lib/python3.12/site-packages/airflow/example_dags/example_bash_operator.py took 0.031 seconds
[2025-11-16T10:45:55.975+0000] {processor.py:161} INFO - Started process (PID=332) to work on /home/airflow/.local/lib/python3.12/site-packages/airflow/example_dags/example_bash_operator.py
[2025-11-16T10:45:55.976+0000] {processor.py:830} INFO - Processing file /home/airflow/.local/lib/python3.12/site-packages/airflow/example_dags/example_bash_operator.py for tasks to queue
[2025-11-16T10:45:55.976+0000] {logging_mixin.py:188} INFO - [2025-11-16T10:45:55.976+0000] {dagbag.py:540} INFO - Filling up the DagBag from /home/airflow/.local/lib/python3.12/site-packages/airflow/example_dags/example_bash_operator.py
[2025-11-16T10:45:55.980+0000] {processor.py:840} INFO - DAG(s) 'example_bash_operator' retrieved from /home/airflow/.local/lib/python3.12/site-packages/airflow/example_dags/example_bash_operator.py
[2025-11-16T10:45:55.990+0000] {logging_mixin.py:188} INFO - [2025-11-16T10:45:55.990+0000] {dag.py:3096} INFO - Sync 1 DAGs
[2025-11-16T10:45:55.998+0000] {logging_mixin.py:188} INFO - [2025-11-16T10:45:55.998+0000] {dag.py:3954} INFO - Setting next_dagrun for example_bash_operator to 2025-11-15 00:00:00+00:00, run_after=2025-11-16 00:00:00+00:00
[2025-11-16T10:45:56.004+0000] {processor.py:183} INFO - Processing /home/airflow/.local/lib/python3.12/site-packages/airflow/example_dags/example_bash_operator.py took 0.031 seconds
[2025-11-16T10:46:26.354+0000] {processor.py:161} INFO - Started process (PID=396) to work on /home/airflow/.local/lib/python3.12/site-packages/airflow/example_dags/example_bash_operator.py
[2025-11-16T10:46:26.355+0000] {processor.py:830} INFO - Processing file /home/airflow/.local/lib/python3.12/site-packages/airflow/example_dags/example_bash_operator.py for tasks to queue
[2025-11-16T10:46:26.356+0000] {logging_mixin.py:188} INFO - [2025-11-16T10:46:26.356+0000] {dagbag.py:540} INFO - Filling up the DagBag from /home/airflow/.local/lib/python3.12/site-packages/airflow/example_dags/example_bash_operator.py
[2025-11-16T10:46:26.360+0000] {processor.py:840} INFO - DAG(s) 'example_bash_operator' retrieved from /home/airflow/.local/lib/python3.12/site-packages/airflow/example_dags/example_bash_operator.py
[2025-11-16T10:46:26.370+0000] {logging_mixin.py:188} INFO - [2025-11-16T10:46:26.370+0000] {dag.py:3096} INFO - Sync 1 DAGs
[2025-11-16T10:46:26.379+0000] {logging_mixin.py:188} INFO - [2025-11-16T10:46:26.378+0000] {dag.py:3954} INFO - Setting next_dagrun for example_bash_operator to 2025-11-15 00:00:00+00:00, run_after=2025-11-16 00:00:00+00:00
[2025-11-16T10:46:26.384+0000] {processor.py:183} INFO - Processing /home/airflow/.local/lib/python3.12/site-packages/airflow/example_dags/example_bash_operator.py took 0.032 seconds
[2025-11-16T10:46:56.722+0000] {processor.py:161} INFO - Started process (PID=454) to work on /home/airflow/.local/lib/python3.12/site-packages/airflow/example_dags/example_bash_operator.py
[2025-11-16T10:46:56.722+0000] {processor.py:830} INFO - Processing file /home/airflow/.local/lib/python3.12/site-packages/airflow/example_dags/example_bash_operator.py for tasks to queue
[2025-11-16T10:46:56.724+0000] {logging_mixin.py:188} INFO - [2025-11-16T10:46:56.724+0000] {dagbag.py:540} INFO - Filling up the DagBag from /home/airflow/.local/lib/python3.12/site-packages/airflow/example_dags/example_bash_operator.py
[2025-11-16T10:46:56.729+0000] {processor.py:840} INFO - DAG(s) 'example_bash_operator' retrieved from /home/airflow/.local/lib/python3.12/site-packages/airflow/example_dags/example_bash_operator.py
[2025-11-16T10:46:56.738+0000] {logging_mixin.py:188} INFO - [2025-11-16T10:46:56.738+0000] {dag.py:3096} INFO - Sync 1 DAGs
[2025-11-16T10:46:56.747+0000] {logging_mixin.py:188} INFO - [2025-11-16T10:46:56.747+0000] {dag.py:3954} INFO - Setting next_dagrun for example_bash_operator to 2025-11-15 00:00:00+00:00, run_after=2025-11-16 00:00:00+00:00
[2025-11-16T10:46:56.757+0000] {processor.py:183} INFO - Processing /home/airflow/.local/lib/python3.12/site-packages/airflow/example_dags/example_bash_operator.py took 0.037 seconds
[2025-11-16T10:47:27.008+0000] {processor.py:161} INFO - Started process (PID=512) to work on /home/airflow/.local/lib/python3.12/site-packages/airflow/example_dags/example_bash_operator.py
[2025-11-16T10:47:27.010+0000] {processor.py:830} INFO - Processing file /home/airflow/.local/lib/python3.12/site-packages/airflow/example_dags/example_bash_operator.py for tasks to queue
[2025-11-16T10:47:27.011+0000] {logging_mixin.py:188} INFO - [2025-11-16T10:47:27.011+0000] {dagbag.py:540} INFO - Filling up the DagBag from /home/airflow/.local/lib/python3.12/site-packages/airflow/example_dags/example_bash_operator.py
[2025-11-16T10:47:27.018+0000] {processor.py:840} INFO - DAG(s) 'example_bash_operator' retrieved from /home/airflow/.local/lib/python3.12/site-packages/airflow/example_dags/example_bash_operator.py
[2025-11-16T10:47:27.028+0000] {logging_mixin.py:188} INFO - [2025-11-16T10:47:27.028+0000] {dag.py:3096} INFO - Sync 1 DAGs
[2025-11-16T10:47:27.036+0000] {logging_mixin.py:188} INFO - [2025-11-16T10:47:27.036+0000] {dag.py:3954} INFO - Setting next_dagrun for example_bash_operator to 2025-11-15 00:00:00+00:00, run_after=2025-11-16 00:00:00+00:00
[2025-11-16T10:47:27.043+0000] {processor.py:183} INFO - Processing /home/airflow/.local/lib/python3.12/site-packages/airflow/example_dags/example_bash_operator.py took 0.038 seconds
[2025-11-16T10:47:57.329+0000] {processor.py:161} INFO - Started process (PID=570) to work on /home/airflow/.local/lib/python3.12/site-packages/airflow/example_dags/example_bash_operator.py
[2025-11-16T10:47:57.330+0000] {processor.py:830} INFO - Processing file /home/airflow/.local/lib/python3.12/site-packages/airflow/example_dags/example_bash_operator.py for tasks to queue
[2025-11-16T10:47:57.330+0000] {logging_mixin.py:188} INFO - [2025-11-16T10:47:57.330+0000] {dagbag.py:540} INFO - Filling up the DagBag from /home/airflow/.local/lib/python3.12/site-packages/airflow/example_dags/example_bash_operator.py
[2025-11-16T10:47:57.335+0000] {processor.py:840} INFO - DAG(s) 'example_bash_operator' retrieved from /home/airflow/.local/lib/python3.12/site-packages/airflow/example_dags/example_bash_operator.py
[2025-11-16T10:47:57.346+0000] {logging_mixin.py:188} INFO - [2025-11-16T10:47:57.346+0000] {dag.py:3096} INFO - Sync 1 DAGs
[2025-11-16T10:47:57.354+0000] {logging_mixin.py:188} INFO - [2025-11-16T10:47:57.354+0000] {dag.py:3954} INFO - Setting next_dagrun for example_bash_operator to 2025-11-15 00:00:00+00:00, run_after=2025-11-16 00:00:00+00:00
[2025-11-16T10:47:57.359+0000] {processor.py:183} INFO - Processing /home/airflow/.local/lib/python3.12/site-packages/airflow/example_dags/example_bash_operator.py took 0.032 seconds
[2025-11-16T10:48:27.606+0000] {processor.py:161} INFO - Started process (PID=628) to work on /home/airflow/.local/lib/python3.12/site-packages/airflow/example_dags/example_bash_operator.py
[2025-11-16T10:48:27.607+0000] {processor.py:830} INFO - Processing file /home/airflow/.local/lib/python3.12/site-packages/airflow/example_dags/example_bash_operator.py for tasks to queue
[2025-11-16T10:48:27.608+0000] {logging_mixin.py:188} INFO - [2025-11-16T10:48:27.608+0000] {dagbag.py:540} INFO - Filling up the DagBag from /home/airflow/.local/lib/python3.12/site-packages/airflow/example_dags/example_bash_operator.py
[2025-11-16T10:48:27.615+0000] {processor.py:840} INFO - DAG(s) 'example_bash_operator' retrieved from /home/airflow/.local/lib/python3.12/site-packages/airflow/example_dags/example_bash_operator.py
[2025-11-16T10:48:27.627+0000] {logging_mixin.py:188} INFO - [2025-11-16T10:48:27.627+0000] {dag.py:3096} INFO - Sync 1 DAGs
[2025-11-16T10:48:27.636+0000] {logging_mixin.py:188} INFO - [2025-11-16T10:48:27.636+0000] {dag.py:3954} INFO - Setting next_dagrun for example_bash_operator to 2025-11-15 00:00:00+00:00, run_after=2025-11-16 00:00:00+00:00
[2025-11-16T10:48:27.642+0000] {processor.py:183} INFO - Processing /home/airflow/.local/lib/python3.12/site-packages/airflow/example_dags/example_bash_operator.py took 0.038 seconds
[2025-11-16T10:48:58.074+0000] {processor.py:161} INFO - Started process (PID=686) to work on /home/airflow/.local/lib/python3.12/site-packages/airflow/example_dags/example_bash_operator.py
[2025-11-16T10:48:58.075+0000] {processor.py:830} INFO - Processing file /home/airflow/.local/lib/python3.12/site-packages/airflow/example_dags/example_bash_operator.py for tasks to queue
[2025-11-16T10:48:58.078+0000] {logging_mixin.py:188} INFO - [2025-11-16T10:48:58.078+0000] {dagbag.py:540} INFO - Filling up the DagBag from /home/airflow/.local/lib/python3.12/site-packages/airflow/example_dags/example_bash_operator.py
[2025-11-16T10:48:58.083+0000] {processor.py:840} INFO - DAG(s) 'example_bash_operator' retrieved from /home/airflow/.local/lib/python3.12/site-packages/airflow/example_dags/example_bash_operator.py
[2025-11-16T10:48:58.093+0000] {logging_mixin.py:188} INFO - [2025-11-16T10:48:58.093+0000] {dag.py:3096} INFO - Sync 1 DAGs
[2025-11-16T10:48:58.101+0000] {logging_mixin.py:188} INFO - [2025-11-16T10:48:58.101+0000] {dag.py:3954} INFO - Setting next_dagrun for example_bash_operator to 2025-11-15 00:00:00+00:00, run_after=2025-11-16 00:00:00+00:00
[2025-11-16T10:48:58.107+0000] {processor.py:183} INFO - Processing /home/airflow/.local/lib/python3.12/site-packages/airflow/example_dags/example_bash_operator.py took 0.035 seconds
