[2025-11-16T10:43:24.552+0000] {processor.py:161} INFO - Started process (PID=65) to work on /home/airflow/.local/lib/python3.12/site-packages/airflow/example_dags/example_branch_day_of_week_operator.py
[2025-11-16T10:43:24.553+0000] {processor.py:830} INFO - Processing file /home/airflow/.local/lib/python3.12/site-packages/airflow/example_dags/example_branch_day_of_week_operator.py for tasks to queue
[2025-11-16T10:43:24.554+0000] {logging_mixin.py:188} INFO - [2025-11-16T10:43:24.554+0000] {dagbag.py:540} INFO - Filling up the DagBag from /home/airflow/.local/lib/python3.12/site-packages/airflow/example_dags/example_branch_day_of_week_operator.py
[2025-11-16T10:43:24.564+0000] {processor.py:840} INFO - DAG(s) 'example_weekday_branch_operator' retrieved from /home/airflow/.local/lib/python3.12/site-packages/airflow/example_dags/example_branch_day_of_week_operator.py
[2025-11-16T10:43:24.571+0000] {logging_mixin.py:188} INFO - [2025-11-16T10:43:24.571+0000] {dag.py:3096} INFO - Sync 1 DAGs
[2025-11-16T10:43:24.583+0000] {logging_mixin.py:188} INFO - [2025-11-16T10:43:24.583+0000] {dag.py:3954} INFO - Setting next_dagrun for example_weekday_branch_operator to 2025-11-15 00:00:00+00:00, run_after=2025-11-16 00:00:00+00:00
[2025-11-16T10:43:24.592+0000] {processor.py:183} INFO - Processing /home/airflow/.local/lib/python3.12/site-packages/airflow/example_dags/example_branch_day_of_week_operator.py took 0.044 seconds
[2025-11-16T10:43:55.191+0000] {processor.py:161} INFO - Started process (PID=123) to work on /home/airflow/.local/lib/python3.12/site-packages/airflow/example_dags/example_branch_day_of_week_operator.py
[2025-11-16T10:43:55.192+0000] {processor.py:830} INFO - Processing file /home/airflow/.local/lib/python3.12/site-packages/airflow/example_dags/example_branch_day_of_week_operator.py for tasks to queue
[2025-11-16T10:43:55.192+0000] {logging_mixin.py:188} INFO - [2025-11-16T10:43:55.192+0000] {dagbag.py:540} INFO - Filling up the DagBag from /home/airflow/.local/lib/python3.12/site-packages/airflow/example_dags/example_branch_day_of_week_operator.py
[2025-11-16T10:43:55.195+0000] {processor.py:840} INFO - DAG(s) 'example_weekday_branch_operator' retrieved from /home/airflow/.local/lib/python3.12/site-packages/airflow/example_dags/example_branch_day_of_week_operator.py
[2025-11-16T10:43:55.229+0000] {logging_mixin.py:188} INFO - [2025-11-16T10:43:55.229+0000] {dag.py:3096} INFO - Sync 1 DAGs
[2025-11-16T10:43:55.237+0000] {logging_mixin.py:188} INFO - [2025-11-16T10:43:55.237+0000] {dag.py:3954} INFO - Setting next_dagrun for example_weekday_branch_operator to 2025-11-15 00:00:00+00:00, run_after=2025-11-16 00:00:00+00:00
[2025-11-16T10:43:55.243+0000] {processor.py:183} INFO - Processing /home/airflow/.local/lib/python3.12/site-packages/airflow/example_dags/example_branch_day_of_week_operator.py took 0.054 seconds
[2025-11-16T10:44:26.026+0000] {processor.py:161} INFO - Started process (PID=181) to work on /home/airflow/.local/lib/python3.12/site-packages/airflow/example_dags/example_branch_day_of_week_operator.py
[2025-11-16T10:44:26.029+0000] {processor.py:830} INFO - Processing file /home/airflow/.local/lib/python3.12/site-packages/airflow/example_dags/example_branch_day_of_week_operator.py for tasks to queue
[2025-11-16T10:44:26.029+0000] {logging_mixin.py:188} INFO - [2025-11-16T10:44:26.029+0000] {dagbag.py:540} INFO - Filling up the DagBag from /home/airflow/.local/lib/python3.12/site-packages/airflow/example_dags/example_branch_day_of_week_operator.py
[2025-11-16T10:44:26.032+0000] {processor.py:840} INFO - DAG(s) 'example_weekday_branch_operator' retrieved from /home/airflow/.local/lib/python3.12/site-packages/airflow/example_dags/example_branch_day_of_week_operator.py
[2025-11-16T10:44:26.040+0000] {logging_mixin.py:188} INFO - [2025-11-16T10:44:26.040+0000] {dag.py:3096} INFO - Sync 1 DAGs
[2025-11-16T10:44:26.049+0000] {logging_mixin.py:188} INFO - [2025-11-16T10:44:26.049+0000] {dag.py:3954} INFO - Setting next_dagrun for example_weekday_branch_operator to 2025-11-15 00:00:00+00:00, run_after=2025-11-16 00:00:00+00:00
[2025-11-16T10:44:26.056+0000] {processor.py:183} INFO - Processing /home/airflow/.local/lib/python3.12/site-packages/airflow/example_dags/example_branch_day_of_week_operator.py took 0.033 seconds
[2025-11-16T10:44:56.574+0000] {processor.py:161} INFO - Started process (PID=245) to work on /home/airflow/.local/lib/python3.12/site-packages/airflow/example_dags/example_branch_day_of_week_operator.py
[2025-11-16T10:44:56.574+0000] {processor.py:830} INFO - Processing file /home/airflow/.local/lib/python3.12/site-packages/airflow/example_dags/example_branch_day_of_week_operator.py for tasks to queue
[2025-11-16T10:44:56.576+0000] {logging_mixin.py:188} INFO - [2025-11-16T10:44:56.576+0000] {dagbag.py:540} INFO - Filling up the DagBag from /home/airflow/.local/lib/python3.12/site-packages/airflow/example_dags/example_branch_day_of_week_operator.py
[2025-11-16T10:44:56.580+0000] {processor.py:840} INFO - DAG(s) 'example_weekday_branch_operator' retrieved from /home/airflow/.local/lib/python3.12/site-packages/airflow/example_dags/example_branch_day_of_week_operator.py
[2025-11-16T10:44:56.588+0000] {logging_mixin.py:188} INFO - [2025-11-16T10:44:56.588+0000] {dag.py:3096} INFO - Sync 1 DAGs
[2025-11-16T10:44:56.596+0000] {logging_mixin.py:188} INFO - [2025-11-16T10:44:56.595+0000] {dag.py:3954} INFO - Setting next_dagrun for example_weekday_branch_operator to 2025-11-15 00:00:00+00:00, run_after=2025-11-16 00:00:00+00:00
[2025-11-16T10:44:56.601+0000] {processor.py:183} INFO - Processing /home/airflow/.local/lib/python3.12/site-packages/airflow/example_dags/example_branch_day_of_week_operator.py took 0.030 seconds
[2025-11-16T10:45:27.040+0000] {processor.py:161} INFO - Started process (PID=303) to work on /home/airflow/.local/lib/python3.12/site-packages/airflow/example_dags/example_branch_day_of_week_operator.py
[2025-11-16T10:45:27.040+0000] {processor.py:830} INFO - Processing file /home/airflow/.local/lib/python3.12/site-packages/airflow/example_dags/example_branch_day_of_week_operator.py for tasks to queue
[2025-11-16T10:45:27.041+0000] {logging_mixin.py:188} INFO - [2025-11-16T10:45:27.041+0000] {dagbag.py:540} INFO - Filling up the DagBag from /home/airflow/.local/lib/python3.12/site-packages/airflow/example_dags/example_branch_day_of_week_operator.py
[2025-11-16T10:45:27.044+0000] {processor.py:840} INFO - DAG(s) 'example_weekday_branch_operator' retrieved from /home/airflow/.local/lib/python3.12/site-packages/airflow/example_dags/example_branch_day_of_week_operator.py
[2025-11-16T10:45:27.054+0000] {logging_mixin.py:188} INFO - [2025-11-16T10:45:27.054+0000] {dag.py:3096} INFO - Sync 1 DAGs
[2025-11-16T10:45:27.063+0000] {logging_mixin.py:188} INFO - [2025-11-16T10:45:27.063+0000] {dag.py:3954} INFO - Setting next_dagrun for example_weekday_branch_operator to 2025-11-15 00:00:00+00:00, run_after=2025-11-16 00:00:00+00:00
[2025-11-16T10:45:27.071+0000] {processor.py:183} INFO - Processing /home/airflow/.local/lib/python3.12/site-packages/airflow/example_dags/example_branch_day_of_week_operator.py took 0.034 seconds
[2025-11-16T10:45:57.518+0000] {processor.py:161} INFO - Started process (PID=361) to work on /home/airflow/.local/lib/python3.12/site-packages/airflow/example_dags/example_branch_day_of_week_operator.py
[2025-11-16T10:45:57.518+0000] {processor.py:830} INFO - Processing file /home/airflow/.local/lib/python3.12/site-packages/airflow/example_dags/example_branch_day_of_week_operator.py for tasks to queue
[2025-11-16T10:45:57.519+0000] {logging_mixin.py:188} INFO - [2025-11-16T10:45:57.519+0000] {dagbag.py:540} INFO - Filling up the DagBag from /home/airflow/.local/lib/python3.12/site-packages/airflow/example_dags/example_branch_day_of_week_operator.py
[2025-11-16T10:45:57.522+0000] {processor.py:840} INFO - DAG(s) 'example_weekday_branch_operator' retrieved from /home/airflow/.local/lib/python3.12/site-packages/airflow/example_dags/example_branch_day_of_week_operator.py
[2025-11-16T10:45:57.530+0000] {logging_mixin.py:188} INFO - [2025-11-16T10:45:57.530+0000] {dag.py:3096} INFO - Sync 1 DAGs
[2025-11-16T10:45:57.538+0000] {logging_mixin.py:188} INFO - [2025-11-16T10:45:57.538+0000] {dag.py:3954} INFO - Setting next_dagrun for example_weekday_branch_operator to 2025-11-15 00:00:00+00:00, run_after=2025-11-16 00:00:00+00:00
[2025-11-16T10:45:57.544+0000] {processor.py:183} INFO - Processing /home/airflow/.local/lib/python3.12/site-packages/airflow/example_dags/example_branch_day_of_week_operator.py took 0.029 seconds
[2025-11-16T10:46:27.896+0000] {processor.py:161} INFO - Started process (PID=419) to work on /home/airflow/.local/lib/python3.12/site-packages/airflow/example_dags/example_branch_day_of_week_operator.py
[2025-11-16T10:46:27.897+0000] {processor.py:830} INFO - Processing file /home/airflow/.local/lib/python3.12/site-packages/airflow/example_dags/example_branch_day_of_week_operator.py for tasks to queue
[2025-11-16T10:46:27.898+0000] {logging_mixin.py:188} INFO - [2025-11-16T10:46:27.898+0000] {dagbag.py:540} INFO - Filling up the DagBag from /home/airflow/.local/lib/python3.12/site-packages/airflow/example_dags/example_branch_day_of_week_operator.py
[2025-11-16T10:46:27.901+0000] {processor.py:840} INFO - DAG(s) 'example_weekday_branch_operator' retrieved from /home/airflow/.local/lib/python3.12/site-packages/airflow/example_dags/example_branch_day_of_week_operator.py
[2025-11-16T10:46:27.910+0000] {logging_mixin.py:188} INFO - [2025-11-16T10:46:27.910+0000] {dag.py:3096} INFO - Sync 1 DAGs
[2025-11-16T10:46:27.918+0000] {logging_mixin.py:188} INFO - [2025-11-16T10:46:27.918+0000] {dag.py:3954} INFO - Setting next_dagrun for example_weekday_branch_operator to 2025-11-15 00:00:00+00:00, run_after=2025-11-16 00:00:00+00:00
[2025-11-16T10:46:27.924+0000] {processor.py:183} INFO - Processing /home/airflow/.local/lib/python3.12/site-packages/airflow/example_dags/example_branch_day_of_week_operator.py took 0.030 seconds
[2025-11-16T10:46:58.220+0000] {processor.py:161} INFO - Started process (PID=477) to work on /home/airflow/.local/lib/python3.12/site-packages/airflow/example_dags/example_branch_day_of_week_operator.py
[2025-11-16T10:46:58.220+0000] {processor.py:830} INFO - Processing file /home/airflow/.local/lib/python3.12/site-packages/airflow/example_dags/example_branch_day_of_week_operator.py for tasks to queue
[2025-11-16T10:46:58.221+0000] {logging_mixin.py:188} INFO - [2025-11-16T10:46:58.220+0000] {dagbag.py:540} INFO - Filling up the DagBag from /home/airflow/.local/lib/python3.12/site-packages/airflow/example_dags/example_branch_day_of_week_operator.py
[2025-11-16T10:46:58.223+0000] {processor.py:840} INFO - DAG(s) 'example_weekday_branch_operator' retrieved from /home/airflow/.local/lib/python3.12/site-packages/airflow/example_dags/example_branch_day_of_week_operator.py
[2025-11-16T10:46:58.231+0000] {logging_mixin.py:188} INFO - [2025-11-16T10:46:58.231+0000] {dag.py:3096} INFO - Sync 1 DAGs
[2025-11-16T10:46:58.239+0000] {logging_mixin.py:188} INFO - [2025-11-16T10:46:58.239+0000] {dag.py:3954} INFO - Setting next_dagrun for example_weekday_branch_operator to 2025-11-15 00:00:00+00:00, run_after=2025-11-16 00:00:00+00:00
[2025-11-16T10:46:58.246+0000] {processor.py:183} INFO - Processing /home/airflow/.local/lib/python3.12/site-packages/airflow/example_dags/example_branch_day_of_week_operator.py took 0.029 seconds
[2025-11-16T10:47:28.539+0000] {processor.py:161} INFO - Started process (PID=535) to work on /home/airflow/.local/lib/python3.12/site-packages/airflow/example_dags/example_branch_day_of_week_operator.py
[2025-11-16T10:47:28.540+0000] {processor.py:830} INFO - Processing file /home/airflow/.local/lib/python3.12/site-packages/airflow/example_dags/example_branch_day_of_week_operator.py for tasks to queue
[2025-11-16T10:47:28.541+0000] {logging_mixin.py:188} INFO - [2025-11-16T10:47:28.540+0000] {dagbag.py:540} INFO - Filling up the DagBag from /home/airflow/.local/lib/python3.12/site-packages/airflow/example_dags/example_branch_day_of_week_operator.py
[2025-11-16T10:47:28.543+0000] {processor.py:840} INFO - DAG(s) 'example_weekday_branch_operator' retrieved from /home/airflow/.local/lib/python3.12/site-packages/airflow/example_dags/example_branch_day_of_week_operator.py
[2025-11-16T10:47:28.553+0000] {logging_mixin.py:188} INFO - [2025-11-16T10:47:28.553+0000] {dag.py:3096} INFO - Sync 1 DAGs
[2025-11-16T10:47:28.561+0000] {logging_mixin.py:188} INFO - [2025-11-16T10:47:28.560+0000] {dag.py:3954} INFO - Setting next_dagrun for example_weekday_branch_operator to 2025-11-15 00:00:00+00:00, run_after=2025-11-16 00:00:00+00:00
[2025-11-16T10:47:28.567+0000] {processor.py:183} INFO - Processing /home/airflow/.local/lib/python3.12/site-packages/airflow/example_dags/example_branch_day_of_week_operator.py took 0.030 seconds
[2025-11-16T10:47:58.848+0000] {processor.py:161} INFO - Started process (PID=593) to work on /home/airflow/.local/lib/python3.12/site-packages/airflow/example_dags/example_branch_day_of_week_operator.py
[2025-11-16T10:47:58.849+0000] {processor.py:830} INFO - Processing file /home/airflow/.local/lib/python3.12/site-packages/airflow/example_dags/example_branch_day_of_week_operator.py for tasks to queue
[2025-11-16T10:47:58.849+0000] {logging_mixin.py:188} INFO - [2025-11-16T10:47:58.849+0000] {dagbag.py:540} INFO - Filling up the DagBag from /home/airflow/.local/lib/python3.12/site-packages/airflow/example_dags/example_branch_day_of_week_operator.py
[2025-11-16T10:47:58.852+0000] {processor.py:840} INFO - DAG(s) 'example_weekday_branch_operator' retrieved from /home/airflow/.local/lib/python3.12/site-packages/airflow/example_dags/example_branch_day_of_week_operator.py
[2025-11-16T10:47:58.860+0000] {logging_mixin.py:188} INFO - [2025-11-16T10:47:58.860+0000] {dag.py:3096} INFO - Sync 1 DAGs
[2025-11-16T10:47:58.870+0000] {logging_mixin.py:188} INFO - [2025-11-16T10:47:58.870+0000] {dag.py:3954} INFO - Setting next_dagrun for example_weekday_branch_operator to 2025-11-15 00:00:00+00:00, run_after=2025-11-16 00:00:00+00:00
[2025-11-16T10:47:58.876+0000] {processor.py:183} INFO - Processing /home/airflow/.local/lib/python3.12/site-packages/airflow/example_dags/example_branch_day_of_week_operator.py took 0.029 seconds
[2025-11-16T10:48:29.186+0000] {processor.py:161} INFO - Started process (PID=651) to work on /home/airflow/.local/lib/python3.12/site-packages/airflow/example_dags/example_branch_day_of_week_operator.py
[2025-11-16T10:48:29.186+0000] {processor.py:830} INFO - Processing file /home/airflow/.local/lib/python3.12/site-packages/airflow/example_dags/example_branch_day_of_week_operator.py for tasks to queue
[2025-11-16T10:48:29.190+0000] {logging_mixin.py:188} INFO - [2025-11-16T10:48:29.190+0000] {dagbag.py:540} INFO - Filling up the DagBag from /home/airflow/.local/lib/python3.12/site-packages/airflow/example_dags/example_branch_day_of_week_operator.py
[2025-11-16T10:48:29.193+0000] {processor.py:840} INFO - DAG(s) 'example_weekday_branch_operator' retrieved from /home/airflow/.local/lib/python3.12/site-packages/airflow/example_dags/example_branch_day_of_week_operator.py
[2025-11-16T10:48:29.202+0000] {logging_mixin.py:188} INFO - [2025-11-16T10:48:29.202+0000] {dag.py:3096} INFO - Sync 1 DAGs
[2025-11-16T10:48:29.212+0000] {logging_mixin.py:188} INFO - [2025-11-16T10:48:29.212+0000] {dag.py:3954} INFO - Setting next_dagrun for example_weekday_branch_operator to 2025-11-15 00:00:00+00:00, run_after=2025-11-16 00:00:00+00:00
[2025-11-16T10:48:29.219+0000] {processor.py:183} INFO - Processing /home/airflow/.local/lib/python3.12/site-packages/airflow/example_dags/example_branch_day_of_week_operator.py took 0.035 seconds
[2025-11-16T10:48:59.545+0000] {processor.py:161} INFO - Started process (PID=709) to work on /home/airflow/.local/lib/python3.12/site-packages/airflow/example_dags/example_branch_day_of_week_operator.py
[2025-11-16T10:48:59.545+0000] {processor.py:830} INFO - Processing file /home/airflow/.local/lib/python3.12/site-packages/airflow/example_dags/example_branch_day_of_week_operator.py for tasks to queue
[2025-11-16T10:48:59.546+0000] {logging_mixin.py:188} INFO - [2025-11-16T10:48:59.546+0000] {dagbag.py:540} INFO - Filling up the DagBag from /home/airflow/.local/lib/python3.12/site-packages/airflow/example_dags/example_branch_day_of_week_operator.py
[2025-11-16T10:48:59.550+0000] {processor.py:840} INFO - DAG(s) 'example_weekday_branch_operator' retrieved from /home/airflow/.local/lib/python3.12/site-packages/airflow/example_dags/example_branch_day_of_week_operator.py
[2025-11-16T10:48:59.558+0000] {logging_mixin.py:188} INFO - [2025-11-16T10:48:59.558+0000] {dag.py:3096} INFO - Sync 1 DAGs
[2025-11-16T10:48:59.566+0000] {logging_mixin.py:188} INFO - [2025-11-16T10:48:59.566+0000] {dag.py:3954} INFO - Setting next_dagrun for example_weekday_branch_operator to 2025-11-15 00:00:00+00:00, run_after=2025-11-16 00:00:00+00:00
[2025-11-16T10:48:59.573+0000] {processor.py:183} INFO - Processing /home/airflow/.local/lib/python3.12/site-packages/airflow/example_dags/example_branch_day_of_week_operator.py took 0.030 seconds
