[2025-11-16T10:43:24.469+0000] {processor.py:161} INFO - Started process (PID=62) to work on /home/airflow/.local/lib/python3.12/site-packages/airflow/example_dags/example_display_name.py
[2025-11-16T10:43:24.470+0000] {processor.py:830} INFO - Processing file /home/airflow/.local/lib/python3.12/site-packages/airflow/example_dags/example_display_name.py for tasks to queue
[2025-11-16T10:43:24.471+0000] {logging_mixin.py:188} INFO - [2025-11-16T10:43:24.471+0000] {dagbag.py:540} INFO - Filling up the DagBag from /home/airflow/.local/lib/python3.12/site-packages/airflow/example_dags/example_display_name.py
[2025-11-16T10:43:24.476+0000] {processor.py:840} INFO - DAG(s) 'example_display_name' retrieved from /home/airflow/.local/lib/python3.12/site-packages/airflow/example_dags/example_display_name.py
[2025-11-16T10:43:24.484+0000] {logging_mixin.py:188} INFO - [2025-11-16T10:43:24.484+0000] {dag.py:3096} INFO - Sync 1 DAGs
[2025-11-16T10:43:24.494+0000] {logging_mixin.py:188} INFO - [2025-11-16T10:43:24.494+0000] {dag.py:3954} INFO - Setting next_dagrun for example_display_name to None, run_after=None
[2025-11-16T10:43:24.504+0000] {processor.py:183} INFO - Processing /home/airflow/.local/lib/python3.12/site-packages/airflow/example_dags/example_display_name.py took 0.038 seconds
[2025-11-16T10:43:55.113+0000] {processor.py:161} INFO - Started process (PID=120) to work on /home/airflow/.local/lib/python3.12/site-packages/airflow/example_dags/example_display_name.py
[2025-11-16T10:43:55.114+0000] {processor.py:830} INFO - Processing file /home/airflow/.local/lib/python3.12/site-packages/airflow/example_dags/example_display_name.py for tasks to queue
[2025-11-16T10:43:55.116+0000] {logging_mixin.py:188} INFO - [2025-11-16T10:43:55.116+0000] {dagbag.py:540} INFO - Filling up the DagBag from /home/airflow/.local/lib/python3.12/site-packages/airflow/example_dags/example_display_name.py
[2025-11-16T10:43:55.119+0000] {processor.py:840} INFO - DAG(s) 'example_display_name' retrieved from /home/airflow/.local/lib/python3.12/site-packages/airflow/example_dags/example_display_name.py
[2025-11-16T10:43:55.156+0000] {logging_mixin.py:188} INFO - [2025-11-16T10:43:55.156+0000] {dag.py:3096} INFO - Sync 1 DAGs
[2025-11-16T10:43:55.159+0000] {logging_mixin.py:188} INFO - [2025-11-16T10:43:55.159+0000] {dag.py:3954} INFO - Setting next_dagrun for example_display_name to None, run_after=None
[2025-11-16T10:43:55.166+0000] {processor.py:183} INFO - Processing /home/airflow/.local/lib/python3.12/site-packages/airflow/example_dags/example_display_name.py took 0.055 seconds
[2025-11-16T10:44:25.976+0000] {processor.py:161} INFO - Started process (PID=178) to work on /home/airflow/.local/lib/python3.12/site-packages/airflow/example_dags/example_display_name.py
[2025-11-16T10:44:25.977+0000] {processor.py:830} INFO - Processing file /home/airflow/.local/lib/python3.12/site-packages/airflow/example_dags/example_display_name.py for tasks to queue
[2025-11-16T10:44:25.978+0000] {logging_mixin.py:188} INFO - [2025-11-16T10:44:25.978+0000] {dagbag.py:540} INFO - Filling up the DagBag from /home/airflow/.local/lib/python3.12/site-packages/airflow/example_dags/example_display_name.py
[2025-11-16T10:44:25.981+0000] {processor.py:840} INFO - DAG(s) 'example_display_name' retrieved from /home/airflow/.local/lib/python3.12/site-packages/airflow/example_dags/example_display_name.py
[2025-11-16T10:44:25.990+0000] {logging_mixin.py:188} INFO - [2025-11-16T10:44:25.990+0000] {dag.py:3096} INFO - Sync 1 DAGs
[2025-11-16T10:44:25.994+0000] {logging_mixin.py:188} INFO - [2025-11-16T10:44:25.994+0000] {dag.py:3954} INFO - Setting next_dagrun for example_display_name to None, run_after=None
[2025-11-16T10:44:26.001+0000] {processor.py:183} INFO - Processing /home/airflow/.local/lib/python3.12/site-packages/airflow/example_dags/example_display_name.py took 0.027 seconds
[2025-11-16T10:44:56.513+0000] {processor.py:161} INFO - Started process (PID=242) to work on /home/airflow/.local/lib/python3.12/site-packages/airflow/example_dags/example_display_name.py
[2025-11-16T10:44:56.514+0000] {processor.py:830} INFO - Processing file /home/airflow/.local/lib/python3.12/site-packages/airflow/example_dags/example_display_name.py for tasks to queue
[2025-11-16T10:44:56.515+0000] {logging_mixin.py:188} INFO - [2025-11-16T10:44:56.515+0000] {dagbag.py:540} INFO - Filling up the DagBag from /home/airflow/.local/lib/python3.12/site-packages/airflow/example_dags/example_display_name.py
[2025-11-16T10:44:56.518+0000] {processor.py:840} INFO - DAG(s) 'example_display_name' retrieved from /home/airflow/.local/lib/python3.12/site-packages/airflow/example_dags/example_display_name.py
[2025-11-16T10:44:56.525+0000] {logging_mixin.py:188} INFO - [2025-11-16T10:44:56.525+0000] {dag.py:3096} INFO - Sync 1 DAGs
[2025-11-16T10:44:56.530+0000] {logging_mixin.py:188} INFO - [2025-11-16T10:44:56.530+0000] {dag.py:3954} INFO - Setting next_dagrun for example_display_name to None, run_after=None
[2025-11-16T10:44:56.536+0000] {processor.py:183} INFO - Processing /home/airflow/.local/lib/python3.12/site-packages/airflow/example_dags/example_display_name.py took 0.025 seconds
[2025-11-16T10:45:26.988+0000] {processor.py:161} INFO - Started process (PID=300) to work on /home/airflow/.local/lib/python3.12/site-packages/airflow/example_dags/example_display_name.py
[2025-11-16T10:45:26.989+0000] {processor.py:830} INFO - Processing file /home/airflow/.local/lib/python3.12/site-packages/airflow/example_dags/example_display_name.py for tasks to queue
[2025-11-16T10:45:26.989+0000] {logging_mixin.py:188} INFO - [2025-11-16T10:45:26.989+0000] {dagbag.py:540} INFO - Filling up the DagBag from /home/airflow/.local/lib/python3.12/site-packages/airflow/example_dags/example_display_name.py
[2025-11-16T10:45:26.992+0000] {processor.py:840} INFO - DAG(s) 'example_display_name' retrieved from /home/airflow/.local/lib/python3.12/site-packages/airflow/example_dags/example_display_name.py
[2025-11-16T10:45:27.003+0000] {logging_mixin.py:188} INFO - [2025-11-16T10:45:27.003+0000] {dag.py:3096} INFO - Sync 1 DAGs
[2025-11-16T10:45:27.008+0000] {logging_mixin.py:188} INFO - [2025-11-16T10:45:27.008+0000] {dag.py:3954} INFO - Setting next_dagrun for example_display_name to None, run_after=None
[2025-11-16T10:45:27.014+0000] {processor.py:183} INFO - Processing /home/airflow/.local/lib/python3.12/site-packages/airflow/example_dags/example_display_name.py took 0.028 seconds
[2025-11-16T10:45:57.449+0000] {processor.py:161} INFO - Started process (PID=358) to work on /home/airflow/.local/lib/python3.12/site-packages/airflow/example_dags/example_display_name.py
[2025-11-16T10:45:57.453+0000] {processor.py:830} INFO - Processing file /home/airflow/.local/lib/python3.12/site-packages/airflow/example_dags/example_display_name.py for tasks to queue
[2025-11-16T10:45:57.454+0000] {logging_mixin.py:188} INFO - [2025-11-16T10:45:57.453+0000] {dagbag.py:540} INFO - Filling up the DagBag from /home/airflow/.local/lib/python3.12/site-packages/airflow/example_dags/example_display_name.py
[2025-11-16T10:45:57.456+0000] {processor.py:840} INFO - DAG(s) 'example_display_name' retrieved from /home/airflow/.local/lib/python3.12/site-packages/airflow/example_dags/example_display_name.py
[2025-11-16T10:45:57.463+0000] {logging_mixin.py:188} INFO - [2025-11-16T10:45:57.463+0000] {dag.py:3096} INFO - Sync 1 DAGs
[2025-11-16T10:45:57.467+0000] {logging_mixin.py:188} INFO - [2025-11-16T10:45:57.467+0000] {dag.py:3954} INFO - Setting next_dagrun for example_display_name to None, run_after=None
[2025-11-16T10:45:57.473+0000] {processor.py:183} INFO - Processing /home/airflow/.local/lib/python3.12/site-packages/airflow/example_dags/example_display_name.py took 0.026 seconds
[2025-11-16T10:46:27.861+0000] {processor.py:161} INFO - Started process (PID=416) to work on /home/airflow/.local/lib/python3.12/site-packages/airflow/example_dags/example_display_name.py
[2025-11-16T10:46:27.862+0000] {processor.py:830} INFO - Processing file /home/airflow/.local/lib/python3.12/site-packages/airflow/example_dags/example_display_name.py for tasks to queue
[2025-11-16T10:46:27.862+0000] {logging_mixin.py:188} INFO - [2025-11-16T10:46:27.862+0000] {dagbag.py:540} INFO - Filling up the DagBag from /home/airflow/.local/lib/python3.12/site-packages/airflow/example_dags/example_display_name.py
[2025-11-16T10:46:27.864+0000] {processor.py:840} INFO - DAG(s) 'example_display_name' retrieved from /home/airflow/.local/lib/python3.12/site-packages/airflow/example_dags/example_display_name.py
[2025-11-16T10:46:27.872+0000] {logging_mixin.py:188} INFO - [2025-11-16T10:46:27.872+0000] {dag.py:3096} INFO - Sync 1 DAGs
[2025-11-16T10:46:27.876+0000] {logging_mixin.py:188} INFO - [2025-11-16T10:46:27.876+0000] {dag.py:3954} INFO - Setting next_dagrun for example_display_name to None, run_after=None
[2025-11-16T10:46:27.882+0000] {processor.py:183} INFO - Processing /home/airflow/.local/lib/python3.12/site-packages/airflow/example_dags/example_display_name.py took 0.023 seconds
[2025-11-16T10:46:58.174+0000] {processor.py:161} INFO - Started process (PID=474) to work on /home/airflow/.local/lib/python3.12/site-packages/airflow/example_dags/example_display_name.py
[2025-11-16T10:46:58.175+0000] {processor.py:830} INFO - Processing file /home/airflow/.local/lib/python3.12/site-packages/airflow/example_dags/example_display_name.py for tasks to queue
[2025-11-16T10:46:58.175+0000] {logging_mixin.py:188} INFO - [2025-11-16T10:46:58.175+0000] {dagbag.py:540} INFO - Filling up the DagBag from /home/airflow/.local/lib/python3.12/site-packages/airflow/example_dags/example_display_name.py
[2025-11-16T10:46:58.178+0000] {processor.py:840} INFO - DAG(s) 'example_display_name' retrieved from /home/airflow/.local/lib/python3.12/site-packages/airflow/example_dags/example_display_name.py
[2025-11-16T10:46:58.185+0000] {logging_mixin.py:188} INFO - [2025-11-16T10:46:58.185+0000] {dag.py:3096} INFO - Sync 1 DAGs
[2025-11-16T10:46:58.189+0000] {logging_mixin.py:188} INFO - [2025-11-16T10:46:58.189+0000] {dag.py:3954} INFO - Setting next_dagrun for example_display_name to None, run_after=None
[2025-11-16T10:46:58.197+0000] {processor.py:183} INFO - Processing /home/airflow/.local/lib/python3.12/site-packages/airflow/example_dags/example_display_name.py took 0.026 seconds
[2025-11-16T10:47:28.478+0000] {processor.py:161} INFO - Started process (PID=532) to work on /home/airflow/.local/lib/python3.12/site-packages/airflow/example_dags/example_display_name.py
[2025-11-16T10:47:28.479+0000] {processor.py:830} INFO - Processing file /home/airflow/.local/lib/python3.12/site-packages/airflow/example_dags/example_display_name.py for tasks to queue
[2025-11-16T10:47:28.479+0000] {logging_mixin.py:188} INFO - [2025-11-16T10:47:28.479+0000] {dagbag.py:540} INFO - Filling up the DagBag from /home/airflow/.local/lib/python3.12/site-packages/airflow/example_dags/example_display_name.py
[2025-11-16T10:47:28.482+0000] {processor.py:840} INFO - DAG(s) 'example_display_name' retrieved from /home/airflow/.local/lib/python3.12/site-packages/airflow/example_dags/example_display_name.py
[2025-11-16T10:47:28.491+0000] {logging_mixin.py:188} INFO - [2025-11-16T10:47:28.491+0000] {dag.py:3096} INFO - Sync 1 DAGs
[2025-11-16T10:47:28.496+0000] {logging_mixin.py:188} INFO - [2025-11-16T10:47:28.496+0000] {dag.py:3954} INFO - Setting next_dagrun for example_display_name to None, run_after=None
[2025-11-16T10:47:28.502+0000] {processor.py:183} INFO - Processing /home/airflow/.local/lib/python3.12/site-packages/airflow/example_dags/example_display_name.py took 0.026 seconds
[2025-11-16T10:47:58.801+0000] {processor.py:161} INFO - Started process (PID=590) to work on /home/airflow/.local/lib/python3.12/site-packages/airflow/example_dags/example_display_name.py
[2025-11-16T10:47:58.802+0000] {processor.py:830} INFO - Processing file /home/airflow/.local/lib/python3.12/site-packages/airflow/example_dags/example_display_name.py for tasks to queue
[2025-11-16T10:47:58.802+0000] {logging_mixin.py:188} INFO - [2025-11-16T10:47:58.802+0000] {dagbag.py:540} INFO - Filling up the DagBag from /home/airflow/.local/lib/python3.12/site-packages/airflow/example_dags/example_display_name.py
[2025-11-16T10:47:58.805+0000] {processor.py:840} INFO - DAG(s) 'example_display_name' retrieved from /home/airflow/.local/lib/python3.12/site-packages/airflow/example_dags/example_display_name.py
[2025-11-16T10:47:58.812+0000] {logging_mixin.py:188} INFO - [2025-11-16T10:47:58.812+0000] {dag.py:3096} INFO - Sync 1 DAGs
[2025-11-16T10:47:58.816+0000] {logging_mixin.py:188} INFO - [2025-11-16T10:47:58.816+0000] {dag.py:3954} INFO - Setting next_dagrun for example_display_name to None, run_after=None
[2025-11-16T10:47:58.825+0000] {processor.py:183} INFO - Processing /home/airflow/.local/lib/python3.12/site-packages/airflow/example_dags/example_display_name.py took 0.026 seconds
[2025-11-16T10:48:29.140+0000] {processor.py:161} INFO - Started process (PID=648) to work on /home/airflow/.local/lib/python3.12/site-packages/airflow/example_dags/example_display_name.py
[2025-11-16T10:48:29.141+0000] {processor.py:830} INFO - Processing file /home/airflow/.local/lib/python3.12/site-packages/airflow/example_dags/example_display_name.py for tasks to queue
[2025-11-16T10:48:29.142+0000] {logging_mixin.py:188} INFO - [2025-11-16T10:48:29.142+0000] {dagbag.py:540} INFO - Filling up the DagBag from /home/airflow/.local/lib/python3.12/site-packages/airflow/example_dags/example_display_name.py
[2025-11-16T10:48:29.145+0000] {processor.py:840} INFO - DAG(s) 'example_display_name' retrieved from /home/airflow/.local/lib/python3.12/site-packages/airflow/example_dags/example_display_name.py
[2025-11-16T10:48:29.152+0000] {logging_mixin.py:188} INFO - [2025-11-16T10:48:29.152+0000] {dag.py:3096} INFO - Sync 1 DAGs
[2025-11-16T10:48:29.157+0000] {logging_mixin.py:188} INFO - [2025-11-16T10:48:29.157+0000] {dag.py:3954} INFO - Setting next_dagrun for example_display_name to None, run_after=None
[2025-11-16T10:48:29.163+0000] {processor.py:183} INFO - Processing /home/airflow/.local/lib/python3.12/site-packages/airflow/example_dags/example_display_name.py took 0.026 seconds
[2025-11-16T10:48:59.491+0000] {processor.py:161} INFO - Started process (PID=706) to work on /home/airflow/.local/lib/python3.12/site-packages/airflow/example_dags/example_display_name.py
[2025-11-16T10:48:59.491+0000] {processor.py:830} INFO - Processing file /home/airflow/.local/lib/python3.12/site-packages/airflow/example_dags/example_display_name.py for tasks to queue
[2025-11-16T10:48:59.492+0000] {logging_mixin.py:188} INFO - [2025-11-16T10:48:59.492+0000] {dagbag.py:540} INFO - Filling up the DagBag from /home/airflow/.local/lib/python3.12/site-packages/airflow/example_dags/example_display_name.py
[2025-11-16T10:48:59.494+0000] {processor.py:840} INFO - DAG(s) 'example_display_name' retrieved from /home/airflow/.local/lib/python3.12/site-packages/airflow/example_dags/example_display_name.py
[2025-11-16T10:48:59.501+0000] {logging_mixin.py:188} INFO - [2025-11-16T10:48:59.501+0000] {dag.py:3096} INFO - Sync 1 DAGs
[2025-11-16T10:48:59.506+0000] {logging_mixin.py:188} INFO - [2025-11-16T10:48:59.506+0000] {dag.py:3954} INFO - Setting next_dagrun for example_display_name to None, run_after=None
[2025-11-16T10:48:59.512+0000] {processor.py:183} INFO - Processing /home/airflow/.local/lib/python3.12/site-packages/airflow/example_dags/example_display_name.py took 0.024 seconds
