[2025-11-16T10:43:24.404+0000] {processor.py:161} INFO - Started process (PID=60) to work on /home/airflow/.local/lib/python3.12/site-packages/airflow/example_dags/example_short_circuit_operator.py
[2025-11-16T10:43:24.407+0000] {processor.py:830} INFO - Processing file /home/airflow/.local/lib/python3.12/site-packages/airflow/example_dags/example_short_circuit_operator.py for tasks to queue
[2025-11-16T10:43:24.408+0000] {logging_mixin.py:188} INFO - [2025-11-16T10:43:24.408+0000] {dagbag.py:540} INFO - Filling up the DagBag from /home/airflow/.local/lib/python3.12/site-packages/airflow/example_dags/example_short_circuit_operator.py
[2025-11-16T10:43:24.414+0000] {processor.py:840} INFO - DAG(s) 'example_short_circuit_operator' retrieved from /home/airflow/.local/lib/python3.12/site-packages/airflow/example_dags/example_short_circuit_operator.py
[2025-11-16T10:43:24.425+0000] {logging_mixin.py:188} INFO - [2025-11-16T10:43:24.424+0000] {dag.py:3096} INFO - Sync 1 DAGs
[2025-11-16T10:43:24.439+0000] {logging_mixin.py:188} INFO - [2025-11-16T10:43:24.439+0000] {dag.py:3954} INFO - Setting next_dagrun for example_short_circuit_operator to 2025-11-15 00:00:00+00:00, run_after=2025-11-16 00:00:00+00:00
[2025-11-16T10:43:24.450+0000] {processor.py:183} INFO - Processing /home/airflow/.local/lib/python3.12/site-packages/airflow/example_dags/example_short_circuit_operator.py took 0.051 seconds
[2025-11-16T10:43:55.046+0000] {processor.py:161} INFO - Started process (PID=118) to work on /home/airflow/.local/lib/python3.12/site-packages/airflow/example_dags/example_short_circuit_operator.py
[2025-11-16T10:43:55.047+0000] {processor.py:830} INFO - Processing file /home/airflow/.local/lib/python3.12/site-packages/airflow/example_dags/example_short_circuit_operator.py for tasks to queue
[2025-11-16T10:43:55.048+0000] {logging_mixin.py:188} INFO - [2025-11-16T10:43:55.048+0000] {dagbag.py:540} INFO - Filling up the DagBag from /home/airflow/.local/lib/python3.12/site-packages/airflow/example_dags/example_short_circuit_operator.py
[2025-11-16T10:43:55.051+0000] {processor.py:840} INFO - DAG(s) 'example_short_circuit_operator' retrieved from /home/airflow/.local/lib/python3.12/site-packages/airflow/example_dags/example_short_circuit_operator.py
[2025-11-16T10:43:55.090+0000] {logging_mixin.py:188} INFO - [2025-11-16T10:43:55.090+0000] {dag.py:3096} INFO - Sync 1 DAGs
[2025-11-16T10:43:55.096+0000] {logging_mixin.py:188} INFO - [2025-11-16T10:43:55.096+0000] {dag.py:3954} INFO - Setting next_dagrun for example_short_circuit_operator to 2025-11-15 00:00:00+00:00, run_after=2025-11-16 00:00:00+00:00
[2025-11-16T10:43:55.103+0000] {processor.py:183} INFO - Processing /home/airflow/.local/lib/python3.12/site-packages/airflow/example_dags/example_short_circuit_operator.py took 0.060 seconds
[2025-11-16T10:44:25.935+0000] {processor.py:161} INFO - Started process (PID=176) to work on /home/airflow/.local/lib/python3.12/site-packages/airflow/example_dags/example_short_circuit_operator.py
[2025-11-16T10:44:25.935+0000] {processor.py:830} INFO - Processing file /home/airflow/.local/lib/python3.12/site-packages/airflow/example_dags/example_short_circuit_operator.py for tasks to queue
[2025-11-16T10:44:25.936+0000] {logging_mixin.py:188} INFO - [2025-11-16T10:44:25.936+0000] {dagbag.py:540} INFO - Filling up the DagBag from /home/airflow/.local/lib/python3.12/site-packages/airflow/example_dags/example_short_circuit_operator.py
[2025-11-16T10:44:25.939+0000] {processor.py:840} INFO - DAG(s) 'example_short_circuit_operator' retrieved from /home/airflow/.local/lib/python3.12/site-packages/airflow/example_dags/example_short_circuit_operator.py
[2025-11-16T10:44:25.948+0000] {logging_mixin.py:188} INFO - [2025-11-16T10:44:25.948+0000] {dag.py:3096} INFO - Sync 1 DAGs
[2025-11-16T10:44:25.955+0000] {logging_mixin.py:188} INFO - [2025-11-16T10:44:25.955+0000] {dag.py:3954} INFO - Setting next_dagrun for example_short_circuit_operator to 2025-11-15 00:00:00+00:00, run_after=2025-11-16 00:00:00+00:00
[2025-11-16T10:44:25.962+0000] {processor.py:183} INFO - Processing /home/airflow/.local/lib/python3.12/site-packages/airflow/example_dags/example_short_circuit_operator.py took 0.030 seconds
[2025-11-16T10:44:56.477+0000] {processor.py:161} INFO - Started process (PID=240) to work on /home/airflow/.local/lib/python3.12/site-packages/airflow/example_dags/example_short_circuit_operator.py
[2025-11-16T10:44:56.479+0000] {processor.py:830} INFO - Processing file /home/airflow/.local/lib/python3.12/site-packages/airflow/example_dags/example_short_circuit_operator.py for tasks to queue
[2025-11-16T10:44:56.480+0000] {logging_mixin.py:188} INFO - [2025-11-16T10:44:56.480+0000] {dagbag.py:540} INFO - Filling up the DagBag from /home/airflow/.local/lib/python3.12/site-packages/airflow/example_dags/example_short_circuit_operator.py
[2025-11-16T10:44:56.483+0000] {processor.py:840} INFO - DAG(s) 'example_short_circuit_operator' retrieved from /home/airflow/.local/lib/python3.12/site-packages/airflow/example_dags/example_short_circuit_operator.py
[2025-11-16T10:44:56.492+0000] {logging_mixin.py:188} INFO - [2025-11-16T10:44:56.492+0000] {dag.py:3096} INFO - Sync 1 DAGs
[2025-11-16T10:44:56.499+0000] {logging_mixin.py:188} INFO - [2025-11-16T10:44:56.499+0000] {dag.py:3954} INFO - Setting next_dagrun for example_short_circuit_operator to 2025-11-15 00:00:00+00:00, run_after=2025-11-16 00:00:00+00:00
[2025-11-16T10:44:56.505+0000] {processor.py:183} INFO - Processing /home/airflow/.local/lib/python3.12/site-packages/airflow/example_dags/example_short_circuit_operator.py took 0.030 seconds
[2025-11-16T10:45:26.945+0000] {processor.py:161} INFO - Started process (PID=298) to work on /home/airflow/.local/lib/python3.12/site-packages/airflow/example_dags/example_short_circuit_operator.py
[2025-11-16T10:45:26.946+0000] {processor.py:830} INFO - Processing file /home/airflow/.local/lib/python3.12/site-packages/airflow/example_dags/example_short_circuit_operator.py for tasks to queue
[2025-11-16T10:45:26.947+0000] {logging_mixin.py:188} INFO - [2025-11-16T10:45:26.946+0000] {dagbag.py:540} INFO - Filling up the DagBag from /home/airflow/.local/lib/python3.12/site-packages/airflow/example_dags/example_short_circuit_operator.py
[2025-11-16T10:45:26.950+0000] {processor.py:840} INFO - DAG(s) 'example_short_circuit_operator' retrieved from /home/airflow/.local/lib/python3.12/site-packages/airflow/example_dags/example_short_circuit_operator.py
[2025-11-16T10:45:26.961+0000] {logging_mixin.py:188} INFO - [2025-11-16T10:45:26.961+0000] {dag.py:3096} INFO - Sync 1 DAGs
[2025-11-16T10:45:26.969+0000] {logging_mixin.py:188} INFO - [2025-11-16T10:45:26.969+0000] {dag.py:3954} INFO - Setting next_dagrun for example_short_circuit_operator to 2025-11-15 00:00:00+00:00, run_after=2025-11-16 00:00:00+00:00
[2025-11-16T10:45:26.977+0000] {processor.py:183} INFO - Processing /home/airflow/.local/lib/python3.12/site-packages/airflow/example_dags/example_short_circuit_operator.py took 0.035 seconds
[2025-11-16T10:45:57.409+0000] {processor.py:161} INFO - Started process (PID=356) to work on /home/airflow/.local/lib/python3.12/site-packages/airflow/example_dags/example_short_circuit_operator.py
[2025-11-16T10:45:57.412+0000] {processor.py:830} INFO - Processing file /home/airflow/.local/lib/python3.12/site-packages/airflow/example_dags/example_short_circuit_operator.py for tasks to queue
[2025-11-16T10:45:57.413+0000] {logging_mixin.py:188} INFO - [2025-11-16T10:45:57.413+0000] {dagbag.py:540} INFO - Filling up the DagBag from /home/airflow/.local/lib/python3.12/site-packages/airflow/example_dags/example_short_circuit_operator.py
[2025-11-16T10:45:57.416+0000] {processor.py:840} INFO - DAG(s) 'example_short_circuit_operator' retrieved from /home/airflow/.local/lib/python3.12/site-packages/airflow/example_dags/example_short_circuit_operator.py
[2025-11-16T10:45:57.424+0000] {logging_mixin.py:188} INFO - [2025-11-16T10:45:57.424+0000] {dag.py:3096} INFO - Sync 1 DAGs
[2025-11-16T10:45:57.432+0000] {logging_mixin.py:188} INFO - [2025-11-16T10:45:57.432+0000] {dag.py:3954} INFO - Setting next_dagrun for example_short_circuit_operator to 2025-11-15 00:00:00+00:00, run_after=2025-11-16 00:00:00+00:00
[2025-11-16T10:45:57.439+0000] {processor.py:183} INFO - Processing /home/airflow/.local/lib/python3.12/site-packages/airflow/example_dags/example_short_circuit_operator.py took 0.032 seconds
[2025-11-16T10:46:27.796+0000] {processor.py:161} INFO - Started process (PID=414) to work on /home/airflow/.local/lib/python3.12/site-packages/airflow/example_dags/example_short_circuit_operator.py
[2025-11-16T10:46:27.796+0000] {processor.py:830} INFO - Processing file /home/airflow/.local/lib/python3.12/site-packages/airflow/example_dags/example_short_circuit_operator.py for tasks to queue
[2025-11-16T10:46:27.797+0000] {logging_mixin.py:188} INFO - [2025-11-16T10:46:27.797+0000] {dagbag.py:540} INFO - Filling up the DagBag from /home/airflow/.local/lib/python3.12/site-packages/airflow/example_dags/example_short_circuit_operator.py
[2025-11-16T10:46:27.799+0000] {processor.py:840} INFO - DAG(s) 'example_short_circuit_operator' retrieved from /home/airflow/.local/lib/python3.12/site-packages/airflow/example_dags/example_short_circuit_operator.py
[2025-11-16T10:46:27.808+0000] {logging_mixin.py:188} INFO - [2025-11-16T10:46:27.808+0000] {dag.py:3096} INFO - Sync 1 DAGs
[2025-11-16T10:46:27.815+0000] {logging_mixin.py:188} INFO - [2025-11-16T10:46:27.815+0000] {dag.py:3954} INFO - Setting next_dagrun for example_short_circuit_operator to 2025-11-15 00:00:00+00:00, run_after=2025-11-16 00:00:00+00:00
[2025-11-16T10:46:27.822+0000] {processor.py:183} INFO - Processing /home/airflow/.local/lib/python3.12/site-packages/airflow/example_dags/example_short_circuit_operator.py took 0.028 seconds
[2025-11-16T10:46:58.134+0000] {processor.py:161} INFO - Started process (PID=472) to work on /home/airflow/.local/lib/python3.12/site-packages/airflow/example_dags/example_short_circuit_operator.py
[2025-11-16T10:46:58.136+0000] {processor.py:830} INFO - Processing file /home/airflow/.local/lib/python3.12/site-packages/airflow/example_dags/example_short_circuit_operator.py for tasks to queue
[2025-11-16T10:46:58.138+0000] {logging_mixin.py:188} INFO - [2025-11-16T10:46:58.138+0000] {dagbag.py:540} INFO - Filling up the DagBag from /home/airflow/.local/lib/python3.12/site-packages/airflow/example_dags/example_short_circuit_operator.py
[2025-11-16T10:46:58.140+0000] {processor.py:840} INFO - DAG(s) 'example_short_circuit_operator' retrieved from /home/airflow/.local/lib/python3.12/site-packages/airflow/example_dags/example_short_circuit_operator.py
[2025-11-16T10:46:58.149+0000] {logging_mixin.py:188} INFO - [2025-11-16T10:46:58.149+0000] {dag.py:3096} INFO - Sync 1 DAGs
[2025-11-16T10:46:58.156+0000] {logging_mixin.py:188} INFO - [2025-11-16T10:46:58.156+0000] {dag.py:3954} INFO - Setting next_dagrun for example_short_circuit_operator to 2025-11-15 00:00:00+00:00, run_after=2025-11-16 00:00:00+00:00
[2025-11-16T10:46:58.163+0000] {processor.py:183} INFO - Processing /home/airflow/.local/lib/python3.12/site-packages/airflow/example_dags/example_short_circuit_operator.py took 0.031 seconds
[2025-11-16T10:47:28.441+0000] {processor.py:161} INFO - Started process (PID=530) to work on /home/airflow/.local/lib/python3.12/site-packages/airflow/example_dags/example_short_circuit_operator.py
[2025-11-16T10:47:28.442+0000] {processor.py:830} INFO - Processing file /home/airflow/.local/lib/python3.12/site-packages/airflow/example_dags/example_short_circuit_operator.py for tasks to queue
[2025-11-16T10:47:28.442+0000] {logging_mixin.py:188} INFO - [2025-11-16T10:47:28.442+0000] {dagbag.py:540} INFO - Filling up the DagBag from /home/airflow/.local/lib/python3.12/site-packages/airflow/example_dags/example_short_circuit_operator.py
[2025-11-16T10:47:28.445+0000] {processor.py:840} INFO - DAG(s) 'example_short_circuit_operator' retrieved from /home/airflow/.local/lib/python3.12/site-packages/airflow/example_dags/example_short_circuit_operator.py
[2025-11-16T10:47:28.454+0000] {logging_mixin.py:188} INFO - [2025-11-16T10:47:28.454+0000] {dag.py:3096} INFO - Sync 1 DAGs
[2025-11-16T10:47:28.461+0000] {logging_mixin.py:188} INFO - [2025-11-16T10:47:28.461+0000] {dag.py:3954} INFO - Setting next_dagrun for example_short_circuit_operator to 2025-11-15 00:00:00+00:00, run_after=2025-11-16 00:00:00+00:00
[2025-11-16T10:47:28.468+0000] {processor.py:183} INFO - Processing /home/airflow/.local/lib/python3.12/site-packages/airflow/example_dags/example_short_circuit_operator.py took 0.029 seconds
[2025-11-16T10:47:58.759+0000] {processor.py:161} INFO - Started process (PID=588) to work on /home/airflow/.local/lib/python3.12/site-packages/airflow/example_dags/example_short_circuit_operator.py
[2025-11-16T10:47:58.762+0000] {processor.py:830} INFO - Processing file /home/airflow/.local/lib/python3.12/site-packages/airflow/example_dags/example_short_circuit_operator.py for tasks to queue
[2025-11-16T10:47:58.763+0000] {logging_mixin.py:188} INFO - [2025-11-16T10:47:58.763+0000] {dagbag.py:540} INFO - Filling up the DagBag from /home/airflow/.local/lib/python3.12/site-packages/airflow/example_dags/example_short_circuit_operator.py
[2025-11-16T10:47:58.766+0000] {processor.py:840} INFO - DAG(s) 'example_short_circuit_operator' retrieved from /home/airflow/.local/lib/python3.12/site-packages/airflow/example_dags/example_short_circuit_operator.py
[2025-11-16T10:47:58.774+0000] {logging_mixin.py:188} INFO - [2025-11-16T10:47:58.774+0000] {dag.py:3096} INFO - Sync 1 DAGs
[2025-11-16T10:47:58.781+0000] {logging_mixin.py:188} INFO - [2025-11-16T10:47:58.781+0000] {dag.py:3954} INFO - Setting next_dagrun for example_short_circuit_operator to 2025-11-15 00:00:00+00:00, run_after=2025-11-16 00:00:00+00:00
[2025-11-16T10:47:58.790+0000] {processor.py:183} INFO - Processing /home/airflow/.local/lib/python3.12/site-packages/airflow/example_dags/example_short_circuit_operator.py took 0.033 seconds
[2025-11-16T10:48:29.096+0000] {processor.py:161} INFO - Started process (PID=646) to work on /home/airflow/.local/lib/python3.12/site-packages/airflow/example_dags/example_short_circuit_operator.py
[2025-11-16T10:48:29.097+0000] {processor.py:830} INFO - Processing file /home/airflow/.local/lib/python3.12/site-packages/airflow/example_dags/example_short_circuit_operator.py for tasks to queue
[2025-11-16T10:48:29.098+0000] {logging_mixin.py:188} INFO - [2025-11-16T10:48:29.098+0000] {dagbag.py:540} INFO - Filling up the DagBag from /home/airflow/.local/lib/python3.12/site-packages/airflow/example_dags/example_short_circuit_operator.py
[2025-11-16T10:48:29.101+0000] {processor.py:840} INFO - DAG(s) 'example_short_circuit_operator' retrieved from /home/airflow/.local/lib/python3.12/site-packages/airflow/example_dags/example_short_circuit_operator.py
[2025-11-16T10:48:29.111+0000] {logging_mixin.py:188} INFO - [2025-11-16T10:48:29.111+0000] {dag.py:3096} INFO - Sync 1 DAGs
[2025-11-16T10:48:29.122+0000] {logging_mixin.py:188} INFO - [2025-11-16T10:48:29.122+0000] {dag.py:3954} INFO - Setting next_dagrun for example_short_circuit_operator to 2025-11-15 00:00:00+00:00, run_after=2025-11-16 00:00:00+00:00
[2025-11-16T10:48:29.128+0000] {processor.py:183} INFO - Processing /home/airflow/.local/lib/python3.12/site-packages/airflow/example_dags/example_short_circuit_operator.py took 0.035 seconds
[2025-11-16T10:48:59.449+0000] {processor.py:161} INFO - Started process (PID=704) to work on /home/airflow/.local/lib/python3.12/site-packages/airflow/example_dags/example_short_circuit_operator.py
[2025-11-16T10:48:59.451+0000] {processor.py:830} INFO - Processing file /home/airflow/.local/lib/python3.12/site-packages/airflow/example_dags/example_short_circuit_operator.py for tasks to queue
[2025-11-16T10:48:59.453+0000] {logging_mixin.py:188} INFO - [2025-11-16T10:48:59.453+0000] {dagbag.py:540} INFO - Filling up the DagBag from /home/airflow/.local/lib/python3.12/site-packages/airflow/example_dags/example_short_circuit_operator.py
[2025-11-16T10:48:59.456+0000] {processor.py:840} INFO - DAG(s) 'example_short_circuit_operator' retrieved from /home/airflow/.local/lib/python3.12/site-packages/airflow/example_dags/example_short_circuit_operator.py
[2025-11-16T10:48:59.464+0000] {logging_mixin.py:188} INFO - [2025-11-16T10:48:59.464+0000] {dag.py:3096} INFO - Sync 1 DAGs
[2025-11-16T10:48:59.473+0000] {logging_mixin.py:188} INFO - [2025-11-16T10:48:59.473+0000] {dag.py:3954} INFO - Setting next_dagrun for example_short_circuit_operator to 2025-11-15 00:00:00+00:00, run_after=2025-11-16 00:00:00+00:00
[2025-11-16T10:48:59.480+0000] {processor.py:183} INFO - Processing /home/airflow/.local/lib/python3.12/site-packages/airflow/example_dags/example_short_circuit_operator.py took 0.033 seconds
