[2025-11-16T10:43:25.092+0000] {processor.py:161} INFO - Started process (PID=81) to work on /home/airflow/.local/lib/python3.12/site-packages/airflow/example_dags/example_external_task_marker_dag.py
[2025-11-16T10:43:25.093+0000] {processor.py:830} INFO - Processing file /home/airflow/.local/lib/python3.12/site-packages/airflow/example_dags/example_external_task_marker_dag.py for tasks to queue
[2025-11-16T10:43:25.094+0000] {logging_mixin.py:188} INFO - [2025-11-16T10:43:25.094+0000] {dagbag.py:540} INFO - Filling up the DagBag from /home/airflow/.local/lib/python3.12/site-packages/airflow/example_dags/example_external_task_marker_dag.py
[2025-11-16T10:43:25.097+0000] {processor.py:840} INFO - DAG(s) 'example_external_task_marker_parent', 'example_external_task_marker_child' retrieved from /home/airflow/.local/lib/python3.12/site-packages/airflow/example_dags/example_external_task_marker_dag.py
[2025-11-16T10:43:25.106+0000] {logging_mixin.py:188} INFO - [2025-11-16T10:43:25.106+0000] {dag.py:3096} INFO - Sync 2 DAGs
[2025-11-16T10:43:25.112+0000] {logging_mixin.py:188} INFO - [2025-11-16T10:43:25.112+0000] {dag.py:3954} INFO - Setting next_dagrun for example_external_task_marker_child to None, run_after=None
[2025-11-16T10:43:25.113+0000] {logging_mixin.py:188} INFO - [2025-11-16T10:43:25.113+0000] {dag.py:3954} INFO - Setting next_dagrun for example_external_task_marker_parent to None, run_after=None
[2025-11-16T10:43:25.121+0000] {processor.py:183} INFO - Processing /home/airflow/.local/lib/python3.12/site-packages/airflow/example_dags/example_external_task_marker_dag.py took 0.032 seconds
[2025-11-16T10:43:55.790+0000] {processor.py:161} INFO - Started process (PID=139) to work on /home/airflow/.local/lib/python3.12/site-packages/airflow/example_dags/example_external_task_marker_dag.py
[2025-11-16T10:43:55.791+0000] {processor.py:830} INFO - Processing file /home/airflow/.local/lib/python3.12/site-packages/airflow/example_dags/example_external_task_marker_dag.py for tasks to queue
[2025-11-16T10:43:55.792+0000] {logging_mixin.py:188} INFO - [2025-11-16T10:43:55.792+0000] {dagbag.py:540} INFO - Filling up the DagBag from /home/airflow/.local/lib/python3.12/site-packages/airflow/example_dags/example_external_task_marker_dag.py
[2025-11-16T10:43:55.795+0000] {processor.py:840} INFO - DAG(s) 'example_external_task_marker_parent', 'example_external_task_marker_child' retrieved from /home/airflow/.local/lib/python3.12/site-packages/airflow/example_dags/example_external_task_marker_dag.py
[2025-11-16T10:43:55.847+0000] {logging_mixin.py:188} INFO - [2025-11-16T10:43:55.847+0000] {dag.py:3096} INFO - Sync 2 DAGs
[2025-11-16T10:43:55.851+0000] {logging_mixin.py:188} INFO - [2025-11-16T10:43:55.851+0000] {dag.py:3954} INFO - Setting next_dagrun for example_external_task_marker_child to None, run_after=None
[2025-11-16T10:43:55.853+0000] {logging_mixin.py:188} INFO - [2025-11-16T10:43:55.853+0000] {dag.py:3954} INFO - Setting next_dagrun for example_external_task_marker_parent to None, run_after=None
[2025-11-16T10:43:55.859+0000] {processor.py:183} INFO - Processing /home/airflow/.local/lib/python3.12/site-packages/airflow/example_dags/example_external_task_marker_dag.py took 0.072 seconds
[2025-11-16T10:44:26.409+0000] {processor.py:161} INFO - Started process (PID=203) to work on /home/airflow/.local/lib/python3.12/site-packages/airflow/example_dags/example_external_task_marker_dag.py
[2025-11-16T10:44:26.412+0000] {processor.py:830} INFO - Processing file /home/airflow/.local/lib/python3.12/site-packages/airflow/example_dags/example_external_task_marker_dag.py for tasks to queue
[2025-11-16T10:44:26.412+0000] {logging_mixin.py:188} INFO - [2025-11-16T10:44:26.412+0000] {dagbag.py:540} INFO - Filling up the DagBag from /home/airflow/.local/lib/python3.12/site-packages/airflow/example_dags/example_external_task_marker_dag.py
[2025-11-16T10:44:26.415+0000] {processor.py:840} INFO - DAG(s) 'example_external_task_marker_parent', 'example_external_task_marker_child' retrieved from /home/airflow/.local/lib/python3.12/site-packages/airflow/example_dags/example_external_task_marker_dag.py
[2025-11-16T10:44:26.424+0000] {logging_mixin.py:188} INFO - [2025-11-16T10:44:26.424+0000] {dag.py:3096} INFO - Sync 2 DAGs
[2025-11-16T10:44:26.429+0000] {logging_mixin.py:188} INFO - [2025-11-16T10:44:26.429+0000] {dag.py:3954} INFO - Setting next_dagrun for example_external_task_marker_child to None, run_after=None
[2025-11-16T10:44:26.430+0000] {logging_mixin.py:188} INFO - [2025-11-16T10:44:26.430+0000] {dag.py:3954} INFO - Setting next_dagrun for example_external_task_marker_parent to None, run_after=None
[2025-11-16T10:44:26.438+0000] {processor.py:183} INFO - Processing /home/airflow/.local/lib/python3.12/site-packages/airflow/example_dags/example_external_task_marker_dag.py took 0.031 seconds
[2025-11-16T10:44:56.925+0000] {processor.py:161} INFO - Started process (PID=261) to work on /home/airflow/.local/lib/python3.12/site-packages/airflow/example_dags/example_external_task_marker_dag.py
[2025-11-16T10:44:56.925+0000] {processor.py:830} INFO - Processing file /home/airflow/.local/lib/python3.12/site-packages/airflow/example_dags/example_external_task_marker_dag.py for tasks to queue
[2025-11-16T10:44:56.926+0000] {logging_mixin.py:188} INFO - [2025-11-16T10:44:56.926+0000] {dagbag.py:540} INFO - Filling up the DagBag from /home/airflow/.local/lib/python3.12/site-packages/airflow/example_dags/example_external_task_marker_dag.py
[2025-11-16T10:44:56.928+0000] {processor.py:840} INFO - DAG(s) 'example_external_task_marker_child', 'example_external_task_marker_parent' retrieved from /home/airflow/.local/lib/python3.12/site-packages/airflow/example_dags/example_external_task_marker_dag.py
[2025-11-16T10:44:56.937+0000] {logging_mixin.py:188} INFO - [2025-11-16T10:44:56.937+0000] {dag.py:3096} INFO - Sync 2 DAGs
[2025-11-16T10:44:56.942+0000] {logging_mixin.py:188} INFO - [2025-11-16T10:44:56.941+0000] {dag.py:3954} INFO - Setting next_dagrun for example_external_task_marker_child to None, run_after=None
[2025-11-16T10:44:56.943+0000] {logging_mixin.py:188} INFO - [2025-11-16T10:44:56.943+0000] {dag.py:3954} INFO - Setting next_dagrun for example_external_task_marker_parent to None, run_after=None
[2025-11-16T10:44:56.948+0000] {processor.py:183} INFO - Processing /home/airflow/.local/lib/python3.12/site-packages/airflow/example_dags/example_external_task_marker_dag.py took 0.026 seconds
[2025-11-16T10:45:27.383+0000] {processor.py:161} INFO - Started process (PID=319) to work on /home/airflow/.local/lib/python3.12/site-packages/airflow/example_dags/example_external_task_marker_dag.py
[2025-11-16T10:45:27.384+0000] {processor.py:830} INFO - Processing file /home/airflow/.local/lib/python3.12/site-packages/airflow/example_dags/example_external_task_marker_dag.py for tasks to queue
[2025-11-16T10:45:27.385+0000] {logging_mixin.py:188} INFO - [2025-11-16T10:45:27.385+0000] {dagbag.py:540} INFO - Filling up the DagBag from /home/airflow/.local/lib/python3.12/site-packages/airflow/example_dags/example_external_task_marker_dag.py
[2025-11-16T10:45:27.387+0000] {processor.py:840} INFO - DAG(s) 'example_external_task_marker_parent', 'example_external_task_marker_child' retrieved from /home/airflow/.local/lib/python3.12/site-packages/airflow/example_dags/example_external_task_marker_dag.py
[2025-11-16T10:45:27.397+0000] {logging_mixin.py:188} INFO - [2025-11-16T10:45:27.397+0000] {dag.py:3096} INFO - Sync 2 DAGs
[2025-11-16T10:45:27.403+0000] {logging_mixin.py:188} INFO - [2025-11-16T10:45:27.403+0000] {dag.py:3954} INFO - Setting next_dagrun for example_external_task_marker_child to None, run_after=None
[2025-11-16T10:45:27.405+0000] {logging_mixin.py:188} INFO - [2025-11-16T10:45:27.404+0000] {dag.py:3954} INFO - Setting next_dagrun for example_external_task_marker_parent to None, run_after=None
[2025-11-16T10:45:27.410+0000] {processor.py:183} INFO - Processing /home/airflow/.local/lib/python3.12/site-packages/airflow/example_dags/example_external_task_marker_dag.py took 0.029 seconds
[2025-11-16T10:45:57.893+0000] {processor.py:161} INFO - Started process (PID=377) to work on /home/airflow/.local/lib/python3.12/site-packages/airflow/example_dags/example_external_task_marker_dag.py
[2025-11-16T10:45:57.894+0000] {processor.py:830} INFO - Processing file /home/airflow/.local/lib/python3.12/site-packages/airflow/example_dags/example_external_task_marker_dag.py for tasks to queue
[2025-11-16T10:45:57.894+0000] {logging_mixin.py:188} INFO - [2025-11-16T10:45:57.894+0000] {dagbag.py:540} INFO - Filling up the DagBag from /home/airflow/.local/lib/python3.12/site-packages/airflow/example_dags/example_external_task_marker_dag.py
[2025-11-16T10:45:57.897+0000] {processor.py:840} INFO - DAG(s) 'example_external_task_marker_parent', 'example_external_task_marker_child' retrieved from /home/airflow/.local/lib/python3.12/site-packages/airflow/example_dags/example_external_task_marker_dag.py
[2025-11-16T10:45:57.907+0000] {logging_mixin.py:188} INFO - [2025-11-16T10:45:57.907+0000] {dag.py:3096} INFO - Sync 2 DAGs
[2025-11-16T10:45:57.912+0000] {logging_mixin.py:188} INFO - [2025-11-16T10:45:57.912+0000] {dag.py:3954} INFO - Setting next_dagrun for example_external_task_marker_child to None, run_after=None
[2025-11-16T10:45:57.913+0000] {logging_mixin.py:188} INFO - [2025-11-16T10:45:57.913+0000] {dag.py:3954} INFO - Setting next_dagrun for example_external_task_marker_parent to None, run_after=None
[2025-11-16T10:45:57.919+0000] {processor.py:183} INFO - Processing /home/airflow/.local/lib/python3.12/site-packages/airflow/example_dags/example_external_task_marker_dag.py took 0.029 seconds
[2025-11-16T10:46:28.257+0000] {processor.py:161} INFO - Started process (PID=435) to work on /home/airflow/.local/lib/python3.12/site-packages/airflow/example_dags/example_external_task_marker_dag.py
[2025-11-16T10:46:28.258+0000] {processor.py:830} INFO - Processing file /home/airflow/.local/lib/python3.12/site-packages/airflow/example_dags/example_external_task_marker_dag.py for tasks to queue
[2025-11-16T10:46:28.259+0000] {logging_mixin.py:188} INFO - [2025-11-16T10:46:28.259+0000] {dagbag.py:540} INFO - Filling up the DagBag from /home/airflow/.local/lib/python3.12/site-packages/airflow/example_dags/example_external_task_marker_dag.py
[2025-11-16T10:46:28.261+0000] {processor.py:840} INFO - DAG(s) 'example_external_task_marker_parent', 'example_external_task_marker_child' retrieved from /home/airflow/.local/lib/python3.12/site-packages/airflow/example_dags/example_external_task_marker_dag.py
[2025-11-16T10:46:28.273+0000] {logging_mixin.py:188} INFO - [2025-11-16T10:46:28.273+0000] {dag.py:3096} INFO - Sync 2 DAGs
[2025-11-16T10:46:28.279+0000] {logging_mixin.py:188} INFO - [2025-11-16T10:46:28.279+0000] {dag.py:3954} INFO - Setting next_dagrun for example_external_task_marker_child to None, run_after=None
[2025-11-16T10:46:28.280+0000] {logging_mixin.py:188} INFO - [2025-11-16T10:46:28.280+0000] {dag.py:3954} INFO - Setting next_dagrun for example_external_task_marker_parent to None, run_after=None
[2025-11-16T10:46:28.286+0000] {processor.py:183} INFO - Processing /home/airflow/.local/lib/python3.12/site-packages/airflow/example_dags/example_external_task_marker_dag.py took 0.031 seconds
[2025-11-16T10:46:58.546+0000] {processor.py:161} INFO - Started process (PID=493) to work on /home/airflow/.local/lib/python3.12/site-packages/airflow/example_dags/example_external_task_marker_dag.py
[2025-11-16T10:46:58.546+0000] {processor.py:830} INFO - Processing file /home/airflow/.local/lib/python3.12/site-packages/airflow/example_dags/example_external_task_marker_dag.py for tasks to queue
[2025-11-16T10:46:58.547+0000] {logging_mixin.py:188} INFO - [2025-11-16T10:46:58.547+0000] {dagbag.py:540} INFO - Filling up the DagBag from /home/airflow/.local/lib/python3.12/site-packages/airflow/example_dags/example_external_task_marker_dag.py
[2025-11-16T10:46:58.549+0000] {processor.py:840} INFO - DAG(s) 'example_external_task_marker_child', 'example_external_task_marker_parent' retrieved from /home/airflow/.local/lib/python3.12/site-packages/airflow/example_dags/example_external_task_marker_dag.py
[2025-11-16T10:46:58.561+0000] {logging_mixin.py:188} INFO - [2025-11-16T10:46:58.561+0000] {dag.py:3096} INFO - Sync 2 DAGs
[2025-11-16T10:46:58.567+0000] {logging_mixin.py:188} INFO - [2025-11-16T10:46:58.567+0000] {dag.py:3954} INFO - Setting next_dagrun for example_external_task_marker_child to None, run_after=None
[2025-11-16T10:46:58.569+0000] {logging_mixin.py:188} INFO - [2025-11-16T10:46:58.568+0000] {dag.py:3954} INFO - Setting next_dagrun for example_external_task_marker_parent to None, run_after=None
[2025-11-16T10:46:58.575+0000] {processor.py:183} INFO - Processing /home/airflow/.local/lib/python3.12/site-packages/airflow/example_dags/example_external_task_marker_dag.py took 0.031 seconds
[2025-11-16T10:47:28.852+0000] {processor.py:161} INFO - Started process (PID=551) to work on /home/airflow/.local/lib/python3.12/site-packages/airflow/example_dags/example_external_task_marker_dag.py
[2025-11-16T10:47:28.853+0000] {processor.py:830} INFO - Processing file /home/airflow/.local/lib/python3.12/site-packages/airflow/example_dags/example_external_task_marker_dag.py for tasks to queue
[2025-11-16T10:47:28.854+0000] {logging_mixin.py:188} INFO - [2025-11-16T10:47:28.854+0000] {dagbag.py:540} INFO - Filling up the DagBag from /home/airflow/.local/lib/python3.12/site-packages/airflow/example_dags/example_external_task_marker_dag.py
[2025-11-16T10:47:28.856+0000] {processor.py:840} INFO - DAG(s) 'example_external_task_marker_child', 'example_external_task_marker_parent' retrieved from /home/airflow/.local/lib/python3.12/site-packages/airflow/example_dags/example_external_task_marker_dag.py
[2025-11-16T10:47:28.864+0000] {logging_mixin.py:188} INFO - [2025-11-16T10:47:28.864+0000] {dag.py:3096} INFO - Sync 2 DAGs
[2025-11-16T10:47:28.869+0000] {logging_mixin.py:188} INFO - [2025-11-16T10:47:28.869+0000] {dag.py:3954} INFO - Setting next_dagrun for example_external_task_marker_child to None, run_after=None
[2025-11-16T10:47:28.870+0000] {logging_mixin.py:188} INFO - [2025-11-16T10:47:28.870+0000] {dag.py:3954} INFO - Setting next_dagrun for example_external_task_marker_parent to None, run_after=None
[2025-11-16T10:47:28.878+0000] {processor.py:183} INFO - Processing /home/airflow/.local/lib/python3.12/site-packages/airflow/example_dags/example_external_task_marker_dag.py took 0.028 seconds
[2025-11-16T10:47:59.188+0000] {processor.py:161} INFO - Started process (PID=609) to work on /home/airflow/.local/lib/python3.12/site-packages/airflow/example_dags/example_external_task_marker_dag.py
[2025-11-16T10:47:59.189+0000] {processor.py:830} INFO - Processing file /home/airflow/.local/lib/python3.12/site-packages/airflow/example_dags/example_external_task_marker_dag.py for tasks to queue
[2025-11-16T10:47:59.190+0000] {logging_mixin.py:188} INFO - [2025-11-16T10:47:59.190+0000] {dagbag.py:540} INFO - Filling up the DagBag from /home/airflow/.local/lib/python3.12/site-packages/airflow/example_dags/example_external_task_marker_dag.py
[2025-11-16T10:47:59.193+0000] {processor.py:840} INFO - DAG(s) 'example_external_task_marker_parent', 'example_external_task_marker_child' retrieved from /home/airflow/.local/lib/python3.12/site-packages/airflow/example_dags/example_external_task_marker_dag.py
[2025-11-16T10:47:59.203+0000] {logging_mixin.py:188} INFO - [2025-11-16T10:47:59.203+0000] {dag.py:3096} INFO - Sync 2 DAGs
[2025-11-16T10:47:59.209+0000] {logging_mixin.py:188} INFO - [2025-11-16T10:47:59.209+0000] {dag.py:3954} INFO - Setting next_dagrun for example_external_task_marker_child to None, run_after=None
[2025-11-16T10:47:59.213+0000] {logging_mixin.py:188} INFO - [2025-11-16T10:47:59.213+0000] {dag.py:3954} INFO - Setting next_dagrun for example_external_task_marker_parent to None, run_after=None
[2025-11-16T10:47:59.221+0000] {processor.py:183} INFO - Processing /home/airflow/.local/lib/python3.12/site-packages/airflow/example_dags/example_external_task_marker_dag.py took 0.035 seconds
[2025-11-16T10:48:29.606+0000] {processor.py:161} INFO - Started process (PID=667) to work on /home/airflow/.local/lib/python3.12/site-packages/airflow/example_dags/example_external_task_marker_dag.py
[2025-11-16T10:48:29.607+0000] {processor.py:830} INFO - Processing file /home/airflow/.local/lib/python3.12/site-packages/airflow/example_dags/example_external_task_marker_dag.py for tasks to queue
[2025-11-16T10:48:29.607+0000] {logging_mixin.py:188} INFO - [2025-11-16T10:48:29.607+0000] {dagbag.py:540} INFO - Filling up the DagBag from /home/airflow/.local/lib/python3.12/site-packages/airflow/example_dags/example_external_task_marker_dag.py
[2025-11-16T10:48:29.611+0000] {processor.py:840} INFO - DAG(s) 'example_external_task_marker_parent', 'example_external_task_marker_child' retrieved from /home/airflow/.local/lib/python3.12/site-packages/airflow/example_dags/example_external_task_marker_dag.py
[2025-11-16T10:48:29.622+0000] {logging_mixin.py:188} INFO - [2025-11-16T10:48:29.622+0000] {dag.py:3096} INFO - Sync 2 DAGs
[2025-11-16T10:48:29.627+0000] {logging_mixin.py:188} INFO - [2025-11-16T10:48:29.627+0000] {dag.py:3954} INFO - Setting next_dagrun for example_external_task_marker_child to None, run_after=None
[2025-11-16T10:48:29.630+0000] {logging_mixin.py:188} INFO - [2025-11-16T10:48:29.630+0000] {dag.py:3954} INFO - Setting next_dagrun for example_external_task_marker_parent to None, run_after=None
[2025-11-16T10:48:29.639+0000] {processor.py:183} INFO - Processing /home/airflow/.local/lib/python3.12/site-packages/airflow/example_dags/example_external_task_marker_dag.py took 0.036 seconds
[2025-11-16T10:48:59.884+0000] {processor.py:161} INFO - Started process (PID=725) to work on /home/airflow/.local/lib/python3.12/site-packages/airflow/example_dags/example_external_task_marker_dag.py
[2025-11-16T10:48:59.885+0000] {processor.py:830} INFO - Processing file /home/airflow/.local/lib/python3.12/site-packages/airflow/example_dags/example_external_task_marker_dag.py for tasks to queue
[2025-11-16T10:48:59.886+0000] {logging_mixin.py:188} INFO - [2025-11-16T10:48:59.886+0000] {dagbag.py:540} INFO - Filling up the DagBag from /home/airflow/.local/lib/python3.12/site-packages/airflow/example_dags/example_external_task_marker_dag.py
[2025-11-16T10:48:59.890+0000] {processor.py:840} INFO - DAG(s) 'example_external_task_marker_parent', 'example_external_task_marker_child' retrieved from /home/airflow/.local/lib/python3.12/site-packages/airflow/example_dags/example_external_task_marker_dag.py
[2025-11-16T10:48:59.898+0000] {logging_mixin.py:188} INFO - [2025-11-16T10:48:59.898+0000] {dag.py:3096} INFO - Sync 2 DAGs
[2025-11-16T10:48:59.903+0000] {logging_mixin.py:188} INFO - [2025-11-16T10:48:59.902+0000] {dag.py:3954} INFO - Setting next_dagrun for example_external_task_marker_child to None, run_after=None
[2025-11-16T10:48:59.904+0000] {logging_mixin.py:188} INFO - [2025-11-16T10:48:59.904+0000] {dag.py:3954} INFO - Setting next_dagrun for example_external_task_marker_parent to None, run_after=None
[2025-11-16T10:48:59.909+0000] {processor.py:183} INFO - Processing /home/airflow/.local/lib/python3.12/site-packages/airflow/example_dags/example_external_task_marker_dag.py took 0.028 seconds
