[2025-11-16T10:43:24.802+0000] {processor.py:161} INFO - Started process (PID=73) to work on /home/airflow/.local/lib/python3.12/site-packages/airflow/example_dags/example_latest_only_with_trigger.py
[2025-11-16T10:43:24.803+0000] {processor.py:830} INFO - Processing file /home/airflow/.local/lib/python3.12/site-packages/airflow/example_dags/example_latest_only_with_trigger.py for tasks to queue
[2025-11-16T10:43:24.804+0000] {logging_mixin.py:188} INFO - [2025-11-16T10:43:24.804+0000] {dagbag.py:540} INFO - Filling up the DagBag from /home/airflow/.local/lib/python3.12/site-packages/airflow/example_dags/example_latest_only_with_trigger.py
[2025-11-16T10:43:24.808+0000] {processor.py:840} INFO - DAG(s) 'latest_only_with_trigger' retrieved from /home/airflow/.local/lib/python3.12/site-packages/airflow/example_dags/example_latest_only_with_trigger.py
[2025-11-16T10:43:24.816+0000] {logging_mixin.py:188} INFO - [2025-11-16T10:43:24.816+0000] {dag.py:3096} INFO - Sync 1 DAGs
[2025-11-16T10:43:24.829+0000] {logging_mixin.py:188} INFO - [2025-11-16T10:43:24.828+0000] {dag.py:3954} INFO - Setting next_dagrun for latest_only_with_trigger to 2025-11-16 04:00:00+00:00, run_after=2025-11-16 08:00:00+00:00
[2025-11-16T10:43:24.837+0000] {processor.py:183} INFO - Processing /home/airflow/.local/lib/python3.12/site-packages/airflow/example_dags/example_latest_only_with_trigger.py took 0.038 seconds
[2025-11-16T10:43:55.470+0000] {processor.py:161} INFO - Started process (PID=131) to work on /home/airflow/.local/lib/python3.12/site-packages/airflow/example_dags/example_latest_only_with_trigger.py
[2025-11-16T10:43:55.470+0000] {processor.py:830} INFO - Processing file /home/airflow/.local/lib/python3.12/site-packages/airflow/example_dags/example_latest_only_with_trigger.py for tasks to queue
[2025-11-16T10:43:55.471+0000] {logging_mixin.py:188} INFO - [2025-11-16T10:43:55.471+0000] {dagbag.py:540} INFO - Filling up the DagBag from /home/airflow/.local/lib/python3.12/site-packages/airflow/example_dags/example_latest_only_with_trigger.py
[2025-11-16T10:43:55.473+0000] {processor.py:840} INFO - DAG(s) 'latest_only_with_trigger' retrieved from /home/airflow/.local/lib/python3.12/site-packages/airflow/example_dags/example_latest_only_with_trigger.py
[2025-11-16T10:43:55.510+0000] {logging_mixin.py:188} INFO - [2025-11-16T10:43:55.510+0000] {dag.py:3096} INFO - Sync 1 DAGs
[2025-11-16T10:43:55.516+0000] {logging_mixin.py:188} INFO - [2025-11-16T10:43:55.516+0000] {dag.py:3954} INFO - Setting next_dagrun for latest_only_with_trigger to 2025-11-16 04:00:00+00:00, run_after=2025-11-16 08:00:00+00:00
[2025-11-16T10:43:55.523+0000] {processor.py:183} INFO - Processing /home/airflow/.local/lib/python3.12/site-packages/airflow/example_dags/example_latest_only_with_trigger.py took 0.055 seconds
[2025-11-16T10:44:26.227+0000] {processor.py:161} INFO - Started process (PID=195) to work on /home/airflow/.local/lib/python3.12/site-packages/airflow/example_dags/example_latest_only_with_trigger.py
[2025-11-16T10:44:26.228+0000] {processor.py:830} INFO - Processing file /home/airflow/.local/lib/python3.12/site-packages/airflow/example_dags/example_latest_only_with_trigger.py for tasks to queue
[2025-11-16T10:44:26.228+0000] {logging_mixin.py:188} INFO - [2025-11-16T10:44:26.228+0000] {dagbag.py:540} INFO - Filling up the DagBag from /home/airflow/.local/lib/python3.12/site-packages/airflow/example_dags/example_latest_only_with_trigger.py
[2025-11-16T10:44:26.230+0000] {processor.py:840} INFO - DAG(s) 'latest_only_with_trigger' retrieved from /home/airflow/.local/lib/python3.12/site-packages/airflow/example_dags/example_latest_only_with_trigger.py
[2025-11-16T10:44:26.239+0000] {logging_mixin.py:188} INFO - [2025-11-16T10:44:26.239+0000] {dag.py:3096} INFO - Sync 1 DAGs
[2025-11-16T10:44:26.246+0000] {logging_mixin.py:188} INFO - [2025-11-16T10:44:26.246+0000] {dag.py:3954} INFO - Setting next_dagrun for latest_only_with_trigger to 2025-11-16 04:00:00+00:00, run_after=2025-11-16 08:00:00+00:00
[2025-11-16T10:44:26.253+0000] {processor.py:183} INFO - Processing /home/airflow/.local/lib/python3.12/site-packages/airflow/example_dags/example_latest_only_with_trigger.py took 0.028 seconds
[2025-11-16T10:44:56.736+0000] {processor.py:161} INFO - Started process (PID=253) to work on /home/airflow/.local/lib/python3.12/site-packages/airflow/example_dags/example_latest_only_with_trigger.py
[2025-11-16T10:44:56.737+0000] {processor.py:830} INFO - Processing file /home/airflow/.local/lib/python3.12/site-packages/airflow/example_dags/example_latest_only_with_trigger.py for tasks to queue
[2025-11-16T10:44:56.738+0000] {logging_mixin.py:188} INFO - [2025-11-16T10:44:56.738+0000] {dagbag.py:540} INFO - Filling up the DagBag from /home/airflow/.local/lib/python3.12/site-packages/airflow/example_dags/example_latest_only_with_trigger.py
[2025-11-16T10:44:56.740+0000] {processor.py:840} INFO - DAG(s) 'latest_only_with_trigger' retrieved from /home/airflow/.local/lib/python3.12/site-packages/airflow/example_dags/example_latest_only_with_trigger.py
[2025-11-16T10:44:56.748+0000] {logging_mixin.py:188} INFO - [2025-11-16T10:44:56.748+0000] {dag.py:3096} INFO - Sync 1 DAGs
[2025-11-16T10:44:56.755+0000] {logging_mixin.py:188} INFO - [2025-11-16T10:44:56.755+0000] {dag.py:3954} INFO - Setting next_dagrun for latest_only_with_trigger to 2025-11-16 04:00:00+00:00, run_after=2025-11-16 08:00:00+00:00
[2025-11-16T10:44:56.761+0000] {processor.py:183} INFO - Processing /home/airflow/.local/lib/python3.12/site-packages/airflow/example_dags/example_latest_only_with_trigger.py took 0.028 seconds
[2025-11-16T10:45:27.216+0000] {processor.py:161} INFO - Started process (PID=311) to work on /home/airflow/.local/lib/python3.12/site-packages/airflow/example_dags/example_latest_only_with_trigger.py
[2025-11-16T10:45:27.217+0000] {processor.py:830} INFO - Processing file /home/airflow/.local/lib/python3.12/site-packages/airflow/example_dags/example_latest_only_with_trigger.py for tasks to queue
[2025-11-16T10:45:27.218+0000] {logging_mixin.py:188} INFO - [2025-11-16T10:45:27.218+0000] {dagbag.py:540} INFO - Filling up the DagBag from /home/airflow/.local/lib/python3.12/site-packages/airflow/example_dags/example_latest_only_with_trigger.py
[2025-11-16T10:45:27.220+0000] {processor.py:840} INFO - DAG(s) 'latest_only_with_trigger' retrieved from /home/airflow/.local/lib/python3.12/site-packages/airflow/example_dags/example_latest_only_with_trigger.py
[2025-11-16T10:45:27.228+0000] {logging_mixin.py:188} INFO - [2025-11-16T10:45:27.228+0000] {dag.py:3096} INFO - Sync 1 DAGs
[2025-11-16T10:45:27.235+0000] {logging_mixin.py:188} INFO - [2025-11-16T10:45:27.235+0000] {dag.py:3954} INFO - Setting next_dagrun for latest_only_with_trigger to 2025-11-16 04:00:00+00:00, run_after=2025-11-16 08:00:00+00:00
[2025-11-16T10:45:27.241+0000] {processor.py:183} INFO - Processing /home/airflow/.local/lib/python3.12/site-packages/airflow/example_dags/example_latest_only_with_trigger.py took 0.027 seconds
[2025-11-16T10:45:57.679+0000] {processor.py:161} INFO - Started process (PID=369) to work on /home/airflow/.local/lib/python3.12/site-packages/airflow/example_dags/example_latest_only_with_trigger.py
[2025-11-16T10:45:57.683+0000] {processor.py:830} INFO - Processing file /home/airflow/.local/lib/python3.12/site-packages/airflow/example_dags/example_latest_only_with_trigger.py for tasks to queue
[2025-11-16T10:45:57.684+0000] {logging_mixin.py:188} INFO - [2025-11-16T10:45:57.684+0000] {dagbag.py:540} INFO - Filling up the DagBag from /home/airflow/.local/lib/python3.12/site-packages/airflow/example_dags/example_latest_only_with_trigger.py
[2025-11-16T10:45:57.686+0000] {processor.py:840} INFO - DAG(s) 'latest_only_with_trigger' retrieved from /home/airflow/.local/lib/python3.12/site-packages/airflow/example_dags/example_latest_only_with_trigger.py
[2025-11-16T10:45:57.694+0000] {logging_mixin.py:188} INFO - [2025-11-16T10:45:57.693+0000] {dag.py:3096} INFO - Sync 1 DAGs
[2025-11-16T10:45:57.702+0000] {logging_mixin.py:188} INFO - [2025-11-16T10:45:57.702+0000] {dag.py:3954} INFO - Setting next_dagrun for latest_only_with_trigger to 2025-11-16 04:00:00+00:00, run_after=2025-11-16 08:00:00+00:00
[2025-11-16T10:45:57.711+0000] {processor.py:183} INFO - Processing /home/airflow/.local/lib/python3.12/site-packages/airflow/example_dags/example_latest_only_with_trigger.py took 0.034 seconds
[2025-11-16T10:46:28.077+0000] {processor.py:161} INFO - Started process (PID=427) to work on /home/airflow/.local/lib/python3.12/site-packages/airflow/example_dags/example_latest_only_with_trigger.py
[2025-11-16T10:46:28.078+0000] {processor.py:830} INFO - Processing file /home/airflow/.local/lib/python3.12/site-packages/airflow/example_dags/example_latest_only_with_trigger.py for tasks to queue
[2025-11-16T10:46:28.078+0000] {logging_mixin.py:188} INFO - [2025-11-16T10:46:28.078+0000] {dagbag.py:540} INFO - Filling up the DagBag from /home/airflow/.local/lib/python3.12/site-packages/airflow/example_dags/example_latest_only_with_trigger.py
[2025-11-16T10:46:28.080+0000] {processor.py:840} INFO - DAG(s) 'latest_only_with_trigger' retrieved from /home/airflow/.local/lib/python3.12/site-packages/airflow/example_dags/example_latest_only_with_trigger.py
[2025-11-16T10:46:28.089+0000] {logging_mixin.py:188} INFO - [2025-11-16T10:46:28.088+0000] {dag.py:3096} INFO - Sync 1 DAGs
[2025-11-16T10:46:28.096+0000] {logging_mixin.py:188} INFO - [2025-11-16T10:46:28.096+0000] {dag.py:3954} INFO - Setting next_dagrun for latest_only_with_trigger to 2025-11-16 04:00:00+00:00, run_after=2025-11-16 08:00:00+00:00
[2025-11-16T10:46:28.103+0000] {processor.py:183} INFO - Processing /home/airflow/.local/lib/python3.12/site-packages/airflow/example_dags/example_latest_only_with_trigger.py took 0.028 seconds
[2025-11-16T10:46:58.394+0000] {processor.py:161} INFO - Started process (PID=485) to work on /home/airflow/.local/lib/python3.12/site-packages/airflow/example_dags/example_latest_only_with_trigger.py
[2025-11-16T10:46:58.395+0000] {processor.py:830} INFO - Processing file /home/airflow/.local/lib/python3.12/site-packages/airflow/example_dags/example_latest_only_with_trigger.py for tasks to queue
[2025-11-16T10:46:58.396+0000] {logging_mixin.py:188} INFO - [2025-11-16T10:46:58.396+0000] {dagbag.py:540} INFO - Filling up the DagBag from /home/airflow/.local/lib/python3.12/site-packages/airflow/example_dags/example_latest_only_with_trigger.py
[2025-11-16T10:46:58.398+0000] {processor.py:840} INFO - DAG(s) 'latest_only_with_trigger' retrieved from /home/airflow/.local/lib/python3.12/site-packages/airflow/example_dags/example_latest_only_with_trigger.py
[2025-11-16T10:46:58.405+0000] {logging_mixin.py:188} INFO - [2025-11-16T10:46:58.405+0000] {dag.py:3096} INFO - Sync 1 DAGs
[2025-11-16T10:46:58.412+0000] {logging_mixin.py:188} INFO - [2025-11-16T10:46:58.412+0000] {dag.py:3954} INFO - Setting next_dagrun for latest_only_with_trigger to 2025-11-16 04:00:00+00:00, run_after=2025-11-16 08:00:00+00:00
[2025-11-16T10:46:58.418+0000] {processor.py:183} INFO - Processing /home/airflow/.local/lib/python3.12/site-packages/airflow/example_dags/example_latest_only_with_trigger.py took 0.027 seconds
[2025-11-16T10:47:28.699+0000] {processor.py:161} INFO - Started process (PID=543) to work on /home/airflow/.local/lib/python3.12/site-packages/airflow/example_dags/example_latest_only_with_trigger.py
[2025-11-16T10:47:28.700+0000] {processor.py:830} INFO - Processing file /home/airflow/.local/lib/python3.12/site-packages/airflow/example_dags/example_latest_only_with_trigger.py for tasks to queue
[2025-11-16T10:47:28.700+0000] {logging_mixin.py:188} INFO - [2025-11-16T10:47:28.700+0000] {dagbag.py:540} INFO - Filling up the DagBag from /home/airflow/.local/lib/python3.12/site-packages/airflow/example_dags/example_latest_only_with_trigger.py
[2025-11-16T10:47:28.703+0000] {processor.py:840} INFO - DAG(s) 'latest_only_with_trigger' retrieved from /home/airflow/.local/lib/python3.12/site-packages/airflow/example_dags/example_latest_only_with_trigger.py
[2025-11-16T10:47:28.711+0000] {logging_mixin.py:188} INFO - [2025-11-16T10:47:28.711+0000] {dag.py:3096} INFO - Sync 1 DAGs
[2025-11-16T10:47:28.719+0000] {logging_mixin.py:188} INFO - [2025-11-16T10:47:28.719+0000] {dag.py:3954} INFO - Setting next_dagrun for latest_only_with_trigger to 2025-11-16 04:00:00+00:00, run_after=2025-11-16 08:00:00+00:00
[2025-11-16T10:47:28.725+0000] {processor.py:183} INFO - Processing /home/airflow/.local/lib/python3.12/site-packages/airflow/example_dags/example_latest_only_with_trigger.py took 0.028 seconds
[2025-11-16T10:47:59.007+0000] {processor.py:161} INFO - Started process (PID=601) to work on /home/airflow/.local/lib/python3.12/site-packages/airflow/example_dags/example_latest_only_with_trigger.py
[2025-11-16T10:47:59.007+0000] {processor.py:830} INFO - Processing file /home/airflow/.local/lib/python3.12/site-packages/airflow/example_dags/example_latest_only_with_trigger.py for tasks to queue
[2025-11-16T10:47:59.008+0000] {logging_mixin.py:188} INFO - [2025-11-16T10:47:59.008+0000] {dagbag.py:540} INFO - Filling up the DagBag from /home/airflow/.local/lib/python3.12/site-packages/airflow/example_dags/example_latest_only_with_trigger.py
[2025-11-16T10:47:59.010+0000] {processor.py:840} INFO - DAG(s) 'latest_only_with_trigger' retrieved from /home/airflow/.local/lib/python3.12/site-packages/airflow/example_dags/example_latest_only_with_trigger.py
[2025-11-16T10:47:59.018+0000] {logging_mixin.py:188} INFO - [2025-11-16T10:47:59.018+0000] {dag.py:3096} INFO - Sync 1 DAGs
[2025-11-16T10:47:59.025+0000] {logging_mixin.py:188} INFO - [2025-11-16T10:47:59.025+0000] {dag.py:3954} INFO - Setting next_dagrun for latest_only_with_trigger to 2025-11-16 04:00:00+00:00, run_after=2025-11-16 08:00:00+00:00
[2025-11-16T10:47:59.031+0000] {processor.py:183} INFO - Processing /home/airflow/.local/lib/python3.12/site-packages/airflow/example_dags/example_latest_only_with_trigger.py took 0.027 seconds
[2025-11-16T10:48:29.361+0000] {processor.py:161} INFO - Started process (PID=659) to work on /home/airflow/.local/lib/python3.12/site-packages/airflow/example_dags/example_latest_only_with_trigger.py
[2025-11-16T10:48:29.362+0000] {processor.py:830} INFO - Processing file /home/airflow/.local/lib/python3.12/site-packages/airflow/example_dags/example_latest_only_with_trigger.py for tasks to queue
[2025-11-16T10:48:29.363+0000] {logging_mixin.py:188} INFO - [2025-11-16T10:48:29.363+0000] {dagbag.py:540} INFO - Filling up the DagBag from /home/airflow/.local/lib/python3.12/site-packages/airflow/example_dags/example_latest_only_with_trigger.py
[2025-11-16T10:48:29.365+0000] {processor.py:840} INFO - DAG(s) 'latest_only_with_trigger' retrieved from /home/airflow/.local/lib/python3.12/site-packages/airflow/example_dags/example_latest_only_with_trigger.py
[2025-11-16T10:48:29.374+0000] {logging_mixin.py:188} INFO - [2025-11-16T10:48:29.374+0000] {dag.py:3096} INFO - Sync 1 DAGs
[2025-11-16T10:48:29.382+0000] {logging_mixin.py:188} INFO - [2025-11-16T10:48:29.382+0000] {dag.py:3954} INFO - Setting next_dagrun for latest_only_with_trigger to 2025-11-16 04:00:00+00:00, run_after=2025-11-16 08:00:00+00:00
[2025-11-16T10:48:29.388+0000] {processor.py:183} INFO - Processing /home/airflow/.local/lib/python3.12/site-packages/airflow/example_dags/example_latest_only_with_trigger.py took 0.029 seconds
[2025-11-16T10:48:59.704+0000] {processor.py:161} INFO - Started process (PID=717) to work on /home/airflow/.local/lib/python3.12/site-packages/airflow/example_dags/example_latest_only_with_trigger.py
[2025-11-16T10:48:59.704+0000] {processor.py:830} INFO - Processing file /home/airflow/.local/lib/python3.12/site-packages/airflow/example_dags/example_latest_only_with_trigger.py for tasks to queue
[2025-11-16T10:48:59.705+0000] {logging_mixin.py:188} INFO - [2025-11-16T10:48:59.705+0000] {dagbag.py:540} INFO - Filling up the DagBag from /home/airflow/.local/lib/python3.12/site-packages/airflow/example_dags/example_latest_only_with_trigger.py
[2025-11-16T10:48:59.707+0000] {processor.py:840} INFO - DAG(s) 'latest_only_with_trigger' retrieved from /home/airflow/.local/lib/python3.12/site-packages/airflow/example_dags/example_latest_only_with_trigger.py
[2025-11-16T10:48:59.715+0000] {logging_mixin.py:188} INFO - [2025-11-16T10:48:59.715+0000] {dag.py:3096} INFO - Sync 1 DAGs
[2025-11-16T10:48:59.722+0000] {logging_mixin.py:188} INFO - [2025-11-16T10:48:59.722+0000] {dag.py:3954} INFO - Setting next_dagrun for latest_only_with_trigger to 2025-11-16 04:00:00+00:00, run_after=2025-11-16 08:00:00+00:00
[2025-11-16T10:48:59.729+0000] {processor.py:183} INFO - Processing /home/airflow/.local/lib/python3.12/site-packages/airflow/example_dags/example_latest_only_with_trigger.py took 0.027 seconds
