[2025-11-16T10:43:25.121+0000] {processor.py:161} INFO - Started process (PID=82) to work on /home/airflow/.local/lib/python3.12/site-packages/airflow/example_dags/tutorial_dag.py
[2025-11-16T10:43:25.123+0000] {processor.py:830} INFO - Processing file /home/airflow/.local/lib/python3.12/site-packages/airflow/example_dags/tutorial_dag.py for tasks to queue
[2025-11-16T10:43:25.124+0000] {logging_mixin.py:188} INFO - [2025-11-16T10:43:25.124+0000] {dagbag.py:540} INFO - Filling up the DagBag from /home/airflow/.local/lib/python3.12/site-packages/airflow/example_dags/tutorial_dag.py
[2025-11-16T10:43:25.128+0000] {processor.py:840} INFO - DAG(s) 'tutorial_dag' retrieved from /home/airflow/.local/lib/python3.12/site-packages/airflow/example_dags/tutorial_dag.py
[2025-11-16T10:43:25.136+0000] {logging_mixin.py:188} INFO - [2025-11-16T10:43:25.136+0000] {dag.py:3096} INFO - Sync 1 DAGs
[2025-11-16T10:43:25.142+0000] {logging_mixin.py:188} INFO - [2025-11-16T10:43:25.142+0000] {dag.py:3954} INFO - Setting next_dagrun for tutorial_dag to None, run_after=None
[2025-11-16T10:43:25.153+0000] {processor.py:183} INFO - Processing /home/airflow/.local/lib/python3.12/site-packages/airflow/example_dags/tutorial_dag.py took 0.034 seconds
[2025-11-16T10:43:55.804+0000] {processor.py:161} INFO - Started process (PID=140) to work on /home/airflow/.local/lib/python3.12/site-packages/airflow/example_dags/tutorial_dag.py
[2025-11-16T10:43:55.804+0000] {processor.py:830} INFO - Processing file /home/airflow/.local/lib/python3.12/site-packages/airflow/example_dags/tutorial_dag.py for tasks to queue
[2025-11-16T10:43:55.806+0000] {logging_mixin.py:188} INFO - [2025-11-16T10:43:55.806+0000] {dagbag.py:540} INFO - Filling up the DagBag from /home/airflow/.local/lib/python3.12/site-packages/airflow/example_dags/tutorial_dag.py
[2025-11-16T10:43:55.809+0000] {processor.py:840} INFO - DAG(s) 'tutorial_dag' retrieved from /home/airflow/.local/lib/python3.12/site-packages/airflow/example_dags/tutorial_dag.py
[2025-11-16T10:43:55.853+0000] {logging_mixin.py:188} INFO - [2025-11-16T10:43:55.853+0000] {dag.py:3096} INFO - Sync 1 DAGs
[2025-11-16T10:43:55.858+0000] {logging_mixin.py:188} INFO - [2025-11-16T10:43:55.858+0000] {dag.py:3954} INFO - Setting next_dagrun for tutorial_dag to None, run_after=None
[2025-11-16T10:43:55.864+0000] {processor.py:183} INFO - Processing /home/airflow/.local/lib/python3.12/site-packages/airflow/example_dags/tutorial_dag.py took 0.064 seconds
[2025-11-16T10:44:26.439+0000] {processor.py:161} INFO - Started process (PID=204) to work on /home/airflow/.local/lib/python3.12/site-packages/airflow/example_dags/tutorial_dag.py
[2025-11-16T10:44:26.440+0000] {processor.py:830} INFO - Processing file /home/airflow/.local/lib/python3.12/site-packages/airflow/example_dags/tutorial_dag.py for tasks to queue
[2025-11-16T10:44:26.442+0000] {logging_mixin.py:188} INFO - [2025-11-16T10:44:26.442+0000] {dagbag.py:540} INFO - Filling up the DagBag from /home/airflow/.local/lib/python3.12/site-packages/airflow/example_dags/tutorial_dag.py
[2025-11-16T10:44:26.444+0000] {processor.py:840} INFO - DAG(s) 'tutorial_dag' retrieved from /home/airflow/.local/lib/python3.12/site-packages/airflow/example_dags/tutorial_dag.py
[2025-11-16T10:44:26.454+0000] {logging_mixin.py:188} INFO - [2025-11-16T10:44:26.454+0000] {dag.py:3096} INFO - Sync 1 DAGs
[2025-11-16T10:44:26.460+0000] {logging_mixin.py:188} INFO - [2025-11-16T10:44:26.460+0000] {dag.py:3954} INFO - Setting next_dagrun for tutorial_dag to None, run_after=None
[2025-11-16T10:44:26.467+0000] {processor.py:183} INFO - Processing /home/airflow/.local/lib/python3.12/site-packages/airflow/example_dags/tutorial_dag.py took 0.030 seconds
[2025-11-16T10:44:56.926+0000] {processor.py:161} INFO - Started process (PID=262) to work on /home/airflow/.local/lib/python3.12/site-packages/airflow/example_dags/tutorial_dag.py
[2025-11-16T10:44:56.928+0000] {processor.py:830} INFO - Processing file /home/airflow/.local/lib/python3.12/site-packages/airflow/example_dags/tutorial_dag.py for tasks to queue
[2025-11-16T10:44:56.929+0000] {logging_mixin.py:188} INFO - [2025-11-16T10:44:56.929+0000] {dagbag.py:540} INFO - Filling up the DagBag from /home/airflow/.local/lib/python3.12/site-packages/airflow/example_dags/tutorial_dag.py
[2025-11-16T10:44:56.931+0000] {processor.py:840} INFO - DAG(s) 'tutorial_dag' retrieved from /home/airflow/.local/lib/python3.12/site-packages/airflow/example_dags/tutorial_dag.py
[2025-11-16T10:44:56.938+0000] {logging_mixin.py:188} INFO - [2025-11-16T10:44:56.938+0000] {dag.py:3096} INFO - Sync 1 DAGs
[2025-11-16T10:44:56.944+0000] {logging_mixin.py:188} INFO - [2025-11-16T10:44:56.944+0000] {dag.py:3954} INFO - Setting next_dagrun for tutorial_dag to None, run_after=None
[2025-11-16T10:44:56.950+0000] {processor.py:183} INFO - Processing /home/airflow/.local/lib/python3.12/site-packages/airflow/example_dags/tutorial_dag.py took 0.026 seconds
[2025-11-16T10:45:27.405+0000] {processor.py:161} INFO - Started process (PID=320) to work on /home/airflow/.local/lib/python3.12/site-packages/airflow/example_dags/tutorial_dag.py
[2025-11-16T10:45:27.406+0000] {processor.py:830} INFO - Processing file /home/airflow/.local/lib/python3.12/site-packages/airflow/example_dags/tutorial_dag.py for tasks to queue
[2025-11-16T10:45:27.407+0000] {logging_mixin.py:188} INFO - [2025-11-16T10:45:27.407+0000] {dagbag.py:540} INFO - Filling up the DagBag from /home/airflow/.local/lib/python3.12/site-packages/airflow/example_dags/tutorial_dag.py
[2025-11-16T10:45:27.409+0000] {processor.py:840} INFO - DAG(s) 'tutorial_dag' retrieved from /home/airflow/.local/lib/python3.12/site-packages/airflow/example_dags/tutorial_dag.py
[2025-11-16T10:45:27.417+0000] {logging_mixin.py:188} INFO - [2025-11-16T10:45:27.417+0000] {dag.py:3096} INFO - Sync 1 DAGs
[2025-11-16T10:45:27.421+0000] {logging_mixin.py:188} INFO - [2025-11-16T10:45:27.421+0000] {dag.py:3954} INFO - Setting next_dagrun for tutorial_dag to None, run_after=None
[2025-11-16T10:45:27.428+0000] {processor.py:183} INFO - Processing /home/airflow/.local/lib/python3.12/site-packages/airflow/example_dags/tutorial_dag.py took 0.025 seconds
[2025-11-16T10:45:57.894+0000] {processor.py:161} INFO - Started process (PID=378) to work on /home/airflow/.local/lib/python3.12/site-packages/airflow/example_dags/tutorial_dag.py
[2025-11-16T10:45:57.897+0000] {processor.py:830} INFO - Processing file /home/airflow/.local/lib/python3.12/site-packages/airflow/example_dags/tutorial_dag.py for tasks to queue
[2025-11-16T10:45:57.898+0000] {logging_mixin.py:188} INFO - [2025-11-16T10:45:57.898+0000] {dagbag.py:540} INFO - Filling up the DagBag from /home/airflow/.local/lib/python3.12/site-packages/airflow/example_dags/tutorial_dag.py
[2025-11-16T10:45:57.900+0000] {processor.py:840} INFO - DAG(s) 'tutorial_dag' retrieved from /home/airflow/.local/lib/python3.12/site-packages/airflow/example_dags/tutorial_dag.py
[2025-11-16T10:45:57.908+0000] {logging_mixin.py:188} INFO - [2025-11-16T10:45:57.908+0000] {dag.py:3096} INFO - Sync 1 DAGs
[2025-11-16T10:45:57.915+0000] {logging_mixin.py:188} INFO - [2025-11-16T10:45:57.915+0000] {dag.py:3954} INFO - Setting next_dagrun for tutorial_dag to None, run_after=None
[2025-11-16T10:45:57.921+0000] {processor.py:183} INFO - Processing /home/airflow/.local/lib/python3.12/site-packages/airflow/example_dags/tutorial_dag.py took 0.029 seconds
[2025-11-16T10:46:28.271+0000] {processor.py:161} INFO - Started process (PID=436) to work on /home/airflow/.local/lib/python3.12/site-packages/airflow/example_dags/tutorial_dag.py
[2025-11-16T10:46:28.271+0000] {processor.py:830} INFO - Processing file /home/airflow/.local/lib/python3.12/site-packages/airflow/example_dags/tutorial_dag.py for tasks to queue
[2025-11-16T10:46:28.272+0000] {logging_mixin.py:188} INFO - [2025-11-16T10:46:28.272+0000] {dagbag.py:540} INFO - Filling up the DagBag from /home/airflow/.local/lib/python3.12/site-packages/airflow/example_dags/tutorial_dag.py
[2025-11-16T10:46:28.275+0000] {processor.py:840} INFO - DAG(s) 'tutorial_dag' retrieved from /home/airflow/.local/lib/python3.12/site-packages/airflow/example_dags/tutorial_dag.py
[2025-11-16T10:46:28.285+0000] {logging_mixin.py:188} INFO - [2025-11-16T10:46:28.285+0000] {dag.py:3096} INFO - Sync 1 DAGs
[2025-11-16T10:46:28.290+0000] {logging_mixin.py:188} INFO - [2025-11-16T10:46:28.290+0000] {dag.py:3954} INFO - Setting next_dagrun for tutorial_dag to None, run_after=None
[2025-11-16T10:46:28.297+0000] {processor.py:183} INFO - Processing /home/airflow/.local/lib/python3.12/site-packages/airflow/example_dags/tutorial_dag.py took 0.029 seconds
[2025-11-16T10:46:58.579+0000] {processor.py:161} INFO - Started process (PID=494) to work on /home/airflow/.local/lib/python3.12/site-packages/airflow/example_dags/tutorial_dag.py
[2025-11-16T10:46:58.579+0000] {processor.py:830} INFO - Processing file /home/airflow/.local/lib/python3.12/site-packages/airflow/example_dags/tutorial_dag.py for tasks to queue
[2025-11-16T10:46:58.580+0000] {logging_mixin.py:188} INFO - [2025-11-16T10:46:58.580+0000] {dagbag.py:540} INFO - Filling up the DagBag from /home/airflow/.local/lib/python3.12/site-packages/airflow/example_dags/tutorial_dag.py
[2025-11-16T10:46:58.582+0000] {processor.py:840} INFO - DAG(s) 'tutorial_dag' retrieved from /home/airflow/.local/lib/python3.12/site-packages/airflow/example_dags/tutorial_dag.py
[2025-11-16T10:46:58.590+0000] {logging_mixin.py:188} INFO - [2025-11-16T10:46:58.590+0000] {dag.py:3096} INFO - Sync 1 DAGs
[2025-11-16T10:46:58.595+0000] {logging_mixin.py:188} INFO - [2025-11-16T10:46:58.595+0000] {dag.py:3954} INFO - Setting next_dagrun for tutorial_dag to None, run_after=None
[2025-11-16T10:46:58.603+0000] {processor.py:183} INFO - Processing /home/airflow/.local/lib/python3.12/site-packages/airflow/example_dags/tutorial_dag.py took 0.026 seconds
[2025-11-16T10:47:28.887+0000] {processor.py:161} INFO - Started process (PID=552) to work on /home/airflow/.local/lib/python3.12/site-packages/airflow/example_dags/tutorial_dag.py
[2025-11-16T10:47:28.887+0000] {processor.py:830} INFO - Processing file /home/airflow/.local/lib/python3.12/site-packages/airflow/example_dags/tutorial_dag.py for tasks to queue
[2025-11-16T10:47:28.887+0000] {logging_mixin.py:188} INFO - [2025-11-16T10:47:28.887+0000] {dagbag.py:540} INFO - Filling up the DagBag from /home/airflow/.local/lib/python3.12/site-packages/airflow/example_dags/tutorial_dag.py
[2025-11-16T10:47:28.889+0000] {processor.py:840} INFO - DAG(s) 'tutorial_dag' retrieved from /home/airflow/.local/lib/python3.12/site-packages/airflow/example_dags/tutorial_dag.py
[2025-11-16T10:47:28.896+0000] {logging_mixin.py:188} INFO - [2025-11-16T10:47:28.896+0000] {dag.py:3096} INFO - Sync 1 DAGs
[2025-11-16T10:47:28.900+0000] {logging_mixin.py:188} INFO - [2025-11-16T10:47:28.900+0000] {dag.py:3954} INFO - Setting next_dagrun for tutorial_dag to None, run_after=None
[2025-11-16T10:47:28.906+0000] {processor.py:183} INFO - Processing /home/airflow/.local/lib/python3.12/site-packages/airflow/example_dags/tutorial_dag.py took 0.021 seconds
[2025-11-16T10:47:59.202+0000] {processor.py:161} INFO - Started process (PID=610) to work on /home/airflow/.local/lib/python3.12/site-packages/airflow/example_dags/tutorial_dag.py
[2025-11-16T10:47:59.202+0000] {processor.py:830} INFO - Processing file /home/airflow/.local/lib/python3.12/site-packages/airflow/example_dags/tutorial_dag.py for tasks to queue
[2025-11-16T10:47:59.203+0000] {logging_mixin.py:188} INFO - [2025-11-16T10:47:59.203+0000] {dagbag.py:540} INFO - Filling up the DagBag from /home/airflow/.local/lib/python3.12/site-packages/airflow/example_dags/tutorial_dag.py
[2025-11-16T10:47:59.205+0000] {processor.py:840} INFO - DAG(s) 'tutorial_dag' retrieved from /home/airflow/.local/lib/python3.12/site-packages/airflow/example_dags/tutorial_dag.py
[2025-11-16T10:47:59.212+0000] {logging_mixin.py:188} INFO - [2025-11-16T10:47:59.212+0000] {dag.py:3096} INFO - Sync 1 DAGs
[2025-11-16T10:47:59.216+0000] {logging_mixin.py:188} INFO - [2025-11-16T10:47:59.216+0000] {dag.py:3954} INFO - Setting next_dagrun for tutorial_dag to None, run_after=None
[2025-11-16T10:47:59.222+0000] {processor.py:183} INFO - Processing /home/airflow/.local/lib/python3.12/site-packages/airflow/example_dags/tutorial_dag.py took 0.023 seconds
[2025-11-16T10:48:29.639+0000] {processor.py:161} INFO - Started process (PID=668) to work on /home/airflow/.local/lib/python3.12/site-packages/airflow/example_dags/tutorial_dag.py
[2025-11-16T10:48:29.640+0000] {processor.py:830} INFO - Processing file /home/airflow/.local/lib/python3.12/site-packages/airflow/example_dags/tutorial_dag.py for tasks to queue
[2025-11-16T10:48:29.641+0000] {logging_mixin.py:188} INFO - [2025-11-16T10:48:29.640+0000] {dagbag.py:540} INFO - Filling up the DagBag from /home/airflow/.local/lib/python3.12/site-packages/airflow/example_dags/tutorial_dag.py
[2025-11-16T10:48:29.643+0000] {processor.py:840} INFO - DAG(s) 'tutorial_dag' retrieved from /home/airflow/.local/lib/python3.12/site-packages/airflow/example_dags/tutorial_dag.py
[2025-11-16T10:48:29.653+0000] {logging_mixin.py:188} INFO - [2025-11-16T10:48:29.652+0000] {dag.py:3096} INFO - Sync 1 DAGs
[2025-11-16T10:48:29.658+0000] {logging_mixin.py:188} INFO - [2025-11-16T10:48:29.657+0000] {dag.py:3954} INFO - Setting next_dagrun for tutorial_dag to None, run_after=None
[2025-11-16T10:48:29.666+0000] {processor.py:183} INFO - Processing /home/airflow/.local/lib/python3.12/site-packages/airflow/example_dags/tutorial_dag.py took 0.030 seconds
[2025-11-16T10:48:59.894+0000] {processor.py:161} INFO - Started process (PID=726) to work on /home/airflow/.local/lib/python3.12/site-packages/airflow/example_dags/tutorial_dag.py
[2025-11-16T10:48:59.897+0000] {processor.py:830} INFO - Processing file /home/airflow/.local/lib/python3.12/site-packages/airflow/example_dags/tutorial_dag.py for tasks to queue
[2025-11-16T10:48:59.898+0000] {logging_mixin.py:188} INFO - [2025-11-16T10:48:59.898+0000] {dagbag.py:540} INFO - Filling up the DagBag from /home/airflow/.local/lib/python3.12/site-packages/airflow/example_dags/tutorial_dag.py
[2025-11-16T10:48:59.900+0000] {processor.py:840} INFO - DAG(s) 'tutorial_dag' retrieved from /home/airflow/.local/lib/python3.12/site-packages/airflow/example_dags/tutorial_dag.py
[2025-11-16T10:48:59.909+0000] {logging_mixin.py:188} INFO - [2025-11-16T10:48:59.909+0000] {dag.py:3096} INFO - Sync 1 DAGs
[2025-11-16T10:48:59.914+0000] {logging_mixin.py:188} INFO - [2025-11-16T10:48:59.914+0000] {dag.py:3954} INFO - Setting next_dagrun for tutorial_dag to None, run_after=None
[2025-11-16T10:48:59.920+0000] {processor.py:183} INFO - Processing /home/airflow/.local/lib/python3.12/site-packages/airflow/example_dags/tutorial_dag.py took 0.028 seconds
