[2025-11-16T10:43:25.003+0000] {processor.py:161} INFO - Started process (PID=77) to work on /home/airflow/.local/lib/python3.12/site-packages/airflow/example_dags/tutorial_objectstorage.py
[2025-11-16T10:43:25.003+0000] {processor.py:830} INFO - Processing file /home/airflow/.local/lib/python3.12/site-packages/airflow/example_dags/tutorial_objectstorage.py for tasks to queue
[2025-11-16T10:43:25.004+0000] {logging_mixin.py:188} INFO - [2025-11-16T10:43:25.004+0000] {dagbag.py:540} INFO - Filling up the DagBag from /home/airflow/.local/lib/python3.12/site-packages/airflow/example_dags/tutorial_objectstorage.py
[2025-11-16T10:43:25.008+0000] {processor.py:840} INFO - DAG(s) 'tutorial_objectstorage' retrieved from /home/airflow/.local/lib/python3.12/site-packages/airflow/example_dags/tutorial_objectstorage.py
[2025-11-16T10:43:25.014+0000] {logging_mixin.py:188} INFO - [2025-11-16T10:43:25.014+0000] {dag.py:3096} INFO - Sync 1 DAGs
[2025-11-16T10:43:25.020+0000] {logging_mixin.py:188} INFO - [2025-11-16T10:43:25.019+0000] {dag.py:3954} INFO - Setting next_dagrun for tutorial_objectstorage to None, run_after=None
[2025-11-16T10:43:25.027+0000] {processor.py:183} INFO - Processing /home/airflow/.local/lib/python3.12/site-packages/airflow/example_dags/tutorial_objectstorage.py took 0.028 seconds
[2025-11-16T10:43:55.605+0000] {processor.py:161} INFO - Started process (PID=135) to work on /home/airflow/.local/lib/python3.12/site-packages/airflow/example_dags/tutorial_objectstorage.py
[2025-11-16T10:43:55.608+0000] {processor.py:830} INFO - Processing file /home/airflow/.local/lib/python3.12/site-packages/airflow/example_dags/tutorial_objectstorage.py for tasks to queue
[2025-11-16T10:43:55.610+0000] {logging_mixin.py:188} INFO - [2025-11-16T10:43:55.609+0000] {dagbag.py:540} INFO - Filling up the DagBag from /home/airflow/.local/lib/python3.12/site-packages/airflow/example_dags/tutorial_objectstorage.py
[2025-11-16T10:43:55.613+0000] {processor.py:840} INFO - DAG(s) 'tutorial_objectstorage' retrieved from /home/airflow/.local/lib/python3.12/site-packages/airflow/example_dags/tutorial_objectstorage.py
[2025-11-16T10:43:55.646+0000] {logging_mixin.py:188} INFO - [2025-11-16T10:43:55.646+0000] {dag.py:3096} INFO - Sync 1 DAGs
[2025-11-16T10:43:55.650+0000] {logging_mixin.py:188} INFO - [2025-11-16T10:43:55.650+0000] {dag.py:3954} INFO - Setting next_dagrun for tutorial_objectstorage to None, run_after=None
[2025-11-16T10:43:55.656+0000] {processor.py:183} INFO - Processing /home/airflow/.local/lib/python3.12/site-packages/airflow/example_dags/tutorial_objectstorage.py took 0.053 seconds
[2025-11-16T10:44:26.332+0000] {processor.py:161} INFO - Started process (PID=199) to work on /home/airflow/.local/lib/python3.12/site-packages/airflow/example_dags/tutorial_objectstorage.py
[2025-11-16T10:44:26.333+0000] {processor.py:830} INFO - Processing file /home/airflow/.local/lib/python3.12/site-packages/airflow/example_dags/tutorial_objectstorage.py for tasks to queue
[2025-11-16T10:44:26.334+0000] {logging_mixin.py:188} INFO - [2025-11-16T10:44:26.334+0000] {dagbag.py:540} INFO - Filling up the DagBag from /home/airflow/.local/lib/python3.12/site-packages/airflow/example_dags/tutorial_objectstorage.py
[2025-11-16T10:44:26.338+0000] {processor.py:840} INFO - DAG(s) 'tutorial_objectstorage' retrieved from /home/airflow/.local/lib/python3.12/site-packages/airflow/example_dags/tutorial_objectstorage.py
[2025-11-16T10:44:26.346+0000] {logging_mixin.py:188} INFO - [2025-11-16T10:44:26.346+0000] {dag.py:3096} INFO - Sync 1 DAGs
[2025-11-16T10:44:26.350+0000] {logging_mixin.py:188} INFO - [2025-11-16T10:44:26.350+0000] {dag.py:3954} INFO - Setting next_dagrun for tutorial_objectstorage to None, run_after=None
[2025-11-16T10:44:26.356+0000] {processor.py:183} INFO - Processing /home/airflow/.local/lib/python3.12/site-packages/airflow/example_dags/tutorial_objectstorage.py took 0.027 seconds
[2025-11-16T10:44:56.821+0000] {processor.py:161} INFO - Started process (PID=257) to work on /home/airflow/.local/lib/python3.12/site-packages/airflow/example_dags/tutorial_objectstorage.py
[2025-11-16T10:44:56.821+0000] {processor.py:830} INFO - Processing file /home/airflow/.local/lib/python3.12/site-packages/airflow/example_dags/tutorial_objectstorage.py for tasks to queue
[2025-11-16T10:44:56.822+0000] {logging_mixin.py:188} INFO - [2025-11-16T10:44:56.822+0000] {dagbag.py:540} INFO - Filling up the DagBag from /home/airflow/.local/lib/python3.12/site-packages/airflow/example_dags/tutorial_objectstorage.py
[2025-11-16T10:44:56.826+0000] {processor.py:840} INFO - DAG(s) 'tutorial_objectstorage' retrieved from /home/airflow/.local/lib/python3.12/site-packages/airflow/example_dags/tutorial_objectstorage.py
[2025-11-16T10:44:56.834+0000] {logging_mixin.py:188} INFO - [2025-11-16T10:44:56.834+0000] {dag.py:3096} INFO - Sync 1 DAGs
[2025-11-16T10:44:56.838+0000] {logging_mixin.py:188} INFO - [2025-11-16T10:44:56.838+0000] {dag.py:3954} INFO - Setting next_dagrun for tutorial_objectstorage to None, run_after=None
[2025-11-16T10:44:56.844+0000] {processor.py:183} INFO - Processing /home/airflow/.local/lib/python3.12/site-packages/airflow/example_dags/tutorial_objectstorage.py took 0.026 seconds
[2025-11-16T10:45:27.297+0000] {processor.py:161} INFO - Started process (PID=315) to work on /home/airflow/.local/lib/python3.12/site-packages/airflow/example_dags/tutorial_objectstorage.py
[2025-11-16T10:45:27.297+0000] {processor.py:830} INFO - Processing file /home/airflow/.local/lib/python3.12/site-packages/airflow/example_dags/tutorial_objectstorage.py for tasks to queue
[2025-11-16T10:45:27.299+0000] {logging_mixin.py:188} INFO - [2025-11-16T10:45:27.299+0000] {dagbag.py:540} INFO - Filling up the DagBag from /home/airflow/.local/lib/python3.12/site-packages/airflow/example_dags/tutorial_objectstorage.py
[2025-11-16T10:45:27.305+0000] {processor.py:840} INFO - DAG(s) 'tutorial_objectstorage' retrieved from /home/airflow/.local/lib/python3.12/site-packages/airflow/example_dags/tutorial_objectstorage.py
[2025-11-16T10:45:27.313+0000] {logging_mixin.py:188} INFO - [2025-11-16T10:45:27.313+0000] {dag.py:3096} INFO - Sync 1 DAGs
[2025-11-16T10:45:27.317+0000] {logging_mixin.py:188} INFO - [2025-11-16T10:45:27.317+0000] {dag.py:3954} INFO - Setting next_dagrun for tutorial_objectstorage to None, run_after=None
[2025-11-16T10:45:27.324+0000] {processor.py:183} INFO - Processing /home/airflow/.local/lib/python3.12/site-packages/airflow/example_dags/tutorial_objectstorage.py took 0.029 seconds
[2025-11-16T10:45:57.772+0000] {processor.py:161} INFO - Started process (PID=373) to work on /home/airflow/.local/lib/python3.12/site-packages/airflow/example_dags/tutorial_objectstorage.py
[2025-11-16T10:45:57.775+0000] {processor.py:830} INFO - Processing file /home/airflow/.local/lib/python3.12/site-packages/airflow/example_dags/tutorial_objectstorage.py for tasks to queue
[2025-11-16T10:45:57.776+0000] {logging_mixin.py:188} INFO - [2025-11-16T10:45:57.776+0000] {dagbag.py:540} INFO - Filling up the DagBag from /home/airflow/.local/lib/python3.12/site-packages/airflow/example_dags/tutorial_objectstorage.py
[2025-11-16T10:45:57.779+0000] {processor.py:840} INFO - DAG(s) 'tutorial_objectstorage' retrieved from /home/airflow/.local/lib/python3.12/site-packages/airflow/example_dags/tutorial_objectstorage.py
[2025-11-16T10:45:57.786+0000] {logging_mixin.py:188} INFO - [2025-11-16T10:45:57.786+0000] {dag.py:3096} INFO - Sync 1 DAGs
[2025-11-16T10:45:57.794+0000] {logging_mixin.py:188} INFO - [2025-11-16T10:45:57.794+0000] {dag.py:3954} INFO - Setting next_dagrun for tutorial_objectstorage to None, run_after=None
[2025-11-16T10:45:57.802+0000] {processor.py:183} INFO - Processing /home/airflow/.local/lib/python3.12/site-packages/airflow/example_dags/tutorial_objectstorage.py took 0.031 seconds
[2025-11-16T10:46:28.155+0000] {processor.py:161} INFO - Started process (PID=431) to work on /home/airflow/.local/lib/python3.12/site-packages/airflow/example_dags/tutorial_objectstorage.py
[2025-11-16T10:46:28.155+0000] {processor.py:830} INFO - Processing file /home/airflow/.local/lib/python3.12/site-packages/airflow/example_dags/tutorial_objectstorage.py for tasks to queue
[2025-11-16T10:46:28.156+0000] {logging_mixin.py:188} INFO - [2025-11-16T10:46:28.156+0000] {dagbag.py:540} INFO - Filling up the DagBag from /home/airflow/.local/lib/python3.12/site-packages/airflow/example_dags/tutorial_objectstorage.py
[2025-11-16T10:46:28.159+0000] {processor.py:840} INFO - DAG(s) 'tutorial_objectstorage' retrieved from /home/airflow/.local/lib/python3.12/site-packages/airflow/example_dags/tutorial_objectstorage.py
[2025-11-16T10:46:28.165+0000] {logging_mixin.py:188} INFO - [2025-11-16T10:46:28.165+0000] {dag.py:3096} INFO - Sync 1 DAGs
[2025-11-16T10:46:28.171+0000] {logging_mixin.py:188} INFO - [2025-11-16T10:46:28.171+0000] {dag.py:3954} INFO - Setting next_dagrun for tutorial_objectstorage to None, run_after=None
[2025-11-16T10:46:28.178+0000] {processor.py:183} INFO - Processing /home/airflow/.local/lib/python3.12/site-packages/airflow/example_dags/tutorial_objectstorage.py took 0.025 seconds
[2025-11-16T10:46:58.470+0000] {processor.py:161} INFO - Started process (PID=489) to work on /home/airflow/.local/lib/python3.12/site-packages/airflow/example_dags/tutorial_objectstorage.py
[2025-11-16T10:46:58.471+0000] {processor.py:830} INFO - Processing file /home/airflow/.local/lib/python3.12/site-packages/airflow/example_dags/tutorial_objectstorage.py for tasks to queue
[2025-11-16T10:46:58.472+0000] {logging_mixin.py:188} INFO - [2025-11-16T10:46:58.472+0000] {dagbag.py:540} INFO - Filling up the DagBag from /home/airflow/.local/lib/python3.12/site-packages/airflow/example_dags/tutorial_objectstorage.py
[2025-11-16T10:46:58.475+0000] {processor.py:840} INFO - DAG(s) 'tutorial_objectstorage' retrieved from /home/airflow/.local/lib/python3.12/site-packages/airflow/example_dags/tutorial_objectstorage.py
[2025-11-16T10:46:58.486+0000] {logging_mixin.py:188} INFO - [2025-11-16T10:46:58.486+0000] {dag.py:3096} INFO - Sync 1 DAGs
[2025-11-16T10:46:58.491+0000] {logging_mixin.py:188} INFO - [2025-11-16T10:46:58.490+0000] {dag.py:3954} INFO - Setting next_dagrun for tutorial_objectstorage to None, run_after=None
[2025-11-16T10:46:58.497+0000] {processor.py:183} INFO - Processing /home/airflow/.local/lib/python3.12/site-packages/airflow/example_dags/tutorial_objectstorage.py took 0.029 seconds
[2025-11-16T10:47:28.777+0000] {processor.py:161} INFO - Started process (PID=547) to work on /home/airflow/.local/lib/python3.12/site-packages/airflow/example_dags/tutorial_objectstorage.py
[2025-11-16T10:47:28.777+0000] {processor.py:830} INFO - Processing file /home/airflow/.local/lib/python3.12/site-packages/airflow/example_dags/tutorial_objectstorage.py for tasks to queue
[2025-11-16T10:47:28.778+0000] {logging_mixin.py:188} INFO - [2025-11-16T10:47:28.778+0000] {dagbag.py:540} INFO - Filling up the DagBag from /home/airflow/.local/lib/python3.12/site-packages/airflow/example_dags/tutorial_objectstorage.py
[2025-11-16T10:47:28.780+0000] {processor.py:840} INFO - DAG(s) 'tutorial_objectstorage' retrieved from /home/airflow/.local/lib/python3.12/site-packages/airflow/example_dags/tutorial_objectstorage.py
[2025-11-16T10:47:28.788+0000] {logging_mixin.py:188} INFO - [2025-11-16T10:47:28.788+0000] {dag.py:3096} INFO - Sync 1 DAGs
[2025-11-16T10:47:28.793+0000] {logging_mixin.py:188} INFO - [2025-11-16T10:47:28.793+0000] {dag.py:3954} INFO - Setting next_dagrun for tutorial_objectstorage to None, run_after=None
[2025-11-16T10:47:28.799+0000] {processor.py:183} INFO - Processing /home/airflow/.local/lib/python3.12/site-packages/airflow/example_dags/tutorial_objectstorage.py took 0.025 seconds
[2025-11-16T10:47:59.113+0000] {processor.py:161} INFO - Started process (PID=605) to work on /home/airflow/.local/lib/python3.12/site-packages/airflow/example_dags/tutorial_objectstorage.py
[2025-11-16T10:47:59.114+0000] {processor.py:830} INFO - Processing file /home/airflow/.local/lib/python3.12/site-packages/airflow/example_dags/tutorial_objectstorage.py for tasks to queue
[2025-11-16T10:47:59.114+0000] {logging_mixin.py:188} INFO - [2025-11-16T10:47:59.114+0000] {dagbag.py:540} INFO - Filling up the DagBag from /home/airflow/.local/lib/python3.12/site-packages/airflow/example_dags/tutorial_objectstorage.py
[2025-11-16T10:47:59.117+0000] {processor.py:840} INFO - DAG(s) 'tutorial_objectstorage' retrieved from /home/airflow/.local/lib/python3.12/site-packages/airflow/example_dags/tutorial_objectstorage.py
[2025-11-16T10:47:59.124+0000] {logging_mixin.py:188} INFO - [2025-11-16T10:47:59.124+0000] {dag.py:3096} INFO - Sync 1 DAGs
[2025-11-16T10:47:59.129+0000] {logging_mixin.py:188} INFO - [2025-11-16T10:47:59.129+0000] {dag.py:3954} INFO - Setting next_dagrun for tutorial_objectstorage to None, run_after=None
[2025-11-16T10:47:59.135+0000] {processor.py:183} INFO - Processing /home/airflow/.local/lib/python3.12/site-packages/airflow/example_dags/tutorial_objectstorage.py took 0.024 seconds
[2025-11-16T10:48:29.498+0000] {processor.py:161} INFO - Started process (PID=663) to work on /home/airflow/.local/lib/python3.12/site-packages/airflow/example_dags/tutorial_objectstorage.py
[2025-11-16T10:48:29.500+0000] {processor.py:830} INFO - Processing file /home/airflow/.local/lib/python3.12/site-packages/airflow/example_dags/tutorial_objectstorage.py for tasks to queue
[2025-11-16T10:48:29.501+0000] {logging_mixin.py:188} INFO - [2025-11-16T10:48:29.501+0000] {dagbag.py:540} INFO - Filling up the DagBag from /home/airflow/.local/lib/python3.12/site-packages/airflow/example_dags/tutorial_objectstorage.py
[2025-11-16T10:48:29.507+0000] {processor.py:840} INFO - DAG(s) 'tutorial_objectstorage' retrieved from /home/airflow/.local/lib/python3.12/site-packages/airflow/example_dags/tutorial_objectstorage.py
[2025-11-16T10:48:29.520+0000] {logging_mixin.py:188} INFO - [2025-11-16T10:48:29.520+0000] {dag.py:3096} INFO - Sync 1 DAGs
[2025-11-16T10:48:29.526+0000] {logging_mixin.py:188} INFO - [2025-11-16T10:48:29.526+0000] {dag.py:3954} INFO - Setting next_dagrun for tutorial_objectstorage to None, run_after=None
[2025-11-16T10:48:29.536+0000] {processor.py:183} INFO - Processing /home/airflow/.local/lib/python3.12/site-packages/airflow/example_dags/tutorial_objectstorage.py took 0.043 seconds
[2025-11-16T10:48:59.783+0000] {processor.py:161} INFO - Started process (PID=721) to work on /home/airflow/.local/lib/python3.12/site-packages/airflow/example_dags/tutorial_objectstorage.py
[2025-11-16T10:48:59.783+0000] {processor.py:830} INFO - Processing file /home/airflow/.local/lib/python3.12/site-packages/airflow/example_dags/tutorial_objectstorage.py for tasks to queue
[2025-11-16T10:48:59.784+0000] {logging_mixin.py:188} INFO - [2025-11-16T10:48:59.784+0000] {dagbag.py:540} INFO - Filling up the DagBag from /home/airflow/.local/lib/python3.12/site-packages/airflow/example_dags/tutorial_objectstorage.py
[2025-11-16T10:48:59.787+0000] {processor.py:840} INFO - DAG(s) 'tutorial_objectstorage' retrieved from /home/airflow/.local/lib/python3.12/site-packages/airflow/example_dags/tutorial_objectstorage.py
[2025-11-16T10:48:59.794+0000] {logging_mixin.py:188} INFO - [2025-11-16T10:48:59.794+0000] {dag.py:3096} INFO - Sync 1 DAGs
[2025-11-16T10:48:59.799+0000] {logging_mixin.py:188} INFO - [2025-11-16T10:48:59.799+0000] {dag.py:3954} INFO - Setting next_dagrun for tutorial_objectstorage to None, run_after=None
[2025-11-16T10:48:59.806+0000] {processor.py:183} INFO - Processing /home/airflow/.local/lib/python3.12/site-packages/airflow/example_dags/tutorial_objectstorage.py took 0.025 seconds
