[2025-11-16T10:43:23.863+0000] {processor.py:161} INFO - Started process (PID=44) to work on /home/airflow/.local/lib/python3.12/site-packages/airflow/example_dags/tutorial.py
[2025-11-16T10:43:23.863+0000] {processor.py:830} INFO - Processing file /home/airflow/.local/lib/python3.12/site-packages/airflow/example_dags/tutorial.py for tasks to queue
[2025-11-16T10:43:23.868+0000] {logging_mixin.py:188} INFO - [2025-11-16T10:43:23.868+0000] {dagbag.py:540} INFO - Filling up the DagBag from /home/airflow/.local/lib/python3.12/site-packages/airflow/example_dags/tutorial.py
[2025-11-16T10:43:23.874+0000] {processor.py:840} INFO - DAG(s) 'tutorial' retrieved from /home/airflow/.local/lib/python3.12/site-packages/airflow/example_dags/tutorial.py
[2025-11-16T10:43:23.883+0000] {logging_mixin.py:188} INFO - [2025-11-16T10:43:23.882+0000] {dag.py:3096} INFO - Sync 1 DAGs
[2025-11-16T10:43:23.900+0000] {logging_mixin.py:188} INFO - [2025-11-16T10:43:23.900+0000] {dag.py:3954} INFO - Setting next_dagrun for tutorial to 2025-11-15 00:00:00+00:00, run_after=2025-11-16 00:00:00+00:00
[2025-11-16T10:43:23.911+0000] {processor.py:183} INFO - Processing /home/airflow/.local/lib/python3.12/site-packages/airflow/example_dags/tutorial.py took 0.052 seconds
[2025-11-16T10:43:54.471+0000] {processor.py:161} INFO - Started process (PID=102) to work on /home/airflow/.local/lib/python3.12/site-packages/airflow/example_dags/tutorial.py
[2025-11-16T10:43:54.474+0000] {processor.py:830} INFO - Processing file /home/airflow/.local/lib/python3.12/site-packages/airflow/example_dags/tutorial.py for tasks to queue
[2025-11-16T10:43:54.475+0000] {logging_mixin.py:188} INFO - [2025-11-16T10:43:54.475+0000] {dagbag.py:540} INFO - Filling up the DagBag from /home/airflow/.local/lib/python3.12/site-packages/airflow/example_dags/tutorial.py
[2025-11-16T10:43:54.477+0000] {processor.py:840} INFO - DAG(s) 'tutorial' retrieved from /home/airflow/.local/lib/python3.12/site-packages/airflow/example_dags/tutorial.py
[2025-11-16T10:43:54.510+0000] {logging_mixin.py:188} INFO - [2025-11-16T10:43:54.510+0000] {dag.py:3096} INFO - Sync 1 DAGs
[2025-11-16T10:43:54.517+0000] {logging_mixin.py:188} INFO - [2025-11-16T10:43:54.517+0000] {dag.py:3954} INFO - Setting next_dagrun for tutorial to 2025-11-15 00:00:00+00:00, run_after=2025-11-16 00:00:00+00:00
[2025-11-16T10:43:54.524+0000] {processor.py:183} INFO - Processing /home/airflow/.local/lib/python3.12/site-packages/airflow/example_dags/tutorial.py took 0.056 seconds
[2025-11-16T10:44:24.554+0000] {processor.py:161} INFO - Started process (PID=160) to work on /home/airflow/.local/lib/python3.12/site-packages/airflow/example_dags/tutorial.py
[2025-11-16T10:44:24.554+0000] {processor.py:830} INFO - Processing file /home/airflow/.local/lib/python3.12/site-packages/airflow/example_dags/tutorial.py for tasks to queue
[2025-11-16T10:44:24.556+0000] {logging_mixin.py:188} INFO - [2025-11-16T10:44:24.556+0000] {dagbag.py:540} INFO - Filling up the DagBag from /home/airflow/.local/lib/python3.12/site-packages/airflow/example_dags/tutorial.py
[2025-11-16T10:44:24.559+0000] {processor.py:840} INFO - DAG(s) 'tutorial' retrieved from /home/airflow/.local/lib/python3.12/site-packages/airflow/example_dags/tutorial.py
[2025-11-16T10:44:24.571+0000] {logging_mixin.py:188} INFO - [2025-11-16T10:44:24.571+0000] {dag.py:3096} INFO - Sync 1 DAGs
[2025-11-16T10:44:24.582+0000] {logging_mixin.py:188} INFO - [2025-11-16T10:44:24.582+0000] {dag.py:3954} INFO - Setting next_dagrun for tutorial to 2025-11-15 00:00:00+00:00, run_after=2025-11-16 00:00:00+00:00
[2025-11-16T10:44:24.588+0000] {processor.py:183} INFO - Processing /home/airflow/.local/lib/python3.12/site-packages/airflow/example_dags/tutorial.py took 0.038 seconds
[2025-11-16T10:44:55.086+0000] {processor.py:161} INFO - Started process (PID=218) to work on /home/airflow/.local/lib/python3.12/site-packages/airflow/example_dags/tutorial.py
[2025-11-16T10:44:55.086+0000] {processor.py:830} INFO - Processing file /home/airflow/.local/lib/python3.12/site-packages/airflow/example_dags/tutorial.py for tasks to queue
[2025-11-16T10:44:55.087+0000] {logging_mixin.py:188} INFO - [2025-11-16T10:44:55.087+0000] {dagbag.py:540} INFO - Filling up the DagBag from /home/airflow/.local/lib/python3.12/site-packages/airflow/example_dags/tutorial.py
[2025-11-16T10:44:55.089+0000] {processor.py:840} INFO - DAG(s) 'tutorial' retrieved from /home/airflow/.local/lib/python3.12/site-packages/airflow/example_dags/tutorial.py
[2025-11-16T10:44:55.096+0000] {logging_mixin.py:188} INFO - [2025-11-16T10:44:55.096+0000] {dag.py:3096} INFO - Sync 1 DAGs
[2025-11-16T10:44:55.104+0000] {logging_mixin.py:188} INFO - [2025-11-16T10:44:55.104+0000] {dag.py:3954} INFO - Setting next_dagrun for tutorial to 2025-11-15 00:00:00+00:00, run_after=2025-11-16 00:00:00+00:00
[2025-11-16T10:44:55.110+0000] {processor.py:183} INFO - Processing /home/airflow/.local/lib/python3.12/site-packages/airflow/example_dags/tutorial.py took 0.026 seconds
[2025-11-16T10:45:25.472+0000] {processor.py:161} INFO - Started process (PID=276) to work on /home/airflow/.local/lib/python3.12/site-packages/airflow/example_dags/tutorial.py
[2025-11-16T10:45:25.475+0000] {processor.py:830} INFO - Processing file /home/airflow/.local/lib/python3.12/site-packages/airflow/example_dags/tutorial.py for tasks to queue
[2025-11-16T10:45:25.476+0000] {logging_mixin.py:188} INFO - [2025-11-16T10:45:25.476+0000] {dagbag.py:540} INFO - Filling up the DagBag from /home/airflow/.local/lib/python3.12/site-packages/airflow/example_dags/tutorial.py
[2025-11-16T10:45:25.479+0000] {processor.py:840} INFO - DAG(s) 'tutorial' retrieved from /home/airflow/.local/lib/python3.12/site-packages/airflow/example_dags/tutorial.py
[2025-11-16T10:45:25.486+0000] {logging_mixin.py:188} INFO - [2025-11-16T10:45:25.486+0000] {dag.py:3096} INFO - Sync 1 DAGs
[2025-11-16T10:45:25.496+0000] {logging_mixin.py:188} INFO - [2025-11-16T10:45:25.496+0000] {dag.py:3954} INFO - Setting next_dagrun for tutorial to 2025-11-15 00:00:00+00:00, run_after=2025-11-16 00:00:00+00:00
[2025-11-16T10:45:25.502+0000] {processor.py:183} INFO - Processing /home/airflow/.local/lib/python3.12/site-packages/airflow/example_dags/tutorial.py took 0.033 seconds
[2025-11-16T10:45:56.013+0000] {processor.py:161} INFO - Started process (PID=334) to work on /home/airflow/.local/lib/python3.12/site-packages/airflow/example_dags/tutorial.py
[2025-11-16T10:45:56.013+0000] {processor.py:830} INFO - Processing file /home/airflow/.local/lib/python3.12/site-packages/airflow/example_dags/tutorial.py for tasks to queue
[2025-11-16T10:45:56.014+0000] {logging_mixin.py:188} INFO - [2025-11-16T10:45:56.014+0000] {dagbag.py:540} INFO - Filling up the DagBag from /home/airflow/.local/lib/python3.12/site-packages/airflow/example_dags/tutorial.py
[2025-11-16T10:45:56.016+0000] {processor.py:840} INFO - DAG(s) 'tutorial' retrieved from /home/airflow/.local/lib/python3.12/site-packages/airflow/example_dags/tutorial.py
[2025-11-16T10:45:56.023+0000] {logging_mixin.py:188} INFO - [2025-11-16T10:45:56.023+0000] {dag.py:3096} INFO - Sync 1 DAGs
[2025-11-16T10:45:56.031+0000] {logging_mixin.py:188} INFO - [2025-11-16T10:45:56.031+0000] {dag.py:3954} INFO - Setting next_dagrun for tutorial to 2025-11-15 00:00:00+00:00, run_after=2025-11-16 00:00:00+00:00
[2025-11-16T10:45:56.037+0000] {processor.py:183} INFO - Processing /home/airflow/.local/lib/python3.12/site-packages/airflow/example_dags/tutorial.py took 0.027 seconds
[2025-11-16T10:46:26.396+0000] {processor.py:161} INFO - Started process (PID=398) to work on /home/airflow/.local/lib/python3.12/site-packages/airflow/example_dags/tutorial.py
[2025-11-16T10:46:26.397+0000] {processor.py:830} INFO - Processing file /home/airflow/.local/lib/python3.12/site-packages/airflow/example_dags/tutorial.py for tasks to queue
[2025-11-16T10:46:26.397+0000] {logging_mixin.py:188} INFO - [2025-11-16T10:46:26.397+0000] {dagbag.py:540} INFO - Filling up the DagBag from /home/airflow/.local/lib/python3.12/site-packages/airflow/example_dags/tutorial.py
[2025-11-16T10:46:26.400+0000] {processor.py:840} INFO - DAG(s) 'tutorial' retrieved from /home/airflow/.local/lib/python3.12/site-packages/airflow/example_dags/tutorial.py
[2025-11-16T10:46:26.407+0000] {logging_mixin.py:188} INFO - [2025-11-16T10:46:26.407+0000] {dag.py:3096} INFO - Sync 1 DAGs
[2025-11-16T10:46:26.415+0000] {logging_mixin.py:188} INFO - [2025-11-16T10:46:26.415+0000] {dag.py:3954} INFO - Setting next_dagrun for tutorial to 2025-11-15 00:00:00+00:00, run_after=2025-11-16 00:00:00+00:00
[2025-11-16T10:46:26.420+0000] {processor.py:183} INFO - Processing /home/airflow/.local/lib/python3.12/site-packages/airflow/example_dags/tutorial.py took 0.026 seconds
[2025-11-16T10:46:56.767+0000] {processor.py:161} INFO - Started process (PID=456) to work on /home/airflow/.local/lib/python3.12/site-packages/airflow/example_dags/tutorial.py
[2025-11-16T10:46:56.768+0000] {processor.py:830} INFO - Processing file /home/airflow/.local/lib/python3.12/site-packages/airflow/example_dags/tutorial.py for tasks to queue
[2025-11-16T10:46:56.768+0000] {logging_mixin.py:188} INFO - [2025-11-16T10:46:56.768+0000] {dagbag.py:540} INFO - Filling up the DagBag from /home/airflow/.local/lib/python3.12/site-packages/airflow/example_dags/tutorial.py
[2025-11-16T10:46:56.771+0000] {processor.py:840} INFO - DAG(s) 'tutorial' retrieved from /home/airflow/.local/lib/python3.12/site-packages/airflow/example_dags/tutorial.py
[2025-11-16T10:46:56.780+0000] {logging_mixin.py:188} INFO - [2025-11-16T10:46:56.780+0000] {dag.py:3096} INFO - Sync 1 DAGs
[2025-11-16T10:46:56.787+0000] {logging_mixin.py:188} INFO - [2025-11-16T10:46:56.787+0000] {dag.py:3954} INFO - Setting next_dagrun for tutorial to 2025-11-15 00:00:00+00:00, run_after=2025-11-16 00:00:00+00:00
[2025-11-16T10:46:56.792+0000] {processor.py:183} INFO - Processing /home/airflow/.local/lib/python3.12/site-packages/airflow/example_dags/tutorial.py took 0.027 seconds
[2025-11-16T10:47:27.056+0000] {processor.py:161} INFO - Started process (PID=514) to work on /home/airflow/.local/lib/python3.12/site-packages/airflow/example_dags/tutorial.py
[2025-11-16T10:47:27.056+0000] {processor.py:830} INFO - Processing file /home/airflow/.local/lib/python3.12/site-packages/airflow/example_dags/tutorial.py for tasks to queue
[2025-11-16T10:47:27.057+0000] {logging_mixin.py:188} INFO - [2025-11-16T10:47:27.057+0000] {dagbag.py:540} INFO - Filling up the DagBag from /home/airflow/.local/lib/python3.12/site-packages/airflow/example_dags/tutorial.py
[2025-11-16T10:47:27.060+0000] {processor.py:840} INFO - DAG(s) 'tutorial' retrieved from /home/airflow/.local/lib/python3.12/site-packages/airflow/example_dags/tutorial.py
[2025-11-16T10:47:27.067+0000] {logging_mixin.py:188} INFO - [2025-11-16T10:47:27.067+0000] {dag.py:3096} INFO - Sync 1 DAGs
[2025-11-16T10:47:27.074+0000] {logging_mixin.py:188} INFO - [2025-11-16T10:47:27.074+0000] {dag.py:3954} INFO - Setting next_dagrun for tutorial to 2025-11-15 00:00:00+00:00, run_after=2025-11-16 00:00:00+00:00
[2025-11-16T10:47:27.079+0000] {processor.py:183} INFO - Processing /home/airflow/.local/lib/python3.12/site-packages/airflow/example_dags/tutorial.py took 0.026 seconds
[2025-11-16T10:47:57.369+0000] {processor.py:161} INFO - Started process (PID=572) to work on /home/airflow/.local/lib/python3.12/site-packages/airflow/example_dags/tutorial.py
[2025-11-16T10:47:57.370+0000] {processor.py:830} INFO - Processing file /home/airflow/.local/lib/python3.12/site-packages/airflow/example_dags/tutorial.py for tasks to queue
[2025-11-16T10:47:57.371+0000] {logging_mixin.py:188} INFO - [2025-11-16T10:47:57.371+0000] {dagbag.py:540} INFO - Filling up the DagBag from /home/airflow/.local/lib/python3.12/site-packages/airflow/example_dags/tutorial.py
[2025-11-16T10:47:57.373+0000] {processor.py:840} INFO - DAG(s) 'tutorial' retrieved from /home/airflow/.local/lib/python3.12/site-packages/airflow/example_dags/tutorial.py
[2025-11-16T10:47:57.382+0000] {logging_mixin.py:188} INFO - [2025-11-16T10:47:57.382+0000] {dag.py:3096} INFO - Sync 1 DAGs
[2025-11-16T10:47:57.389+0000] {logging_mixin.py:188} INFO - [2025-11-16T10:47:57.389+0000] {dag.py:3954} INFO - Setting next_dagrun for tutorial to 2025-11-15 00:00:00+00:00, run_after=2025-11-16 00:00:00+00:00
[2025-11-16T10:47:57.394+0000] {processor.py:183} INFO - Processing /home/airflow/.local/lib/python3.12/site-packages/airflow/example_dags/tutorial.py took 0.027 seconds
[2025-11-16T10:48:27.654+0000] {processor.py:161} INFO - Started process (PID=630) to work on /home/airflow/.local/lib/python3.12/site-packages/airflow/example_dags/tutorial.py
[2025-11-16T10:48:27.654+0000] {processor.py:830} INFO - Processing file /home/airflow/.local/lib/python3.12/site-packages/airflow/example_dags/tutorial.py for tasks to queue
[2025-11-16T10:48:27.656+0000] {logging_mixin.py:188} INFO - [2025-11-16T10:48:27.656+0000] {dagbag.py:540} INFO - Filling up the DagBag from /home/airflow/.local/lib/python3.12/site-packages/airflow/example_dags/tutorial.py
[2025-11-16T10:48:27.659+0000] {processor.py:840} INFO - DAG(s) 'tutorial' retrieved from /home/airflow/.local/lib/python3.12/site-packages/airflow/example_dags/tutorial.py
[2025-11-16T10:48:27.667+0000] {logging_mixin.py:188} INFO - [2025-11-16T10:48:27.667+0000] {dag.py:3096} INFO - Sync 1 DAGs
[2025-11-16T10:48:27.676+0000] {logging_mixin.py:188} INFO - [2025-11-16T10:48:27.676+0000] {dag.py:3954} INFO - Setting next_dagrun for tutorial to 2025-11-15 00:00:00+00:00, run_after=2025-11-16 00:00:00+00:00
[2025-11-16T10:48:27.682+0000] {processor.py:183} INFO - Processing /home/airflow/.local/lib/python3.12/site-packages/airflow/example_dags/tutorial.py took 0.031 seconds
[2025-11-16T10:48:58.118+0000] {processor.py:161} INFO - Started process (PID=688) to work on /home/airflow/.local/lib/python3.12/site-packages/airflow/example_dags/tutorial.py
[2025-11-16T10:48:58.119+0000] {processor.py:830} INFO - Processing file /home/airflow/.local/lib/python3.12/site-packages/airflow/example_dags/tutorial.py for tasks to queue
[2025-11-16T10:48:58.119+0000] {logging_mixin.py:188} INFO - [2025-11-16T10:48:58.119+0000] {dagbag.py:540} INFO - Filling up the DagBag from /home/airflow/.local/lib/python3.12/site-packages/airflow/example_dags/tutorial.py
[2025-11-16T10:48:58.122+0000] {processor.py:840} INFO - DAG(s) 'tutorial' retrieved from /home/airflow/.local/lib/python3.12/site-packages/airflow/example_dags/tutorial.py
[2025-11-16T10:48:58.130+0000] {logging_mixin.py:188} INFO - [2025-11-16T10:48:58.130+0000] {dag.py:3096} INFO - Sync 1 DAGs
[2025-11-16T10:48:58.138+0000] {logging_mixin.py:188} INFO - [2025-11-16T10:48:58.138+0000] {dag.py:3954} INFO - Setting next_dagrun for tutorial to 2025-11-15 00:00:00+00:00, run_after=2025-11-16 00:00:00+00:00
[2025-11-16T10:48:58.144+0000] {processor.py:183} INFO - Processing /home/airflow/.local/lib/python3.12/site-packages/airflow/example_dags/tutorial.py took 0.028 seconds
